[2022-12-16T22:41:32.326+0000] {taskinstance.py:1087} INFO - Dependencies all met for <TaskInstance: titanic_etl_pipeline.encoding manual__2022-12-16T22:41:25.481273+00:00 [queued]>
[2022-12-16T22:41:32.347+0000] {taskinstance.py:1087} INFO - Dependencies all met for <TaskInstance: titanic_etl_pipeline.encoding manual__2022-12-16T22:41:25.481273+00:00 [queued]>
[2022-12-16T22:41:32.348+0000] {taskinstance.py:1283} INFO - 
--------------------------------------------------------------------------------
[2022-12-16T22:41:32.348+0000] {taskinstance.py:1284} INFO - Starting attempt 1 of 2
[2022-12-16T22:41:32.349+0000] {taskinstance.py:1285} INFO - 
--------------------------------------------------------------------------------
[2022-12-16T22:41:32.379+0000] {taskinstance.py:1304} INFO - Executing <Task(PythonOperator): encoding> on 2022-12-16 22:41:25.481273+00:00
[2022-12-16T22:41:32.388+0000] {standard_task_runner.py:55} INFO - Started process 9858 to run task
[2022-12-16T22:41:32.395+0000] {standard_task_runner.py:82} INFO - Running: ['***', 'tasks', 'run', 'titanic_etl_pipeline', 'encoding', 'manual__2022-12-16T22:41:25.481273+00:00', '--job-id', '72', '--raw', '--subdir', 'DAGS_FOLDER/titanic_etl.py', '--cfg-path', '/tmp/tmporvwxsco']
[2022-12-16T22:41:32.398+0000] {standard_task_runner.py:83} INFO - Job 72: Subtask encoding
[2022-12-16T22:41:32.534+0000] {task_command.py:389} INFO - Running <TaskInstance: titanic_etl_pipeline.encoding manual__2022-12-16T22:41:25.481273+00:00 [running]> on host 20ab0680b7da
[2022-12-16T22:41:32.720+0000] {taskinstance.py:1513} INFO - Exporting the following env vars:
AIRFLOW_CTX_DAG_OWNER=***
AIRFLOW_CTX_DAG_ID=titanic_etl_pipeline
AIRFLOW_CTX_TASK_ID=encoding
AIRFLOW_CTX_EXECUTION_DATE=2022-12-16T22:41:25.481273+00:00
AIRFLOW_CTX_TRY_NUMBER=1
AIRFLOW_CTX_DAG_RUN_ID=manual__2022-12-16T22:41:25.481273+00:00
[2022-12-16T22:41:32.760+0000] {logging_mixin.py:137} INFO - file already exists
[2022-12-16T22:41:32.761+0000] {python.py:177} INFO - Done. Returned value was: None
[2022-12-16T22:41:32.780+0000] {taskinstance.py:1327} INFO - Marking task as SUCCESS. dag_id=titanic_etl_pipeline, task_id=encoding, execution_date=20221216T224125, start_date=20221216T224132, end_date=20221216T224132
[2022-12-16T22:41:32.851+0000] {local_task_job.py:159} INFO - Task exited with return code 0
[2022-12-16T22:41:32.899+0000] {taskinstance.py:2582} INFO - 1 downstream tasks scheduled from follow-on schedule check
