[2022-12-17T11:42:52.305+0000] {taskinstance.py:1087} INFO - Dependencies all met for <TaskInstance: titanic_etl_pipeline.extract_dataset manual__2022-12-17T11:42:47.700566+00:00 [queued]>
[2022-12-17T11:42:52.326+0000] {taskinstance.py:1087} INFO - Dependencies all met for <TaskInstance: titanic_etl_pipeline.extract_dataset manual__2022-12-17T11:42:47.700566+00:00 [queued]>
[2022-12-17T11:42:52.327+0000] {taskinstance.py:1283} INFO - 
--------------------------------------------------------------------------------
[2022-12-17T11:42:52.328+0000] {taskinstance.py:1284} INFO - Starting attempt 1 of 2
[2022-12-17T11:42:52.328+0000] {taskinstance.py:1285} INFO - 
--------------------------------------------------------------------------------
[2022-12-17T11:42:52.364+0000] {taskinstance.py:1304} INFO - Executing <Task(PythonOperator): extract_dataset> on 2022-12-17 11:42:47.700566+00:00
[2022-12-17T11:42:52.375+0000] {standard_task_runner.py:55} INFO - Started process 5238 to run task
[2022-12-17T11:42:52.390+0000] {standard_task_runner.py:82} INFO - Running: ['***', 'tasks', 'run', 'titanic_etl_pipeline', 'extract_dataset', 'manual__2022-12-17T11:42:47.700566+00:00', '--job-id', '126', '--raw', '--subdir', 'DAGS_FOLDER/titanic_etl.py', '--cfg-path', '/tmp/tmpy3457i36']
[2022-12-17T11:42:52.395+0000] {standard_task_runner.py:83} INFO - Job 126: Subtask extract_dataset
[2022-12-17T11:42:52.547+0000] {task_command.py:389} INFO - Running <TaskInstance: titanic_etl_pipeline.extract_dataset manual__2022-12-17T11:42:47.700566+00:00 [running]> on host 3b51f8facfba
[2022-12-17T11:42:52.765+0000] {taskinstance.py:1513} INFO - Exporting the following env vars:
AIRFLOW_CTX_DAG_OWNER=***
AIRFLOW_CTX_DAG_ID=titanic_etl_pipeline
AIRFLOW_CTX_TASK_ID=extract_dataset
AIRFLOW_CTX_EXECUTION_DATE=2022-12-17T11:42:47.700566+00:00
AIRFLOW_CTX_TRY_NUMBER=1
AIRFLOW_CTX_DAG_RUN_ID=manual__2022-12-17T11:42:47.700566+00:00
[2022-12-17T11:42:52.955+0000] {logging_mixin.py:137} INFO - loaded after cleaning succesfully
[2022-12-17T11:42:52.958+0000] {python.py:177} INFO - Done. Returned value was: None
[2022-12-17T11:42:53.000+0000] {taskinstance.py:1327} INFO - Marking task as SUCCESS. dag_id=titanic_etl_pipeline, task_id=extract_dataset, execution_date=20221217T114247, start_date=20221217T114252, end_date=20221217T114253
[2022-12-17T11:42:53.054+0000] {local_task_job.py:159} INFO - Task exited with return code 0
[2022-12-17T11:42:53.142+0000] {taskinstance.py:2582} INFO - 1 downstream tasks scheduled from follow-on schedule check
