[2022-12-16T21:52:25.039+0000] {taskinstance.py:1087} INFO - Dependencies all met for <TaskInstance: titanic_etl_pipeline.encoding manual__2022-12-16T21:52:15.700885+00:00 [queued]>
[2022-12-16T21:52:25.096+0000] {taskinstance.py:1087} INFO - Dependencies all met for <TaskInstance: titanic_etl_pipeline.encoding manual__2022-12-16T21:52:15.700885+00:00 [queued]>
[2022-12-16T21:52:25.098+0000] {taskinstance.py:1283} INFO - 
--------------------------------------------------------------------------------
[2022-12-16T21:52:25.107+0000] {taskinstance.py:1284} INFO - Starting attempt 1 of 2
[2022-12-16T21:52:25.109+0000] {taskinstance.py:1285} INFO - 
--------------------------------------------------------------------------------
[2022-12-16T21:52:25.215+0000] {taskinstance.py:1304} INFO - Executing <Task(PythonOperator): encoding> on 2022-12-16 21:52:15.700885+00:00
[2022-12-16T21:52:25.241+0000] {standard_task_runner.py:55} INFO - Started process 2223 to run task
[2022-12-16T21:52:25.259+0000] {standard_task_runner.py:82} INFO - Running: ['***', 'tasks', 'run', 'titanic_etl_pipeline', 'encoding', 'manual__2022-12-16T21:52:15.700885+00:00', '--job-id', '54', '--raw', '--subdir', 'DAGS_FOLDER/titanic_etl.py', '--cfg-path', '/tmp/tmpjv27y_v0']
[2022-12-16T21:52:25.268+0000] {standard_task_runner.py:83} INFO - Job 54: Subtask encoding
[2022-12-16T21:52:25.643+0000] {task_command.py:389} INFO - Running <TaskInstance: titanic_etl_pipeline.encoding manual__2022-12-16T21:52:15.700885+00:00 [running]> on host fc16b2a5d81d
[2022-12-16T21:52:26.071+0000] {taskinstance.py:1513} INFO - Exporting the following env vars:
AIRFLOW_CTX_DAG_OWNER=***
AIRFLOW_CTX_DAG_ID=titanic_etl_pipeline
AIRFLOW_CTX_TASK_ID=encoding
AIRFLOW_CTX_EXECUTION_DATE=2022-12-16T21:52:15.700885+00:00
AIRFLOW_CTX_TRY_NUMBER=1
AIRFLOW_CTX_DAG_RUN_ID=manual__2022-12-16T21:52:15.700885+00:00
[2022-12-16T21:52:26.154+0000] {logging_mixin.py:137} INFO - loaded after cleaning succesfully
[2022-12-16T21:52:26.156+0000] {python.py:177} INFO - Done. Returned value was: None
[2022-12-16T21:52:26.204+0000] {taskinstance.py:1327} INFO - Marking task as SUCCESS. dag_id=titanic_etl_pipeline, task_id=encoding, execution_date=20221216T215215, start_date=20221216T215225, end_date=20221216T215226
[2022-12-16T21:52:26.315+0000] {local_task_job.py:159} INFO - Task exited with return code 0
[2022-12-16T21:52:26.414+0000] {taskinstance.py:2582} INFO - 0 downstream tasks scheduled from follow-on schedule check
