[2022-12-17T11:09:57.003+0000] {taskinstance.py:1087} INFO - Dependencies all met for <TaskInstance: titanic_etl_pipeline.encoding manual__2022-12-17T11:04:50.504841+00:00 [queued]>
[2022-12-17T11:09:57.013+0000] {taskinstance.py:1087} INFO - Dependencies all met for <TaskInstance: titanic_etl_pipeline.encoding manual__2022-12-17T11:04:50.504841+00:00 [queued]>
[2022-12-17T11:09:57.013+0000] {taskinstance.py:1283} INFO - 
--------------------------------------------------------------------------------
[2022-12-17T11:09:57.014+0000] {taskinstance.py:1284} INFO - Starting attempt 2 of 2
[2022-12-17T11:09:57.015+0000] {taskinstance.py:1285} INFO - 
--------------------------------------------------------------------------------
[2022-12-17T11:09:57.032+0000] {taskinstance.py:1304} INFO - Executing <Task(PythonOperator): encoding> on 2022-12-17 11:04:50.504841+00:00
[2022-12-17T11:09:57.037+0000] {standard_task_runner.py:55} INFO - Started process 2525 to run task
[2022-12-17T11:09:57.041+0000] {standard_task_runner.py:82} INFO - Running: ['***', 'tasks', 'run', 'titanic_etl_pipeline', 'encoding', 'manual__2022-12-17T11:04:50.504841+00:00', '--job-id', '119', '--raw', '--subdir', 'DAGS_FOLDER/titanic_etl.py', '--cfg-path', '/tmp/tmp_m01uw1z']
[2022-12-17T11:09:57.043+0000] {standard_task_runner.py:83} INFO - Job 119: Subtask encoding
[2022-12-17T11:09:57.205+0000] {task_command.py:389} INFO - Running <TaskInstance: titanic_etl_pipeline.encoding manual__2022-12-17T11:04:50.504841+00:00 [running]> on host 3b51f8facfba
[2022-12-17T11:09:57.298+0000] {taskinstance.py:1513} INFO - Exporting the following env vars:
AIRFLOW_CTX_DAG_OWNER=***
AIRFLOW_CTX_DAG_ID=titanic_etl_pipeline
AIRFLOW_CTX_TASK_ID=encoding
AIRFLOW_CTX_EXECUTION_DATE=2022-12-17T11:04:50.504841+00:00
AIRFLOW_CTX_TRY_NUMBER=2
AIRFLOW_CTX_DAG_RUN_ID=manual__2022-12-17T11:04:50.504841+00:00
[2022-12-17T11:09:57.319+0000] {logging_mixin.py:137} INFO - file already exists
[2022-12-17T11:09:57.320+0000] {python.py:177} INFO - Done. Returned value was: None
[2022-12-17T11:09:57.332+0000] {taskinstance.py:1327} INFO - Marking task as SUCCESS. dag_id=titanic_etl_pipeline, task_id=encoding, execution_date=20221217T110450, start_date=20221217T110957, end_date=20221217T110957
[2022-12-17T11:09:57.377+0000] {local_task_job.py:159} INFO - Task exited with return code 0
[2022-12-17T11:09:57.436+0000] {taskinstance.py:2582} INFO - 1 downstream tasks scheduled from follow-on schedule check
