[2023-01-04T14:40:52.022+0000] {taskinstance.py:1087} INFO - Dependencies all met for <TaskInstance: titanic_etl_pipeline.extract_dataset scheduled__2023-01-02T00:00:00+00:00 [queued]>
[2023-01-04T14:40:52.035+0000] {taskinstance.py:1087} INFO - Dependencies all met for <TaskInstance: titanic_etl_pipeline.extract_dataset scheduled__2023-01-02T00:00:00+00:00 [queued]>
[2023-01-04T14:40:52.036+0000] {taskinstance.py:1283} INFO - 
--------------------------------------------------------------------------------
[2023-01-04T14:40:52.037+0000] {taskinstance.py:1284} INFO - Starting attempt 1 of 2
[2023-01-04T14:40:52.037+0000] {taskinstance.py:1285} INFO - 
--------------------------------------------------------------------------------
[2023-01-04T14:40:52.057+0000] {taskinstance.py:1304} INFO - Executing <Task(PythonOperator): extract_dataset> on 2023-01-02 00:00:00+00:00
[2023-01-04T14:40:52.082+0000] {standard_task_runner.py:55} INFO - Started process 483 to run task
[2023-01-04T14:40:52.087+0000] {standard_task_runner.py:82} INFO - Running: ['***', 'tasks', 'run', 'titanic_etl_pipeline', 'extract_dataset', 'scheduled__2023-01-02T00:00:00+00:00', '--job-id', '44', '--raw', '--subdir', 'DAGS_FOLDER/titanic_etl.py', '--cfg-path', '/tmp/tmptdq5ei5d']
[2023-01-04T14:40:52.098+0000] {standard_task_runner.py:83} INFO - Job 44: Subtask extract_dataset
[2023-01-04T14:40:52.206+0000] {task_command.py:389} INFO - Running <TaskInstance: titanic_etl_pipeline.extract_dataset scheduled__2023-01-02T00:00:00+00:00 [running]> on host 82367dbeb80f
[2023-01-04T14:40:52.301+0000] {taskinstance.py:1513} INFO - Exporting the following env vars:
AIRFLOW_CTX_DAG_OWNER=***
AIRFLOW_CTX_DAG_ID=titanic_etl_pipeline
AIRFLOW_CTX_TASK_ID=extract_dataset
AIRFLOW_CTX_EXECUTION_DATE=2023-01-02T00:00:00+00:00
AIRFLOW_CTX_TRY_NUMBER=1
AIRFLOW_CTX_DAG_RUN_ID=scheduled__2023-01-02T00:00:00+00:00
[2023-01-04T14:40:52.387+0000] {logging_mixin.py:137} INFO - loaded after cleaning succesfully
[2023-01-04T14:40:52.389+0000] {python.py:177} INFO - Done. Returned value was: None
[2023-01-04T14:40:52.404+0000] {taskinstance.py:1327} INFO - Marking task as SUCCESS. dag_id=titanic_etl_pipeline, task_id=extract_dataset, execution_date=20230102T000000, start_date=20230104T144052, end_date=20230104T144052
[2023-01-04T14:40:52.460+0000] {local_task_job.py:159} INFO - Task exited with return code 0
[2023-01-04T14:40:52.505+0000] {taskinstance.py:2582} INFO - 1 downstream tasks scheduled from follow-on schedule check
