[2022-12-16T21:54:07.597+0000] {taskinstance.py:1087} INFO - Dependencies all met for <TaskInstance: titanic_etl_pipeline.encoding manual__2022-12-16T21:48:55.356905+00:00 [queued]>
[2022-12-16T21:54:07.640+0000] {taskinstance.py:1087} INFO - Dependencies all met for <TaskInstance: titanic_etl_pipeline.encoding manual__2022-12-16T21:48:55.356905+00:00 [queued]>
[2022-12-16T21:54:07.642+0000] {taskinstance.py:1283} INFO - 
--------------------------------------------------------------------------------
[2022-12-16T21:54:07.651+0000] {taskinstance.py:1284} INFO - Starting attempt 2 of 2
[2022-12-16T21:54:07.653+0000] {taskinstance.py:1285} INFO - 
--------------------------------------------------------------------------------
[2022-12-16T21:54:07.718+0000] {taskinstance.py:1304} INFO - Executing <Task(PythonOperator): encoding> on 2022-12-16 21:48:55.356905+00:00
[2022-12-16T21:54:07.735+0000] {standard_task_runner.py:55} INFO - Started process 2912 to run task
[2022-12-16T21:54:07.748+0000] {standard_task_runner.py:82} INFO - Running: ['***', 'tasks', 'run', 'titanic_etl_pipeline', 'encoding', 'manual__2022-12-16T21:48:55.356905+00:00', '--job-id', '55', '--raw', '--subdir', 'DAGS_FOLDER/titanic_etl.py', '--cfg-path', '/tmp/tmp_a8g14hg']
[2022-12-16T21:54:07.756+0000] {standard_task_runner.py:83} INFO - Job 55: Subtask encoding
[2022-12-16T21:54:08.020+0000] {task_command.py:389} INFO - Running <TaskInstance: titanic_etl_pipeline.encoding manual__2022-12-16T21:48:55.356905+00:00 [running]> on host fc16b2a5d81d
[2022-12-16T21:54:08.353+0000] {taskinstance.py:1513} INFO - Exporting the following env vars:
AIRFLOW_CTX_DAG_OWNER=***
AIRFLOW_CTX_DAG_ID=titanic_etl_pipeline
AIRFLOW_CTX_TASK_ID=encoding
AIRFLOW_CTX_EXECUTION_DATE=2022-12-16T21:48:55.356905+00:00
AIRFLOW_CTX_TRY_NUMBER=2
AIRFLOW_CTX_DAG_RUN_ID=manual__2022-12-16T21:48:55.356905+00:00
[2022-12-16T21:54:08.438+0000] {logging_mixin.py:137} INFO - file already exists
[2022-12-16T21:54:08.440+0000] {python.py:177} INFO - Done. Returned value was: None
[2022-12-16T21:54:08.483+0000] {taskinstance.py:1327} INFO - Marking task as SUCCESS. dag_id=titanic_etl_pipeline, task_id=encoding, execution_date=20221216T214855, start_date=20221216T215407, end_date=20221216T215408
[2022-12-16T21:54:08.565+0000] {local_task_job.py:159} INFO - Task exited with return code 0
[2022-12-16T21:54:08.665+0000] {taskinstance.py:2582} INFO - 0 downstream tasks scheduled from follow-on schedule check
