[2022-12-16T22:47:36.787+0000] {taskinstance.py:1087} INFO - Dependencies all met for <TaskInstance: titanic_etl_pipeline.create_dashboard_task manual__2022-12-16T22:47:27.902533+00:00 [queued]>
[2022-12-16T22:47:36.803+0000] {taskinstance.py:1087} INFO - Dependencies all met for <TaskInstance: titanic_etl_pipeline.create_dashboard_task manual__2022-12-16T22:47:27.902533+00:00 [queued]>
[2022-12-16T22:47:36.804+0000] {taskinstance.py:1283} INFO - 
--------------------------------------------------------------------------------
[2022-12-16T22:47:36.806+0000] {taskinstance.py:1284} INFO - Starting attempt 1 of 2
[2022-12-16T22:47:36.806+0000] {taskinstance.py:1285} INFO - 
--------------------------------------------------------------------------------
[2022-12-16T22:47:36.833+0000] {taskinstance.py:1304} INFO - Executing <Task(PythonOperator): create_dashboard_task> on 2022-12-16 22:47:27.902533+00:00
[2022-12-16T22:47:36.842+0000] {standard_task_runner.py:55} INFO - Started process 635 to run task
[2022-12-16T22:47:36.847+0000] {standard_task_runner.py:82} INFO - Running: ['***', 'tasks', 'run', 'titanic_etl_pipeline', 'create_dashboard_task', 'manual__2022-12-16T22:47:27.902533+00:00', '--job-id', '84', '--raw', '--subdir', 'DAGS_FOLDER/titanic_etl.py', '--cfg-path', '/tmp/tmp23oicpj0']
[2022-12-16T22:47:36.850+0000] {standard_task_runner.py:83} INFO - Job 84: Subtask create_dashboard_task
[2022-12-16T22:47:36.959+0000] {task_command.py:389} INFO - Running <TaskInstance: titanic_etl_pipeline.create_dashboard_task manual__2022-12-16T22:47:27.902533+00:00 [running]> on host ab0d05efff23
[2022-12-16T22:47:37.095+0000] {taskinstance.py:1513} INFO - Exporting the following env vars:
AIRFLOW_CTX_DAG_OWNER=***
AIRFLOW_CTX_DAG_ID=titanic_etl_pipeline
AIRFLOW_CTX_TASK_ID=create_dashboard_task
AIRFLOW_CTX_EXECUTION_DATE=2022-12-16T22:47:27.902533+00:00
AIRFLOW_CTX_TRY_NUMBER=1
AIRFLOW_CTX_DAG_RUN_ID=manual__2022-12-16T22:47:27.902533+00:00
[2022-12-16T22:47:37.135+0000] {python.py:177} INFO - Done. Returned value was: None
[2022-12-16T22:47:37.151+0000] {taskinstance.py:1327} INFO - Marking task as SUCCESS. dag_id=titanic_etl_pipeline, task_id=create_dashboard_task, execution_date=20221216T224727, start_date=20221216T224736, end_date=20221216T224737
[2022-12-16T22:47:37.220+0000] {local_task_job.py:159} INFO - Task exited with return code 0
[2022-12-16T22:47:37.298+0000] {taskinstance.py:2582} INFO - 0 downstream tasks scheduled from follow-on schedule check
