[2022-12-10T03:23:21.889+0000] {taskinstance.py:1087} INFO - Dependencies all met for <TaskInstance: example_python_operator.print_the_context manual__2022-12-10T03:23:20.045919+00:00 [queued]>
[2022-12-10T03:23:21.908+0000] {taskinstance.py:1087} INFO - Dependencies all met for <TaskInstance: example_python_operator.print_the_context manual__2022-12-10T03:23:20.045919+00:00 [queued]>
[2022-12-10T03:23:21.909+0000] {taskinstance.py:1283} INFO - 
--------------------------------------------------------------------------------
[2022-12-10T03:23:21.917+0000] {taskinstance.py:1284} INFO - Starting attempt 1 of 1
[2022-12-10T03:23:21.918+0000] {taskinstance.py:1285} INFO - 
--------------------------------------------------------------------------------
[2022-12-10T03:23:21.954+0000] {taskinstance.py:1304} INFO - Executing <Task(_PythonDecoratedOperator): print_the_context> on 2022-12-10 03:23:20.045919+00:00
[2022-12-10T03:23:21.962+0000] {standard_task_runner.py:55} INFO - Started process 323 to run task
[2022-12-10T03:23:21.968+0000] {standard_task_runner.py:82} INFO - Running: ['***', 'tasks', 'run', 'example_python_operator', 'print_the_context', 'manual__2022-12-10T03:23:20.045919+00:00', '--job-id', '1184', '--raw', '--subdir', '/home/***/.local/lib/python3.7/site-packages/***/example_dags/example_python_operator.py', '--cfg-path', '/tmp/tmprq5k_gds']
[2022-12-10T03:23:21.969+0000] {standard_task_runner.py:83} INFO - Job 1184: Subtask print_the_context
[2022-12-10T03:23:22.071+0000] {task_command.py:389} INFO - Running <TaskInstance: example_python_operator.print_the_context manual__2022-12-10T03:23:20.045919+00:00 [running]> on host 3ce06e55ea30
[2022-12-10T03:23:22.278+0000] {taskinstance.py:1513} INFO - Exporting the following env vars:
AIRFLOW_CTX_DAG_OWNER=***
AIRFLOW_CTX_DAG_ID=example_python_operator
AIRFLOW_CTX_TASK_ID=print_the_context
AIRFLOW_CTX_EXECUTION_DATE=2022-12-10T03:23:20.045919+00:00
AIRFLOW_CTX_TRY_NUMBER=1
AIRFLOW_CTX_DAG_RUN_ID=manual__2022-12-10T03:23:20.045919+00:00
[2022-12-10T03:23:22.281+0000] {warnings.py:110} WARNING - /home/***/.local/lib/python3.7/site-packages/***/utils/context.py:313: AirflowContextDeprecationWarning: Accessing 'execution_date' from the template is deprecated and will be removed in a future version. Please use 'data_interval_start' or 'logical_date' instead.
  warnings.warn(_create_deprecation_warning(k, replacements))

[2022-12-10T03:23:22.281+0000] {warnings.py:110} WARNING - /home/***/.local/lib/python3.7/site-packages/***/utils/context.py:313: AirflowContextDeprecationWarning: Accessing 'next_ds' from the template is deprecated and will be removed in a future version. Please use '{{ data_interval_end | ds }}' instead.
  warnings.warn(_create_deprecation_warning(k, replacements))

[2022-12-10T03:23:22.282+0000] {warnings.py:110} WARNING - /home/***/.local/lib/python3.7/site-packages/***/utils/context.py:313: AirflowContextDeprecationWarning: Accessing 'next_ds_nodash' from the template is deprecated and will be removed in a future version. Please use '{{ data_interval_end | ds_nodash }}' instead.
  warnings.warn(_create_deprecation_warning(k, replacements))

[2022-12-10T03:23:22.282+0000] {warnings.py:110} WARNING - /home/***/.local/lib/python3.7/site-packages/***/utils/context.py:313: AirflowContextDeprecationWarning: Accessing 'next_execution_date' from the template is deprecated and will be removed in a future version. Please use 'data_interval_end' instead.
  warnings.warn(_create_deprecation_warning(k, replacements))

[2022-12-10T03:23:22.283+0000] {warnings.py:110} WARNING - /home/***/.local/lib/python3.7/site-packages/***/utils/context.py:313: AirflowContextDeprecationWarning: Accessing 'prev_ds' from the template is deprecated and will be removed in a future version.
  warnings.warn(_create_deprecation_warning(k, replacements))

[2022-12-10T03:23:22.283+0000] {warnings.py:110} WARNING - /home/***/.local/lib/python3.7/site-packages/***/utils/context.py:313: AirflowContextDeprecationWarning: Accessing 'prev_ds_nodash' from the template is deprecated and will be removed in a future version.
  warnings.warn(_create_deprecation_warning(k, replacements))

[2022-12-10T03:23:22.284+0000] {warnings.py:110} WARNING - /home/***/.local/lib/python3.7/site-packages/***/utils/context.py:313: AirflowContextDeprecationWarning: Accessing 'prev_execution_date' from the template is deprecated and will be removed in a future version.
  warnings.warn(_create_deprecation_warning(k, replacements))

[2022-12-10T03:23:22.284+0000] {warnings.py:110} WARNING - /home/***/.local/lib/python3.7/site-packages/***/utils/context.py:313: AirflowContextDeprecationWarning: Accessing 'prev_execution_date_success' from the template is deprecated and will be removed in a future version. Please use 'prev_data_interval_start_success' instead.
  warnings.warn(_create_deprecation_warning(k, replacements))

[2022-12-10T03:23:22.285+0000] {warnings.py:110} WARNING - /home/***/.local/lib/python3.7/site-packages/***/utils/context.py:313: AirflowContextDeprecationWarning: Accessing 'tomorrow_ds' from the template is deprecated and will be removed in a future version.
  warnings.warn(_create_deprecation_warning(k, replacements))

[2022-12-10T03:23:22.286+0000] {warnings.py:110} WARNING - /home/***/.local/lib/python3.7/site-packages/***/utils/context.py:313: AirflowContextDeprecationWarning: Accessing 'tomorrow_ds_nodash' from the template is deprecated and will be removed in a future version.
  warnings.warn(_create_deprecation_warning(k, replacements))

[2022-12-10T03:23:22.299+0000] {warnings.py:110} WARNING - /home/***/.local/lib/python3.7/site-packages/***/utils/context.py:313: AirflowContextDeprecationWarning: Accessing 'yesterday_ds' from the template is deprecated and will be removed in a future version.
  warnings.warn(_create_deprecation_warning(k, replacements))

[2022-12-10T03:23:22.300+0000] {warnings.py:110} WARNING - /home/***/.local/lib/python3.7/site-packages/***/utils/context.py:313: AirflowContextDeprecationWarning: Accessing 'yesterday_ds_nodash' from the template is deprecated and will be removed in a future version.
  warnings.warn(_create_deprecation_warning(k, replacements))

[2022-12-10T03:23:22.300+0000] {logging_mixin.py:137} INFO - {'conf': <***.configuration.AirflowConfigParser object at 0x7f7f96d23310>,
 'conn': None,
 'dag': <DAG: example_python_operator>,
 'dag_run': <DagRun example_python_operator @ 2022-12-10 03:23:20.045919+00:00: manual__2022-12-10T03:23:20.045919+00:00, state:running, queued_at: 2022-12-10 03:23:20.067729+00:00. externally triggered: True>,
 'data_interval_end': DateTime(2022, 12, 10, 3, 23, 20, 45919, tzinfo=Timezone('UTC')),
 'data_interval_start': DateTime(2022, 12, 10, 3, 23, 20, 45919, tzinfo=Timezone('UTC')),
 'ds_nodash': '20221210',
 'execution_date': <Proxy at 0x7f7f8c9f9140 with factory functools.partial(<function lazy_mapping_from_context.<locals>._deprecated_proxy_factory at 0x7f7f8ca48e60>, 'execution_date', DateTime(2022, 12, 10, 3, 23, 20, 45919, tzinfo=Timezone('UTC')))>,
 'expanded_ti_count': None,
 'inlets': [],
 'logical_date': DateTime(2022, 12, 10, 3, 23, 20, 45919, tzinfo=Timezone('UTC')),
 'macros': <module '***.macros' from '/home/***/.local/lib/python3.7/site-packages/***/macros/__init__.py'>,
 'next_ds': <Proxy at 0x7f7f8c9f9190 with factory functools.partial(<function lazy_mapping_from_context.<locals>._deprecated_proxy_factory at 0x7f7f8ca48e60>, 'next_ds', '2022-12-10')>,
 'next_ds_nodash': <Proxy at 0x7f7f8c9f91e0 with factory functools.partial(<function lazy_mapping_from_context.<locals>._deprecated_proxy_factory at 0x7f7f8ca48e60>, 'next_ds_nodash', '20221210')>,
 'next_execution_date': <Proxy at 0x7f7f8c9f9230 with factory functools.partial(<function lazy_mapping_from_context.<locals>._deprecated_proxy_factory at 0x7f7f8ca48e60>, 'next_execution_date', DateTime(2022, 12, 10, 3, 23, 20, 45919, tzinfo=Timezone('UTC')))>,
 'outlets': [],
 'params': {},
 'prev_data_interval_end_success': None,
 'prev_data_interval_start_success': None,
 'prev_ds': <Proxy at 0x7f7f8c9f9280 with factory functools.partial(<function lazy_mapping_from_context.<locals>._deprecated_proxy_factory at 0x7f7f8ca48e60>, 'prev_ds', '2022-12-10')>,
 'prev_ds_nodash': <Proxy at 0x7f7f8c9f92d0 with factory functools.partial(<function lazy_mapping_from_context.<locals>._deprecated_proxy_factory at 0x7f7f8ca48e60>, 'prev_ds_nodash', '20221210')>,
 'prev_execution_date': <Proxy at 0x7f7f8c9f9320 with factory functools.partial(<function lazy_mapping_from_context.<locals>._deprecated_proxy_factory at 0x7f7f8ca48e60>, 'prev_execution_date', DateTime(2022, 12, 10, 3, 23, 20, 45919, tzinfo=Timezone('UTC')))>,
 'prev_execution_date_success': <Proxy at 0x7f7f8c9f9370 with factory functools.partial(<function lazy_mapping_from_context.<locals>._deprecated_proxy_factory at 0x7f7f8ca48e60>, 'prev_execution_date_success', None)>,
 'prev_start_date_success': None,
 'run_id': 'manual__2022-12-10T03:23:20.045919+00:00',
 'task': <Task(_PythonDecoratedOperator): print_the_context>,
 'task_instance': <TaskInstance: example_python_operator.print_the_context manual__2022-12-10T03:23:20.045919+00:00 [running]>,
 'task_instance_key_str': 'example_python_operator__print_the_context__20221210',
 'templates_dict': None,
 'test_mode': False,
 'ti': <TaskInstance: example_python_operator.print_the_context manual__2022-12-10T03:23:20.045919+00:00 [running]>,
 'tomorrow_ds': <Proxy at 0x7f7f8c9f93c0 with factory functools.partial(<function lazy_mapping_from_context.<locals>._deprecated_proxy_factory at 0x7f7f8ca48e60>, 'tomorrow_ds', '2022-12-11')>,
 'tomorrow_ds_nodash': <Proxy at 0x7f7f8c9f9410 with factory functools.partial(<function lazy_mapping_from_context.<locals>._deprecated_proxy_factory at 0x7f7f8ca48e60>, 'tomorrow_ds_nodash', '20221211')>,
 'triggering_dataset_events': {},
 'ts': '2022-12-10T03:23:20.045919+00:00',
 'ts_nodash': '20221210T032320',
 'ts_nodash_with_tz': '20221210T032320.045919+0000',
 'var': {'json': None, 'value': None},
 'yesterday_ds': <Proxy at 0x7f7f8c9f9460 with factory functools.partial(<function lazy_mapping_from_context.<locals>._deprecated_proxy_factory at 0x7f7f8ca48e60>, 'yesterday_ds', '2022-12-09')>,
 'yesterday_ds_nodash': <Proxy at 0x7f7f8c9f94b0 with factory functools.partial(<function lazy_mapping_from_context.<locals>._deprecated_proxy_factory at 0x7f7f8ca48e60>, 'yesterday_ds_nodash', '20221209')>}
[2022-12-10T03:23:22.301+0000] {logging_mixin.py:137} INFO - 2022-12-10
[2022-12-10T03:23:22.301+0000] {python.py:177} INFO - Done. Returned value was: Whatever you return gets printed in the logs
[2022-12-10T03:23:22.330+0000] {taskinstance.py:1327} INFO - Marking task as SUCCESS. dag_id=example_python_operator, task_id=print_the_context, execution_date=20221210T032320, start_date=20221210T032321, end_date=20221210T032322
[2022-12-10T03:23:22.383+0000] {local_task_job.py:159} INFO - Task exited with return code 0
[2022-12-10T03:23:22.462+0000] {taskinstance.py:2582} INFO - 0 downstream tasks scheduled from follow-on schedule check
