[2022-12-16T22:49:05.782+0000] {taskinstance.py:1087} INFO - Dependencies all met for <TaskInstance: titanic_etl_pipeline.encoding manual__2022-12-16T22:48:58.965765+00:00 [queued]>
[2022-12-16T22:49:05.799+0000] {taskinstance.py:1087} INFO - Dependencies all met for <TaskInstance: titanic_etl_pipeline.encoding manual__2022-12-16T22:48:58.965765+00:00 [queued]>
[2022-12-16T22:49:05.800+0000] {taskinstance.py:1283} INFO - 
--------------------------------------------------------------------------------
[2022-12-16T22:49:05.807+0000] {taskinstance.py:1284} INFO - Starting attempt 1 of 2
[2022-12-16T22:49:05.808+0000] {taskinstance.py:1285} INFO - 
--------------------------------------------------------------------------------
[2022-12-16T22:49:05.836+0000] {taskinstance.py:1304} INFO - Executing <Task(PythonOperator): encoding> on 2022-12-16 22:48:58.965765+00:00
[2022-12-16T22:49:05.844+0000] {standard_task_runner.py:55} INFO - Started process 1327 to run task
[2022-12-16T22:49:05.850+0000] {standard_task_runner.py:82} INFO - Running: ['***', 'tasks', 'run', 'titanic_etl_pipeline', 'encoding', 'manual__2022-12-16T22:48:58.965765+00:00', '--job-id', '86', '--raw', '--subdir', 'DAGS_FOLDER/titanic_etl.py', '--cfg-path', '/tmp/tmp_cbgbpyj']
[2022-12-16T22:49:05.853+0000] {standard_task_runner.py:83} INFO - Job 86: Subtask encoding
[2022-12-16T22:49:05.963+0000] {task_command.py:389} INFO - Running <TaskInstance: titanic_etl_pipeline.encoding manual__2022-12-16T22:48:58.965765+00:00 [running]> on host ab0d05efff23
[2022-12-16T22:49:06.107+0000] {taskinstance.py:1513} INFO - Exporting the following env vars:
AIRFLOW_CTX_DAG_OWNER=***
AIRFLOW_CTX_DAG_ID=titanic_etl_pipeline
AIRFLOW_CTX_TASK_ID=encoding
AIRFLOW_CTX_EXECUTION_DATE=2022-12-16T22:48:58.965765+00:00
AIRFLOW_CTX_TRY_NUMBER=1
AIRFLOW_CTX_DAG_RUN_ID=manual__2022-12-16T22:48:58.965765+00:00
[2022-12-16T22:49:06.146+0000] {logging_mixin.py:137} INFO - file already exists
[2022-12-16T22:49:06.147+0000] {python.py:177} INFO - Done. Returned value was: None
[2022-12-16T22:49:06.164+0000] {taskinstance.py:1327} INFO - Marking task as SUCCESS. dag_id=titanic_etl_pipeline, task_id=encoding, execution_date=20221216T224858, start_date=20221216T224905, end_date=20221216T224906
[2022-12-16T22:49:06.223+0000] {local_task_job.py:159} INFO - Task exited with return code 0
[2022-12-16T22:49:06.271+0000] {taskinstance.py:2582} INFO - 1 downstream tasks scheduled from follow-on schedule check
