[2022-12-10T03:23:37.637+0000] {taskinstance.py:1087} INFO - Dependencies all met for <TaskInstance: example_python_operator.virtualenv_classic manual__2022-12-10T03:23:20.045919+00:00 [queued]>
[2022-12-10T03:23:37.661+0000] {taskinstance.py:1087} INFO - Dependencies all met for <TaskInstance: example_python_operator.virtualenv_classic manual__2022-12-10T03:23:20.045919+00:00 [queued]>
[2022-12-10T03:23:37.662+0000] {taskinstance.py:1283} INFO - 
--------------------------------------------------------------------------------
[2022-12-10T03:23:37.670+0000] {taskinstance.py:1284} INFO - Starting attempt 1 of 1
[2022-12-10T03:23:37.671+0000] {taskinstance.py:1285} INFO - 
--------------------------------------------------------------------------------
[2022-12-10T03:23:37.697+0000] {taskinstance.py:1304} INFO - Executing <Task(PythonVirtualenvOperator): virtualenv_classic> on 2022-12-10 03:23:20.045919+00:00
[2022-12-10T03:23:37.702+0000] {standard_task_runner.py:55} INFO - Started process 361 to run task
[2022-12-10T03:23:37.708+0000] {standard_task_runner.py:82} INFO - Running: ['***', 'tasks', 'run', 'example_python_operator', 'virtualenv_classic', 'manual__2022-12-10T03:23:20.045919+00:00', '--job-id', '1188', '--raw', '--subdir', '/home/***/.local/lib/python3.7/site-packages/***/example_dags/example_python_operator.py', '--cfg-path', '/tmp/tmpxw0l690q']
[2022-12-10T03:23:37.709+0000] {standard_task_runner.py:83} INFO - Job 1188: Subtask virtualenv_classic
[2022-12-10T03:23:37.788+0000] {task_command.py:389} INFO - Running <TaskInstance: example_python_operator.virtualenv_classic manual__2022-12-10T03:23:20.045919+00:00 [running]> on host 3ce06e55ea30
[2022-12-10T03:23:37.889+0000] {taskinstance.py:1513} INFO - Exporting the following env vars:
AIRFLOW_CTX_DAG_OWNER=***
AIRFLOW_CTX_DAG_ID=example_python_operator
AIRFLOW_CTX_TASK_ID=virtualenv_classic
AIRFLOW_CTX_EXECUTION_DATE=2022-12-10T03:23:20.045919+00:00
AIRFLOW_CTX_TRY_NUMBER=1
AIRFLOW_CTX_DAG_RUN_ID=manual__2022-12-10T03:23:20.045919+00:00
[2022-12-10T03:23:37.892+0000] {process_utils.py:179} INFO - Executing cmd: /usr/local/bin/python -m virtualenv /tmp/venv95h0mlpr --system-site-packages
[2022-12-10T03:23:37.902+0000] {process_utils.py:183} INFO - Output:
[2022-12-10T03:23:40.112+0000] {process_utils.py:187} INFO - created virtual environment CPython3.7.15.final.0-64 in 1450ms
[2022-12-10T03:23:40.114+0000] {process_utils.py:187} INFO -   creator CPython3Posix(dest=/tmp/venv95h0mlpr, clear=False, no_vcs_ignore=False, global=True)
[2022-12-10T03:23:40.120+0000] {process_utils.py:187} INFO -   seeder FromAppData(download=False, pip=bundle, setuptools=bundle, wheel=bundle, via=copy, app_data_dir=/home/***/.local/share/virtualenv)
[2022-12-10T03:23:40.121+0000] {process_utils.py:187} INFO -     added seed packages: pip==22.3.1, setuptools==65.6.3, wheel==0.38.4
[2022-12-10T03:23:40.122+0000] {process_utils.py:187} INFO -   activators BashActivator,CShellActivator,FishActivator,NushellActivator,PowerShellActivator,PythonActivator
[2022-12-10T03:23:40.176+0000] {process_utils.py:179} INFO - Executing cmd: /tmp/venv95h0mlpr/bin/pip install -r /tmp/venv95h0mlpr/requirements.txt
[2022-12-10T03:23:40.196+0000] {process_utils.py:183} INFO - Output:
[2022-12-10T03:23:46.052+0000] {process_utils.py:187} INFO - Collecting colorama==0.4.0
[2022-12-10T03:23:46.408+0000] {process_utils.py:187} INFO -   Downloading colorama-0.4.0-py2.py3-none-any.whl (21 kB)
[2022-12-10T03:23:59.607+0000] {process_utils.py:187} INFO - Installing collected packages: colorama
[2022-12-10T03:23:59.608+0000] {process_utils.py:187} INFO -   Attempting uninstall: colorama
[2022-12-10T03:23:59.616+0000] {process_utils.py:187} INFO -     Found existing installation: colorama 0.4.6
[2022-12-10T03:23:59.618+0000] {process_utils.py:187} INFO -     Not uninstalling colorama at /home/***/.local/lib/python3.7/site-packages, outside environment /tmp/venv95h0mlpr
[2022-12-10T03:23:59.619+0000] {process_utils.py:187} INFO -     Can't uninstall 'colorama'. No files were found to uninstall.
[2022-12-10T03:23:59.685+0000] {process_utils.py:187} INFO - Successfully installed colorama-0.4.0
[2022-12-10T03:24:00.356+0000] {process_utils.py:179} INFO - Executing cmd: /tmp/venv95h0mlpr/bin/python /tmp/venv95h0mlpr/script.py /tmp/venv95h0mlpr/script.in /tmp/venv95h0mlpr/script.out /tmp/venv95h0mlpr/string_args.txt
[2022-12-10T03:24:00.368+0000] {process_utils.py:183} INFO - Output:
[2022-12-10T03:24:01.801+0000] {python.py:177} INFO - Done. Returned value was: None
[2022-12-10T03:24:01.814+0000] {taskinstance.py:1327} INFO - Marking task as SUCCESS. dag_id=example_python_operator, task_id=virtualenv_classic, execution_date=20221210T032320, start_date=20221210T032337, end_date=20221210T032401
[2022-12-10T03:24:01.871+0000] {local_task_job.py:159} INFO - Task exited with return code 0
[2022-12-10T03:24:01.894+0000] {taskinstance.py:2582} INFO - 0 downstream tasks scheduled from follow-on schedule check
