[2022-12-10T03:23:29.496+0000] {taskinstance.py:1087} INFO - Dependencies all met for <TaskInstance: example_python_operator.external_python manual__2022-12-10T03:23:20.045919+00:00 [queued]>
[2022-12-10T03:23:29.513+0000] {taskinstance.py:1087} INFO - Dependencies all met for <TaskInstance: example_python_operator.external_python manual__2022-12-10T03:23:20.045919+00:00 [queued]>
[2022-12-10T03:23:29.514+0000] {taskinstance.py:1283} INFO - 
--------------------------------------------------------------------------------
[2022-12-10T03:23:29.521+0000] {taskinstance.py:1284} INFO - Starting attempt 1 of 1
[2022-12-10T03:23:29.522+0000] {taskinstance.py:1285} INFO - 
--------------------------------------------------------------------------------
[2022-12-10T03:23:29.546+0000] {taskinstance.py:1304} INFO - Executing <Task(_PythonExternalDecoratedOperator): external_python> on 2022-12-10 03:23:20.045919+00:00
[2022-12-10T03:23:29.551+0000] {standard_task_runner.py:55} INFO - Started process 352 to run task
[2022-12-10T03:23:29.556+0000] {standard_task_runner.py:82} INFO - Running: ['***', 'tasks', 'run', 'example_python_operator', 'external_python', 'manual__2022-12-10T03:23:20.045919+00:00', '--job-id', '1187', '--raw', '--subdir', '/home/***/.local/lib/python3.7/site-packages/***/example_dags/example_python_operator.py', '--cfg-path', '/tmp/tmp6inwqsqg']
[2022-12-10T03:23:29.557+0000] {standard_task_runner.py:83} INFO - Job 1187: Subtask external_python
[2022-12-10T03:23:29.641+0000] {task_command.py:389} INFO - Running <TaskInstance: example_python_operator.external_python manual__2022-12-10T03:23:20.045919+00:00 [running]> on host 3ce06e55ea30
[2022-12-10T03:23:29.747+0000] {taskinstance.py:1513} INFO - Exporting the following env vars:
AIRFLOW_CTX_DAG_OWNER=***
AIRFLOW_CTX_DAG_ID=example_python_operator
AIRFLOW_CTX_TASK_ID=external_python
AIRFLOW_CTX_EXECUTION_DATE=2022-12-10T03:23:20.045919+00:00
AIRFLOW_CTX_TRY_NUMBER=1
AIRFLOW_CTX_DAG_RUN_ID=manual__2022-12-10T03:23:20.045919+00:00
[2022-12-10T03:23:30.830+0000] {process_utils.py:179} INFO - Executing cmd: /usr/local/bin/python /tmp/tmdc_ze7ue0/script.py /tmp/tmdc_ze7ue0/script.in /tmp/tmdc_ze7ue0/script.out /tmp/tmdc_ze7ue0/string_args.txt
[2022-12-10T03:23:30.838+0000] {process_utils.py:183} INFO - Output:
[2022-12-10T03:23:31.868+0000] {process_utils.py:187} INFO - Running task via /usr/local/bin/python
[2022-12-10T03:23:31.868+0000] {process_utils.py:187} INFO - Sleeping
[2022-12-10T03:23:31.869+0000] {process_utils.py:187} INFO - Please wait...
[2022-12-10T03:23:32.869+0000] {process_utils.py:187} INFO - Please wait...
[2022-12-10T03:23:33.870+0000] {process_utils.py:187} INFO - Please wait...
[2022-12-10T03:23:34.872+0000] {process_utils.py:187} INFO - Please wait...
[2022-12-10T03:23:35.873+0000] {process_utils.py:187} INFO - Finished
[2022-12-10T03:23:35.938+0000] {python.py:177} INFO - Done. Returned value was: None
[2022-12-10T03:23:35.950+0000] {taskinstance.py:1327} INFO - Marking task as SUCCESS. dag_id=example_python_operator, task_id=external_python, execution_date=20221210T032320, start_date=20221210T032329, end_date=20221210T032335
[2022-12-10T03:23:36.003+0000] {local_task_job.py:159} INFO - Task exited with return code 0
[2022-12-10T03:23:36.025+0000] {taskinstance.py:2582} INFO - 1 downstream tasks scheduled from follow-on schedule check
