[2022-12-17T11:08:25.197+0000] {taskinstance.py:1087} INFO - Dependencies all met for <TaskInstance: titanic_etl_pipeline.encoding manual__2022-12-16T23:20:48.161643+00:00 [queued]>
[2022-12-17T11:08:25.211+0000] {taskinstance.py:1087} INFO - Dependencies all met for <TaskInstance: titanic_etl_pipeline.encoding manual__2022-12-16T23:20:48.161643+00:00 [queued]>
[2022-12-17T11:08:25.212+0000] {taskinstance.py:1283} INFO - 
--------------------------------------------------------------------------------
[2022-12-17T11:08:25.219+0000] {taskinstance.py:1284} INFO - Starting attempt 3 of 3
[2022-12-17T11:08:25.219+0000] {taskinstance.py:1285} INFO - 
--------------------------------------------------------------------------------
[2022-12-17T11:08:25.242+0000] {taskinstance.py:1304} INFO - Executing <Task(PythonOperator): encoding> on 2022-12-16 23:20:48.161643+00:00
[2022-12-17T11:08:25.247+0000] {standard_task_runner.py:55} INFO - Started process 2379 to run task
[2022-12-17T11:08:25.252+0000] {standard_task_runner.py:82} INFO - Running: ['***', 'tasks', 'run', 'titanic_etl_pipeline', 'encoding', 'manual__2022-12-16T23:20:48.161643+00:00', '--job-id', '115', '--raw', '--subdir', 'DAGS_FOLDER/titanic_etl.py', '--cfg-path', '/tmp/tmpa67x8unp']
[2022-12-17T11:08:25.354+0000] {standard_task_runner.py:83} INFO - Job 115: Subtask encoding
[2022-12-17T11:08:25.472+0000] {task_command.py:389} INFO - Running <TaskInstance: titanic_etl_pipeline.encoding manual__2022-12-16T23:20:48.161643+00:00 [running]> on host 3b51f8facfba
[2022-12-17T11:08:25.572+0000] {taskinstance.py:1513} INFO - Exporting the following env vars:
AIRFLOW_CTX_DAG_OWNER=***
AIRFLOW_CTX_DAG_ID=titanic_etl_pipeline
AIRFLOW_CTX_TASK_ID=encoding
AIRFLOW_CTX_EXECUTION_DATE=2022-12-16T23:20:48.161643+00:00
AIRFLOW_CTX_TRY_NUMBER=3
AIRFLOW_CTX_DAG_RUN_ID=manual__2022-12-16T23:20:48.161643+00:00
[2022-12-17T11:08:25.596+0000] {logging_mixin.py:137} INFO - file already exists
[2022-12-17T11:08:25.596+0000] {python.py:177} INFO - Done. Returned value was: None
[2022-12-17T11:08:25.610+0000] {taskinstance.py:1327} INFO - Marking task as SUCCESS. dag_id=titanic_etl_pipeline, task_id=encoding, execution_date=20221216T232048, start_date=20221217T110825, end_date=20221217T110825
[2022-12-17T11:08:25.665+0000] {local_task_job.py:159} INFO - Task exited with return code 0
[2022-12-17T11:08:25.701+0000] {taskinstance.py:2582} INFO - 1 downstream tasks scheduled from follow-on schedule check
