[2022-12-16T22:37:41.457+0000] {taskinstance.py:1087} INFO - Dependencies all met for <TaskInstance: titanic_etl_pipeline.encoding manual__2022-12-16T22:37:33.538821+00:00 [queued]>
[2022-12-16T22:37:41.484+0000] {taskinstance.py:1087} INFO - Dependencies all met for <TaskInstance: titanic_etl_pipeline.encoding manual__2022-12-16T22:37:33.538821+00:00 [queued]>
[2022-12-16T22:37:41.484+0000] {taskinstance.py:1283} INFO - 
--------------------------------------------------------------------------------
[2022-12-16T22:37:41.485+0000] {taskinstance.py:1284} INFO - Starting attempt 1 of 2
[2022-12-16T22:37:41.486+0000] {taskinstance.py:1285} INFO - 
--------------------------------------------------------------------------------
[2022-12-16T22:37:41.539+0000] {taskinstance.py:1304} INFO - Executing <Task(PythonOperator): encoding> on 2022-12-16 22:37:33.538821+00:00
[2022-12-16T22:37:41.547+0000] {standard_task_runner.py:55} INFO - Started process 7516 to run task
[2022-12-16T22:37:41.553+0000] {standard_task_runner.py:82} INFO - Running: ['***', 'tasks', 'run', 'titanic_etl_pipeline', 'encoding', 'manual__2022-12-16T22:37:33.538821+00:00', '--job-id', '63', '--raw', '--subdir', 'DAGS_FOLDER/titanic_etl.py', '--cfg-path', '/tmp/tmpcsgttweg']
[2022-12-16T22:37:41.556+0000] {standard_task_runner.py:83} INFO - Job 63: Subtask encoding
[2022-12-16T22:37:41.693+0000] {task_command.py:389} INFO - Running <TaskInstance: titanic_etl_pipeline.encoding manual__2022-12-16T22:37:33.538821+00:00 [running]> on host 20ab0680b7da
[2022-12-16T22:37:41.894+0000] {taskinstance.py:1513} INFO - Exporting the following env vars:
AIRFLOW_CTX_DAG_OWNER=***
AIRFLOW_CTX_DAG_ID=titanic_etl_pipeline
AIRFLOW_CTX_TASK_ID=encoding
AIRFLOW_CTX_EXECUTION_DATE=2022-12-16T22:37:33.538821+00:00
AIRFLOW_CTX_TRY_NUMBER=1
AIRFLOW_CTX_DAG_RUN_ID=manual__2022-12-16T22:37:33.538821+00:00
[2022-12-16T22:37:41.931+0000] {logging_mixin.py:137} INFO - file already exists
[2022-12-16T22:37:41.932+0000] {python.py:177} INFO - Done. Returned value was: None
[2022-12-16T22:37:41.953+0000] {taskinstance.py:1327} INFO - Marking task as SUCCESS. dag_id=titanic_etl_pipeline, task_id=encoding, execution_date=20221216T223733, start_date=20221216T223741, end_date=20221216T223741
[2022-12-16T22:37:42.007+0000] {local_task_job.py:159} INFO - Task exited with return code 0
[2022-12-16T22:37:42.129+0000] {taskinstance.py:2582} INFO - 1 downstream tasks scheduled from follow-on schedule check
