[2022-12-16T22:43:27.505+0000] {taskinstance.py:1087} INFO - Dependencies all met for <TaskInstance: titanic_etl_pipeline.create_dashboard_task manual__2022-12-16T22:43:17.060798+00:00 [queued]>
[2022-12-16T22:43:27.528+0000] {taskinstance.py:1087} INFO - Dependencies all met for <TaskInstance: titanic_etl_pipeline.create_dashboard_task manual__2022-12-16T22:43:17.060798+00:00 [queued]>
[2022-12-16T22:43:27.529+0000] {taskinstance.py:1283} INFO - 
--------------------------------------------------------------------------------
[2022-12-16T22:43:27.530+0000] {taskinstance.py:1284} INFO - Starting attempt 1 of 2
[2022-12-16T22:43:27.530+0000] {taskinstance.py:1285} INFO - 
--------------------------------------------------------------------------------
[2022-12-16T22:43:27.568+0000] {taskinstance.py:1304} INFO - Executing <Task(PythonOperator): create_dashboard_task> on 2022-12-16 22:43:17.060798+00:00
[2022-12-16T22:43:27.577+0000] {standard_task_runner.py:55} INFO - Started process 10923 to run task
[2022-12-16T22:43:27.583+0000] {standard_task_runner.py:82} INFO - Running: ['***', 'tasks', 'run', 'titanic_etl_pipeline', 'create_dashboard_task', 'manual__2022-12-16T22:43:17.060798+00:00', '--job-id', '77', '--raw', '--subdir', 'DAGS_FOLDER/titanic_etl.py', '--cfg-path', '/tmp/tmpq83iup03']
[2022-12-16T22:43:27.587+0000] {standard_task_runner.py:83} INFO - Job 77: Subtask create_dashboard_task
[2022-12-16T22:43:27.700+0000] {task_command.py:389} INFO - Running <TaskInstance: titanic_etl_pipeline.create_dashboard_task manual__2022-12-16T22:43:17.060798+00:00 [running]> on host 20ab0680b7da
[2022-12-16T22:43:27.855+0000] {taskinstance.py:1513} INFO - Exporting the following env vars:
AIRFLOW_CTX_DAG_OWNER=***
AIRFLOW_CTX_DAG_ID=titanic_etl_pipeline
AIRFLOW_CTX_TASK_ID=create_dashboard_task
AIRFLOW_CTX_EXECUTION_DATE=2022-12-16T22:43:17.060798+00:00
AIRFLOW_CTX_TRY_NUMBER=1
AIRFLOW_CTX_DAG_RUN_ID=manual__2022-12-16T22:43:17.060798+00:00
[2022-12-16T22:43:27.902+0000] {python.py:177} INFO - Done. Returned value was: None
[2022-12-16T22:43:27.921+0000] {taskinstance.py:1327} INFO - Marking task as SUCCESS. dag_id=titanic_etl_pipeline, task_id=create_dashboard_task, execution_date=20221216T224317, start_date=20221216T224327, end_date=20221216T224327
[2022-12-16T22:43:27.995+0000] {local_task_job.py:159} INFO - Task exited with return code 0
[2022-12-16T22:43:28.029+0000] {taskinstance.py:2582} INFO - 0 downstream tasks scheduled from follow-on schedule check
