[2022-12-16T21:56:02.932+0000] {taskinstance.py:1087} INFO - Dependencies all met for <TaskInstance: titanic_etl_pipeline.encoding manual__2022-12-16T21:50:51.122930+00:00 [queued]>
[2022-12-16T21:56:02.959+0000] {taskinstance.py:1087} INFO - Dependencies all met for <TaskInstance: titanic_etl_pipeline.encoding manual__2022-12-16T21:50:51.122930+00:00 [queued]>
[2022-12-16T21:56:02.961+0000] {taskinstance.py:1283} INFO - 
--------------------------------------------------------------------------------
[2022-12-16T21:56:02.969+0000] {taskinstance.py:1284} INFO - Starting attempt 2 of 2
[2022-12-16T21:56:02.970+0000] {taskinstance.py:1285} INFO - 
--------------------------------------------------------------------------------
[2022-12-16T21:56:03.018+0000] {taskinstance.py:1304} INFO - Executing <Task(PythonOperator): encoding> on 2022-12-16 21:50:51.122930+00:00
[2022-12-16T21:56:03.029+0000] {standard_task_runner.py:55} INFO - Started process 3808 to run task
[2022-12-16T21:56:03.040+0000] {standard_task_runner.py:82} INFO - Running: ['***', 'tasks', 'run', 'titanic_etl_pipeline', 'encoding', 'manual__2022-12-16T21:50:51.122930+00:00', '--job-id', '56', '--raw', '--subdir', 'DAGS_FOLDER/titanic_etl.py', '--cfg-path', '/tmp/tmpe2g7uckc']
[2022-12-16T21:56:03.048+0000] {standard_task_runner.py:83} INFO - Job 56: Subtask encoding
[2022-12-16T21:56:03.288+0000] {task_command.py:389} INFO - Running <TaskInstance: titanic_etl_pipeline.encoding manual__2022-12-16T21:50:51.122930+00:00 [running]> on host fc16b2a5d81d
[2022-12-16T21:56:03.544+0000] {taskinstance.py:1513} INFO - Exporting the following env vars:
AIRFLOW_CTX_DAG_OWNER=***
AIRFLOW_CTX_DAG_ID=titanic_etl_pipeline
AIRFLOW_CTX_TASK_ID=encoding
AIRFLOW_CTX_EXECUTION_DATE=2022-12-16T21:50:51.122930+00:00
AIRFLOW_CTX_TRY_NUMBER=2
AIRFLOW_CTX_DAG_RUN_ID=manual__2022-12-16T21:50:51.122930+00:00
[2022-12-16T21:56:03.605+0000] {logging_mixin.py:137} INFO - file already exists
[2022-12-16T21:56:03.607+0000] {python.py:177} INFO - Done. Returned value was: None
[2022-12-16T21:56:03.635+0000] {taskinstance.py:1327} INFO - Marking task as SUCCESS. dag_id=titanic_etl_pipeline, task_id=encoding, execution_date=20221216T215051, start_date=20221216T215602, end_date=20221216T215603
[2022-12-16T21:56:03.694+0000] {local_task_job.py:159} INFO - Task exited with return code 0
[2022-12-16T21:56:03.757+0000] {taskinstance.py:2582} INFO - 0 downstream tasks scheduled from follow-on schedule check
