[2022-12-17T11:05:55.229+0000] {taskinstance.py:1087} INFO - Dependencies all met for <TaskInstance: titanic_etl_pipeline.encoding manual__2022-12-17T11:05:51.143697+00:00 [queued]>
[2022-12-17T11:05:55.241+0000] {taskinstance.py:1087} INFO - Dependencies all met for <TaskInstance: titanic_etl_pipeline.encoding manual__2022-12-17T11:05:51.143697+00:00 [queued]>
[2022-12-17T11:05:55.242+0000] {taskinstance.py:1283} INFO - 
--------------------------------------------------------------------------------
[2022-12-17T11:05:55.250+0000] {taskinstance.py:1284} INFO - Starting attempt 1 of 2
[2022-12-17T11:05:55.251+0000] {taskinstance.py:1285} INFO - 
--------------------------------------------------------------------------------
[2022-12-17T11:05:55.271+0000] {taskinstance.py:1304} INFO - Executing <Task(PythonOperator): encoding> on 2022-12-17 11:05:51.143697+00:00
[2022-12-17T11:05:55.278+0000] {standard_task_runner.py:55} INFO - Started process 2141 to run task
[2022-12-17T11:05:55.283+0000] {standard_task_runner.py:82} INFO - Running: ['***', 'tasks', 'run', 'titanic_etl_pipeline', 'encoding', 'manual__2022-12-17T11:05:51.143697+00:00', '--job-id', '112', '--raw', '--subdir', 'DAGS_FOLDER/titanic_etl.py', '--cfg-path', '/tmp/tmpq0_syp82']
[2022-12-17T11:05:55.286+0000] {standard_task_runner.py:83} INFO - Job 112: Subtask encoding
[2022-12-17T11:05:55.458+0000] {task_command.py:389} INFO - Running <TaskInstance: titanic_etl_pipeline.encoding manual__2022-12-17T11:05:51.143697+00:00 [running]> on host 3b51f8facfba
[2022-12-17T11:05:55.568+0000] {taskinstance.py:1513} INFO - Exporting the following env vars:
AIRFLOW_CTX_DAG_OWNER=***
AIRFLOW_CTX_DAG_ID=titanic_etl_pipeline
AIRFLOW_CTX_TASK_ID=encoding
AIRFLOW_CTX_EXECUTION_DATE=2022-12-17T11:05:51.143697+00:00
AIRFLOW_CTX_TRY_NUMBER=1
AIRFLOW_CTX_DAG_RUN_ID=manual__2022-12-17T11:05:51.143697+00:00
[2022-12-17T11:05:55.602+0000] {logging_mixin.py:137} INFO - loaded after cleaning succesfully
[2022-12-17T11:05:55.603+0000] {python.py:177} INFO - Done. Returned value was: None
[2022-12-17T11:05:55.616+0000] {taskinstance.py:1327} INFO - Marking task as SUCCESS. dag_id=titanic_etl_pipeline, task_id=encoding, execution_date=20221217T110551, start_date=20221217T110555, end_date=20221217T110555
[2022-12-17T11:05:55.655+0000] {local_task_job.py:159} INFO - Task exited with return code 0
[2022-12-17T11:05:55.692+0000] {taskinstance.py:2582} INFO - 1 downstream tasks scheduled from follow-on schedule check
