[2022-12-16T22:44:21.046+0000] {taskinstance.py:1087} INFO - Dependencies all met for <TaskInstance: titanic_etl_pipeline.extract_dataset manual__2022-12-16T22:44:17.717163+00:00 [queued]>
[2022-12-16T22:44:21.068+0000] {taskinstance.py:1087} INFO - Dependencies all met for <TaskInstance: titanic_etl_pipeline.extract_dataset manual__2022-12-16T22:44:17.717163+00:00 [queued]>
[2022-12-16T22:44:21.069+0000] {taskinstance.py:1283} INFO - 
--------------------------------------------------------------------------------
[2022-12-16T22:44:21.070+0000] {taskinstance.py:1284} INFO - Starting attempt 1 of 2
[2022-12-16T22:44:21.071+0000] {taskinstance.py:1285} INFO - 
--------------------------------------------------------------------------------
[2022-12-16T22:44:21.108+0000] {taskinstance.py:1304} INFO - Executing <Task(PythonOperator): extract_dataset> on 2022-12-16 22:44:17.717163+00:00
[2022-12-16T22:44:21.118+0000] {standard_task_runner.py:55} INFO - Started process 11389 to run task
[2022-12-16T22:44:21.122+0000] {standard_task_runner.py:82} INFO - Running: ['***', 'tasks', 'run', 'titanic_etl_pipeline', 'extract_dataset', 'manual__2022-12-16T22:44:17.717163+00:00', '--job-id', '78', '--raw', '--subdir', 'DAGS_FOLDER/titanic_etl.py', '--cfg-path', '/tmp/tmplu3mn5x8']
[2022-12-16T22:44:21.127+0000] {standard_task_runner.py:83} INFO - Job 78: Subtask extract_dataset
[2022-12-16T22:44:21.260+0000] {task_command.py:389} INFO - Running <TaskInstance: titanic_etl_pipeline.extract_dataset manual__2022-12-16T22:44:17.717163+00:00 [running]> on host 20ab0680b7da
[2022-12-16T22:44:21.430+0000] {taskinstance.py:1513} INFO - Exporting the following env vars:
AIRFLOW_CTX_DAG_OWNER=***
AIRFLOW_CTX_DAG_ID=titanic_etl_pipeline
AIRFLOW_CTX_TASK_ID=extract_dataset
AIRFLOW_CTX_EXECUTION_DATE=2022-12-16T22:44:17.717163+00:00
AIRFLOW_CTX_TRY_NUMBER=1
AIRFLOW_CTX_DAG_RUN_ID=manual__2022-12-16T22:44:17.717163+00:00
[2022-12-16T22:44:21.477+0000] {logging_mixin.py:137} INFO - loaded after cleaning succesfully
[2022-12-16T22:44:21.478+0000] {python.py:177} INFO - Done. Returned value was: None
[2022-12-16T22:44:21.498+0000] {taskinstance.py:1327} INFO - Marking task as SUCCESS. dag_id=titanic_etl_pipeline, task_id=extract_dataset, execution_date=20221216T224417, start_date=20221216T224421, end_date=20221216T224421
[2022-12-16T22:44:21.577+0000] {local_task_job.py:159} INFO - Task exited with return code 0
[2022-12-16T22:44:21.653+0000] {taskinstance.py:2582} INFO - 1 downstream tasks scheduled from follow-on schedule check
