[2022-12-16T22:41:35.066+0000] {taskinstance.py:1087} INFO - Dependencies all met for <TaskInstance: titanic_etl_pipeline.create_dashboard_task manual__2022-12-16T22:41:25.481273+00:00 [queued]>
[2022-12-16T22:41:35.086+0000] {taskinstance.py:1087} INFO - Dependencies all met for <TaskInstance: titanic_etl_pipeline.create_dashboard_task manual__2022-12-16T22:41:25.481273+00:00 [queued]>
[2022-12-16T22:41:35.087+0000] {taskinstance.py:1283} INFO - 
--------------------------------------------------------------------------------
[2022-12-16T22:41:35.088+0000] {taskinstance.py:1284} INFO - Starting attempt 1 of 2
[2022-12-16T22:41:35.088+0000] {taskinstance.py:1285} INFO - 
--------------------------------------------------------------------------------
[2022-12-16T22:41:35.120+0000] {taskinstance.py:1304} INFO - Executing <Task(PythonOperator): create_dashboard_task> on 2022-12-16 22:41:25.481273+00:00
[2022-12-16T22:41:35.128+0000] {standard_task_runner.py:55} INFO - Started process 9878 to run task
[2022-12-16T22:41:35.133+0000] {standard_task_runner.py:82} INFO - Running: ['***', 'tasks', 'run', 'titanic_etl_pipeline', 'create_dashboard_task', 'manual__2022-12-16T22:41:25.481273+00:00', '--job-id', '74', '--raw', '--subdir', 'DAGS_FOLDER/titanic_etl.py', '--cfg-path', '/tmp/tmploytq_xe']
[2022-12-16T22:41:35.137+0000] {standard_task_runner.py:83} INFO - Job 74: Subtask create_dashboard_task
[2022-12-16T22:41:35.248+0000] {task_command.py:389} INFO - Running <TaskInstance: titanic_etl_pipeline.create_dashboard_task manual__2022-12-16T22:41:25.481273+00:00 [running]> on host 20ab0680b7da
[2022-12-16T22:41:35.386+0000] {taskinstance.py:1513} INFO - Exporting the following env vars:
AIRFLOW_CTX_DAG_OWNER=***
AIRFLOW_CTX_DAG_ID=titanic_etl_pipeline
AIRFLOW_CTX_TASK_ID=create_dashboard_task
AIRFLOW_CTX_EXECUTION_DATE=2022-12-16T22:41:25.481273+00:00
AIRFLOW_CTX_TRY_NUMBER=1
AIRFLOW_CTX_DAG_RUN_ID=manual__2022-12-16T22:41:25.481273+00:00
[2022-12-16T22:41:35.429+0000] {python.py:177} INFO - Done. Returned value was: None
[2022-12-16T22:41:35.446+0000] {taskinstance.py:1327} INFO - Marking task as SUCCESS. dag_id=titanic_etl_pipeline, task_id=create_dashboard_task, execution_date=20221216T224125, start_date=20221216T224135, end_date=20221216T224135
[2022-12-16T22:41:35.506+0000] {local_task_job.py:159} INFO - Task exited with return code 0
[2022-12-16T22:41:35.539+0000] {taskinstance.py:2582} INFO - 0 downstream tasks scheduled from follow-on schedule check
