[2022-12-10T03:20:01.197+0000] {processor.py:153} INFO - Started process (PID=68) to work on /home/airflow/.local/lib/python3.7/site-packages/airflow/example_dags/example_complex.py
[2022-12-10T03:20:01.199+0000] {processor.py:743} INFO - Processing file /home/airflow/.local/lib/python3.7/site-packages/airflow/example_dags/example_complex.py for tasks to queue
[2022-12-10T03:20:01.200+0000] {logging_mixin.py:137} INFO - [2022-12-10T03:20:01.200+0000] {dagbag.py:538} INFO - Filling up the DagBag from /home/airflow/.local/lib/python3.7/site-packages/airflow/example_dags/example_complex.py
[2022-12-10T03:20:01.223+0000] {logging_mixin.py:137} INFO - [2022-12-10T03:20:01.223+0000] {taskmixin.py:205} WARNING - Dependency <Task(BashOperator): create_entry_group>, delete_entry_group already registered for DAG: example_complex
[2022-12-10T03:20:01.224+0000] {logging_mixin.py:137} INFO - [2022-12-10T03:20:01.223+0000] {taskmixin.py:205} WARNING - Dependency <Task(BashOperator): delete_entry_group>, create_entry_group already registered for DAG: example_complex
[2022-12-10T03:20:01.224+0000] {logging_mixin.py:137} INFO - [2022-12-10T03:20:01.224+0000] {taskmixin.py:205} WARNING - Dependency <Task(BashOperator): create_entry_gcs>, delete_entry already registered for DAG: example_complex
[2022-12-10T03:20:01.225+0000] {logging_mixin.py:137} INFO - [2022-12-10T03:20:01.225+0000] {taskmixin.py:205} WARNING - Dependency <Task(BashOperator): delete_entry>, create_entry_gcs already registered for DAG: example_complex
[2022-12-10T03:20:01.226+0000] {logging_mixin.py:137} INFO - [2022-12-10T03:20:01.225+0000] {taskmixin.py:205} WARNING - Dependency <Task(BashOperator): create_tag>, delete_tag already registered for DAG: example_complex
[2022-12-10T03:20:01.226+0000] {logging_mixin.py:137} INFO - [2022-12-10T03:20:01.226+0000] {taskmixin.py:205} WARNING - Dependency <Task(BashOperator): delete_tag>, create_tag already registered for DAG: example_complex
[2022-12-10T03:20:01.238+0000] {processor.py:753} INFO - DAG(s) dict_keys(['example_complex']) retrieved from /home/airflow/.local/lib/python3.7/site-packages/airflow/example_dags/example_complex.py
[2022-12-10T03:20:01.327+0000] {logging_mixin.py:137} INFO - [2022-12-10T03:20:01.326+0000] {dag.py:2676} INFO - Sync 1 DAGs
[2022-12-10T03:20:01.381+0000] {logging_mixin.py:137} INFO - [2022-12-10T03:20:01.381+0000] {dag.py:3427} INFO - Setting next_dagrun for example_complex to None, run_after=None
[2022-12-10T03:20:01.421+0000] {processor.py:175} INFO - Processing /home/airflow/.local/lib/python3.7/site-packages/airflow/example_dags/example_complex.py took 0.229 seconds
[2022-12-10T03:20:32.289+0000] {processor.py:153} INFO - Started process (PID=139) to work on /home/airflow/.local/lib/python3.7/site-packages/airflow/example_dags/example_complex.py
[2022-12-10T03:20:32.290+0000] {processor.py:743} INFO - Processing file /home/airflow/.local/lib/python3.7/site-packages/airflow/example_dags/example_complex.py for tasks to queue
[2022-12-10T03:20:32.291+0000] {logging_mixin.py:137} INFO - [2022-12-10T03:20:32.291+0000] {dagbag.py:538} INFO - Filling up the DagBag from /home/airflow/.local/lib/python3.7/site-packages/airflow/example_dags/example_complex.py
[2022-12-10T03:20:32.303+0000] {logging_mixin.py:137} INFO - [2022-12-10T03:20:32.303+0000] {taskmixin.py:205} WARNING - Dependency <Task(BashOperator): create_entry_group>, delete_entry_group already registered for DAG: example_complex
[2022-12-10T03:20:32.304+0000] {logging_mixin.py:137} INFO - [2022-12-10T03:20:32.304+0000] {taskmixin.py:205} WARNING - Dependency <Task(BashOperator): delete_entry_group>, create_entry_group already registered for DAG: example_complex
[2022-12-10T03:20:32.305+0000] {logging_mixin.py:137} INFO - [2022-12-10T03:20:32.304+0000] {taskmixin.py:205} WARNING - Dependency <Task(BashOperator): create_entry_gcs>, delete_entry already registered for DAG: example_complex
[2022-12-10T03:20:32.305+0000] {logging_mixin.py:137} INFO - [2022-12-10T03:20:32.305+0000] {taskmixin.py:205} WARNING - Dependency <Task(BashOperator): delete_entry>, create_entry_gcs already registered for DAG: example_complex
[2022-12-10T03:20:32.306+0000] {logging_mixin.py:137} INFO - [2022-12-10T03:20:32.306+0000] {taskmixin.py:205} WARNING - Dependency <Task(BashOperator): create_tag>, delete_tag already registered for DAG: example_complex
[2022-12-10T03:20:32.306+0000] {logging_mixin.py:137} INFO - [2022-12-10T03:20:32.306+0000] {taskmixin.py:205} WARNING - Dependency <Task(BashOperator): delete_tag>, create_tag already registered for DAG: example_complex
[2022-12-10T03:20:32.314+0000] {processor.py:753} INFO - DAG(s) dict_keys(['example_complex']) retrieved from /home/airflow/.local/lib/python3.7/site-packages/airflow/example_dags/example_complex.py
[2022-12-10T03:20:32.362+0000] {logging_mixin.py:137} INFO - [2022-12-10T03:20:32.362+0000] {dag.py:2676} INFO - Sync 1 DAGs
[2022-12-10T03:20:32.389+0000] {logging_mixin.py:137} INFO - [2022-12-10T03:20:32.389+0000] {dag.py:3427} INFO - Setting next_dagrun for example_complex to None, run_after=None
[2022-12-10T03:20:32.412+0000] {processor.py:175} INFO - Processing /home/airflow/.local/lib/python3.7/site-packages/airflow/example_dags/example_complex.py took 0.126 seconds
[2022-12-10T03:21:03.548+0000] {processor.py:153} INFO - Started process (PID=210) to work on /home/airflow/.local/lib/python3.7/site-packages/airflow/example_dags/example_complex.py
[2022-12-10T03:21:03.549+0000] {processor.py:743} INFO - Processing file /home/airflow/.local/lib/python3.7/site-packages/airflow/example_dags/example_complex.py for tasks to queue
[2022-12-10T03:21:03.551+0000] {logging_mixin.py:137} INFO - [2022-12-10T03:21:03.550+0000] {dagbag.py:538} INFO - Filling up the DagBag from /home/airflow/.local/lib/python3.7/site-packages/airflow/example_dags/example_complex.py
[2022-12-10T03:21:03.574+0000] {logging_mixin.py:137} INFO - [2022-12-10T03:21:03.574+0000] {taskmixin.py:205} WARNING - Dependency <Task(BashOperator): create_entry_group>, delete_entry_group already registered for DAG: example_complex
[2022-12-10T03:21:03.575+0000] {logging_mixin.py:137} INFO - [2022-12-10T03:21:03.574+0000] {taskmixin.py:205} WARNING - Dependency <Task(BashOperator): delete_entry_group>, create_entry_group already registered for DAG: example_complex
[2022-12-10T03:21:03.575+0000] {logging_mixin.py:137} INFO - [2022-12-10T03:21:03.575+0000] {taskmixin.py:205} WARNING - Dependency <Task(BashOperator): create_entry_gcs>, delete_entry already registered for DAG: example_complex
[2022-12-10T03:21:03.576+0000] {logging_mixin.py:137} INFO - [2022-12-10T03:21:03.576+0000] {taskmixin.py:205} WARNING - Dependency <Task(BashOperator): delete_entry>, create_entry_gcs already registered for DAG: example_complex
[2022-12-10T03:21:03.577+0000] {logging_mixin.py:137} INFO - [2022-12-10T03:21:03.577+0000] {taskmixin.py:205} WARNING - Dependency <Task(BashOperator): create_tag>, delete_tag already registered for DAG: example_complex
[2022-12-10T03:21:03.577+0000] {logging_mixin.py:137} INFO - [2022-12-10T03:21:03.577+0000] {taskmixin.py:205} WARNING - Dependency <Task(BashOperator): delete_tag>, create_tag already registered for DAG: example_complex
[2022-12-10T03:21:03.590+0000] {processor.py:753} INFO - DAG(s) dict_keys(['example_complex']) retrieved from /home/airflow/.local/lib/python3.7/site-packages/airflow/example_dags/example_complex.py
[2022-12-10T03:21:03.698+0000] {logging_mixin.py:137} INFO - [2022-12-10T03:21:03.698+0000] {dag.py:2676} INFO - Sync 1 DAGs
[2022-12-10T03:21:03.777+0000] {logging_mixin.py:137} INFO - [2022-12-10T03:21:03.776+0000] {dag.py:3427} INFO - Setting next_dagrun for example_complex to None, run_after=None
[2022-12-10T03:21:03.849+0000] {processor.py:175} INFO - Processing /home/airflow/.local/lib/python3.7/site-packages/airflow/example_dags/example_complex.py took 0.306 seconds
[2022-12-10T03:21:33.973+0000] {processor.py:153} INFO - Started process (PID=281) to work on /home/airflow/.local/lib/python3.7/site-packages/airflow/example_dags/example_complex.py
[2022-12-10T03:21:33.974+0000] {processor.py:743} INFO - Processing file /home/airflow/.local/lib/python3.7/site-packages/airflow/example_dags/example_complex.py for tasks to queue
[2022-12-10T03:21:33.976+0000] {logging_mixin.py:137} INFO - [2022-12-10T03:21:33.975+0000] {dagbag.py:538} INFO - Filling up the DagBag from /home/airflow/.local/lib/python3.7/site-packages/airflow/example_dags/example_complex.py
[2022-12-10T03:21:34.003+0000] {logging_mixin.py:137} INFO - [2022-12-10T03:21:34.003+0000] {taskmixin.py:205} WARNING - Dependency <Task(BashOperator): create_entry_group>, delete_entry_group already registered for DAG: example_complex
[2022-12-10T03:21:34.004+0000] {logging_mixin.py:137} INFO - [2022-12-10T03:21:34.003+0000] {taskmixin.py:205} WARNING - Dependency <Task(BashOperator): delete_entry_group>, create_entry_group already registered for DAG: example_complex
[2022-12-10T03:21:34.004+0000] {logging_mixin.py:137} INFO - [2022-12-10T03:21:34.004+0000] {taskmixin.py:205} WARNING - Dependency <Task(BashOperator): create_entry_gcs>, delete_entry already registered for DAG: example_complex
[2022-12-10T03:21:34.005+0000] {logging_mixin.py:137} INFO - [2022-12-10T03:21:34.005+0000] {taskmixin.py:205} WARNING - Dependency <Task(BashOperator): delete_entry>, create_entry_gcs already registered for DAG: example_complex
[2022-12-10T03:21:34.006+0000] {logging_mixin.py:137} INFO - [2022-12-10T03:21:34.006+0000] {taskmixin.py:205} WARNING - Dependency <Task(BashOperator): create_tag>, delete_tag already registered for DAG: example_complex
[2022-12-10T03:21:34.007+0000] {logging_mixin.py:137} INFO - [2022-12-10T03:21:34.007+0000] {taskmixin.py:205} WARNING - Dependency <Task(BashOperator): delete_tag>, create_tag already registered for DAG: example_complex
[2022-12-10T03:21:34.025+0000] {processor.py:753} INFO - DAG(s) dict_keys(['example_complex']) retrieved from /home/airflow/.local/lib/python3.7/site-packages/airflow/example_dags/example_complex.py
[2022-12-10T03:21:34.106+0000] {logging_mixin.py:137} INFO - [2022-12-10T03:21:34.106+0000] {dag.py:2676} INFO - Sync 1 DAGs
[2022-12-10T03:21:34.151+0000] {logging_mixin.py:137} INFO - [2022-12-10T03:21:34.150+0000] {dag.py:3427} INFO - Setting next_dagrun for example_complex to None, run_after=None
[2022-12-10T03:21:34.185+0000] {processor.py:175} INFO - Processing /home/airflow/.local/lib/python3.7/site-packages/airflow/example_dags/example_complex.py took 0.220 seconds
[2022-12-10T03:22:04.895+0000] {processor.py:153} INFO - Started process (PID=362) to work on /home/airflow/.local/lib/python3.7/site-packages/airflow/example_dags/example_complex.py
[2022-12-10T03:22:04.897+0000] {processor.py:743} INFO - Processing file /home/airflow/.local/lib/python3.7/site-packages/airflow/example_dags/example_complex.py for tasks to queue
[2022-12-10T03:22:04.898+0000] {logging_mixin.py:137} INFO - [2022-12-10T03:22:04.898+0000] {dagbag.py:538} INFO - Filling up the DagBag from /home/airflow/.local/lib/python3.7/site-packages/airflow/example_dags/example_complex.py
[2022-12-10T03:22:04.916+0000] {logging_mixin.py:137} INFO - [2022-12-10T03:22:04.916+0000] {taskmixin.py:205} WARNING - Dependency <Task(BashOperator): create_entry_group>, delete_entry_group already registered for DAG: example_complex
[2022-12-10T03:22:04.917+0000] {logging_mixin.py:137} INFO - [2022-12-10T03:22:04.917+0000] {taskmixin.py:205} WARNING - Dependency <Task(BashOperator): delete_entry_group>, create_entry_group already registered for DAG: example_complex
[2022-12-10T03:22:04.918+0000] {logging_mixin.py:137} INFO - [2022-12-10T03:22:04.918+0000] {taskmixin.py:205} WARNING - Dependency <Task(BashOperator): create_entry_gcs>, delete_entry already registered for DAG: example_complex
[2022-12-10T03:22:04.918+0000] {logging_mixin.py:137} INFO - [2022-12-10T03:22:04.918+0000] {taskmixin.py:205} WARNING - Dependency <Task(BashOperator): delete_entry>, create_entry_gcs already registered for DAG: example_complex
[2022-12-10T03:22:04.919+0000] {logging_mixin.py:137} INFO - [2022-12-10T03:22:04.919+0000] {taskmixin.py:205} WARNING - Dependency <Task(BashOperator): create_tag>, delete_tag already registered for DAG: example_complex
[2022-12-10T03:22:04.920+0000] {logging_mixin.py:137} INFO - [2022-12-10T03:22:04.920+0000] {taskmixin.py:205} WARNING - Dependency <Task(BashOperator): delete_tag>, create_tag already registered for DAG: example_complex
[2022-12-10T03:22:04.934+0000] {processor.py:753} INFO - DAG(s) dict_keys(['example_complex']) retrieved from /home/airflow/.local/lib/python3.7/site-packages/airflow/example_dags/example_complex.py
[2022-12-10T03:22:05.015+0000] {logging_mixin.py:137} INFO - [2022-12-10T03:22:05.015+0000] {dag.py:2676} INFO - Sync 1 DAGs
[2022-12-10T03:22:05.071+0000] {logging_mixin.py:137} INFO - [2022-12-10T03:22:05.070+0000] {dag.py:3427} INFO - Setting next_dagrun for example_complex to None, run_after=None
[2022-12-10T03:22:05.122+0000] {processor.py:175} INFO - Processing /home/airflow/.local/lib/python3.7/site-packages/airflow/example_dags/example_complex.py took 0.231 seconds
[2022-12-10T03:22:36.006+0000] {processor.py:153} INFO - Started process (PID=440) to work on /home/airflow/.local/lib/python3.7/site-packages/airflow/example_dags/example_complex.py
[2022-12-10T03:22:36.008+0000] {processor.py:743} INFO - Processing file /home/airflow/.local/lib/python3.7/site-packages/airflow/example_dags/example_complex.py for tasks to queue
[2022-12-10T03:22:36.009+0000] {logging_mixin.py:137} INFO - [2022-12-10T03:22:36.009+0000] {dagbag.py:538} INFO - Filling up the DagBag from /home/airflow/.local/lib/python3.7/site-packages/airflow/example_dags/example_complex.py
[2022-12-10T03:22:36.027+0000] {logging_mixin.py:137} INFO - [2022-12-10T03:22:36.027+0000] {taskmixin.py:205} WARNING - Dependency <Task(BashOperator): create_entry_group>, delete_entry_group already registered for DAG: example_complex
[2022-12-10T03:22:36.028+0000] {logging_mixin.py:137} INFO - [2022-12-10T03:22:36.028+0000] {taskmixin.py:205} WARNING - Dependency <Task(BashOperator): delete_entry_group>, create_entry_group already registered for DAG: example_complex
[2022-12-10T03:22:36.029+0000] {logging_mixin.py:137} INFO - [2022-12-10T03:22:36.028+0000] {taskmixin.py:205} WARNING - Dependency <Task(BashOperator): create_entry_gcs>, delete_entry already registered for DAG: example_complex
[2022-12-10T03:22:36.029+0000] {logging_mixin.py:137} INFO - [2022-12-10T03:22:36.029+0000] {taskmixin.py:205} WARNING - Dependency <Task(BashOperator): delete_entry>, create_entry_gcs already registered for DAG: example_complex
[2022-12-10T03:22:36.030+0000] {logging_mixin.py:137} INFO - [2022-12-10T03:22:36.030+0000] {taskmixin.py:205} WARNING - Dependency <Task(BashOperator): create_tag>, delete_tag already registered for DAG: example_complex
[2022-12-10T03:22:36.030+0000] {logging_mixin.py:137} INFO - [2022-12-10T03:22:36.030+0000] {taskmixin.py:205} WARNING - Dependency <Task(BashOperator): delete_tag>, create_tag already registered for DAG: example_complex
[2022-12-10T03:22:36.042+0000] {processor.py:753} INFO - DAG(s) dict_keys(['example_complex']) retrieved from /home/airflow/.local/lib/python3.7/site-packages/airflow/example_dags/example_complex.py
[2022-12-10T03:22:36.102+0000] {logging_mixin.py:137} INFO - [2022-12-10T03:22:36.102+0000] {dag.py:2676} INFO - Sync 1 DAGs
[2022-12-10T03:22:36.144+0000] {logging_mixin.py:137} INFO - [2022-12-10T03:22:36.144+0000] {dag.py:3427} INFO - Setting next_dagrun for example_complex to None, run_after=None
[2022-12-10T03:22:36.177+0000] {processor.py:175} INFO - Processing /home/airflow/.local/lib/python3.7/site-packages/airflow/example_dags/example_complex.py took 0.175 seconds
[2022-12-10T03:23:06.728+0000] {processor.py:153} INFO - Started process (PID=511) to work on /home/airflow/.local/lib/python3.7/site-packages/airflow/example_dags/example_complex.py
[2022-12-10T03:23:06.729+0000] {processor.py:743} INFO - Processing file /home/airflow/.local/lib/python3.7/site-packages/airflow/example_dags/example_complex.py for tasks to queue
[2022-12-10T03:23:06.730+0000] {logging_mixin.py:137} INFO - [2022-12-10T03:23:06.730+0000] {dagbag.py:538} INFO - Filling up the DagBag from /home/airflow/.local/lib/python3.7/site-packages/airflow/example_dags/example_complex.py
[2022-12-10T03:23:06.750+0000] {logging_mixin.py:137} INFO - [2022-12-10T03:23:06.750+0000] {taskmixin.py:205} WARNING - Dependency <Task(BashOperator): create_entry_group>, delete_entry_group already registered for DAG: example_complex
[2022-12-10T03:23:06.751+0000] {logging_mixin.py:137} INFO - [2022-12-10T03:23:06.751+0000] {taskmixin.py:205} WARNING - Dependency <Task(BashOperator): delete_entry_group>, create_entry_group already registered for DAG: example_complex
[2022-12-10T03:23:06.752+0000] {logging_mixin.py:137} INFO - [2022-12-10T03:23:06.752+0000] {taskmixin.py:205} WARNING - Dependency <Task(BashOperator): create_entry_gcs>, delete_entry already registered for DAG: example_complex
[2022-12-10T03:23:06.753+0000] {logging_mixin.py:137} INFO - [2022-12-10T03:23:06.753+0000] {taskmixin.py:205} WARNING - Dependency <Task(BashOperator): delete_entry>, create_entry_gcs already registered for DAG: example_complex
[2022-12-10T03:23:06.754+0000] {logging_mixin.py:137} INFO - [2022-12-10T03:23:06.754+0000] {taskmixin.py:205} WARNING - Dependency <Task(BashOperator): create_tag>, delete_tag already registered for DAG: example_complex
[2022-12-10T03:23:06.754+0000] {logging_mixin.py:137} INFO - [2022-12-10T03:23:06.754+0000] {taskmixin.py:205} WARNING - Dependency <Task(BashOperator): delete_tag>, create_tag already registered for DAG: example_complex
[2022-12-10T03:23:06.771+0000] {processor.py:753} INFO - DAG(s) dict_keys(['example_complex']) retrieved from /home/airflow/.local/lib/python3.7/site-packages/airflow/example_dags/example_complex.py
[2022-12-10T03:23:06.872+0000] {logging_mixin.py:137} INFO - [2022-12-10T03:23:06.872+0000] {dag.py:2676} INFO - Sync 1 DAGs
[2022-12-10T03:23:06.931+0000] {logging_mixin.py:137} INFO - [2022-12-10T03:23:06.931+0000] {dag.py:3427} INFO - Setting next_dagrun for example_complex to None, run_after=None
[2022-12-10T03:23:06.980+0000] {processor.py:175} INFO - Processing /home/airflow/.local/lib/python3.7/site-packages/airflow/example_dags/example_complex.py took 0.257 seconds
[2022-12-10T03:23:37.340+0000] {processor.py:153} INFO - Started process (PID=586) to work on /home/airflow/.local/lib/python3.7/site-packages/airflow/example_dags/example_complex.py
[2022-12-10T03:23:37.341+0000] {processor.py:743} INFO - Processing file /home/airflow/.local/lib/python3.7/site-packages/airflow/example_dags/example_complex.py for tasks to queue
[2022-12-10T03:23:37.343+0000] {logging_mixin.py:137} INFO - [2022-12-10T03:23:37.342+0000] {dagbag.py:538} INFO - Filling up the DagBag from /home/airflow/.local/lib/python3.7/site-packages/airflow/example_dags/example_complex.py
[2022-12-10T03:23:37.367+0000] {logging_mixin.py:137} INFO - [2022-12-10T03:23:37.367+0000] {taskmixin.py:205} WARNING - Dependency <Task(BashOperator): create_entry_group>, delete_entry_group already registered for DAG: example_complex
[2022-12-10T03:23:37.368+0000] {logging_mixin.py:137} INFO - [2022-12-10T03:23:37.368+0000] {taskmixin.py:205} WARNING - Dependency <Task(BashOperator): delete_entry_group>, create_entry_group already registered for DAG: example_complex
[2022-12-10T03:23:37.369+0000] {logging_mixin.py:137} INFO - [2022-12-10T03:23:37.369+0000] {taskmixin.py:205} WARNING - Dependency <Task(BashOperator): create_entry_gcs>, delete_entry already registered for DAG: example_complex
[2022-12-10T03:23:37.370+0000] {logging_mixin.py:137} INFO - [2022-12-10T03:23:37.369+0000] {taskmixin.py:205} WARNING - Dependency <Task(BashOperator): delete_entry>, create_entry_gcs already registered for DAG: example_complex
[2022-12-10T03:23:37.371+0000] {logging_mixin.py:137} INFO - [2022-12-10T03:23:37.371+0000] {taskmixin.py:205} WARNING - Dependency <Task(BashOperator): create_tag>, delete_tag already registered for DAG: example_complex
[2022-12-10T03:23:37.371+0000] {logging_mixin.py:137} INFO - [2022-12-10T03:23:37.371+0000] {taskmixin.py:205} WARNING - Dependency <Task(BashOperator): delete_tag>, create_tag already registered for DAG: example_complex
[2022-12-10T03:23:37.386+0000] {processor.py:753} INFO - DAG(s) dict_keys(['example_complex']) retrieved from /home/airflow/.local/lib/python3.7/site-packages/airflow/example_dags/example_complex.py
[2022-12-10T03:23:37.466+0000] {logging_mixin.py:137} INFO - [2022-12-10T03:23:37.465+0000] {dag.py:2676} INFO - Sync 1 DAGs
[2022-12-10T03:23:37.519+0000] {logging_mixin.py:137} INFO - [2022-12-10T03:23:37.519+0000] {dag.py:3427} INFO - Setting next_dagrun for example_complex to None, run_after=None
[2022-12-10T03:23:37.554+0000] {processor.py:175} INFO - Processing /home/airflow/.local/lib/python3.7/site-packages/airflow/example_dags/example_complex.py took 0.220 seconds
[2022-12-10T03:24:07.696+0000] {processor.py:153} INFO - Started process (PID=657) to work on /home/airflow/.local/lib/python3.7/site-packages/airflow/example_dags/example_complex.py
[2022-12-10T03:24:07.697+0000] {processor.py:743} INFO - Processing file /home/airflow/.local/lib/python3.7/site-packages/airflow/example_dags/example_complex.py for tasks to queue
[2022-12-10T03:24:07.699+0000] {logging_mixin.py:137} INFO - [2022-12-10T03:24:07.698+0000] {dagbag.py:538} INFO - Filling up the DagBag from /home/airflow/.local/lib/python3.7/site-packages/airflow/example_dags/example_complex.py
[2022-12-10T03:24:07.718+0000] {logging_mixin.py:137} INFO - [2022-12-10T03:24:07.718+0000] {taskmixin.py:205} WARNING - Dependency <Task(BashOperator): create_entry_group>, delete_entry_group already registered for DAG: example_complex
[2022-12-10T03:24:07.719+0000] {logging_mixin.py:137} INFO - [2022-12-10T03:24:07.719+0000] {taskmixin.py:205} WARNING - Dependency <Task(BashOperator): delete_entry_group>, create_entry_group already registered for DAG: example_complex
[2022-12-10T03:24:07.720+0000] {logging_mixin.py:137} INFO - [2022-12-10T03:24:07.719+0000] {taskmixin.py:205} WARNING - Dependency <Task(BashOperator): create_entry_gcs>, delete_entry already registered for DAG: example_complex
[2022-12-10T03:24:07.720+0000] {logging_mixin.py:137} INFO - [2022-12-10T03:24:07.720+0000] {taskmixin.py:205} WARNING - Dependency <Task(BashOperator): delete_entry>, create_entry_gcs already registered for DAG: example_complex
[2022-12-10T03:24:07.721+0000] {logging_mixin.py:137} INFO - [2022-12-10T03:24:07.721+0000] {taskmixin.py:205} WARNING - Dependency <Task(BashOperator): create_tag>, delete_tag already registered for DAG: example_complex
[2022-12-10T03:24:07.721+0000] {logging_mixin.py:137} INFO - [2022-12-10T03:24:07.721+0000] {taskmixin.py:205} WARNING - Dependency <Task(BashOperator): delete_tag>, create_tag already registered for DAG: example_complex
[2022-12-10T03:24:07.732+0000] {processor.py:753} INFO - DAG(s) dict_keys(['example_complex']) retrieved from /home/airflow/.local/lib/python3.7/site-packages/airflow/example_dags/example_complex.py
[2022-12-10T03:24:07.796+0000] {logging_mixin.py:137} INFO - [2022-12-10T03:24:07.795+0000] {dag.py:2676} INFO - Sync 1 DAGs
[2022-12-10T03:24:07.832+0000] {logging_mixin.py:137} INFO - [2022-12-10T03:24:07.832+0000] {dag.py:3427} INFO - Setting next_dagrun for example_complex to None, run_after=None
[2022-12-10T03:24:07.874+0000] {processor.py:175} INFO - Processing /home/airflow/.local/lib/python3.7/site-packages/airflow/example_dags/example_complex.py took 0.182 seconds
[2022-12-10T03:24:38.181+0000] {processor.py:153} INFO - Started process (PID=729) to work on /home/airflow/.local/lib/python3.7/site-packages/airflow/example_dags/example_complex.py
[2022-12-10T03:24:38.182+0000] {processor.py:743} INFO - Processing file /home/airflow/.local/lib/python3.7/site-packages/airflow/example_dags/example_complex.py for tasks to queue
[2022-12-10T03:24:38.184+0000] {logging_mixin.py:137} INFO - [2022-12-10T03:24:38.183+0000] {dagbag.py:538} INFO - Filling up the DagBag from /home/airflow/.local/lib/python3.7/site-packages/airflow/example_dags/example_complex.py
[2022-12-10T03:24:38.200+0000] {logging_mixin.py:137} INFO - [2022-12-10T03:24:38.200+0000] {taskmixin.py:205} WARNING - Dependency <Task(BashOperator): create_entry_group>, delete_entry_group already registered for DAG: example_complex
[2022-12-10T03:24:38.201+0000] {logging_mixin.py:137} INFO - [2022-12-10T03:24:38.200+0000] {taskmixin.py:205} WARNING - Dependency <Task(BashOperator): delete_entry_group>, create_entry_group already registered for DAG: example_complex
[2022-12-10T03:24:38.201+0000] {logging_mixin.py:137} INFO - [2022-12-10T03:24:38.201+0000] {taskmixin.py:205} WARNING - Dependency <Task(BashOperator): create_entry_gcs>, delete_entry already registered for DAG: example_complex
[2022-12-10T03:24:38.201+0000] {logging_mixin.py:137} INFO - [2022-12-10T03:24:38.201+0000] {taskmixin.py:205} WARNING - Dependency <Task(BashOperator): delete_entry>, create_entry_gcs already registered for DAG: example_complex
[2022-12-10T03:24:38.202+0000] {logging_mixin.py:137} INFO - [2022-12-10T03:24:38.202+0000] {taskmixin.py:205} WARNING - Dependency <Task(BashOperator): create_tag>, delete_tag already registered for DAG: example_complex
[2022-12-10T03:24:38.203+0000] {logging_mixin.py:137} INFO - [2022-12-10T03:24:38.203+0000] {taskmixin.py:205} WARNING - Dependency <Task(BashOperator): delete_tag>, create_tag already registered for DAG: example_complex
[2022-12-10T03:24:38.216+0000] {processor.py:753} INFO - DAG(s) dict_keys(['example_complex']) retrieved from /home/airflow/.local/lib/python3.7/site-packages/airflow/example_dags/example_complex.py
[2022-12-10T03:24:38.282+0000] {logging_mixin.py:137} INFO - [2022-12-10T03:24:38.282+0000] {dag.py:2676} INFO - Sync 1 DAGs
[2022-12-10T03:24:38.328+0000] {logging_mixin.py:137} INFO - [2022-12-10T03:24:38.328+0000] {dag.py:3427} INFO - Setting next_dagrun for example_complex to None, run_after=None
[2022-12-10T03:24:38.359+0000] {processor.py:175} INFO - Processing /home/airflow/.local/lib/python3.7/site-packages/airflow/example_dags/example_complex.py took 0.182 seconds
[2022-12-10T03:25:08.832+0000] {processor.py:153} INFO - Started process (PID=816) to work on /home/airflow/.local/lib/python3.7/site-packages/airflow/example_dags/example_complex.py
[2022-12-10T03:25:08.833+0000] {processor.py:743} INFO - Processing file /home/airflow/.local/lib/python3.7/site-packages/airflow/example_dags/example_complex.py for tasks to queue
[2022-12-10T03:25:08.834+0000] {logging_mixin.py:137} INFO - [2022-12-10T03:25:08.834+0000] {dagbag.py:538} INFO - Filling up the DagBag from /home/airflow/.local/lib/python3.7/site-packages/airflow/example_dags/example_complex.py
[2022-12-10T03:25:08.851+0000] {logging_mixin.py:137} INFO - [2022-12-10T03:25:08.851+0000] {taskmixin.py:205} WARNING - Dependency <Task(BashOperator): create_entry_group>, delete_entry_group already registered for DAG: example_complex
[2022-12-10T03:25:08.852+0000] {logging_mixin.py:137} INFO - [2022-12-10T03:25:08.851+0000] {taskmixin.py:205} WARNING - Dependency <Task(BashOperator): delete_entry_group>, create_entry_group already registered for DAG: example_complex
[2022-12-10T03:25:08.852+0000] {logging_mixin.py:137} INFO - [2022-12-10T03:25:08.852+0000] {taskmixin.py:205} WARNING - Dependency <Task(BashOperator): create_entry_gcs>, delete_entry already registered for DAG: example_complex
[2022-12-10T03:25:08.853+0000] {logging_mixin.py:137} INFO - [2022-12-10T03:25:08.853+0000] {taskmixin.py:205} WARNING - Dependency <Task(BashOperator): delete_entry>, create_entry_gcs already registered for DAG: example_complex
[2022-12-10T03:25:08.854+0000] {logging_mixin.py:137} INFO - [2022-12-10T03:25:08.854+0000] {taskmixin.py:205} WARNING - Dependency <Task(BashOperator): create_tag>, delete_tag already registered for DAG: example_complex
[2022-12-10T03:25:08.854+0000] {logging_mixin.py:137} INFO - [2022-12-10T03:25:08.854+0000] {taskmixin.py:205} WARNING - Dependency <Task(BashOperator): delete_tag>, create_tag already registered for DAG: example_complex
[2022-12-10T03:25:08.866+0000] {processor.py:753} INFO - DAG(s) dict_keys(['example_complex']) retrieved from /home/airflow/.local/lib/python3.7/site-packages/airflow/example_dags/example_complex.py
[2022-12-10T03:25:08.932+0000] {logging_mixin.py:137} INFO - [2022-12-10T03:25:08.931+0000] {dag.py:2676} INFO - Sync 1 DAGs
[2022-12-10T03:25:08.970+0000] {logging_mixin.py:137} INFO - [2022-12-10T03:25:08.970+0000] {dag.py:3427} INFO - Setting next_dagrun for example_complex to None, run_after=None
[2022-12-10T03:25:09.000+0000] {processor.py:175} INFO - Processing /home/airflow/.local/lib/python3.7/site-packages/airflow/example_dags/example_complex.py took 0.172 seconds
