[2022-12-10T03:19:59.754+0000] {processor.py:153} INFO - Started process (PID=59) to work on /home/airflow/.local/lib/python3.7/site-packages/airflow/example_dags/example_short_circuit_operator.py
[2022-12-10T03:19:59.756+0000] {processor.py:743} INFO - Processing file /home/airflow/.local/lib/python3.7/site-packages/airflow/example_dags/example_short_circuit_operator.py for tasks to queue
[2022-12-10T03:19:59.758+0000] {logging_mixin.py:137} INFO - [2022-12-10T03:19:59.758+0000] {dagbag.py:538} INFO - Filling up the DagBag from /home/airflow/.local/lib/python3.7/site-packages/airflow/example_dags/example_short_circuit_operator.py
[2022-12-10T03:19:59.823+0000] {processor.py:753} INFO - DAG(s) dict_keys(['example_short_circuit_operator']) retrieved from /home/airflow/.local/lib/python3.7/site-packages/airflow/example_dags/example_short_circuit_operator.py
[2022-12-10T03:19:59.892+0000] {logging_mixin.py:137} INFO - [2022-12-10T03:19:59.891+0000] {dag.py:2676} INFO - Sync 1 DAGs
[2022-12-10T03:19:59.935+0000] {logging_mixin.py:137} INFO - [2022-12-10T03:19:59.935+0000] {dag.py:3427} INFO - Setting next_dagrun for example_short_circuit_operator to 2022-12-09T03:19:59.934813+00:00, run_after=2022-12-10T03:19:59.934813+00:00
[2022-12-10T03:19:59.977+0000] {processor.py:175} INFO - Processing /home/airflow/.local/lib/python3.7/site-packages/airflow/example_dags/example_short_circuit_operator.py took 0.231 seconds
[2022-12-10T03:20:30.430+0000] {processor.py:153} INFO - Started process (PID=130) to work on /home/airflow/.local/lib/python3.7/site-packages/airflow/example_dags/example_short_circuit_operator.py
[2022-12-10T03:20:30.431+0000] {processor.py:743} INFO - Processing file /home/airflow/.local/lib/python3.7/site-packages/airflow/example_dags/example_short_circuit_operator.py for tasks to queue
[2022-12-10T03:20:30.432+0000] {logging_mixin.py:137} INFO - [2022-12-10T03:20:30.432+0000] {dagbag.py:538} INFO - Filling up the DagBag from /home/airflow/.local/lib/python3.7/site-packages/airflow/example_dags/example_short_circuit_operator.py
[2022-12-10T03:20:30.460+0000] {processor.py:753} INFO - DAG(s) dict_keys(['example_short_circuit_operator']) retrieved from /home/airflow/.local/lib/python3.7/site-packages/airflow/example_dags/example_short_circuit_operator.py
[2022-12-10T03:20:30.512+0000] {logging_mixin.py:137} INFO - [2022-12-10T03:20:30.512+0000] {dag.py:2676} INFO - Sync 1 DAGs
[2022-12-10T03:20:30.565+0000] {logging_mixin.py:137} INFO - [2022-12-10T03:20:30.565+0000] {dag.py:3427} INFO - Setting next_dagrun for example_short_circuit_operator to 2022-12-09T03:20:30.565186+00:00, run_after=2022-12-10T03:20:30.565186+00:00
[2022-12-10T03:20:30.591+0000] {processor.py:175} INFO - Processing /home/airflow/.local/lib/python3.7/site-packages/airflow/example_dags/example_short_circuit_operator.py took 0.164 seconds
[2022-12-10T03:21:01.237+0000] {processor.py:153} INFO - Started process (PID=201) to work on /home/airflow/.local/lib/python3.7/site-packages/airflow/example_dags/example_short_circuit_operator.py
[2022-12-10T03:21:01.239+0000] {processor.py:743} INFO - Processing file /home/airflow/.local/lib/python3.7/site-packages/airflow/example_dags/example_short_circuit_operator.py for tasks to queue
[2022-12-10T03:21:01.240+0000] {logging_mixin.py:137} INFO - [2022-12-10T03:21:01.240+0000] {dagbag.py:538} INFO - Filling up the DagBag from /home/airflow/.local/lib/python3.7/site-packages/airflow/example_dags/example_short_circuit_operator.py
[2022-12-10T03:21:01.260+0000] {processor.py:753} INFO - DAG(s) dict_keys(['example_short_circuit_operator']) retrieved from /home/airflow/.local/lib/python3.7/site-packages/airflow/example_dags/example_short_circuit_operator.py
[2022-12-10T03:21:01.313+0000] {logging_mixin.py:137} INFO - [2022-12-10T03:21:01.312+0000] {dag.py:2676} INFO - Sync 1 DAGs
[2022-12-10T03:21:01.353+0000] {logging_mixin.py:137} INFO - [2022-12-10T03:21:01.353+0000] {dag.py:3427} INFO - Setting next_dagrun for example_short_circuit_operator to 2022-12-09T03:21:01.353230+00:00, run_after=2022-12-10T03:21:01.353230+00:00
[2022-12-10T03:21:01.396+0000] {processor.py:175} INFO - Processing /home/airflow/.local/lib/python3.7/site-packages/airflow/example_dags/example_short_circuit_operator.py took 0.163 seconds
[2022-12-10T03:21:31.462+0000] {processor.py:153} INFO - Started process (PID=272) to work on /home/airflow/.local/lib/python3.7/site-packages/airflow/example_dags/example_short_circuit_operator.py
[2022-12-10T03:21:31.463+0000] {processor.py:743} INFO - Processing file /home/airflow/.local/lib/python3.7/site-packages/airflow/example_dags/example_short_circuit_operator.py for tasks to queue
[2022-12-10T03:21:31.465+0000] {logging_mixin.py:137} INFO - [2022-12-10T03:21:31.465+0000] {dagbag.py:538} INFO - Filling up the DagBag from /home/airflow/.local/lib/python3.7/site-packages/airflow/example_dags/example_short_circuit_operator.py
[2022-12-10T03:21:31.496+0000] {processor.py:753} INFO - DAG(s) dict_keys(['example_short_circuit_operator']) retrieved from /home/airflow/.local/lib/python3.7/site-packages/airflow/example_dags/example_short_circuit_operator.py
[2022-12-10T03:21:31.572+0000] {logging_mixin.py:137} INFO - [2022-12-10T03:21:31.572+0000] {dag.py:2676} INFO - Sync 1 DAGs
[2022-12-10T03:21:31.629+0000] {logging_mixin.py:137} INFO - [2022-12-10T03:21:31.629+0000] {dag.py:3427} INFO - Setting next_dagrun for example_short_circuit_operator to 2022-12-09T03:21:31.628844+00:00, run_after=2022-12-10T03:21:31.628844+00:00
[2022-12-10T03:21:31.663+0000] {processor.py:175} INFO - Processing /home/airflow/.local/lib/python3.7/site-packages/airflow/example_dags/example_short_circuit_operator.py took 0.206 seconds
[2022-12-10T03:22:01.733+0000] {processor.py:153} INFO - Started process (PID=342) to work on /home/airflow/.local/lib/python3.7/site-packages/airflow/example_dags/example_short_circuit_operator.py
[2022-12-10T03:22:01.734+0000] {processor.py:743} INFO - Processing file /home/airflow/.local/lib/python3.7/site-packages/airflow/example_dags/example_short_circuit_operator.py for tasks to queue
[2022-12-10T03:22:01.735+0000] {logging_mixin.py:137} INFO - [2022-12-10T03:22:01.735+0000] {dagbag.py:538} INFO - Filling up the DagBag from /home/airflow/.local/lib/python3.7/site-packages/airflow/example_dags/example_short_circuit_operator.py
[2022-12-10T03:22:01.752+0000] {processor.py:753} INFO - DAG(s) dict_keys(['example_short_circuit_operator']) retrieved from /home/airflow/.local/lib/python3.7/site-packages/airflow/example_dags/example_short_circuit_operator.py
[2022-12-10T03:22:01.792+0000] {logging_mixin.py:137} INFO - [2022-12-10T03:22:01.791+0000] {dag.py:2676} INFO - Sync 1 DAGs
[2022-12-10T03:22:01.820+0000] {logging_mixin.py:137} INFO - [2022-12-10T03:22:01.819+0000] {dag.py:3427} INFO - Setting next_dagrun for example_short_circuit_operator to 2022-12-09T03:22:01.819686+00:00, run_after=2022-12-10T03:22:01.819686+00:00
[2022-12-10T03:22:01.858+0000] {processor.py:175} INFO - Processing /home/airflow/.local/lib/python3.7/site-packages/airflow/example_dags/example_short_circuit_operator.py took 0.128 seconds
[2022-12-10T03:22:32.086+0000] {processor.py:153} INFO - Started process (PID=431) to work on /home/airflow/.local/lib/python3.7/site-packages/airflow/example_dags/example_short_circuit_operator.py
[2022-12-10T03:22:32.087+0000] {processor.py:743} INFO - Processing file /home/airflow/.local/lib/python3.7/site-packages/airflow/example_dags/example_short_circuit_operator.py for tasks to queue
[2022-12-10T03:22:32.088+0000] {logging_mixin.py:137} INFO - [2022-12-10T03:22:32.088+0000] {dagbag.py:538} INFO - Filling up the DagBag from /home/airflow/.local/lib/python3.7/site-packages/airflow/example_dags/example_short_circuit_operator.py
[2022-12-10T03:22:32.106+0000] {processor.py:753} INFO - DAG(s) dict_keys(['example_short_circuit_operator']) retrieved from /home/airflow/.local/lib/python3.7/site-packages/airflow/example_dags/example_short_circuit_operator.py
[2022-12-10T03:22:32.152+0000] {logging_mixin.py:137} INFO - [2022-12-10T03:22:32.152+0000] {dag.py:2676} INFO - Sync 1 DAGs
[2022-12-10T03:22:32.186+0000] {logging_mixin.py:137} INFO - [2022-12-10T03:22:32.186+0000] {dag.py:3427} INFO - Setting next_dagrun for example_short_circuit_operator to 2022-12-09T03:22:32.186268+00:00, run_after=2022-12-10T03:22:32.186268+00:00
[2022-12-10T03:22:32.220+0000] {processor.py:175} INFO - Processing /home/airflow/.local/lib/python3.7/site-packages/airflow/example_dags/example_short_circuit_operator.py took 0.138 seconds
[2022-12-10T03:23:02.383+0000] {processor.py:153} INFO - Started process (PID=502) to work on /home/airflow/.local/lib/python3.7/site-packages/airflow/example_dags/example_short_circuit_operator.py
[2022-12-10T03:23:02.384+0000] {processor.py:743} INFO - Processing file /home/airflow/.local/lib/python3.7/site-packages/airflow/example_dags/example_short_circuit_operator.py for tasks to queue
[2022-12-10T03:23:02.386+0000] {logging_mixin.py:137} INFO - [2022-12-10T03:23:02.386+0000] {dagbag.py:538} INFO - Filling up the DagBag from /home/airflow/.local/lib/python3.7/site-packages/airflow/example_dags/example_short_circuit_operator.py
[2022-12-10T03:23:02.445+0000] {processor.py:753} INFO - DAG(s) dict_keys(['example_short_circuit_operator']) retrieved from /home/airflow/.local/lib/python3.7/site-packages/airflow/example_dags/example_short_circuit_operator.py
[2022-12-10T03:23:02.547+0000] {logging_mixin.py:137} INFO - [2022-12-10T03:23:02.547+0000] {dag.py:2676} INFO - Sync 1 DAGs
[2022-12-10T03:23:02.629+0000] {logging_mixin.py:137} INFO - [2022-12-10T03:23:02.629+0000] {dag.py:3427} INFO - Setting next_dagrun for example_short_circuit_operator to 2022-12-09T03:23:02.628570+00:00, run_after=2022-12-10T03:23:02.628570+00:00
[2022-12-10T03:23:02.685+0000] {processor.py:175} INFO - Processing /home/airflow/.local/lib/python3.7/site-packages/airflow/example_dags/example_short_circuit_operator.py took 0.310 seconds
[2022-12-10T03:23:32.815+0000] {processor.py:153} INFO - Started process (PID=577) to work on /home/airflow/.local/lib/python3.7/site-packages/airflow/example_dags/example_short_circuit_operator.py
[2022-12-10T03:23:32.817+0000] {processor.py:743} INFO - Processing file /home/airflow/.local/lib/python3.7/site-packages/airflow/example_dags/example_short_circuit_operator.py for tasks to queue
[2022-12-10T03:23:32.818+0000] {logging_mixin.py:137} INFO - [2022-12-10T03:23:32.817+0000] {dagbag.py:538} INFO - Filling up the DagBag from /home/airflow/.local/lib/python3.7/site-packages/airflow/example_dags/example_short_circuit_operator.py
[2022-12-10T03:23:32.835+0000] {processor.py:753} INFO - DAG(s) dict_keys(['example_short_circuit_operator']) retrieved from /home/airflow/.local/lib/python3.7/site-packages/airflow/example_dags/example_short_circuit_operator.py
[2022-12-10T03:23:32.887+0000] {logging_mixin.py:137} INFO - [2022-12-10T03:23:32.887+0000] {dag.py:2676} INFO - Sync 1 DAGs
[2022-12-10T03:23:32.930+0000] {logging_mixin.py:137} INFO - [2022-12-10T03:23:32.930+0000] {dag.py:3427} INFO - Setting next_dagrun for example_short_circuit_operator to 2022-12-09T03:23:32.929783+00:00, run_after=2022-12-10T03:23:32.929783+00:00
[2022-12-10T03:23:32.960+0000] {processor.py:175} INFO - Processing /home/airflow/.local/lib/python3.7/site-packages/airflow/example_dags/example_short_circuit_operator.py took 0.147 seconds
[2022-12-10T03:24:03.328+0000] {processor.py:153} INFO - Started process (PID=648) to work on /home/airflow/.local/lib/python3.7/site-packages/airflow/example_dags/example_short_circuit_operator.py
[2022-12-10T03:24:03.329+0000] {processor.py:743} INFO - Processing file /home/airflow/.local/lib/python3.7/site-packages/airflow/example_dags/example_short_circuit_operator.py for tasks to queue
[2022-12-10T03:24:03.331+0000] {logging_mixin.py:137} INFO - [2022-12-10T03:24:03.330+0000] {dagbag.py:538} INFO - Filling up the DagBag from /home/airflow/.local/lib/python3.7/site-packages/airflow/example_dags/example_short_circuit_operator.py
[2022-12-10T03:24:03.356+0000] {processor.py:753} INFO - DAG(s) dict_keys(['example_short_circuit_operator']) retrieved from /home/airflow/.local/lib/python3.7/site-packages/airflow/example_dags/example_short_circuit_operator.py
[2022-12-10T03:24:03.433+0000] {logging_mixin.py:137} INFO - [2022-12-10T03:24:03.433+0000] {dag.py:2676} INFO - Sync 1 DAGs
[2022-12-10T03:24:03.486+0000] {logging_mixin.py:137} INFO - [2022-12-10T03:24:03.486+0000] {dag.py:3427} INFO - Setting next_dagrun for example_short_circuit_operator to 2022-12-09T03:24:03.485761+00:00, run_after=2022-12-10T03:24:03.485761+00:00
[2022-12-10T03:24:03.521+0000] {processor.py:175} INFO - Processing /home/airflow/.local/lib/python3.7/site-packages/airflow/example_dags/example_short_circuit_operator.py took 0.198 seconds
[2022-12-10T03:24:33.683+0000] {processor.py:153} INFO - Started process (PID=720) to work on /home/airflow/.local/lib/python3.7/site-packages/airflow/example_dags/example_short_circuit_operator.py
[2022-12-10T03:24:33.685+0000] {processor.py:743} INFO - Processing file /home/airflow/.local/lib/python3.7/site-packages/airflow/example_dags/example_short_circuit_operator.py for tasks to queue
[2022-12-10T03:24:33.686+0000] {logging_mixin.py:137} INFO - [2022-12-10T03:24:33.686+0000] {dagbag.py:538} INFO - Filling up the DagBag from /home/airflow/.local/lib/python3.7/site-packages/airflow/example_dags/example_short_circuit_operator.py
[2022-12-10T03:24:33.706+0000] {processor.py:753} INFO - DAG(s) dict_keys(['example_short_circuit_operator']) retrieved from /home/airflow/.local/lib/python3.7/site-packages/airflow/example_dags/example_short_circuit_operator.py
[2022-12-10T03:24:33.752+0000] {logging_mixin.py:137} INFO - [2022-12-10T03:24:33.752+0000] {dag.py:2676} INFO - Sync 1 DAGs
[2022-12-10T03:24:33.783+0000] {logging_mixin.py:137} INFO - [2022-12-10T03:24:33.783+0000] {dag.py:3427} INFO - Setting next_dagrun for example_short_circuit_operator to 2022-12-09T03:24:33.782753+00:00, run_after=2022-12-10T03:24:33.782753+00:00
[2022-12-10T03:24:33.806+0000] {processor.py:175} INFO - Processing /home/airflow/.local/lib/python3.7/site-packages/airflow/example_dags/example_short_circuit_operator.py took 0.126 seconds
[2022-12-10T03:25:03.867+0000] {processor.py:153} INFO - Started process (PID=791) to work on /home/airflow/.local/lib/python3.7/site-packages/airflow/example_dags/example_short_circuit_operator.py
[2022-12-10T03:25:03.869+0000] {processor.py:743} INFO - Processing file /home/airflow/.local/lib/python3.7/site-packages/airflow/example_dags/example_short_circuit_operator.py for tasks to queue
[2022-12-10T03:25:03.870+0000] {logging_mixin.py:137} INFO - [2022-12-10T03:25:03.870+0000] {dagbag.py:538} INFO - Filling up the DagBag from /home/airflow/.local/lib/python3.7/site-packages/airflow/example_dags/example_short_circuit_operator.py
[2022-12-10T03:25:03.891+0000] {processor.py:753} INFO - DAG(s) dict_keys(['example_short_circuit_operator']) retrieved from /home/airflow/.local/lib/python3.7/site-packages/airflow/example_dags/example_short_circuit_operator.py
[2022-12-10T03:25:03.945+0000] {logging_mixin.py:137} INFO - [2022-12-10T03:25:03.945+0000] {dag.py:2676} INFO - Sync 1 DAGs
[2022-12-10T03:25:03.983+0000] {logging_mixin.py:137} INFO - [2022-12-10T03:25:03.982+0000] {dag.py:3427} INFO - Setting next_dagrun for example_short_circuit_operator to 2022-12-09T03:25:03.982581+00:00, run_after=2022-12-10T03:25:03.982581+00:00
[2022-12-10T03:25:04.031+0000] {processor.py:175} INFO - Processing /home/airflow/.local/lib/python3.7/site-packages/airflow/example_dags/example_short_circuit_operator.py took 0.167 seconds
[2022-12-10T03:25:34.304+0000] {processor.py:153} INFO - Started process (PID=862) to work on /home/airflow/.local/lib/python3.7/site-packages/airflow/example_dags/example_short_circuit_operator.py
[2022-12-10T03:25:34.306+0000] {processor.py:743} INFO - Processing file /home/airflow/.local/lib/python3.7/site-packages/airflow/example_dags/example_short_circuit_operator.py for tasks to queue
[2022-12-10T03:25:34.307+0000] {logging_mixin.py:137} INFO - [2022-12-10T03:25:34.307+0000] {dagbag.py:538} INFO - Filling up the DagBag from /home/airflow/.local/lib/python3.7/site-packages/airflow/example_dags/example_short_circuit_operator.py
[2022-12-10T03:25:34.350+0000] {processor.py:753} INFO - DAG(s) dict_keys(['example_short_circuit_operator']) retrieved from /home/airflow/.local/lib/python3.7/site-packages/airflow/example_dags/example_short_circuit_operator.py
[2022-12-10T03:25:34.421+0000] {logging_mixin.py:137} INFO - [2022-12-10T03:25:34.421+0000] {dag.py:2676} INFO - Sync 1 DAGs
[2022-12-10T03:25:34.467+0000] {logging_mixin.py:137} INFO - [2022-12-10T03:25:34.467+0000] {dag.py:3427} INFO - Setting next_dagrun for example_short_circuit_operator to 2022-12-09T03:25:34.466793+00:00, run_after=2022-12-10T03:25:34.466793+00:00
[2022-12-10T03:25:34.515+0000] {processor.py:175} INFO - Processing /home/airflow/.local/lib/python3.7/site-packages/airflow/example_dags/example_short_circuit_operator.py took 0.217 seconds
