[2022-12-10T03:20:09.870+0000] {processor.py:153} INFO - Started process (PID=101) to work on /home/airflow/.local/lib/python3.7/site-packages/airflow/example_dags/example_external_task_marker_dag.py
[2022-12-10T03:20:09.871+0000] {processor.py:743} INFO - Processing file /home/airflow/.local/lib/python3.7/site-packages/airflow/example_dags/example_external_task_marker_dag.py for tasks to queue
[2022-12-10T03:20:09.873+0000] {logging_mixin.py:137} INFO - [2022-12-10T03:20:09.873+0000] {dagbag.py:538} INFO - Filling up the DagBag from /home/airflow/.local/lib/python3.7/site-packages/airflow/example_dags/example_external_task_marker_dag.py
[2022-12-10T03:20:09.901+0000] {processor.py:753} INFO - DAG(s) dict_keys(['example_external_task_marker_parent', 'example_external_task_marker_child']) retrieved from /home/airflow/.local/lib/python3.7/site-packages/airflow/example_dags/example_external_task_marker_dag.py
[2022-12-10T03:20:10.058+0000] {logging_mixin.py:137} INFO - [2022-12-10T03:20:10.057+0000] {dag.py:2676} INFO - Sync 2 DAGs
[2022-12-10T03:20:10.104+0000] {logging_mixin.py:137} INFO - [2022-12-10T03:20:10.104+0000] {dag.py:3427} INFO - Setting next_dagrun for example_external_task_marker_child to None, run_after=None
[2022-12-10T03:20:10.110+0000] {logging_mixin.py:137} INFO - [2022-12-10T03:20:10.110+0000] {dag.py:3427} INFO - Setting next_dagrun for example_external_task_marker_parent to None, run_after=None
[2022-12-10T03:20:10.149+0000] {processor.py:175} INFO - Processing /home/airflow/.local/lib/python3.7/site-packages/airflow/example_dags/example_external_task_marker_dag.py took 0.283 seconds
[2022-12-10T03:20:40.703+0000] {processor.py:153} INFO - Started process (PID=180) to work on /home/airflow/.local/lib/python3.7/site-packages/airflow/example_dags/example_external_task_marker_dag.py
[2022-12-10T03:20:40.704+0000] {processor.py:743} INFO - Processing file /home/airflow/.local/lib/python3.7/site-packages/airflow/example_dags/example_external_task_marker_dag.py for tasks to queue
[2022-12-10T03:20:40.706+0000] {logging_mixin.py:137} INFO - [2022-12-10T03:20:40.706+0000] {dagbag.py:538} INFO - Filling up the DagBag from /home/airflow/.local/lib/python3.7/site-packages/airflow/example_dags/example_external_task_marker_dag.py
[2022-12-10T03:20:40.733+0000] {processor.py:753} INFO - DAG(s) dict_keys(['example_external_task_marker_child', 'example_external_task_marker_parent']) retrieved from /home/airflow/.local/lib/python3.7/site-packages/airflow/example_dags/example_external_task_marker_dag.py
[2022-12-10T03:20:40.805+0000] {logging_mixin.py:137} INFO - [2022-12-10T03:20:40.804+0000] {dag.py:2676} INFO - Sync 2 DAGs
[2022-12-10T03:20:40.840+0000] {logging_mixin.py:137} INFO - [2022-12-10T03:20:40.840+0000] {dag.py:3427} INFO - Setting next_dagrun for example_external_task_marker_child to None, run_after=None
[2022-12-10T03:20:40.848+0000] {logging_mixin.py:137} INFO - [2022-12-10T03:20:40.847+0000] {dag.py:3427} INFO - Setting next_dagrun for example_external_task_marker_parent to None, run_after=None
[2022-12-10T03:20:40.883+0000] {processor.py:175} INFO - Processing /home/airflow/.local/lib/python3.7/site-packages/airflow/example_dags/example_external_task_marker_dag.py took 0.185 seconds
[2022-12-10T03:21:11.888+0000] {processor.py:153} INFO - Started process (PID=251) to work on /home/airflow/.local/lib/python3.7/site-packages/airflow/example_dags/example_external_task_marker_dag.py
[2022-12-10T03:21:11.892+0000] {processor.py:743} INFO - Processing file /home/airflow/.local/lib/python3.7/site-packages/airflow/example_dags/example_external_task_marker_dag.py for tasks to queue
[2022-12-10T03:21:11.894+0000] {logging_mixin.py:137} INFO - [2022-12-10T03:21:11.894+0000] {dagbag.py:538} INFO - Filling up the DagBag from /home/airflow/.local/lib/python3.7/site-packages/airflow/example_dags/example_external_task_marker_dag.py
[2022-12-10T03:21:11.923+0000] {processor.py:753} INFO - DAG(s) dict_keys(['example_external_task_marker_child', 'example_external_task_marker_parent']) retrieved from /home/airflow/.local/lib/python3.7/site-packages/airflow/example_dags/example_external_task_marker_dag.py
[2022-12-10T03:21:12.003+0000] {logging_mixin.py:137} INFO - [2022-12-10T03:21:12.003+0000] {dag.py:2676} INFO - Sync 2 DAGs
[2022-12-10T03:21:12.080+0000] {logging_mixin.py:137} INFO - [2022-12-10T03:21:12.079+0000] {dag.py:3427} INFO - Setting next_dagrun for example_external_task_marker_child to None, run_after=None
[2022-12-10T03:21:12.088+0000] {logging_mixin.py:137} INFO - [2022-12-10T03:21:12.088+0000] {dag.py:3427} INFO - Setting next_dagrun for example_external_task_marker_parent to None, run_after=None
[2022-12-10T03:21:12.148+0000] {processor.py:175} INFO - Processing /home/airflow/.local/lib/python3.7/site-packages/airflow/example_dags/example_external_task_marker_dag.py took 0.271 seconds
[2022-12-10T03:21:43.139+0000] {processor.py:153} INFO - Started process (PID=322) to work on /home/airflow/.local/lib/python3.7/site-packages/airflow/example_dags/example_external_task_marker_dag.py
[2022-12-10T03:21:43.140+0000] {processor.py:743} INFO - Processing file /home/airflow/.local/lib/python3.7/site-packages/airflow/example_dags/example_external_task_marker_dag.py for tasks to queue
[2022-12-10T03:21:43.141+0000] {logging_mixin.py:137} INFO - [2022-12-10T03:21:43.141+0000] {dagbag.py:538} INFO - Filling up the DagBag from /home/airflow/.local/lib/python3.7/site-packages/airflow/example_dags/example_external_task_marker_dag.py
[2022-12-10T03:21:43.162+0000] {processor.py:753} INFO - DAG(s) dict_keys(['example_external_task_marker_parent', 'example_external_task_marker_child']) retrieved from /home/airflow/.local/lib/python3.7/site-packages/airflow/example_dags/example_external_task_marker_dag.py
[2022-12-10T03:21:43.251+0000] {logging_mixin.py:137} INFO - [2022-12-10T03:21:43.250+0000] {dag.py:2676} INFO - Sync 2 DAGs
[2022-12-10T03:21:43.309+0000] {logging_mixin.py:137} INFO - [2022-12-10T03:21:43.308+0000] {dag.py:3427} INFO - Setting next_dagrun for example_external_task_marker_child to None, run_after=None
[2022-12-10T03:21:43.315+0000] {logging_mixin.py:137} INFO - [2022-12-10T03:21:43.314+0000] {dag.py:3427} INFO - Setting next_dagrun for example_external_task_marker_parent to None, run_after=None
[2022-12-10T03:21:43.365+0000] {processor.py:175} INFO - Processing /home/airflow/.local/lib/python3.7/site-packages/airflow/example_dags/example_external_task_marker_dag.py took 0.233 seconds
[2022-12-10T03:22:13.735+0000] {processor.py:153} INFO - Started process (PID=393) to work on /home/airflow/.local/lib/python3.7/site-packages/airflow/example_dags/example_external_task_marker_dag.py
[2022-12-10T03:22:13.736+0000] {processor.py:743} INFO - Processing file /home/airflow/.local/lib/python3.7/site-packages/airflow/example_dags/example_external_task_marker_dag.py for tasks to queue
[2022-12-10T03:22:13.737+0000] {logging_mixin.py:137} INFO - [2022-12-10T03:22:13.737+0000] {dagbag.py:538} INFO - Filling up the DagBag from /home/airflow/.local/lib/python3.7/site-packages/airflow/example_dags/example_external_task_marker_dag.py
[2022-12-10T03:22:13.768+0000] {processor.py:753} INFO - DAG(s) dict_keys(['example_external_task_marker_child', 'example_external_task_marker_parent']) retrieved from /home/airflow/.local/lib/python3.7/site-packages/airflow/example_dags/example_external_task_marker_dag.py
[2022-12-10T03:22:13.826+0000] {logging_mixin.py:137} INFO - [2022-12-10T03:22:13.826+0000] {dag.py:2676} INFO - Sync 2 DAGs
[2022-12-10T03:22:13.855+0000] {logging_mixin.py:137} INFO - [2022-12-10T03:22:13.855+0000] {dag.py:3427} INFO - Setting next_dagrun for example_external_task_marker_child to None, run_after=None
[2022-12-10T03:22:13.859+0000] {logging_mixin.py:137} INFO - [2022-12-10T03:22:13.859+0000] {dag.py:3427} INFO - Setting next_dagrun for example_external_task_marker_parent to None, run_after=None
[2022-12-10T03:22:13.884+0000] {processor.py:175} INFO - Processing /home/airflow/.local/lib/python3.7/site-packages/airflow/example_dags/example_external_task_marker_dag.py took 0.152 seconds
[2022-12-10T03:22:43.950+0000] {processor.py:153} INFO - Started process (PID=474) to work on /home/airflow/.local/lib/python3.7/site-packages/airflow/example_dags/example_external_task_marker_dag.py
[2022-12-10T03:22:43.951+0000] {processor.py:743} INFO - Processing file /home/airflow/.local/lib/python3.7/site-packages/airflow/example_dags/example_external_task_marker_dag.py for tasks to queue
[2022-12-10T03:22:43.952+0000] {logging_mixin.py:137} INFO - [2022-12-10T03:22:43.952+0000] {dagbag.py:538} INFO - Filling up the DagBag from /home/airflow/.local/lib/python3.7/site-packages/airflow/example_dags/example_external_task_marker_dag.py
[2022-12-10T03:22:43.972+0000] {processor.py:753} INFO - DAG(s) dict_keys(['example_external_task_marker_child', 'example_external_task_marker_parent']) retrieved from /home/airflow/.local/lib/python3.7/site-packages/airflow/example_dags/example_external_task_marker_dag.py
[2022-12-10T03:22:44.027+0000] {logging_mixin.py:137} INFO - [2022-12-10T03:22:44.026+0000] {dag.py:2676} INFO - Sync 2 DAGs
[2022-12-10T03:22:44.065+0000] {logging_mixin.py:137} INFO - [2022-12-10T03:22:44.064+0000] {dag.py:3427} INFO - Setting next_dagrun for example_external_task_marker_child to None, run_after=None
[2022-12-10T03:22:44.069+0000] {logging_mixin.py:137} INFO - [2022-12-10T03:22:44.069+0000] {dag.py:3427} INFO - Setting next_dagrun for example_external_task_marker_parent to None, run_after=None
[2022-12-10T03:22:44.095+0000] {processor.py:175} INFO - Processing /home/airflow/.local/lib/python3.7/site-packages/airflow/example_dags/example_external_task_marker_dag.py took 0.149 seconds
[2022-12-10T03:23:14.432+0000] {processor.py:153} INFO - Started process (PID=551) to work on /home/airflow/.local/lib/python3.7/site-packages/airflow/example_dags/example_external_task_marker_dag.py
[2022-12-10T03:23:14.433+0000] {processor.py:743} INFO - Processing file /home/airflow/.local/lib/python3.7/site-packages/airflow/example_dags/example_external_task_marker_dag.py for tasks to queue
[2022-12-10T03:23:14.434+0000] {logging_mixin.py:137} INFO - [2022-12-10T03:23:14.434+0000] {dagbag.py:538} INFO - Filling up the DagBag from /home/airflow/.local/lib/python3.7/site-packages/airflow/example_dags/example_external_task_marker_dag.py
[2022-12-10T03:23:14.451+0000] {processor.py:753} INFO - DAG(s) dict_keys(['example_external_task_marker_parent', 'example_external_task_marker_child']) retrieved from /home/airflow/.local/lib/python3.7/site-packages/airflow/example_dags/example_external_task_marker_dag.py
[2022-12-10T03:23:14.501+0000] {logging_mixin.py:137} INFO - [2022-12-10T03:23:14.501+0000] {dag.py:2676} INFO - Sync 2 DAGs
[2022-12-10T03:23:14.540+0000] {logging_mixin.py:137} INFO - [2022-12-10T03:23:14.540+0000] {dag.py:3427} INFO - Setting next_dagrun for example_external_task_marker_child to None, run_after=None
[2022-12-10T03:23:14.544+0000] {logging_mixin.py:137} INFO - [2022-12-10T03:23:14.544+0000] {dag.py:3427} INFO - Setting next_dagrun for example_external_task_marker_parent to None, run_after=None
[2022-12-10T03:23:14.574+0000] {processor.py:175} INFO - Processing /home/airflow/.local/lib/python3.7/site-packages/airflow/example_dags/example_external_task_marker_dag.py took 0.145 seconds
[2022-12-10T03:23:45.859+0000] {processor.py:153} INFO - Started process (PID=627) to work on /home/airflow/.local/lib/python3.7/site-packages/airflow/example_dags/example_external_task_marker_dag.py
[2022-12-10T03:23:45.864+0000] {processor.py:743} INFO - Processing file /home/airflow/.local/lib/python3.7/site-packages/airflow/example_dags/example_external_task_marker_dag.py for tasks to queue
[2022-12-10T03:23:45.868+0000] {logging_mixin.py:137} INFO - [2022-12-10T03:23:45.868+0000] {dagbag.py:538} INFO - Filling up the DagBag from /home/airflow/.local/lib/python3.7/site-packages/airflow/example_dags/example_external_task_marker_dag.py
[2022-12-10T03:23:45.909+0000] {processor.py:753} INFO - DAG(s) dict_keys(['example_external_task_marker_child', 'example_external_task_marker_parent']) retrieved from /home/airflow/.local/lib/python3.7/site-packages/airflow/example_dags/example_external_task_marker_dag.py
[2022-12-10T03:23:46.024+0000] {logging_mixin.py:137} INFO - [2022-12-10T03:23:46.024+0000] {dag.py:2676} INFO - Sync 2 DAGs
[2022-12-10T03:23:46.124+0000] {logging_mixin.py:137} INFO - [2022-12-10T03:23:46.123+0000] {dag.py:3427} INFO - Setting next_dagrun for example_external_task_marker_child to None, run_after=None
[2022-12-10T03:23:46.134+0000] {logging_mixin.py:137} INFO - [2022-12-10T03:23:46.134+0000] {dag.py:3427} INFO - Setting next_dagrun for example_external_task_marker_parent to None, run_after=None
[2022-12-10T03:23:46.178+0000] {processor.py:175} INFO - Processing /home/airflow/.local/lib/python3.7/site-packages/airflow/example_dags/example_external_task_marker_dag.py took 0.328 seconds
[2022-12-10T03:24:16.307+0000] {processor.py:153} INFO - Started process (PID=699) to work on /home/airflow/.local/lib/python3.7/site-packages/airflow/example_dags/example_external_task_marker_dag.py
[2022-12-10T03:24:16.313+0000] {processor.py:743} INFO - Processing file /home/airflow/.local/lib/python3.7/site-packages/airflow/example_dags/example_external_task_marker_dag.py for tasks to queue
[2022-12-10T03:24:16.314+0000] {logging_mixin.py:137} INFO - [2022-12-10T03:24:16.314+0000] {dagbag.py:538} INFO - Filling up the DagBag from /home/airflow/.local/lib/python3.7/site-packages/airflow/example_dags/example_external_task_marker_dag.py
[2022-12-10T03:24:16.339+0000] {processor.py:753} INFO - DAG(s) dict_keys(['example_external_task_marker_parent', 'example_external_task_marker_child']) retrieved from /home/airflow/.local/lib/python3.7/site-packages/airflow/example_dags/example_external_task_marker_dag.py
[2022-12-10T03:24:16.450+0000] {logging_mixin.py:137} INFO - [2022-12-10T03:24:16.450+0000] {dag.py:2676} INFO - Sync 2 DAGs
[2022-12-10T03:24:16.487+0000] {logging_mixin.py:137} INFO - [2022-12-10T03:24:16.487+0000] {dag.py:3427} INFO - Setting next_dagrun for example_external_task_marker_child to None, run_after=None
[2022-12-10T03:24:16.492+0000] {logging_mixin.py:137} INFO - [2022-12-10T03:24:16.491+0000] {dag.py:3427} INFO - Setting next_dagrun for example_external_task_marker_parent to None, run_after=None
[2022-12-10T03:24:16.526+0000] {processor.py:175} INFO - Processing /home/airflow/.local/lib/python3.7/site-packages/airflow/example_dags/example_external_task_marker_dag.py took 0.227 seconds
[2022-12-10T03:24:47.321+0000] {processor.py:153} INFO - Started process (PID=770) to work on /home/airflow/.local/lib/python3.7/site-packages/airflow/example_dags/example_external_task_marker_dag.py
[2022-12-10T03:24:47.323+0000] {processor.py:743} INFO - Processing file /home/airflow/.local/lib/python3.7/site-packages/airflow/example_dags/example_external_task_marker_dag.py for tasks to queue
[2022-12-10T03:24:47.324+0000] {logging_mixin.py:137} INFO - [2022-12-10T03:24:47.324+0000] {dagbag.py:538} INFO - Filling up the DagBag from /home/airflow/.local/lib/python3.7/site-packages/airflow/example_dags/example_external_task_marker_dag.py
[2022-12-10T03:24:47.347+0000] {processor.py:753} INFO - DAG(s) dict_keys(['example_external_task_marker_child', 'example_external_task_marker_parent']) retrieved from /home/airflow/.local/lib/python3.7/site-packages/airflow/example_dags/example_external_task_marker_dag.py
[2022-12-10T03:24:47.420+0000] {logging_mixin.py:137} INFO - [2022-12-10T03:24:47.420+0000] {dag.py:2676} INFO - Sync 2 DAGs
[2022-12-10T03:24:47.469+0000] {logging_mixin.py:137} INFO - [2022-12-10T03:24:47.469+0000] {dag.py:3427} INFO - Setting next_dagrun for example_external_task_marker_child to None, run_after=None
[2022-12-10T03:24:47.477+0000] {logging_mixin.py:137} INFO - [2022-12-10T03:24:47.477+0000] {dag.py:3427} INFO - Setting next_dagrun for example_external_task_marker_parent to None, run_after=None
[2022-12-10T03:24:47.509+0000] {processor.py:175} INFO - Processing /home/airflow/.local/lib/python3.7/site-packages/airflow/example_dags/example_external_task_marker_dag.py took 0.193 seconds
[2022-12-10T03:25:17.927+0000] {processor.py:153} INFO - Started process (PID=842) to work on /home/airflow/.local/lib/python3.7/site-packages/airflow/example_dags/example_external_task_marker_dag.py
[2022-12-10T03:25:17.929+0000] {processor.py:743} INFO - Processing file /home/airflow/.local/lib/python3.7/site-packages/airflow/example_dags/example_external_task_marker_dag.py for tasks to queue
[2022-12-10T03:25:17.931+0000] {logging_mixin.py:137} INFO - [2022-12-10T03:25:17.930+0000] {dagbag.py:538} INFO - Filling up the DagBag from /home/airflow/.local/lib/python3.7/site-packages/airflow/example_dags/example_external_task_marker_dag.py
[2022-12-10T03:25:17.954+0000] {processor.py:753} INFO - DAG(s) dict_keys(['example_external_task_marker_child', 'example_external_task_marker_parent']) retrieved from /home/airflow/.local/lib/python3.7/site-packages/airflow/example_dags/example_external_task_marker_dag.py
[2022-12-10T03:25:18.070+0000] {logging_mixin.py:137} INFO - [2022-12-10T03:25:18.070+0000] {dag.py:2676} INFO - Sync 2 DAGs
[2022-12-10T03:25:18.135+0000] {logging_mixin.py:137} INFO - [2022-12-10T03:25:18.134+0000] {dag.py:3427} INFO - Setting next_dagrun for example_external_task_marker_child to None, run_after=None
[2022-12-10T03:25:18.142+0000] {logging_mixin.py:137} INFO - [2022-12-10T03:25:18.142+0000] {dag.py:3427} INFO - Setting next_dagrun for example_external_task_marker_parent to None, run_after=None
[2022-12-10T03:25:18.165+0000] {processor.py:175} INFO - Processing /home/airflow/.local/lib/python3.7/site-packages/airflow/example_dags/example_external_task_marker_dag.py took 0.242 seconds
