[2022-12-10T03:20:02.471+0000] {processor.py:153} INFO - Started process (PID=77) to work on /home/airflow/.local/lib/python3.7/site-packages/airflow/example_dags/example_latest_only.py
[2022-12-10T03:20:02.473+0000] {processor.py:743} INFO - Processing file /home/airflow/.local/lib/python3.7/site-packages/airflow/example_dags/example_latest_only.py for tasks to queue
[2022-12-10T03:20:02.474+0000] {logging_mixin.py:137} INFO - [2022-12-10T03:20:02.474+0000] {dagbag.py:538} INFO - Filling up the DagBag from /home/airflow/.local/lib/python3.7/site-packages/airflow/example_dags/example_latest_only.py
[2022-12-10T03:20:02.504+0000] {processor.py:753} INFO - DAG(s) dict_keys(['latest_only']) retrieved from /home/airflow/.local/lib/python3.7/site-packages/airflow/example_dags/example_latest_only.py
[2022-12-10T03:20:02.570+0000] {logging_mixin.py:137} INFO - [2022-12-10T03:20:02.569+0000] {dag.py:2676} INFO - Sync 1 DAGs
[2022-12-10T03:20:02.614+0000] {logging_mixin.py:137} INFO - [2022-12-10T03:20:02.613+0000] {dag.py:3427} INFO - Setting next_dagrun for latest_only to 2022-12-09T23:20:02.613429+00:00, run_after=2022-12-10T03:20:02.613429+00:00
[2022-12-10T03:20:02.708+0000] {processor.py:175} INFO - Processing /home/airflow/.local/lib/python3.7/site-packages/airflow/example_dags/example_latest_only.py took 0.242 seconds
[2022-12-10T03:20:32.948+0000] {processor.py:153} INFO - Started process (PID=148) to work on /home/airflow/.local/lib/python3.7/site-packages/airflow/example_dags/example_latest_only.py
[2022-12-10T03:20:32.949+0000] {processor.py:743} INFO - Processing file /home/airflow/.local/lib/python3.7/site-packages/airflow/example_dags/example_latest_only.py for tasks to queue
[2022-12-10T03:20:32.950+0000] {logging_mixin.py:137} INFO - [2022-12-10T03:20:32.950+0000] {dagbag.py:538} INFO - Filling up the DagBag from /home/airflow/.local/lib/python3.7/site-packages/airflow/example_dags/example_latest_only.py
[2022-12-10T03:20:32.964+0000] {processor.py:753} INFO - DAG(s) dict_keys(['latest_only']) retrieved from /home/airflow/.local/lib/python3.7/site-packages/airflow/example_dags/example_latest_only.py
[2022-12-10T03:20:33.004+0000] {logging_mixin.py:137} INFO - [2022-12-10T03:20:33.004+0000] {dag.py:2676} INFO - Sync 1 DAGs
[2022-12-10T03:20:33.029+0000] {logging_mixin.py:137} INFO - [2022-12-10T03:20:33.029+0000] {dag.py:3427} INFO - Setting next_dagrun for latest_only to 2022-12-09T23:20:33.028818+00:00, run_after=2022-12-10T03:20:33.028818+00:00
[2022-12-10T03:20:33.054+0000] {processor.py:175} INFO - Processing /home/airflow/.local/lib/python3.7/site-packages/airflow/example_dags/example_latest_only.py took 0.109 seconds
[2022-12-10T03:21:05.592+0000] {processor.py:153} INFO - Started process (PID=219) to work on /home/airflow/.local/lib/python3.7/site-packages/airflow/example_dags/example_latest_only.py
[2022-12-10T03:21:05.594+0000] {processor.py:743} INFO - Processing file /home/airflow/.local/lib/python3.7/site-packages/airflow/example_dags/example_latest_only.py for tasks to queue
[2022-12-10T03:21:05.596+0000] {logging_mixin.py:137} INFO - [2022-12-10T03:21:05.596+0000] {dagbag.py:538} INFO - Filling up the DagBag from /home/airflow/.local/lib/python3.7/site-packages/airflow/example_dags/example_latest_only.py
[2022-12-10T03:21:05.627+0000] {processor.py:753} INFO - DAG(s) dict_keys(['latest_only']) retrieved from /home/airflow/.local/lib/python3.7/site-packages/airflow/example_dags/example_latest_only.py
[2022-12-10T03:21:05.719+0000] {logging_mixin.py:137} INFO - [2022-12-10T03:21:05.719+0000] {dag.py:2676} INFO - Sync 1 DAGs
[2022-12-10T03:21:05.802+0000] {logging_mixin.py:137} INFO - [2022-12-10T03:21:05.802+0000] {dag.py:3427} INFO - Setting next_dagrun for latest_only to 2022-12-09T23:21:05.802015+00:00, run_after=2022-12-10T03:21:05.802015+00:00
[2022-12-10T03:21:05.868+0000] {processor.py:175} INFO - Processing /home/airflow/.local/lib/python3.7/site-packages/airflow/example_dags/example_latest_only.py took 0.283 seconds
[2022-12-10T03:21:36.561+0000] {processor.py:153} INFO - Started process (PID=300) to work on /home/airflow/.local/lib/python3.7/site-packages/airflow/example_dags/example_latest_only.py
[2022-12-10T03:21:36.562+0000] {processor.py:743} INFO - Processing file /home/airflow/.local/lib/python3.7/site-packages/airflow/example_dags/example_latest_only.py for tasks to queue
[2022-12-10T03:21:36.564+0000] {logging_mixin.py:137} INFO - [2022-12-10T03:21:36.564+0000] {dagbag.py:538} INFO - Filling up the DagBag from /home/airflow/.local/lib/python3.7/site-packages/airflow/example_dags/example_latest_only.py
[2022-12-10T03:21:36.589+0000] {processor.py:753} INFO - DAG(s) dict_keys(['latest_only']) retrieved from /home/airflow/.local/lib/python3.7/site-packages/airflow/example_dags/example_latest_only.py
[2022-12-10T03:21:36.650+0000] {logging_mixin.py:137} INFO - [2022-12-10T03:21:36.650+0000] {dag.py:2676} INFO - Sync 1 DAGs
[2022-12-10T03:21:36.700+0000] {logging_mixin.py:137} INFO - [2022-12-10T03:21:36.699+0000] {dag.py:3427} INFO - Setting next_dagrun for latest_only to 2022-12-09T23:21:36.699271+00:00, run_after=2022-12-10T03:21:36.699271+00:00
[2022-12-10T03:21:36.739+0000] {processor.py:175} INFO - Processing /home/airflow/.local/lib/python3.7/site-packages/airflow/example_dags/example_latest_only.py took 0.185 seconds
[2022-12-10T03:22:07.029+0000] {processor.py:153} INFO - Started process (PID=378) to work on /home/airflow/.local/lib/python3.7/site-packages/airflow/example_dags/example_latest_only.py
[2022-12-10T03:22:07.030+0000] {processor.py:743} INFO - Processing file /home/airflow/.local/lib/python3.7/site-packages/airflow/example_dags/example_latest_only.py for tasks to queue
[2022-12-10T03:22:07.032+0000] {logging_mixin.py:137} INFO - [2022-12-10T03:22:07.032+0000] {dagbag.py:538} INFO - Filling up the DagBag from /home/airflow/.local/lib/python3.7/site-packages/airflow/example_dags/example_latest_only.py
[2022-12-10T03:22:07.059+0000] {processor.py:753} INFO - DAG(s) dict_keys(['latest_only']) retrieved from /home/airflow/.local/lib/python3.7/site-packages/airflow/example_dags/example_latest_only.py
[2022-12-10T03:22:07.113+0000] {logging_mixin.py:137} INFO - [2022-12-10T03:22:07.113+0000] {dag.py:2676} INFO - Sync 1 DAGs
[2022-12-10T03:22:07.151+0000] {logging_mixin.py:137} INFO - [2022-12-10T03:22:07.151+0000] {dag.py:3427} INFO - Setting next_dagrun for latest_only to 2022-12-09T23:22:07.150776+00:00, run_after=2022-12-10T03:22:07.150776+00:00
[2022-12-10T03:22:07.177+0000] {processor.py:175} INFO - Processing /home/airflow/.local/lib/python3.7/site-packages/airflow/example_dags/example_latest_only.py took 0.153 seconds
[2022-12-10T03:22:37.765+0000] {processor.py:153} INFO - Started process (PID=449) to work on /home/airflow/.local/lib/python3.7/site-packages/airflow/example_dags/example_latest_only.py
[2022-12-10T03:22:37.766+0000] {processor.py:743} INFO - Processing file /home/airflow/.local/lib/python3.7/site-packages/airflow/example_dags/example_latest_only.py for tasks to queue
[2022-12-10T03:22:37.767+0000] {logging_mixin.py:137} INFO - [2022-12-10T03:22:37.767+0000] {dagbag.py:538} INFO - Filling up the DagBag from /home/airflow/.local/lib/python3.7/site-packages/airflow/example_dags/example_latest_only.py
[2022-12-10T03:22:37.781+0000] {processor.py:753} INFO - DAG(s) dict_keys(['latest_only']) retrieved from /home/airflow/.local/lib/python3.7/site-packages/airflow/example_dags/example_latest_only.py
[2022-12-10T03:22:37.819+0000] {logging_mixin.py:137} INFO - [2022-12-10T03:22:37.819+0000] {dag.py:2676} INFO - Sync 1 DAGs
[2022-12-10T03:22:37.847+0000] {logging_mixin.py:137} INFO - [2022-12-10T03:22:37.847+0000] {dag.py:3427} INFO - Setting next_dagrun for latest_only to 2022-12-09T23:22:37.846806+00:00, run_after=2022-12-10T03:22:37.846806+00:00
[2022-12-10T03:22:37.875+0000] {processor.py:175} INFO - Processing /home/airflow/.local/lib/python3.7/site-packages/airflow/example_dags/example_latest_only.py took 0.112 seconds
[2022-12-10T03:23:08.962+0000] {processor.py:153} INFO - Started process (PID=520) to work on /home/airflow/.local/lib/python3.7/site-packages/airflow/example_dags/example_latest_only.py
[2022-12-10T03:23:08.964+0000] {processor.py:743} INFO - Processing file /home/airflow/.local/lib/python3.7/site-packages/airflow/example_dags/example_latest_only.py for tasks to queue
[2022-12-10T03:23:08.965+0000] {logging_mixin.py:137} INFO - [2022-12-10T03:23:08.964+0000] {dagbag.py:538} INFO - Filling up the DagBag from /home/airflow/.local/lib/python3.7/site-packages/airflow/example_dags/example_latest_only.py
[2022-12-10T03:23:08.988+0000] {processor.py:753} INFO - DAG(s) dict_keys(['latest_only']) retrieved from /home/airflow/.local/lib/python3.7/site-packages/airflow/example_dags/example_latest_only.py
[2022-12-10T03:23:09.047+0000] {logging_mixin.py:137} INFO - [2022-12-10T03:23:09.046+0000] {dag.py:2676} INFO - Sync 1 DAGs
[2022-12-10T03:23:09.094+0000] {logging_mixin.py:137} INFO - [2022-12-10T03:23:09.094+0000] {dag.py:3427} INFO - Setting next_dagrun for latest_only to 2022-12-09T23:23:09.094047+00:00, run_after=2022-12-10T03:23:09.094047+00:00
[2022-12-10T03:23:09.130+0000] {processor.py:175} INFO - Processing /home/airflow/.local/lib/python3.7/site-packages/airflow/example_dags/example_latest_only.py took 0.172 seconds
[2022-12-10T03:23:39.402+0000] {processor.py:153} INFO - Started process (PID=605) to work on /home/airflow/.local/lib/python3.7/site-packages/airflow/example_dags/example_latest_only.py
[2022-12-10T03:23:39.404+0000] {processor.py:743} INFO - Processing file /home/airflow/.local/lib/python3.7/site-packages/airflow/example_dags/example_latest_only.py for tasks to queue
[2022-12-10T03:23:39.405+0000] {logging_mixin.py:137} INFO - [2022-12-10T03:23:39.405+0000] {dagbag.py:538} INFO - Filling up the DagBag from /home/airflow/.local/lib/python3.7/site-packages/airflow/example_dags/example_latest_only.py
[2022-12-10T03:23:39.436+0000] {processor.py:753} INFO - DAG(s) dict_keys(['latest_only']) retrieved from /home/airflow/.local/lib/python3.7/site-packages/airflow/example_dags/example_latest_only.py
[2022-12-10T03:23:39.520+0000] {logging_mixin.py:137} INFO - [2022-12-10T03:23:39.519+0000] {dag.py:2676} INFO - Sync 1 DAGs
[2022-12-10T03:23:39.583+0000] {logging_mixin.py:137} INFO - [2022-12-10T03:23:39.582+0000] {dag.py:3427} INFO - Setting next_dagrun for latest_only to 2022-12-09T23:23:39.582452+00:00, run_after=2022-12-10T03:23:39.582452+00:00
[2022-12-10T03:23:39.632+0000] {processor.py:175} INFO - Processing /home/airflow/.local/lib/python3.7/site-packages/airflow/example_dags/example_latest_only.py took 0.237 seconds
[2022-12-10T03:24:10.569+0000] {processor.py:153} INFO - Started process (PID=674) to work on /home/airflow/.local/lib/python3.7/site-packages/airflow/example_dags/example_latest_only.py
[2022-12-10T03:24:10.571+0000] {processor.py:743} INFO - Processing file /home/airflow/.local/lib/python3.7/site-packages/airflow/example_dags/example_latest_only.py for tasks to queue
[2022-12-10T03:24:10.572+0000] {logging_mixin.py:137} INFO - [2022-12-10T03:24:10.572+0000] {dagbag.py:538} INFO - Filling up the DagBag from /home/airflow/.local/lib/python3.7/site-packages/airflow/example_dags/example_latest_only.py
[2022-12-10T03:24:10.599+0000] {processor.py:753} INFO - DAG(s) dict_keys(['latest_only']) retrieved from /home/airflow/.local/lib/python3.7/site-packages/airflow/example_dags/example_latest_only.py
[2022-12-10T03:24:10.677+0000] {logging_mixin.py:137} INFO - [2022-12-10T03:24:10.676+0000] {dag.py:2676} INFO - Sync 1 DAGs
[2022-12-10T03:24:10.742+0000] {logging_mixin.py:137} INFO - [2022-12-10T03:24:10.741+0000] {dag.py:3427} INFO - Setting next_dagrun for latest_only to 2022-12-09T23:24:10.740994+00:00, run_after=2022-12-10T03:24:10.740994+00:00
[2022-12-10T03:24:10.785+0000] {processor.py:175} INFO - Processing /home/airflow/.local/lib/python3.7/site-packages/airflow/example_dags/example_latest_only.py took 0.219 seconds
[2022-12-10T03:24:41.133+0000] {processor.py:153} INFO - Started process (PID=755) to work on /home/airflow/.local/lib/python3.7/site-packages/airflow/example_dags/example_latest_only.py
[2022-12-10T03:24:41.134+0000] {processor.py:743} INFO - Processing file /home/airflow/.local/lib/python3.7/site-packages/airflow/example_dags/example_latest_only.py for tasks to queue
[2022-12-10T03:24:41.135+0000] {logging_mixin.py:137} INFO - [2022-12-10T03:24:41.135+0000] {dagbag.py:538} INFO - Filling up the DagBag from /home/airflow/.local/lib/python3.7/site-packages/airflow/example_dags/example_latest_only.py
[2022-12-10T03:24:41.162+0000] {processor.py:753} INFO - DAG(s) dict_keys(['latest_only']) retrieved from /home/airflow/.local/lib/python3.7/site-packages/airflow/example_dags/example_latest_only.py
[2022-12-10T03:24:41.289+0000] {logging_mixin.py:137} INFO - [2022-12-10T03:24:41.289+0000] {dag.py:2676} INFO - Sync 1 DAGs
[2022-12-10T03:24:41.336+0000] {logging_mixin.py:137} INFO - [2022-12-10T03:24:41.335+0000] {dag.py:3427} INFO - Setting next_dagrun for latest_only to 2022-12-09T23:24:41.335667+00:00, run_after=2022-12-10T03:24:41.335667+00:00
[2022-12-10T03:24:41.373+0000] {processor.py:175} INFO - Processing /home/airflow/.local/lib/python3.7/site-packages/airflow/example_dags/example_latest_only.py took 0.244 seconds
[2022-12-10T03:25:11.944+0000] {processor.py:153} INFO - Started process (PID=825) to work on /home/airflow/.local/lib/python3.7/site-packages/airflow/example_dags/example_latest_only.py
[2022-12-10T03:25:11.945+0000] {processor.py:743} INFO - Processing file /home/airflow/.local/lib/python3.7/site-packages/airflow/example_dags/example_latest_only.py for tasks to queue
[2022-12-10T03:25:11.946+0000] {logging_mixin.py:137} INFO - [2022-12-10T03:25:11.946+0000] {dagbag.py:538} INFO - Filling up the DagBag from /home/airflow/.local/lib/python3.7/site-packages/airflow/example_dags/example_latest_only.py
[2022-12-10T03:25:11.969+0000] {processor.py:753} INFO - DAG(s) dict_keys(['latest_only']) retrieved from /home/airflow/.local/lib/python3.7/site-packages/airflow/example_dags/example_latest_only.py
[2022-12-10T03:25:12.027+0000] {logging_mixin.py:137} INFO - [2022-12-10T03:25:12.027+0000] {dag.py:2676} INFO - Sync 1 DAGs
[2022-12-10T03:25:12.064+0000] {logging_mixin.py:137} INFO - [2022-12-10T03:25:12.064+0000] {dag.py:3427} INFO - Setting next_dagrun for latest_only to 2022-12-09T23:25:12.064211+00:00, run_after=2022-12-10T03:25:12.064211+00:00
[2022-12-10T03:25:12.096+0000] {processor.py:175} INFO - Processing /home/airflow/.local/lib/python3.7/site-packages/airflow/example_dags/example_latest_only.py took 0.158 seconds
