[2022-12-10T03:20:07.887+0000] {processor.py:153} INFO - Started process (PID=87) to work on /home/airflow/.local/lib/python3.7/site-packages/airflow/example_dags/example_task_group_decorator.py
[2022-12-10T03:20:07.888+0000] {processor.py:743} INFO - Processing file /home/airflow/.local/lib/python3.7/site-packages/airflow/example_dags/example_task_group_decorator.py for tasks to queue
[2022-12-10T03:20:07.889+0000] {logging_mixin.py:137} INFO - [2022-12-10T03:20:07.889+0000] {dagbag.py:538} INFO - Filling up the DagBag from /home/airflow/.local/lib/python3.7/site-packages/airflow/example_dags/example_task_group_decorator.py
[2022-12-10T03:20:08.266+0000] {processor.py:753} INFO - DAG(s) dict_keys(['example_task_group_decorator']) retrieved from /home/airflow/.local/lib/python3.7/site-packages/airflow/example_dags/example_task_group_decorator.py
[2022-12-10T03:20:08.320+0000] {logging_mixin.py:137} INFO - [2022-12-10T03:20:08.320+0000] {dag.py:2676} INFO - Sync 1 DAGs
[2022-12-10T03:20:08.390+0000] {logging_mixin.py:137} INFO - [2022-12-10T03:20:08.390+0000] {dag.py:3427} INFO - Setting next_dagrun for example_task_group_decorator to 2022-12-09T03:20:08.390319+00:00, run_after=2022-12-10T03:20:08.390319+00:00
[2022-12-10T03:20:08.593+0000] {processor.py:175} INFO - Processing /home/airflow/.local/lib/python3.7/site-packages/airflow/example_dags/example_task_group_decorator.py took 0.709 seconds
[2022-12-10T03:20:38.810+0000] {processor.py:153} INFO - Started process (PID=166) to work on /home/airflow/.local/lib/python3.7/site-packages/airflow/example_dags/example_task_group_decorator.py
[2022-12-10T03:20:38.811+0000] {processor.py:743} INFO - Processing file /home/airflow/.local/lib/python3.7/site-packages/airflow/example_dags/example_task_group_decorator.py for tasks to queue
[2022-12-10T03:20:38.812+0000] {logging_mixin.py:137} INFO - [2022-12-10T03:20:38.812+0000] {dagbag.py:538} INFO - Filling up the DagBag from /home/airflow/.local/lib/python3.7/site-packages/airflow/example_dags/example_task_group_decorator.py
[2022-12-10T03:20:38.851+0000] {processor.py:753} INFO - DAG(s) dict_keys(['example_task_group_decorator']) retrieved from /home/airflow/.local/lib/python3.7/site-packages/airflow/example_dags/example_task_group_decorator.py
[2022-12-10T03:20:38.904+0000] {logging_mixin.py:137} INFO - [2022-12-10T03:20:38.904+0000] {dag.py:2676} INFO - Sync 1 DAGs
[2022-12-10T03:20:38.946+0000] {logging_mixin.py:137} INFO - [2022-12-10T03:20:38.945+0000] {dag.py:3427} INFO - Setting next_dagrun for example_task_group_decorator to 2022-12-09T03:20:38.945584+00:00, run_after=2022-12-10T03:20:38.945584+00:00
[2022-12-10T03:20:38.980+0000] {processor.py:175} INFO - Processing /home/airflow/.local/lib/python3.7/site-packages/airflow/example_dags/example_task_group_decorator.py took 0.174 seconds
[2022-12-10T03:21:09.808+0000] {processor.py:153} INFO - Started process (PID=244) to work on /home/airflow/.local/lib/python3.7/site-packages/airflow/example_dags/example_task_group_decorator.py
[2022-12-10T03:21:09.810+0000] {processor.py:743} INFO - Processing file /home/airflow/.local/lib/python3.7/site-packages/airflow/example_dags/example_task_group_decorator.py for tasks to queue
[2022-12-10T03:21:09.811+0000] {logging_mixin.py:137} INFO - [2022-12-10T03:21:09.811+0000] {dagbag.py:538} INFO - Filling up the DagBag from /home/airflow/.local/lib/python3.7/site-packages/airflow/example_dags/example_task_group_decorator.py
[2022-12-10T03:21:09.863+0000] {processor.py:753} INFO - DAG(s) dict_keys(['example_task_group_decorator']) retrieved from /home/airflow/.local/lib/python3.7/site-packages/airflow/example_dags/example_task_group_decorator.py
[2022-12-10T03:21:09.937+0000] {logging_mixin.py:137} INFO - [2022-12-10T03:21:09.937+0000] {dag.py:2676} INFO - Sync 1 DAGs
[2022-12-10T03:21:09.986+0000] {logging_mixin.py:137} INFO - [2022-12-10T03:21:09.986+0000] {dag.py:3427} INFO - Setting next_dagrun for example_task_group_decorator to 2022-12-09T03:21:09.986265+00:00, run_after=2022-12-10T03:21:09.986265+00:00
[2022-12-10T03:21:10.018+0000] {processor.py:175} INFO - Processing /home/airflow/.local/lib/python3.7/site-packages/airflow/example_dags/example_task_group_decorator.py took 0.216 seconds
[2022-12-10T03:21:40.642+0000] {processor.py:153} INFO - Started process (PID=315) to work on /home/airflow/.local/lib/python3.7/site-packages/airflow/example_dags/example_task_group_decorator.py
[2022-12-10T03:21:40.644+0000] {processor.py:743} INFO - Processing file /home/airflow/.local/lib/python3.7/site-packages/airflow/example_dags/example_task_group_decorator.py for tasks to queue
[2022-12-10T03:21:40.645+0000] {logging_mixin.py:137} INFO - [2022-12-10T03:21:40.645+0000] {dagbag.py:538} INFO - Filling up the DagBag from /home/airflow/.local/lib/python3.7/site-packages/airflow/example_dags/example_task_group_decorator.py
[2022-12-10T03:21:40.675+0000] {processor.py:753} INFO - DAG(s) dict_keys(['example_task_group_decorator']) retrieved from /home/airflow/.local/lib/python3.7/site-packages/airflow/example_dags/example_task_group_decorator.py
[2022-12-10T03:21:40.717+0000] {logging_mixin.py:137} INFO - [2022-12-10T03:21:40.717+0000] {dag.py:2676} INFO - Sync 1 DAGs
[2022-12-10T03:21:40.743+0000] {logging_mixin.py:137} INFO - [2022-12-10T03:21:40.743+0000] {dag.py:3427} INFO - Setting next_dagrun for example_task_group_decorator to 2022-12-09T03:21:40.743577+00:00, run_after=2022-12-10T03:21:40.743577+00:00
[2022-12-10T03:21:40.773+0000] {processor.py:175} INFO - Processing /home/airflow/.local/lib/python3.7/site-packages/airflow/example_dags/example_task_group_decorator.py took 0.134 seconds
[2022-12-10T03:22:10.950+0000] {processor.py:153} INFO - Started process (PID=386) to work on /home/airflow/.local/lib/python3.7/site-packages/airflow/example_dags/example_task_group_decorator.py
[2022-12-10T03:22:10.951+0000] {processor.py:743} INFO - Processing file /home/airflow/.local/lib/python3.7/site-packages/airflow/example_dags/example_task_group_decorator.py for tasks to queue
[2022-12-10T03:22:10.952+0000] {logging_mixin.py:137} INFO - [2022-12-10T03:22:10.952+0000] {dagbag.py:538} INFO - Filling up the DagBag from /home/airflow/.local/lib/python3.7/site-packages/airflow/example_dags/example_task_group_decorator.py
[2022-12-10T03:22:10.992+0000] {processor.py:753} INFO - DAG(s) dict_keys(['example_task_group_decorator']) retrieved from /home/airflow/.local/lib/python3.7/site-packages/airflow/example_dags/example_task_group_decorator.py
[2022-12-10T03:22:11.045+0000] {logging_mixin.py:137} INFO - [2022-12-10T03:22:11.044+0000] {dag.py:2676} INFO - Sync 1 DAGs
[2022-12-10T03:22:11.098+0000] {logging_mixin.py:137} INFO - [2022-12-10T03:22:11.098+0000] {dag.py:3427} INFO - Setting next_dagrun for example_task_group_decorator to 2022-12-09T03:22:11.097604+00:00, run_after=2022-12-10T03:22:11.097604+00:00
[2022-12-10T03:22:11.146+0000] {processor.py:175} INFO - Processing /home/airflow/.local/lib/python3.7/site-packages/airflow/example_dags/example_task_group_decorator.py took 0.200 seconds
[2022-12-10T03:22:41.275+0000] {processor.py:153} INFO - Started process (PID=457) to work on /home/airflow/.local/lib/python3.7/site-packages/airflow/example_dags/example_task_group_decorator.py
[2022-12-10T03:22:41.277+0000] {processor.py:743} INFO - Processing file /home/airflow/.local/lib/python3.7/site-packages/airflow/example_dags/example_task_group_decorator.py for tasks to queue
[2022-12-10T03:22:41.278+0000] {logging_mixin.py:137} INFO - [2022-12-10T03:22:41.278+0000] {dagbag.py:538} INFO - Filling up the DagBag from /home/airflow/.local/lib/python3.7/site-packages/airflow/example_dags/example_task_group_decorator.py
[2022-12-10T03:22:41.335+0000] {processor.py:753} INFO - DAG(s) dict_keys(['example_task_group_decorator']) retrieved from /home/airflow/.local/lib/python3.7/site-packages/airflow/example_dags/example_task_group_decorator.py
[2022-12-10T03:22:41.385+0000] {logging_mixin.py:137} INFO - [2022-12-10T03:22:41.384+0000] {dag.py:2676} INFO - Sync 1 DAGs
[2022-12-10T03:22:41.414+0000] {logging_mixin.py:137} INFO - [2022-12-10T03:22:41.413+0000] {dag.py:3427} INFO - Setting next_dagrun for example_task_group_decorator to 2022-12-09T03:22:41.413629+00:00, run_after=2022-12-10T03:22:41.413629+00:00
[2022-12-10T03:22:41.442+0000] {processor.py:175} INFO - Processing /home/airflow/.local/lib/python3.7/site-packages/airflow/example_dags/example_task_group_decorator.py took 0.170 seconds
[2022-12-10T03:23:12.103+0000] {processor.py:153} INFO - Started process (PID=544) to work on /home/airflow/.local/lib/python3.7/site-packages/airflow/example_dags/example_task_group_decorator.py
[2022-12-10T03:23:12.105+0000] {processor.py:743} INFO - Processing file /home/airflow/.local/lib/python3.7/site-packages/airflow/example_dags/example_task_group_decorator.py for tasks to queue
[2022-12-10T03:23:12.106+0000] {logging_mixin.py:137} INFO - [2022-12-10T03:23:12.106+0000] {dagbag.py:538} INFO - Filling up the DagBag from /home/airflow/.local/lib/python3.7/site-packages/airflow/example_dags/example_task_group_decorator.py
[2022-12-10T03:23:12.177+0000] {processor.py:753} INFO - DAG(s) dict_keys(['example_task_group_decorator']) retrieved from /home/airflow/.local/lib/python3.7/site-packages/airflow/example_dags/example_task_group_decorator.py
[2022-12-10T03:23:12.267+0000] {logging_mixin.py:137} INFO - [2022-12-10T03:23:12.267+0000] {dag.py:2676} INFO - Sync 1 DAGs
[2022-12-10T03:23:12.321+0000] {logging_mixin.py:137} INFO - [2022-12-10T03:23:12.320+0000] {dag.py:3427} INFO - Setting next_dagrun for example_task_group_decorator to 2022-12-09T03:23:12.320339+00:00, run_after=2022-12-10T03:23:12.320339+00:00
[2022-12-10T03:23:12.363+0000] {processor.py:175} INFO - Processing /home/airflow/.local/lib/python3.7/site-packages/airflow/example_dags/example_task_group_decorator.py took 0.265 seconds
[2022-12-10T03:23:43.171+0000] {processor.py:153} INFO - Started process (PID=620) to work on /home/airflow/.local/lib/python3.7/site-packages/airflow/example_dags/example_task_group_decorator.py
[2022-12-10T03:23:43.185+0000] {processor.py:743} INFO - Processing file /home/airflow/.local/lib/python3.7/site-packages/airflow/example_dags/example_task_group_decorator.py for tasks to queue
[2022-12-10T03:23:43.187+0000] {logging_mixin.py:137} INFO - [2022-12-10T03:23:43.187+0000] {dagbag.py:538} INFO - Filling up the DagBag from /home/airflow/.local/lib/python3.7/site-packages/airflow/example_dags/example_task_group_decorator.py
[2022-12-10T03:23:43.336+0000] {processor.py:753} INFO - DAG(s) dict_keys(['example_task_group_decorator']) retrieved from /home/airflow/.local/lib/python3.7/site-packages/airflow/example_dags/example_task_group_decorator.py
[2022-12-10T03:23:43.498+0000] {logging_mixin.py:137} INFO - [2022-12-10T03:23:43.497+0000] {dag.py:2676} INFO - Sync 1 DAGs
[2022-12-10T03:23:43.603+0000] {logging_mixin.py:137} INFO - [2022-12-10T03:23:43.602+0000] {dag.py:3427} INFO - Setting next_dagrun for example_task_group_decorator to 2022-12-09T03:23:43.602282+00:00, run_after=2022-12-10T03:23:43.602282+00:00
[2022-12-10T03:23:43.787+0000] {processor.py:175} INFO - Processing /home/airflow/.local/lib/python3.7/site-packages/airflow/example_dags/example_task_group_decorator.py took 0.624 seconds
[2022-12-10T03:24:14.456+0000] {processor.py:153} INFO - Started process (PID=691) to work on /home/airflow/.local/lib/python3.7/site-packages/airflow/example_dags/example_task_group_decorator.py
[2022-12-10T03:24:14.458+0000] {processor.py:743} INFO - Processing file /home/airflow/.local/lib/python3.7/site-packages/airflow/example_dags/example_task_group_decorator.py for tasks to queue
[2022-12-10T03:24:14.459+0000] {logging_mixin.py:137} INFO - [2022-12-10T03:24:14.459+0000] {dagbag.py:538} INFO - Filling up the DagBag from /home/airflow/.local/lib/python3.7/site-packages/airflow/example_dags/example_task_group_decorator.py
[2022-12-10T03:24:14.512+0000] {processor.py:753} INFO - DAG(s) dict_keys(['example_task_group_decorator']) retrieved from /home/airflow/.local/lib/python3.7/site-packages/airflow/example_dags/example_task_group_decorator.py
[2022-12-10T03:24:14.569+0000] {logging_mixin.py:137} INFO - [2022-12-10T03:24:14.569+0000] {dag.py:2676} INFO - Sync 1 DAGs
[2022-12-10T03:24:14.607+0000] {logging_mixin.py:137} INFO - [2022-12-10T03:24:14.607+0000] {dag.py:3427} INFO - Setting next_dagrun for example_task_group_decorator to 2022-12-09T03:24:14.607462+00:00, run_after=2022-12-10T03:24:14.607462+00:00
[2022-12-10T03:24:14.634+0000] {processor.py:175} INFO - Processing /home/airflow/.local/lib/python3.7/site-packages/airflow/example_dags/example_task_group_decorator.py took 0.182 seconds
[2022-12-10T03:24:45.270+0000] {processor.py:153} INFO - Started process (PID=763) to work on /home/airflow/.local/lib/python3.7/site-packages/airflow/example_dags/example_task_group_decorator.py
[2022-12-10T03:24:45.271+0000] {processor.py:743} INFO - Processing file /home/airflow/.local/lib/python3.7/site-packages/airflow/example_dags/example_task_group_decorator.py for tasks to queue
[2022-12-10T03:24:45.272+0000] {logging_mixin.py:137} INFO - [2022-12-10T03:24:45.272+0000] {dagbag.py:538} INFO - Filling up the DagBag from /home/airflow/.local/lib/python3.7/site-packages/airflow/example_dags/example_task_group_decorator.py
[2022-12-10T03:24:45.326+0000] {processor.py:753} INFO - DAG(s) dict_keys(['example_task_group_decorator']) retrieved from /home/airflow/.local/lib/python3.7/site-packages/airflow/example_dags/example_task_group_decorator.py
[2022-12-10T03:24:45.402+0000] {logging_mixin.py:137} INFO - [2022-12-10T03:24:45.401+0000] {dag.py:2676} INFO - Sync 1 DAGs
[2022-12-10T03:24:45.460+0000] {logging_mixin.py:137} INFO - [2022-12-10T03:24:45.459+0000] {dag.py:3427} INFO - Setting next_dagrun for example_task_group_decorator to 2022-12-09T03:24:45.459512+00:00, run_after=2022-12-10T03:24:45.459512+00:00
[2022-12-10T03:24:45.493+0000] {processor.py:175} INFO - Processing /home/airflow/.local/lib/python3.7/site-packages/airflow/example_dags/example_task_group_decorator.py took 0.227 seconds
[2022-12-10T03:25:15.877+0000] {processor.py:153} INFO - Started process (PID=833) to work on /home/airflow/.local/lib/python3.7/site-packages/airflow/example_dags/example_task_group_decorator.py
[2022-12-10T03:25:15.879+0000] {processor.py:743} INFO - Processing file /home/airflow/.local/lib/python3.7/site-packages/airflow/example_dags/example_task_group_decorator.py for tasks to queue
[2022-12-10T03:25:15.880+0000] {logging_mixin.py:137} INFO - [2022-12-10T03:25:15.880+0000] {dagbag.py:538} INFO - Filling up the DagBag from /home/airflow/.local/lib/python3.7/site-packages/airflow/example_dags/example_task_group_decorator.py
[2022-12-10T03:25:15.931+0000] {processor.py:753} INFO - DAG(s) dict_keys(['example_task_group_decorator']) retrieved from /home/airflow/.local/lib/python3.7/site-packages/airflow/example_dags/example_task_group_decorator.py
[2022-12-10T03:25:15.983+0000] {logging_mixin.py:137} INFO - [2022-12-10T03:25:15.983+0000] {dag.py:2676} INFO - Sync 1 DAGs
[2022-12-10T03:25:16.021+0000] {logging_mixin.py:137} INFO - [2022-12-10T03:25:16.021+0000] {dag.py:3427} INFO - Setting next_dagrun for example_task_group_decorator to 2022-12-09T03:25:16.020851+00:00, run_after=2022-12-10T03:25:16.020851+00:00
[2022-12-10T03:25:16.065+0000] {processor.py:175} INFO - Processing /home/airflow/.local/lib/python3.7/site-packages/airflow/example_dags/example_task_group_decorator.py took 0.192 seconds
