[2022-12-10T03:20:05.419+0000] {processor.py:153} INFO - Started process (PID=82) to work on /home/airflow/.local/lib/python3.7/site-packages/airflow/example_dags/example_time_delta_sensor_async.py
[2022-12-10T03:20:05.420+0000] {processor.py:743} INFO - Processing file /home/airflow/.local/lib/python3.7/site-packages/airflow/example_dags/example_time_delta_sensor_async.py for tasks to queue
[2022-12-10T03:20:05.422+0000] {logging_mixin.py:137} INFO - [2022-12-10T03:20:05.421+0000] {dagbag.py:538} INFO - Filling up the DagBag from /home/airflow/.local/lib/python3.7/site-packages/airflow/example_dags/example_time_delta_sensor_async.py
[2022-12-10T03:20:05.437+0000] {processor.py:753} INFO - DAG(s) dict_keys(['example_time_delta_sensor_async']) retrieved from /home/airflow/.local/lib/python3.7/site-packages/airflow/example_dags/example_time_delta_sensor_async.py
[2022-12-10T03:20:05.491+0000] {logging_mixin.py:137} INFO - [2022-12-10T03:20:05.491+0000] {dag.py:2676} INFO - Sync 1 DAGs
[2022-12-10T03:20:05.535+0000] {logging_mixin.py:137} INFO - [2022-12-10T03:20:05.535+0000] {dag.py:3427} INFO - Setting next_dagrun for example_time_delta_sensor_async to None, run_after=None
[2022-12-10T03:20:05.648+0000] {processor.py:175} INFO - Processing /home/airflow/.local/lib/python3.7/site-packages/airflow/example_dags/example_time_delta_sensor_async.py took 0.232 seconds
[2022-12-10T03:20:36.667+0000] {processor.py:153} INFO - Started process (PID=153) to work on /home/airflow/.local/lib/python3.7/site-packages/airflow/example_dags/example_time_delta_sensor_async.py
[2022-12-10T03:20:36.668+0000] {processor.py:743} INFO - Processing file /home/airflow/.local/lib/python3.7/site-packages/airflow/example_dags/example_time_delta_sensor_async.py for tasks to queue
[2022-12-10T03:20:36.669+0000] {logging_mixin.py:137} INFO - [2022-12-10T03:20:36.669+0000] {dagbag.py:538} INFO - Filling up the DagBag from /home/airflow/.local/lib/python3.7/site-packages/airflow/example_dags/example_time_delta_sensor_async.py
[2022-12-10T03:20:36.681+0000] {processor.py:753} INFO - DAG(s) dict_keys(['example_time_delta_sensor_async']) retrieved from /home/airflow/.local/lib/python3.7/site-packages/airflow/example_dags/example_time_delta_sensor_async.py
[2022-12-10T03:20:36.718+0000] {logging_mixin.py:137} INFO - [2022-12-10T03:20:36.718+0000] {dag.py:2676} INFO - Sync 1 DAGs
[2022-12-10T03:20:36.744+0000] {logging_mixin.py:137} INFO - [2022-12-10T03:20:36.744+0000] {dag.py:3427} INFO - Setting next_dagrun for example_time_delta_sensor_async to None, run_after=None
[2022-12-10T03:20:36.766+0000] {processor.py:175} INFO - Processing /home/airflow/.local/lib/python3.7/site-packages/airflow/example_dags/example_time_delta_sensor_async.py took 0.101 seconds
[2022-12-10T03:21:07.493+0000] {processor.py:153} INFO - Started process (PID=234) to work on /home/airflow/.local/lib/python3.7/site-packages/airflow/example_dags/example_time_delta_sensor_async.py
[2022-12-10T03:21:07.495+0000] {processor.py:743} INFO - Processing file /home/airflow/.local/lib/python3.7/site-packages/airflow/example_dags/example_time_delta_sensor_async.py for tasks to queue
[2022-12-10T03:21:07.497+0000] {logging_mixin.py:137} INFO - [2022-12-10T03:21:07.496+0000] {dagbag.py:538} INFO - Filling up the DagBag from /home/airflow/.local/lib/python3.7/site-packages/airflow/example_dags/example_time_delta_sensor_async.py
[2022-12-10T03:21:07.524+0000] {processor.py:753} INFO - DAG(s) dict_keys(['example_time_delta_sensor_async']) retrieved from /home/airflow/.local/lib/python3.7/site-packages/airflow/example_dags/example_time_delta_sensor_async.py
[2022-12-10T03:21:07.619+0000] {logging_mixin.py:137} INFO - [2022-12-10T03:21:07.618+0000] {dag.py:2676} INFO - Sync 1 DAGs
[2022-12-10T03:21:07.694+0000] {logging_mixin.py:137} INFO - [2022-12-10T03:21:07.694+0000] {dag.py:3427} INFO - Setting next_dagrun for example_time_delta_sensor_async to None, run_after=None
[2022-12-10T03:21:07.755+0000] {processor.py:175} INFO - Processing /home/airflow/.local/lib/python3.7/site-packages/airflow/example_dags/example_time_delta_sensor_async.py took 0.267 seconds
[2022-12-10T03:21:38.425+0000] {processor.py:153} INFO - Started process (PID=312) to work on /home/airflow/.local/lib/python3.7/site-packages/airflow/example_dags/example_time_delta_sensor_async.py
[2022-12-10T03:21:38.426+0000] {processor.py:743} INFO - Processing file /home/airflow/.local/lib/python3.7/site-packages/airflow/example_dags/example_time_delta_sensor_async.py for tasks to queue
[2022-12-10T03:21:38.427+0000] {logging_mixin.py:137} INFO - [2022-12-10T03:21:38.427+0000] {dagbag.py:538} INFO - Filling up the DagBag from /home/airflow/.local/lib/python3.7/site-packages/airflow/example_dags/example_time_delta_sensor_async.py
[2022-12-10T03:21:38.449+0000] {processor.py:753} INFO - DAG(s) dict_keys(['example_time_delta_sensor_async']) retrieved from /home/airflow/.local/lib/python3.7/site-packages/airflow/example_dags/example_time_delta_sensor_async.py
[2022-12-10T03:21:38.509+0000] {logging_mixin.py:137} INFO - [2022-12-10T03:21:38.508+0000] {dag.py:2676} INFO - Sync 1 DAGs
[2022-12-10T03:21:38.556+0000] {logging_mixin.py:137} INFO - [2022-12-10T03:21:38.556+0000] {dag.py:3427} INFO - Setting next_dagrun for example_time_delta_sensor_async to None, run_after=None
[2022-12-10T03:21:38.591+0000] {processor.py:175} INFO - Processing /home/airflow/.local/lib/python3.7/site-packages/airflow/example_dags/example_time_delta_sensor_async.py took 0.171 seconds
[2022-12-10T03:22:09.628+0000] {processor.py:153} INFO - Started process (PID=383) to work on /home/airflow/.local/lib/python3.7/site-packages/airflow/example_dags/example_time_delta_sensor_async.py
[2022-12-10T03:22:09.629+0000] {processor.py:743} INFO - Processing file /home/airflow/.local/lib/python3.7/site-packages/airflow/example_dags/example_time_delta_sensor_async.py for tasks to queue
[2022-12-10T03:22:09.630+0000] {logging_mixin.py:137} INFO - [2022-12-10T03:22:09.630+0000] {dagbag.py:538} INFO - Filling up the DagBag from /home/airflow/.local/lib/python3.7/site-packages/airflow/example_dags/example_time_delta_sensor_async.py
[2022-12-10T03:22:09.647+0000] {processor.py:753} INFO - DAG(s) dict_keys(['example_time_delta_sensor_async']) retrieved from /home/airflow/.local/lib/python3.7/site-packages/airflow/example_dags/example_time_delta_sensor_async.py
[2022-12-10T03:22:09.698+0000] {logging_mixin.py:137} INFO - [2022-12-10T03:22:09.698+0000] {dag.py:2676} INFO - Sync 1 DAGs
[2022-12-10T03:22:09.728+0000] {logging_mixin.py:137} INFO - [2022-12-10T03:22:09.727+0000] {dag.py:3427} INFO - Setting next_dagrun for example_time_delta_sensor_async to None, run_after=None
[2022-12-10T03:22:09.748+0000] {processor.py:175} INFO - Processing /home/airflow/.local/lib/python3.7/site-packages/airflow/example_dags/example_time_delta_sensor_async.py took 0.123 seconds
[2022-12-10T03:22:40.116+0000] {processor.py:153} INFO - Started process (PID=454) to work on /home/airflow/.local/lib/python3.7/site-packages/airflow/example_dags/example_time_delta_sensor_async.py
[2022-12-10T03:22:40.117+0000] {processor.py:743} INFO - Processing file /home/airflow/.local/lib/python3.7/site-packages/airflow/example_dags/example_time_delta_sensor_async.py for tasks to queue
[2022-12-10T03:22:40.118+0000] {logging_mixin.py:137} INFO - [2022-12-10T03:22:40.118+0000] {dagbag.py:538} INFO - Filling up the DagBag from /home/airflow/.local/lib/python3.7/site-packages/airflow/example_dags/example_time_delta_sensor_async.py
[2022-12-10T03:22:40.132+0000] {processor.py:753} INFO - DAG(s) dict_keys(['example_time_delta_sensor_async']) retrieved from /home/airflow/.local/lib/python3.7/site-packages/airflow/example_dags/example_time_delta_sensor_async.py
[2022-12-10T03:22:40.178+0000] {logging_mixin.py:137} INFO - [2022-12-10T03:22:40.178+0000] {dag.py:2676} INFO - Sync 1 DAGs
[2022-12-10T03:22:40.205+0000] {logging_mixin.py:137} INFO - [2022-12-10T03:22:40.205+0000] {dag.py:3427} INFO - Setting next_dagrun for example_time_delta_sensor_async to None, run_after=None
[2022-12-10T03:22:40.234+0000] {processor.py:175} INFO - Processing /home/airflow/.local/lib/python3.7/site-packages/airflow/example_dags/example_time_delta_sensor_async.py took 0.121 seconds
[2022-12-10T03:23:10.843+0000] {processor.py:153} INFO - Started process (PID=534) to work on /home/airflow/.local/lib/python3.7/site-packages/airflow/example_dags/example_time_delta_sensor_async.py
[2022-12-10T03:23:10.844+0000] {processor.py:743} INFO - Processing file /home/airflow/.local/lib/python3.7/site-packages/airflow/example_dags/example_time_delta_sensor_async.py for tasks to queue
[2022-12-10T03:23:10.846+0000] {logging_mixin.py:137} INFO - [2022-12-10T03:23:10.845+0000] {dagbag.py:538} INFO - Filling up the DagBag from /home/airflow/.local/lib/python3.7/site-packages/airflow/example_dags/example_time_delta_sensor_async.py
[2022-12-10T03:23:10.862+0000] {processor.py:753} INFO - DAG(s) dict_keys(['example_time_delta_sensor_async']) retrieved from /home/airflow/.local/lib/python3.7/site-packages/airflow/example_dags/example_time_delta_sensor_async.py
[2022-12-10T03:23:10.913+0000] {logging_mixin.py:137} INFO - [2022-12-10T03:23:10.912+0000] {dag.py:2676} INFO - Sync 1 DAGs
[2022-12-10T03:23:10.964+0000] {logging_mixin.py:137} INFO - [2022-12-10T03:23:10.964+0000] {dag.py:3427} INFO - Setting next_dagrun for example_time_delta_sensor_async to None, run_after=None
[2022-12-10T03:23:11.025+0000] {processor.py:175} INFO - Processing /home/airflow/.local/lib/python3.7/site-packages/airflow/example_dags/example_time_delta_sensor_async.py took 0.188 seconds
[2022-12-10T03:23:41.629+0000] {processor.py:153} INFO - Started process (PID=617) to work on /home/airflow/.local/lib/python3.7/site-packages/airflow/example_dags/example_time_delta_sensor_async.py
[2022-12-10T03:23:41.632+0000] {processor.py:743} INFO - Processing file /home/airflow/.local/lib/python3.7/site-packages/airflow/example_dags/example_time_delta_sensor_async.py for tasks to queue
[2022-12-10T03:23:41.633+0000] {logging_mixin.py:137} INFO - [2022-12-10T03:23:41.633+0000] {dagbag.py:538} INFO - Filling up the DagBag from /home/airflow/.local/lib/python3.7/site-packages/airflow/example_dags/example_time_delta_sensor_async.py
[2022-12-10T03:23:41.672+0000] {processor.py:753} INFO - DAG(s) dict_keys(['example_time_delta_sensor_async']) retrieved from /home/airflow/.local/lib/python3.7/site-packages/airflow/example_dags/example_time_delta_sensor_async.py
[2022-12-10T03:23:41.847+0000] {logging_mixin.py:137} INFO - [2022-12-10T03:23:41.846+0000] {dag.py:2676} INFO - Sync 1 DAGs
[2022-12-10T03:23:41.968+0000] {logging_mixin.py:137} INFO - [2022-12-10T03:23:41.967+0000] {dag.py:3427} INFO - Setting next_dagrun for example_time_delta_sensor_async to None, run_after=None
[2022-12-10T03:23:42.060+0000] {processor.py:175} INFO - Processing /home/airflow/.local/lib/python3.7/site-packages/airflow/example_dags/example_time_delta_sensor_async.py took 0.444 seconds
[2022-12-10T03:24:12.233+0000] {processor.py:153} INFO - Started process (PID=688) to work on /home/airflow/.local/lib/python3.7/site-packages/airflow/example_dags/example_time_delta_sensor_async.py
[2022-12-10T03:24:12.235+0000] {processor.py:743} INFO - Processing file /home/airflow/.local/lib/python3.7/site-packages/airflow/example_dags/example_time_delta_sensor_async.py for tasks to queue
[2022-12-10T03:24:12.236+0000] {logging_mixin.py:137} INFO - [2022-12-10T03:24:12.236+0000] {dagbag.py:538} INFO - Filling up the DagBag from /home/airflow/.local/lib/python3.7/site-packages/airflow/example_dags/example_time_delta_sensor_async.py
[2022-12-10T03:24:12.255+0000] {processor.py:753} INFO - DAG(s) dict_keys(['example_time_delta_sensor_async']) retrieved from /home/airflow/.local/lib/python3.7/site-packages/airflow/example_dags/example_time_delta_sensor_async.py
[2022-12-10T03:24:12.325+0000] {logging_mixin.py:137} INFO - [2022-12-10T03:24:12.325+0000] {dag.py:2676} INFO - Sync 1 DAGs
[2022-12-10T03:24:12.369+0000] {logging_mixin.py:137} INFO - [2022-12-10T03:24:12.369+0000] {dag.py:3427} INFO - Setting next_dagrun for example_time_delta_sensor_async to None, run_after=None
[2022-12-10T03:24:12.408+0000] {processor.py:175} INFO - Processing /home/airflow/.local/lib/python3.7/site-packages/airflow/example_dags/example_time_delta_sensor_async.py took 0.180 seconds
[2022-12-10T03:24:42.974+0000] {processor.py:153} INFO - Started process (PID=760) to work on /home/airflow/.local/lib/python3.7/site-packages/airflow/example_dags/example_time_delta_sensor_async.py
[2022-12-10T03:24:42.975+0000] {processor.py:743} INFO - Processing file /home/airflow/.local/lib/python3.7/site-packages/airflow/example_dags/example_time_delta_sensor_async.py for tasks to queue
[2022-12-10T03:24:42.976+0000] {logging_mixin.py:137} INFO - [2022-12-10T03:24:42.976+0000] {dagbag.py:538} INFO - Filling up the DagBag from /home/airflow/.local/lib/python3.7/site-packages/airflow/example_dags/example_time_delta_sensor_async.py
[2022-12-10T03:24:43.001+0000] {processor.py:753} INFO - DAG(s) dict_keys(['example_time_delta_sensor_async']) retrieved from /home/airflow/.local/lib/python3.7/site-packages/airflow/example_dags/example_time_delta_sensor_async.py
[2022-12-10T03:24:43.073+0000] {logging_mixin.py:137} INFO - [2022-12-10T03:24:43.072+0000] {dag.py:2676} INFO - Sync 1 DAGs
[2022-12-10T03:24:43.128+0000] {logging_mixin.py:137} INFO - [2022-12-10T03:24:43.127+0000] {dag.py:3427} INFO - Setting next_dagrun for example_time_delta_sensor_async to None, run_after=None
[2022-12-10T03:24:43.206+0000] {processor.py:175} INFO - Processing /home/airflow/.local/lib/python3.7/site-packages/airflow/example_dags/example_time_delta_sensor_async.py took 0.238 seconds
[2022-12-10T03:25:13.592+0000] {processor.py:153} INFO - Started process (PID=830) to work on /home/airflow/.local/lib/python3.7/site-packages/airflow/example_dags/example_time_delta_sensor_async.py
[2022-12-10T03:25:13.594+0000] {processor.py:743} INFO - Processing file /home/airflow/.local/lib/python3.7/site-packages/airflow/example_dags/example_time_delta_sensor_async.py for tasks to queue
[2022-12-10T03:25:13.596+0000] {logging_mixin.py:137} INFO - [2022-12-10T03:25:13.596+0000] {dagbag.py:538} INFO - Filling up the DagBag from /home/airflow/.local/lib/python3.7/site-packages/airflow/example_dags/example_time_delta_sensor_async.py
[2022-12-10T03:25:13.622+0000] {processor.py:753} INFO - DAG(s) dict_keys(['example_time_delta_sensor_async']) retrieved from /home/airflow/.local/lib/python3.7/site-packages/airflow/example_dags/example_time_delta_sensor_async.py
[2022-12-10T03:25:13.718+0000] {logging_mixin.py:137} INFO - [2022-12-10T03:25:13.718+0000] {dag.py:2676} INFO - Sync 1 DAGs
[2022-12-10T03:25:13.798+0000] {logging_mixin.py:137} INFO - [2022-12-10T03:25:13.798+0000] {dag.py:3427} INFO - Setting next_dagrun for example_time_delta_sensor_async to None, run_after=None
[2022-12-10T03:25:13.830+0000] {processor.py:175} INFO - Processing /home/airflow/.local/lib/python3.7/site-packages/airflow/example_dags/example_time_delta_sensor_async.py took 0.242 seconds
