[2022-12-10T03:20:00.828+0000] {processor.py:153} INFO - Started process (PID=65) to work on /home/airflow/.local/lib/python3.7/site-packages/airflow/example_dags/example_dag_decorator.py
[2022-12-10T03:20:00.830+0000] {processor.py:743} INFO - Processing file /home/airflow/.local/lib/python3.7/site-packages/airflow/example_dags/example_dag_decorator.py for tasks to queue
[2022-12-10T03:20:00.831+0000] {logging_mixin.py:137} INFO - [2022-12-10T03:20:00.831+0000] {dagbag.py:538} INFO - Filling up the DagBag from /home/airflow/.local/lib/python3.7/site-packages/airflow/example_dags/example_dag_decorator.py
[2022-12-10T03:20:00.862+0000] {logging_mixin.py:137} INFO - [2022-12-10T03:20:00.862+0000] {taskmixin.py:205} WARNING - Dependency <Task(_PythonDecoratedOperator): prepare_email>, send_email already registered for DAG: example_dag_decorator
[2022-12-10T03:20:00.863+0000] {logging_mixin.py:137} INFO - [2022-12-10T03:20:00.863+0000] {taskmixin.py:205} WARNING - Dependency <Task(EmailOperator): send_email>, prepare_email already registered for DAG: example_dag_decorator
[2022-12-10T03:20:00.903+0000] {processor.py:753} INFO - DAG(s) dict_keys(['example_dag_decorator']) retrieved from /home/airflow/.local/lib/python3.7/site-packages/airflow/example_dags/example_dag_decorator.py
[2022-12-10T03:20:01.071+0000] {logging_mixin.py:137} INFO - [2022-12-10T03:20:01.071+0000] {dag.py:2676} INFO - Sync 1 DAGs
[2022-12-10T03:20:01.116+0000] {logging_mixin.py:137} INFO - [2022-12-10T03:20:01.116+0000] {dag.py:3427} INFO - Setting next_dagrun for example_dag_decorator to None, run_after=None
[2022-12-10T03:20:01.159+0000] {processor.py:175} INFO - Processing /home/airflow/.local/lib/python3.7/site-packages/airflow/example_dags/example_dag_decorator.py took 0.336 seconds
[2022-12-10T03:20:32.083+0000] {processor.py:153} INFO - Started process (PID=136) to work on /home/airflow/.local/lib/python3.7/site-packages/airflow/example_dags/example_dag_decorator.py
[2022-12-10T03:20:32.084+0000] {processor.py:743} INFO - Processing file /home/airflow/.local/lib/python3.7/site-packages/airflow/example_dags/example_dag_decorator.py for tasks to queue
[2022-12-10T03:20:32.085+0000] {logging_mixin.py:137} INFO - [2022-12-10T03:20:32.085+0000] {dagbag.py:538} INFO - Filling up the DagBag from /home/airflow/.local/lib/python3.7/site-packages/airflow/example_dags/example_dag_decorator.py
[2022-12-10T03:20:32.103+0000] {logging_mixin.py:137} INFO - [2022-12-10T03:20:32.103+0000] {taskmixin.py:205} WARNING - Dependency <Task(_PythonDecoratedOperator): prepare_email>, send_email already registered for DAG: example_dag_decorator
[2022-12-10T03:20:32.104+0000] {logging_mixin.py:137} INFO - [2022-12-10T03:20:32.104+0000] {taskmixin.py:205} WARNING - Dependency <Task(EmailOperator): send_email>, prepare_email already registered for DAG: example_dag_decorator
[2022-12-10T03:20:32.119+0000] {processor.py:753} INFO - DAG(s) dict_keys(['example_dag_decorator']) retrieved from /home/airflow/.local/lib/python3.7/site-packages/airflow/example_dags/example_dag_decorator.py
[2022-12-10T03:20:32.216+0000] {logging_mixin.py:137} INFO - [2022-12-10T03:20:32.216+0000] {dag.py:2676} INFO - Sync 1 DAGs
[2022-12-10T03:20:32.240+0000] {logging_mixin.py:137} INFO - [2022-12-10T03:20:32.240+0000] {dag.py:3427} INFO - Setting next_dagrun for example_dag_decorator to None, run_after=None
[2022-12-10T03:20:32.267+0000] {processor.py:175} INFO - Processing /home/airflow/.local/lib/python3.7/site-packages/airflow/example_dags/example_dag_decorator.py took 0.187 seconds
[2022-12-10T03:21:03.128+0000] {processor.py:153} INFO - Started process (PID=207) to work on /home/airflow/.local/lib/python3.7/site-packages/airflow/example_dags/example_dag_decorator.py
[2022-12-10T03:21:03.129+0000] {processor.py:743} INFO - Processing file /home/airflow/.local/lib/python3.7/site-packages/airflow/example_dags/example_dag_decorator.py for tasks to queue
[2022-12-10T03:21:03.131+0000] {logging_mixin.py:137} INFO - [2022-12-10T03:21:03.131+0000] {dagbag.py:538} INFO - Filling up the DagBag from /home/airflow/.local/lib/python3.7/site-packages/airflow/example_dags/example_dag_decorator.py
[2022-12-10T03:21:03.179+0000] {logging_mixin.py:137} INFO - [2022-12-10T03:21:03.179+0000] {taskmixin.py:205} WARNING - Dependency <Task(_PythonDecoratedOperator): prepare_email>, send_email already registered for DAG: example_dag_decorator
[2022-12-10T03:21:03.180+0000] {logging_mixin.py:137} INFO - [2022-12-10T03:21:03.180+0000] {taskmixin.py:205} WARNING - Dependency <Task(EmailOperator): send_email>, prepare_email already registered for DAG: example_dag_decorator
[2022-12-10T03:21:03.208+0000] {processor.py:753} INFO - DAG(s) dict_keys(['example_dag_decorator']) retrieved from /home/airflow/.local/lib/python3.7/site-packages/airflow/example_dags/example_dag_decorator.py
[2022-12-10T03:21:03.366+0000] {logging_mixin.py:137} INFO - [2022-12-10T03:21:03.365+0000] {dag.py:2676} INFO - Sync 1 DAGs
[2022-12-10T03:21:03.430+0000] {logging_mixin.py:137} INFO - [2022-12-10T03:21:03.430+0000] {dag.py:3427} INFO - Setting next_dagrun for example_dag_decorator to None, run_after=None
[2022-12-10T03:21:03.501+0000] {processor.py:175} INFO - Processing /home/airflow/.local/lib/python3.7/site-packages/airflow/example_dags/example_dag_decorator.py took 0.378 seconds
[2022-12-10T03:21:33.651+0000] {processor.py:153} INFO - Started process (PID=279) to work on /home/airflow/.local/lib/python3.7/site-packages/airflow/example_dags/example_dag_decorator.py
[2022-12-10T03:21:33.653+0000] {processor.py:743} INFO - Processing file /home/airflow/.local/lib/python3.7/site-packages/airflow/example_dags/example_dag_decorator.py for tasks to queue
[2022-12-10T03:21:33.654+0000] {logging_mixin.py:137} INFO - [2022-12-10T03:21:33.654+0000] {dagbag.py:538} INFO - Filling up the DagBag from /home/airflow/.local/lib/python3.7/site-packages/airflow/example_dags/example_dag_decorator.py
[2022-12-10T03:21:33.676+0000] {logging_mixin.py:137} INFO - [2022-12-10T03:21:33.676+0000] {taskmixin.py:205} WARNING - Dependency <Task(_PythonDecoratedOperator): prepare_email>, send_email already registered for DAG: example_dag_decorator
[2022-12-10T03:21:33.677+0000] {logging_mixin.py:137} INFO - [2022-12-10T03:21:33.677+0000] {taskmixin.py:205} WARNING - Dependency <Task(EmailOperator): send_email>, prepare_email already registered for DAG: example_dag_decorator
[2022-12-10T03:21:33.692+0000] {processor.py:753} INFO - DAG(s) dict_keys(['example_dag_decorator']) retrieved from /home/airflow/.local/lib/python3.7/site-packages/airflow/example_dags/example_dag_decorator.py
[2022-12-10T03:21:33.822+0000] {logging_mixin.py:137} INFO - [2022-12-10T03:21:33.822+0000] {dag.py:2676} INFO - Sync 1 DAGs
[2022-12-10T03:21:33.877+0000] {logging_mixin.py:137} INFO - [2022-12-10T03:21:33.877+0000] {dag.py:3427} INFO - Setting next_dagrun for example_dag_decorator to None, run_after=None
[2022-12-10T03:21:33.921+0000] {processor.py:175} INFO - Processing /home/airflow/.local/lib/python3.7/site-packages/airflow/example_dags/example_dag_decorator.py took 0.274 seconds
[2022-12-10T03:22:04.568+0000] {processor.py:153} INFO - Started process (PID=358) to work on /home/airflow/.local/lib/python3.7/site-packages/airflow/example_dags/example_dag_decorator.py
[2022-12-10T03:22:04.569+0000] {processor.py:743} INFO - Processing file /home/airflow/.local/lib/python3.7/site-packages/airflow/example_dags/example_dag_decorator.py for tasks to queue
[2022-12-10T03:22:04.570+0000] {logging_mixin.py:137} INFO - [2022-12-10T03:22:04.570+0000] {dagbag.py:538} INFO - Filling up the DagBag from /home/airflow/.local/lib/python3.7/site-packages/airflow/example_dags/example_dag_decorator.py
[2022-12-10T03:22:04.598+0000] {logging_mixin.py:137} INFO - [2022-12-10T03:22:04.598+0000] {taskmixin.py:205} WARNING - Dependency <Task(_PythonDecoratedOperator): prepare_email>, send_email already registered for DAG: example_dag_decorator
[2022-12-10T03:22:04.599+0000] {logging_mixin.py:137} INFO - [2022-12-10T03:22:04.599+0000] {taskmixin.py:205} WARNING - Dependency <Task(EmailOperator): send_email>, prepare_email already registered for DAG: example_dag_decorator
[2022-12-10T03:22:04.617+0000] {processor.py:753} INFO - DAG(s) dict_keys(['example_dag_decorator']) retrieved from /home/airflow/.local/lib/python3.7/site-packages/airflow/example_dags/example_dag_decorator.py
[2022-12-10T03:22:04.769+0000] {logging_mixin.py:137} INFO - [2022-12-10T03:22:04.769+0000] {dag.py:2676} INFO - Sync 1 DAGs
[2022-12-10T03:22:04.814+0000] {logging_mixin.py:137} INFO - [2022-12-10T03:22:04.814+0000] {dag.py:3427} INFO - Setting next_dagrun for example_dag_decorator to None, run_after=None
[2022-12-10T03:22:04.859+0000] {processor.py:175} INFO - Processing /home/airflow/.local/lib/python3.7/site-packages/airflow/example_dags/example_dag_decorator.py took 0.296 seconds
[2022-12-10T03:22:35.744+0000] {processor.py:153} INFO - Started process (PID=438) to work on /home/airflow/.local/lib/python3.7/site-packages/airflow/example_dags/example_dag_decorator.py
[2022-12-10T03:22:35.745+0000] {processor.py:743} INFO - Processing file /home/airflow/.local/lib/python3.7/site-packages/airflow/example_dags/example_dag_decorator.py for tasks to queue
[2022-12-10T03:22:35.746+0000] {logging_mixin.py:137} INFO - [2022-12-10T03:22:35.746+0000] {dagbag.py:538} INFO - Filling up the DagBag from /home/airflow/.local/lib/python3.7/site-packages/airflow/example_dags/example_dag_decorator.py
[2022-12-10T03:22:35.770+0000] {logging_mixin.py:137} INFO - [2022-12-10T03:22:35.769+0000] {taskmixin.py:205} WARNING - Dependency <Task(_PythonDecoratedOperator): prepare_email>, send_email already registered for DAG: example_dag_decorator
[2022-12-10T03:22:35.770+0000] {logging_mixin.py:137} INFO - [2022-12-10T03:22:35.770+0000] {taskmixin.py:205} WARNING - Dependency <Task(EmailOperator): send_email>, prepare_email already registered for DAG: example_dag_decorator
[2022-12-10T03:22:35.789+0000] {processor.py:753} INFO - DAG(s) dict_keys(['example_dag_decorator']) retrieved from /home/airflow/.local/lib/python3.7/site-packages/airflow/example_dags/example_dag_decorator.py
[2022-12-10T03:22:35.934+0000] {logging_mixin.py:137} INFO - [2022-12-10T03:22:35.933+0000] {dag.py:2676} INFO - Sync 1 DAGs
[2022-12-10T03:22:35.968+0000] {logging_mixin.py:137} INFO - [2022-12-10T03:22:35.968+0000] {dag.py:3427} INFO - Setting next_dagrun for example_dag_decorator to None, run_after=None
[2022-12-10T03:22:35.998+0000] {processor.py:175} INFO - Processing /home/airflow/.local/lib/python3.7/site-packages/airflow/example_dags/example_dag_decorator.py took 0.258 seconds
[2022-12-10T03:23:06.424+0000] {processor.py:153} INFO - Started process (PID=509) to work on /home/airflow/.local/lib/python3.7/site-packages/airflow/example_dags/example_dag_decorator.py
[2022-12-10T03:23:06.425+0000] {processor.py:743} INFO - Processing file /home/airflow/.local/lib/python3.7/site-packages/airflow/example_dags/example_dag_decorator.py for tasks to queue
[2022-12-10T03:23:06.426+0000] {logging_mixin.py:137} INFO - [2022-12-10T03:23:06.426+0000] {dagbag.py:538} INFO - Filling up the DagBag from /home/airflow/.local/lib/python3.7/site-packages/airflow/example_dags/example_dag_decorator.py
[2022-12-10T03:23:06.455+0000] {logging_mixin.py:137} INFO - [2022-12-10T03:23:06.455+0000] {taskmixin.py:205} WARNING - Dependency <Task(_PythonDecoratedOperator): prepare_email>, send_email already registered for DAG: example_dag_decorator
[2022-12-10T03:23:06.456+0000] {logging_mixin.py:137} INFO - [2022-12-10T03:23:06.456+0000] {taskmixin.py:205} WARNING - Dependency <Task(EmailOperator): send_email>, prepare_email already registered for DAG: example_dag_decorator
[2022-12-10T03:23:06.479+0000] {processor.py:753} INFO - DAG(s) dict_keys(['example_dag_decorator']) retrieved from /home/airflow/.local/lib/python3.7/site-packages/airflow/example_dags/example_dag_decorator.py
[2022-12-10T03:23:06.631+0000] {logging_mixin.py:137} INFO - [2022-12-10T03:23:06.631+0000] {dag.py:2676} INFO - Sync 1 DAGs
[2022-12-10T03:23:06.673+0000] {logging_mixin.py:137} INFO - [2022-12-10T03:23:06.673+0000] {dag.py:3427} INFO - Setting next_dagrun for example_dag_decorator to None, run_after=None
[2022-12-10T03:23:06.708+0000] {processor.py:175} INFO - Processing /home/airflow/.local/lib/python3.7/site-packages/airflow/example_dags/example_dag_decorator.py took 0.287 seconds
[2022-12-10T03:23:36.991+0000] {processor.py:153} INFO - Started process (PID=585) to work on /home/airflow/.local/lib/python3.7/site-packages/airflow/example_dags/example_dag_decorator.py
[2022-12-10T03:23:36.993+0000] {processor.py:743} INFO - Processing file /home/airflow/.local/lib/python3.7/site-packages/airflow/example_dags/example_dag_decorator.py for tasks to queue
[2022-12-10T03:23:36.994+0000] {logging_mixin.py:137} INFO - [2022-12-10T03:23:36.994+0000] {dagbag.py:538} INFO - Filling up the DagBag from /home/airflow/.local/lib/python3.7/site-packages/airflow/example_dags/example_dag_decorator.py
[2022-12-10T03:23:37.027+0000] {logging_mixin.py:137} INFO - [2022-12-10T03:23:37.026+0000] {taskmixin.py:205} WARNING - Dependency <Task(_PythonDecoratedOperator): prepare_email>, send_email already registered for DAG: example_dag_decorator
[2022-12-10T03:23:37.027+0000] {logging_mixin.py:137} INFO - [2022-12-10T03:23:37.027+0000] {taskmixin.py:205} WARNING - Dependency <Task(EmailOperator): send_email>, prepare_email already registered for DAG: example_dag_decorator
[2022-12-10T03:23:37.049+0000] {processor.py:753} INFO - DAG(s) dict_keys(['example_dag_decorator']) retrieved from /home/airflow/.local/lib/python3.7/site-packages/airflow/example_dags/example_dag_decorator.py
[2022-12-10T03:23:37.208+0000] {logging_mixin.py:137} INFO - [2022-12-10T03:23:37.208+0000] {dag.py:2676} INFO - Sync 1 DAGs
[2022-12-10T03:23:37.253+0000] {logging_mixin.py:137} INFO - [2022-12-10T03:23:37.253+0000] {dag.py:3427} INFO - Setting next_dagrun for example_dag_decorator to None, run_after=None
[2022-12-10T03:23:37.294+0000] {processor.py:175} INFO - Processing /home/airflow/.local/lib/python3.7/site-packages/airflow/example_dags/example_dag_decorator.py took 0.306 seconds
[2022-12-10T03:24:07.322+0000] {processor.py:153} INFO - Started process (PID=656) to work on /home/airflow/.local/lib/python3.7/site-packages/airflow/example_dags/example_dag_decorator.py
[2022-12-10T03:24:07.323+0000] {processor.py:743} INFO - Processing file /home/airflow/.local/lib/python3.7/site-packages/airflow/example_dags/example_dag_decorator.py for tasks to queue
[2022-12-10T03:24:07.324+0000] {logging_mixin.py:137} INFO - [2022-12-10T03:24:07.324+0000] {dagbag.py:538} INFO - Filling up the DagBag from /home/airflow/.local/lib/python3.7/site-packages/airflow/example_dags/example_dag_decorator.py
[2022-12-10T03:24:07.341+0000] {logging_mixin.py:137} INFO - [2022-12-10T03:24:07.341+0000] {taskmixin.py:205} WARNING - Dependency <Task(_PythonDecoratedOperator): prepare_email>, send_email already registered for DAG: example_dag_decorator
[2022-12-10T03:24:07.342+0000] {logging_mixin.py:137} INFO - [2022-12-10T03:24:07.342+0000] {taskmixin.py:205} WARNING - Dependency <Task(EmailOperator): send_email>, prepare_email already registered for DAG: example_dag_decorator
[2022-12-10T03:24:07.355+0000] {processor.py:753} INFO - DAG(s) dict_keys(['example_dag_decorator']) retrieved from /home/airflow/.local/lib/python3.7/site-packages/airflow/example_dags/example_dag_decorator.py
[2022-12-10T03:24:07.526+0000] {logging_mixin.py:137} INFO - [2022-12-10T03:24:07.525+0000] {dag.py:2676} INFO - Sync 1 DAGs
[2022-12-10T03:24:07.595+0000] {logging_mixin.py:137} INFO - [2022-12-10T03:24:07.595+0000] {dag.py:3427} INFO - Setting next_dagrun for example_dag_decorator to None, run_after=None
[2022-12-10T03:24:07.647+0000] {processor.py:175} INFO - Processing /home/airflow/.local/lib/python3.7/site-packages/airflow/example_dags/example_dag_decorator.py took 0.328 seconds
[2022-12-10T03:24:37.816+0000] {processor.py:153} INFO - Started process (PID=728) to work on /home/airflow/.local/lib/python3.7/site-packages/airflow/example_dags/example_dag_decorator.py
[2022-12-10T03:24:37.817+0000] {processor.py:743} INFO - Processing file /home/airflow/.local/lib/python3.7/site-packages/airflow/example_dags/example_dag_decorator.py for tasks to queue
[2022-12-10T03:24:37.819+0000] {logging_mixin.py:137} INFO - [2022-12-10T03:24:37.818+0000] {dagbag.py:538} INFO - Filling up the DagBag from /home/airflow/.local/lib/python3.7/site-packages/airflow/example_dags/example_dag_decorator.py
[2022-12-10T03:24:37.861+0000] {logging_mixin.py:137} INFO - [2022-12-10T03:24:37.860+0000] {taskmixin.py:205} WARNING - Dependency <Task(_PythonDecoratedOperator): prepare_email>, send_email already registered for DAG: example_dag_decorator
[2022-12-10T03:24:37.861+0000] {logging_mixin.py:137} INFO - [2022-12-10T03:24:37.861+0000] {taskmixin.py:205} WARNING - Dependency <Task(EmailOperator): send_email>, prepare_email already registered for DAG: example_dag_decorator
[2022-12-10T03:24:37.879+0000] {processor.py:753} INFO - DAG(s) dict_keys(['example_dag_decorator']) retrieved from /home/airflow/.local/lib/python3.7/site-packages/airflow/example_dags/example_dag_decorator.py
[2022-12-10T03:24:38.053+0000] {logging_mixin.py:137} INFO - [2022-12-10T03:24:38.052+0000] {dag.py:2676} INFO - Sync 1 DAGs
[2022-12-10T03:24:38.097+0000] {logging_mixin.py:137} INFO - [2022-12-10T03:24:38.097+0000] {dag.py:3427} INFO - Setting next_dagrun for example_dag_decorator to None, run_after=None
[2022-12-10T03:24:38.140+0000] {processor.py:175} INFO - Processing /home/airflow/.local/lib/python3.7/site-packages/airflow/example_dags/example_dag_decorator.py took 0.328 seconds
[2022-12-10T03:25:08.832+0000] {processor.py:153} INFO - Started process (PID=815) to work on /home/airflow/.local/lib/python3.7/site-packages/airflow/example_dags/example_dag_decorator.py
[2022-12-10T03:25:08.833+0000] {processor.py:743} INFO - Processing file /home/airflow/.local/lib/python3.7/site-packages/airflow/example_dags/example_dag_decorator.py for tasks to queue
[2022-12-10T03:25:08.834+0000] {logging_mixin.py:137} INFO - [2022-12-10T03:25:08.834+0000] {dagbag.py:538} INFO - Filling up the DagBag from /home/airflow/.local/lib/python3.7/site-packages/airflow/example_dags/example_dag_decorator.py
[2022-12-10T03:25:08.858+0000] {logging_mixin.py:137} INFO - [2022-12-10T03:25:08.857+0000] {taskmixin.py:205} WARNING - Dependency <Task(_PythonDecoratedOperator): prepare_email>, send_email already registered for DAG: example_dag_decorator
[2022-12-10T03:25:08.858+0000] {logging_mixin.py:137} INFO - [2022-12-10T03:25:08.858+0000] {taskmixin.py:205} WARNING - Dependency <Task(EmailOperator): send_email>, prepare_email already registered for DAG: example_dag_decorator
[2022-12-10T03:25:08.874+0000] {processor.py:753} INFO - DAG(s) dict_keys(['example_dag_decorator']) retrieved from /home/airflow/.local/lib/python3.7/site-packages/airflow/example_dags/example_dag_decorator.py
[2022-12-10T03:25:09.001+0000] {logging_mixin.py:137} INFO - [2022-12-10T03:25:09.000+0000] {dag.py:2676} INFO - Sync 1 DAGs
[2022-12-10T03:25:09.038+0000] {logging_mixin.py:137} INFO - [2022-12-10T03:25:09.038+0000] {dag.py:3427} INFO - Setting next_dagrun for example_dag_decorator to None, run_after=None
[2022-12-10T03:25:09.075+0000] {processor.py:175} INFO - Processing /home/airflow/.local/lib/python3.7/site-packages/airflow/example_dags/example_dag_decorator.py took 0.247 seconds
