[2022-12-10T03:20:01.134+0000] {processor.py:153} INFO - Started process (PID=67) to work on /home/airflow/.local/lib/python3.7/site-packages/airflow/example_dags/example_datasets.py
[2022-12-10T03:20:01.136+0000] {processor.py:743} INFO - Processing file /home/airflow/.local/lib/python3.7/site-packages/airflow/example_dags/example_datasets.py for tasks to queue
[2022-12-10T03:20:01.137+0000] {logging_mixin.py:137} INFO - [2022-12-10T03:20:01.137+0000] {dagbag.py:538} INFO - Filling up the DagBag from /home/airflow/.local/lib/python3.7/site-packages/airflow/example_dags/example_datasets.py
[2022-12-10T03:20:01.176+0000] {processor.py:753} INFO - DAG(s) dict_keys(['dataset_produces_1', 'dataset_consumes_1_and_2', 'dataset_produces_2', 'dataset_consumes_1_never_scheduled', 'dataset_consumes_unknown_never_scheduled', 'dataset_consumes_1']) retrieved from /home/airflow/.local/lib/python3.7/site-packages/airflow/example_dags/example_datasets.py
[2022-12-10T03:20:01.379+0000] {logging_mixin.py:137} INFO - [2022-12-10T03:20:01.379+0000] {dag.py:2676} INFO - Sync 6 DAGs
[2022-12-10T03:20:01.425+0000] {logging_mixin.py:137} INFO - [2022-12-10T03:20:01.424+0000] {dag.py:3427} INFO - Setting next_dagrun for dataset_consumes_1 to None, run_after=None
[2022-12-10T03:20:01.431+0000] {logging_mixin.py:137} INFO - [2022-12-10T03:20:01.430+0000] {dag.py:3427} INFO - Setting next_dagrun for dataset_consumes_1_and_2 to None, run_after=None
[2022-12-10T03:20:01.433+0000] {logging_mixin.py:137} INFO - [2022-12-10T03:20:01.433+0000] {dag.py:3427} INFO - Setting next_dagrun for dataset_consumes_1_never_scheduled to None, run_after=None
[2022-12-10T03:20:01.436+0000] {logging_mixin.py:137} INFO - [2022-12-10T03:20:01.436+0000] {dag.py:3427} INFO - Setting next_dagrun for dataset_consumes_unknown_never_scheduled to None, run_after=None
[2022-12-10T03:20:01.441+0000] {logging_mixin.py:137} INFO - [2022-12-10T03:20:01.441+0000] {dag.py:3427} INFO - Setting next_dagrun for dataset_produces_1 to 2022-12-09T00:00:00+00:00, run_after=2022-12-10T00:00:00+00:00
[2022-12-10T03:20:01.443+0000] {logging_mixin.py:137} INFO - [2022-12-10T03:20:01.443+0000] {dag.py:3427} INFO - Setting next_dagrun for dataset_produces_2 to None, run_after=None
[2022-12-10T03:20:01.518+0000] {processor.py:175} INFO - Processing /home/airflow/.local/lib/python3.7/site-packages/airflow/example_dags/example_datasets.py took 0.389 seconds
[2022-12-10T03:20:32.216+0000] {processor.py:153} INFO - Started process (PID=138) to work on /home/airflow/.local/lib/python3.7/site-packages/airflow/example_dags/example_datasets.py
[2022-12-10T03:20:32.217+0000] {processor.py:743} INFO - Processing file /home/airflow/.local/lib/python3.7/site-packages/airflow/example_dags/example_datasets.py for tasks to queue
[2022-12-10T03:20:32.218+0000] {logging_mixin.py:137} INFO - [2022-12-10T03:20:32.218+0000] {dagbag.py:538} INFO - Filling up the DagBag from /home/airflow/.local/lib/python3.7/site-packages/airflow/example_dags/example_datasets.py
[2022-12-10T03:20:32.233+0000] {processor.py:753} INFO - DAG(s) dict_keys(['dataset_consumes_1_and_2', 'dataset_produces_2', 'dataset_consumes_1_never_scheduled', 'dataset_consumes_unknown_never_scheduled', 'dataset_produces_1', 'dataset_consumes_1']) retrieved from /home/airflow/.local/lib/python3.7/site-packages/airflow/example_dags/example_datasets.py
[2022-12-10T03:20:32.292+0000] {logging_mixin.py:137} INFO - [2022-12-10T03:20:32.292+0000] {dag.py:2676} INFO - Sync 6 DAGs
[2022-12-10T03:20:32.320+0000] {logging_mixin.py:137} INFO - [2022-12-10T03:20:32.320+0000] {dag.py:3427} INFO - Setting next_dagrun for dataset_consumes_1 to None, run_after=None
[2022-12-10T03:20:32.326+0000] {logging_mixin.py:137} INFO - [2022-12-10T03:20:32.326+0000] {dag.py:3427} INFO - Setting next_dagrun for dataset_consumes_1_and_2 to None, run_after=None
[2022-12-10T03:20:32.328+0000] {logging_mixin.py:137} INFO - [2022-12-10T03:20:32.328+0000] {dag.py:3427} INFO - Setting next_dagrun for dataset_consumes_1_never_scheduled to None, run_after=None
[2022-12-10T03:20:32.330+0000] {logging_mixin.py:137} INFO - [2022-12-10T03:20:32.330+0000] {dag.py:3427} INFO - Setting next_dagrun for dataset_consumes_unknown_never_scheduled to None, run_after=None
[2022-12-10T03:20:32.334+0000] {logging_mixin.py:137} INFO - [2022-12-10T03:20:32.334+0000] {dag.py:3427} INFO - Setting next_dagrun for dataset_produces_1 to 2022-12-09T00:00:00+00:00, run_after=2022-12-10T00:00:00+00:00
[2022-12-10T03:20:32.336+0000] {logging_mixin.py:137} INFO - [2022-12-10T03:20:32.336+0000] {dag.py:3427} INFO - Setting next_dagrun for dataset_produces_2 to None, run_after=None
[2022-12-10T03:20:32.374+0000] {processor.py:175} INFO - Processing /home/airflow/.local/lib/python3.7/site-packages/airflow/example_dags/example_datasets.py took 0.161 seconds
[2022-12-10T03:21:03.422+0000] {processor.py:153} INFO - Started process (PID=209) to work on /home/airflow/.local/lib/python3.7/site-packages/airflow/example_dags/example_datasets.py
[2022-12-10T03:21:03.424+0000] {processor.py:743} INFO - Processing file /home/airflow/.local/lib/python3.7/site-packages/airflow/example_dags/example_datasets.py for tasks to queue
[2022-12-10T03:21:03.426+0000] {logging_mixin.py:137} INFO - [2022-12-10T03:21:03.426+0000] {dagbag.py:538} INFO - Filling up the DagBag from /home/airflow/.local/lib/python3.7/site-packages/airflow/example_dags/example_datasets.py
[2022-12-10T03:21:03.457+0000] {processor.py:753} INFO - DAG(s) dict_keys(['dataset_consumes_unknown_never_scheduled', 'dataset_produces_2', 'dataset_produces_1', 'dataset_consumes_1_and_2', 'dataset_consumes_1', 'dataset_consumes_1_never_scheduled']) retrieved from /home/airflow/.local/lib/python3.7/site-packages/airflow/example_dags/example_datasets.py
[2022-12-10T03:21:03.593+0000] {logging_mixin.py:137} INFO - [2022-12-10T03:21:03.592+0000] {dag.py:2676} INFO - Sync 6 DAGs
[2022-12-10T03:21:03.663+0000] {logging_mixin.py:137} INFO - [2022-12-10T03:21:03.663+0000] {dag.py:3427} INFO - Setting next_dagrun for dataset_consumes_1 to None, run_after=None
[2022-12-10T03:21:03.675+0000] {logging_mixin.py:137} INFO - [2022-12-10T03:21:03.675+0000] {dag.py:3427} INFO - Setting next_dagrun for dataset_consumes_1_and_2 to None, run_after=None
[2022-12-10T03:21:03.678+0000] {logging_mixin.py:137} INFO - [2022-12-10T03:21:03.678+0000] {dag.py:3427} INFO - Setting next_dagrun for dataset_consumes_1_never_scheduled to None, run_after=None
[2022-12-10T03:21:03.681+0000] {logging_mixin.py:137} INFO - [2022-12-10T03:21:03.681+0000] {dag.py:3427} INFO - Setting next_dagrun for dataset_consumes_unknown_never_scheduled to None, run_after=None
[2022-12-10T03:21:03.694+0000] {logging_mixin.py:137} INFO - [2022-12-10T03:21:03.693+0000] {dag.py:3427} INFO - Setting next_dagrun for dataset_produces_1 to 2022-12-09T00:00:00+00:00, run_after=2022-12-10T00:00:00+00:00
[2022-12-10T03:21:03.699+0000] {logging_mixin.py:137} INFO - [2022-12-10T03:21:03.698+0000] {dag.py:3427} INFO - Setting next_dagrun for dataset_produces_2 to None, run_after=None
[2022-12-10T03:21:03.847+0000] {processor.py:175} INFO - Processing /home/airflow/.local/lib/python3.7/site-packages/airflow/example_dags/example_datasets.py took 0.431 seconds
[2022-12-10T03:21:33.972+0000] {processor.py:153} INFO - Started process (PID=280) to work on /home/airflow/.local/lib/python3.7/site-packages/airflow/example_dags/example_datasets.py
[2022-12-10T03:21:33.973+0000] {processor.py:743} INFO - Processing file /home/airflow/.local/lib/python3.7/site-packages/airflow/example_dags/example_datasets.py for tasks to queue
[2022-12-10T03:21:33.975+0000] {logging_mixin.py:137} INFO - [2022-12-10T03:21:33.975+0000] {dagbag.py:538} INFO - Filling up the DagBag from /home/airflow/.local/lib/python3.7/site-packages/airflow/example_dags/example_datasets.py
[2022-12-10T03:21:34.009+0000] {processor.py:753} INFO - DAG(s) dict_keys(['dataset_produces_1', 'dataset_consumes_1_never_scheduled', 'dataset_produces_2', 'dataset_consumes_unknown_never_scheduled', 'dataset_consumes_1', 'dataset_consumes_1_and_2']) retrieved from /home/airflow/.local/lib/python3.7/site-packages/airflow/example_dags/example_datasets.py
[2022-12-10T03:21:34.110+0000] {logging_mixin.py:137} INFO - [2022-12-10T03:21:34.109+0000] {dag.py:2676} INFO - Sync 6 DAGs
[2022-12-10T03:21:34.152+0000] {logging_mixin.py:137} INFO - [2022-12-10T03:21:34.152+0000] {dag.py:3427} INFO - Setting next_dagrun for dataset_consumes_1 to None, run_after=None
[2022-12-10T03:21:34.158+0000] {logging_mixin.py:137} INFO - [2022-12-10T03:21:34.158+0000] {dag.py:3427} INFO - Setting next_dagrun for dataset_consumes_1_and_2 to None, run_after=None
[2022-12-10T03:21:34.160+0000] {logging_mixin.py:137} INFO - [2022-12-10T03:21:34.160+0000] {dag.py:3427} INFO - Setting next_dagrun for dataset_consumes_1_never_scheduled to None, run_after=None
[2022-12-10T03:21:34.163+0000] {logging_mixin.py:137} INFO - [2022-12-10T03:21:34.163+0000] {dag.py:3427} INFO - Setting next_dagrun for dataset_consumes_unknown_never_scheduled to None, run_after=None
[2022-12-10T03:21:34.168+0000] {logging_mixin.py:137} INFO - [2022-12-10T03:21:34.168+0000] {dag.py:3427} INFO - Setting next_dagrun for dataset_produces_1 to 2022-12-09T00:00:00+00:00, run_after=2022-12-10T00:00:00+00:00
[2022-12-10T03:21:34.170+0000] {logging_mixin.py:137} INFO - [2022-12-10T03:21:34.170+0000] {dag.py:3427} INFO - Setting next_dagrun for dataset_produces_2 to None, run_after=None
[2022-12-10T03:21:34.225+0000] {processor.py:175} INFO - Processing /home/airflow/.local/lib/python3.7/site-packages/airflow/example_dags/example_datasets.py took 0.261 seconds
[2022-12-10T03:22:04.895+0000] {processor.py:153} INFO - Started process (PID=361) to work on /home/airflow/.local/lib/python3.7/site-packages/airflow/example_dags/example_datasets.py
[2022-12-10T03:22:04.897+0000] {processor.py:743} INFO - Processing file /home/airflow/.local/lib/python3.7/site-packages/airflow/example_dags/example_datasets.py for tasks to queue
[2022-12-10T03:22:04.898+0000] {logging_mixin.py:137} INFO - [2022-12-10T03:22:04.898+0000] {dagbag.py:538} INFO - Filling up the DagBag from /home/airflow/.local/lib/python3.7/site-packages/airflow/example_dags/example_datasets.py
[2022-12-10T03:22:04.925+0000] {processor.py:753} INFO - DAG(s) dict_keys(['dataset_consumes_1', 'dataset_produces_1', 'dataset_consumes_1_and_2', 'dataset_produces_2', 'dataset_consumes_1_never_scheduled', 'dataset_consumes_unknown_never_scheduled']) retrieved from /home/airflow/.local/lib/python3.7/site-packages/airflow/example_dags/example_datasets.py
[2022-12-10T03:22:05.020+0000] {logging_mixin.py:137} INFO - [2022-12-10T03:22:05.020+0000] {dag.py:2676} INFO - Sync 6 DAGs
[2022-12-10T03:22:05.091+0000] {logging_mixin.py:137} INFO - [2022-12-10T03:22:05.090+0000] {dag.py:3427} INFO - Setting next_dagrun for dataset_consumes_1 to None, run_after=None
[2022-12-10T03:22:05.100+0000] {logging_mixin.py:137} INFO - [2022-12-10T03:22:05.100+0000] {dag.py:3427} INFO - Setting next_dagrun for dataset_consumes_1_and_2 to None, run_after=None
[2022-12-10T03:22:05.104+0000] {logging_mixin.py:137} INFO - [2022-12-10T03:22:05.104+0000] {dag.py:3427} INFO - Setting next_dagrun for dataset_consumes_1_never_scheduled to None, run_after=None
[2022-12-10T03:22:05.108+0000] {logging_mixin.py:137} INFO - [2022-12-10T03:22:05.108+0000] {dag.py:3427} INFO - Setting next_dagrun for dataset_consumes_unknown_never_scheduled to None, run_after=None
[2022-12-10T03:22:05.115+0000] {logging_mixin.py:137} INFO - [2022-12-10T03:22:05.115+0000] {dag.py:3427} INFO - Setting next_dagrun for dataset_produces_1 to 2022-12-09T00:00:00+00:00, run_after=2022-12-10T00:00:00+00:00
[2022-12-10T03:22:05.119+0000] {logging_mixin.py:137} INFO - [2022-12-10T03:22:05.118+0000] {dag.py:3427} INFO - Setting next_dagrun for dataset_produces_2 to None, run_after=None
[2022-12-10T03:22:05.185+0000] {processor.py:175} INFO - Processing /home/airflow/.local/lib/python3.7/site-packages/airflow/example_dags/example_datasets.py took 0.294 seconds
[2022-12-10T03:22:35.744+0000] {processor.py:153} INFO - Started process (PID=439) to work on /home/airflow/.local/lib/python3.7/site-packages/airflow/example_dags/example_datasets.py
[2022-12-10T03:22:35.745+0000] {processor.py:743} INFO - Processing file /home/airflow/.local/lib/python3.7/site-packages/airflow/example_dags/example_datasets.py for tasks to queue
[2022-12-10T03:22:35.746+0000] {logging_mixin.py:137} INFO - [2022-12-10T03:22:35.746+0000] {dagbag.py:538} INFO - Filling up the DagBag from /home/airflow/.local/lib/python3.7/site-packages/airflow/example_dags/example_datasets.py
[2022-12-10T03:22:35.770+0000] {processor.py:753} INFO - DAG(s) dict_keys(['dataset_consumes_1_and_2', 'dataset_produces_1', 'dataset_consumes_1_never_scheduled', 'dataset_produces_2', 'dataset_consumes_unknown_never_scheduled', 'dataset_consumes_1']) retrieved from /home/airflow/.local/lib/python3.7/site-packages/airflow/example_dags/example_datasets.py
[2022-12-10T03:22:35.845+0000] {logging_mixin.py:137} INFO - [2022-12-10T03:22:35.845+0000] {dag.py:2676} INFO - Sync 6 DAGs
[2022-12-10T03:22:35.897+0000] {logging_mixin.py:137} INFO - [2022-12-10T03:22:35.897+0000] {dag.py:3427} INFO - Setting next_dagrun for dataset_consumes_1 to None, run_after=None
[2022-12-10T03:22:35.904+0000] {logging_mixin.py:137} INFO - [2022-12-10T03:22:35.903+0000] {dag.py:3427} INFO - Setting next_dagrun for dataset_consumes_1_and_2 to None, run_after=None
[2022-12-10T03:22:35.906+0000] {logging_mixin.py:137} INFO - [2022-12-10T03:22:35.906+0000] {dag.py:3427} INFO - Setting next_dagrun for dataset_consumes_1_never_scheduled to None, run_after=None
[2022-12-10T03:22:35.909+0000] {logging_mixin.py:137} INFO - [2022-12-10T03:22:35.909+0000] {dag.py:3427} INFO - Setting next_dagrun for dataset_consumes_unknown_never_scheduled to None, run_after=None
[2022-12-10T03:22:35.914+0000] {logging_mixin.py:137} INFO - [2022-12-10T03:22:35.914+0000] {dag.py:3427} INFO - Setting next_dagrun for dataset_produces_1 to 2022-12-09T00:00:00+00:00, run_after=2022-12-10T00:00:00+00:00
[2022-12-10T03:22:35.917+0000] {logging_mixin.py:137} INFO - [2022-12-10T03:22:35.917+0000] {dag.py:3427} INFO - Setting next_dagrun for dataset_produces_2 to None, run_after=None
[2022-12-10T03:22:35.978+0000] {processor.py:175} INFO - Processing /home/airflow/.local/lib/python3.7/site-packages/airflow/example_dags/example_datasets.py took 0.238 seconds
[2022-12-10T03:23:06.426+0000] {processor.py:153} INFO - Started process (PID=510) to work on /home/airflow/.local/lib/python3.7/site-packages/airflow/example_dags/example_datasets.py
[2022-12-10T03:23:06.427+0000] {processor.py:743} INFO - Processing file /home/airflow/.local/lib/python3.7/site-packages/airflow/example_dags/example_datasets.py for tasks to queue
[2022-12-10T03:23:06.428+0000] {logging_mixin.py:137} INFO - [2022-12-10T03:23:06.428+0000] {dagbag.py:538} INFO - Filling up the DagBag from /home/airflow/.local/lib/python3.7/site-packages/airflow/example_dags/example_datasets.py
[2022-12-10T03:23:06.457+0000] {processor.py:753} INFO - DAG(s) dict_keys(['dataset_consumes_1_never_scheduled', 'dataset_produces_1', 'dataset_produces_2', 'dataset_consumes_1_and_2', 'dataset_consumes_unknown_never_scheduled', 'dataset_consumes_1']) retrieved from /home/airflow/.local/lib/python3.7/site-packages/airflow/example_dags/example_datasets.py
[2022-12-10T03:23:06.552+0000] {logging_mixin.py:137} INFO - [2022-12-10T03:23:06.551+0000] {dag.py:2676} INFO - Sync 6 DAGs
[2022-12-10T03:23:06.604+0000] {logging_mixin.py:137} INFO - [2022-12-10T03:23:06.604+0000] {dag.py:3427} INFO - Setting next_dagrun for dataset_consumes_1 to None, run_after=None
[2022-12-10T03:23:06.610+0000] {logging_mixin.py:137} INFO - [2022-12-10T03:23:06.610+0000] {dag.py:3427} INFO - Setting next_dagrun for dataset_consumes_1_and_2 to None, run_after=None
[2022-12-10T03:23:06.613+0000] {logging_mixin.py:137} INFO - [2022-12-10T03:23:06.612+0000] {dag.py:3427} INFO - Setting next_dagrun for dataset_consumes_1_never_scheduled to None, run_after=None
[2022-12-10T03:23:06.615+0000] {logging_mixin.py:137} INFO - [2022-12-10T03:23:06.615+0000] {dag.py:3427} INFO - Setting next_dagrun for dataset_consumes_unknown_never_scheduled to None, run_after=None
[2022-12-10T03:23:06.625+0000] {logging_mixin.py:137} INFO - [2022-12-10T03:23:06.625+0000] {dag.py:3427} INFO - Setting next_dagrun for dataset_produces_1 to 2022-12-09T00:00:00+00:00, run_after=2022-12-10T00:00:00+00:00
[2022-12-10T03:23:06.628+0000] {logging_mixin.py:137} INFO - [2022-12-10T03:23:06.628+0000] {dag.py:3427} INFO - Setting next_dagrun for dataset_produces_2 to None, run_after=None
[2022-12-10T03:23:06.695+0000] {processor.py:175} INFO - Processing /home/airflow/.local/lib/python3.7/site-packages/airflow/example_dags/example_datasets.py took 0.274 seconds
[2022-12-10T03:23:36.730+0000] {processor.py:153} INFO - Started process (PID=584) to work on /home/airflow/.local/lib/python3.7/site-packages/airflow/example_dags/example_datasets.py
[2022-12-10T03:23:36.732+0000] {processor.py:743} INFO - Processing file /home/airflow/.local/lib/python3.7/site-packages/airflow/example_dags/example_datasets.py for tasks to queue
[2022-12-10T03:23:36.733+0000] {logging_mixin.py:137} INFO - [2022-12-10T03:23:36.733+0000] {dagbag.py:538} INFO - Filling up the DagBag from /home/airflow/.local/lib/python3.7/site-packages/airflow/example_dags/example_datasets.py
[2022-12-10T03:23:36.756+0000] {processor.py:753} INFO - DAG(s) dict_keys(['dataset_consumes_1_and_2', 'dataset_consumes_unknown_never_scheduled', 'dataset_consumes_1_never_scheduled', 'dataset_produces_1', 'dataset_consumes_1', 'dataset_produces_2']) retrieved from /home/airflow/.local/lib/python3.7/site-packages/airflow/example_dags/example_datasets.py
[2022-12-10T03:23:36.840+0000] {logging_mixin.py:137} INFO - [2022-12-10T03:23:36.840+0000] {dag.py:2676} INFO - Sync 6 DAGs
[2022-12-10T03:23:36.882+0000] {logging_mixin.py:137} INFO - [2022-12-10T03:23:36.882+0000] {dag.py:3427} INFO - Setting next_dagrun for dataset_consumes_1 to None, run_after=None
[2022-12-10T03:23:36.887+0000] {logging_mixin.py:137} INFO - [2022-12-10T03:23:36.887+0000] {dag.py:3427} INFO - Setting next_dagrun for dataset_consumes_1_and_2 to None, run_after=None
[2022-12-10T03:23:36.889+0000] {logging_mixin.py:137} INFO - [2022-12-10T03:23:36.889+0000] {dag.py:3427} INFO - Setting next_dagrun for dataset_consumes_1_never_scheduled to None, run_after=None
[2022-12-10T03:23:36.891+0000] {logging_mixin.py:137} INFO - [2022-12-10T03:23:36.891+0000] {dag.py:3427} INFO - Setting next_dagrun for dataset_consumes_unknown_never_scheduled to None, run_after=None
[2022-12-10T03:23:36.896+0000] {logging_mixin.py:137} INFO - [2022-12-10T03:23:36.896+0000] {dag.py:3427} INFO - Setting next_dagrun for dataset_produces_1 to 2022-12-09T00:00:00+00:00, run_after=2022-12-10T00:00:00+00:00
[2022-12-10T03:23:36.898+0000] {logging_mixin.py:137} INFO - [2022-12-10T03:23:36.898+0000] {dag.py:3427} INFO - Setting next_dagrun for dataset_produces_2 to None, run_after=None
[2022-12-10T03:23:36.954+0000] {processor.py:175} INFO - Processing /home/airflow/.local/lib/python3.7/site-packages/airflow/example_dags/example_datasets.py took 0.228 seconds
[2022-12-10T03:24:07.089+0000] {processor.py:153} INFO - Started process (PID=655) to work on /home/airflow/.local/lib/python3.7/site-packages/airflow/example_dags/example_datasets.py
[2022-12-10T03:24:07.091+0000] {processor.py:743} INFO - Processing file /home/airflow/.local/lib/python3.7/site-packages/airflow/example_dags/example_datasets.py for tasks to queue
[2022-12-10T03:24:07.093+0000] {logging_mixin.py:137} INFO - [2022-12-10T03:24:07.093+0000] {dagbag.py:538} INFO - Filling up the DagBag from /home/airflow/.local/lib/python3.7/site-packages/airflow/example_dags/example_datasets.py
[2022-12-10T03:24:07.114+0000] {processor.py:753} INFO - DAG(s) dict_keys(['dataset_consumes_1', 'dataset_produces_2', 'dataset_consumes_1_never_scheduled', 'dataset_consumes_unknown_never_scheduled', 'dataset_produces_1', 'dataset_consumes_1_and_2']) retrieved from /home/airflow/.local/lib/python3.7/site-packages/airflow/example_dags/example_datasets.py
[2022-12-10T03:24:07.182+0000] {logging_mixin.py:137} INFO - [2022-12-10T03:24:07.182+0000] {dag.py:2676} INFO - Sync 6 DAGs
[2022-12-10T03:24:07.214+0000] {logging_mixin.py:137} INFO - [2022-12-10T03:24:07.214+0000] {dag.py:3427} INFO - Setting next_dagrun for dataset_consumes_1 to None, run_after=None
[2022-12-10T03:24:07.219+0000] {logging_mixin.py:137} INFO - [2022-12-10T03:24:07.219+0000] {dag.py:3427} INFO - Setting next_dagrun for dataset_consumes_1_and_2 to None, run_after=None
[2022-12-10T03:24:07.221+0000] {logging_mixin.py:137} INFO - [2022-12-10T03:24:07.221+0000] {dag.py:3427} INFO - Setting next_dagrun for dataset_consumes_1_never_scheduled to None, run_after=None
[2022-12-10T03:24:07.224+0000] {logging_mixin.py:137} INFO - [2022-12-10T03:24:07.224+0000] {dag.py:3427} INFO - Setting next_dagrun for dataset_consumes_unknown_never_scheduled to None, run_after=None
[2022-12-10T03:24:07.228+0000] {logging_mixin.py:137} INFO - [2022-12-10T03:24:07.228+0000] {dag.py:3427} INFO - Setting next_dagrun for dataset_produces_1 to 2022-12-09T00:00:00+00:00, run_after=2022-12-10T00:00:00+00:00
[2022-12-10T03:24:07.230+0000] {logging_mixin.py:137} INFO - [2022-12-10T03:24:07.230+0000] {dag.py:3427} INFO - Setting next_dagrun for dataset_produces_2 to None, run_after=None
[2022-12-10T03:24:07.289+0000] {processor.py:175} INFO - Processing /home/airflow/.local/lib/python3.7/site-packages/airflow/example_dags/example_datasets.py took 0.205 seconds
[2022-12-10T03:24:37.432+0000] {processor.py:153} INFO - Started process (PID=727) to work on /home/airflow/.local/lib/python3.7/site-packages/airflow/example_dags/example_datasets.py
[2022-12-10T03:24:37.434+0000] {processor.py:743} INFO - Processing file /home/airflow/.local/lib/python3.7/site-packages/airflow/example_dags/example_datasets.py for tasks to queue
[2022-12-10T03:24:37.436+0000] {logging_mixin.py:137} INFO - [2022-12-10T03:24:37.435+0000] {dagbag.py:538} INFO - Filling up the DagBag from /home/airflow/.local/lib/python3.7/site-packages/airflow/example_dags/example_datasets.py
[2022-12-10T03:24:37.456+0000] {processor.py:753} INFO - DAG(s) dict_keys(['dataset_consumes_1', 'dataset_consumes_1_and_2', 'dataset_produces_1', 'dataset_consumes_unknown_never_scheduled', 'dataset_produces_2', 'dataset_consumes_1_never_scheduled']) retrieved from /home/airflow/.local/lib/python3.7/site-packages/airflow/example_dags/example_datasets.py
[2022-12-10T03:24:37.539+0000] {logging_mixin.py:137} INFO - [2022-12-10T03:24:37.539+0000] {dag.py:2676} INFO - Sync 6 DAGs
[2022-12-10T03:24:37.580+0000] {logging_mixin.py:137} INFO - [2022-12-10T03:24:37.580+0000] {dag.py:3427} INFO - Setting next_dagrun for dataset_consumes_1 to None, run_after=None
[2022-12-10T03:24:37.585+0000] {logging_mixin.py:137} INFO - [2022-12-10T03:24:37.584+0000] {dag.py:3427} INFO - Setting next_dagrun for dataset_consumes_1_and_2 to None, run_after=None
[2022-12-10T03:24:37.589+0000] {logging_mixin.py:137} INFO - [2022-12-10T03:24:37.589+0000] {dag.py:3427} INFO - Setting next_dagrun for dataset_consumes_1_never_scheduled to None, run_after=None
[2022-12-10T03:24:37.593+0000] {logging_mixin.py:137} INFO - [2022-12-10T03:24:37.592+0000] {dag.py:3427} INFO - Setting next_dagrun for dataset_consumes_unknown_never_scheduled to None, run_after=None
[2022-12-10T03:24:37.597+0000] {logging_mixin.py:137} INFO - [2022-12-10T03:24:37.597+0000] {dag.py:3427} INFO - Setting next_dagrun for dataset_produces_1 to 2022-12-09T00:00:00+00:00, run_after=2022-12-10T00:00:00+00:00
[2022-12-10T03:24:37.598+0000] {logging_mixin.py:137} INFO - [2022-12-10T03:24:37.598+0000] {dag.py:3427} INFO - Setting next_dagrun for dataset_produces_2 to None, run_after=None
[2022-12-10T03:24:37.682+0000] {processor.py:175} INFO - Processing /home/airflow/.local/lib/python3.7/site-packages/airflow/example_dags/example_datasets.py took 0.256 seconds
[2022-12-10T03:25:07.824+0000] {processor.py:153} INFO - Started process (PID=807) to work on /home/airflow/.local/lib/python3.7/site-packages/airflow/example_dags/example_datasets.py
[2022-12-10T03:25:07.825+0000] {processor.py:743} INFO - Processing file /home/airflow/.local/lib/python3.7/site-packages/airflow/example_dags/example_datasets.py for tasks to queue
[2022-12-10T03:25:07.826+0000] {logging_mixin.py:137} INFO - [2022-12-10T03:25:07.826+0000] {dagbag.py:538} INFO - Filling up the DagBag from /home/airflow/.local/lib/python3.7/site-packages/airflow/example_dags/example_datasets.py
[2022-12-10T03:25:07.849+0000] {processor.py:753} INFO - DAG(s) dict_keys(['dataset_produces_1', 'dataset_consumes_1_and_2', 'dataset_consumes_unknown_never_scheduled', 'dataset_consumes_1', 'dataset_produces_2', 'dataset_consumes_1_never_scheduled']) retrieved from /home/airflow/.local/lib/python3.7/site-packages/airflow/example_dags/example_datasets.py
[2022-12-10T03:25:07.933+0000] {logging_mixin.py:137} INFO - [2022-12-10T03:25:07.932+0000] {dag.py:2676} INFO - Sync 6 DAGs
[2022-12-10T03:25:07.985+0000] {logging_mixin.py:137} INFO - [2022-12-10T03:25:07.985+0000] {dag.py:3427} INFO - Setting next_dagrun for dataset_consumes_1 to None, run_after=None
[2022-12-10T03:25:07.992+0000] {logging_mixin.py:137} INFO - [2022-12-10T03:25:07.991+0000] {dag.py:3427} INFO - Setting next_dagrun for dataset_consumes_1_and_2 to None, run_after=None
[2022-12-10T03:25:07.994+0000] {logging_mixin.py:137} INFO - [2022-12-10T03:25:07.993+0000] {dag.py:3427} INFO - Setting next_dagrun for dataset_consumes_1_never_scheduled to None, run_after=None
[2022-12-10T03:25:07.995+0000] {logging_mixin.py:137} INFO - [2022-12-10T03:25:07.995+0000] {dag.py:3427} INFO - Setting next_dagrun for dataset_consumes_unknown_never_scheduled to None, run_after=None
[2022-12-10T03:25:07.999+0000] {logging_mixin.py:137} INFO - [2022-12-10T03:25:07.999+0000] {dag.py:3427} INFO - Setting next_dagrun for dataset_produces_1 to 2022-12-09T00:00:00+00:00, run_after=2022-12-10T00:00:00+00:00
[2022-12-10T03:25:08.001+0000] {logging_mixin.py:137} INFO - [2022-12-10T03:25:08.001+0000] {dag.py:3427} INFO - Setting next_dagrun for dataset_produces_2 to None, run_after=None
[2022-12-10T03:25:08.043+0000] {processor.py:175} INFO - Processing /home/airflow/.local/lib/python3.7/site-packages/airflow/example_dags/example_datasets.py took 0.224 seconds
