[2022-12-10T03:20:09.576+0000] {processor.py:153} INFO - Started process (PID=100) to work on /home/airflow/.local/lib/python3.7/site-packages/airflow/example_dags/example_subdag_operator.py
[2022-12-10T03:20:09.578+0000] {processor.py:743} INFO - Processing file /home/airflow/.local/lib/python3.7/site-packages/airflow/example_dags/example_subdag_operator.py for tasks to queue
[2022-12-10T03:20:09.579+0000] {logging_mixin.py:137} INFO - [2022-12-10T03:20:09.579+0000] {dagbag.py:538} INFO - Filling up the DagBag from /home/airflow/.local/lib/python3.7/site-packages/airflow/example_dags/example_subdag_operator.py
[2022-12-10T03:20:09.644+0000] {processor.py:753} INFO - DAG(s) dict_keys(['example_subdag_operator.section-1', 'example_subdag_operator.section-2', 'example_subdag_operator']) retrieved from /home/airflow/.local/lib/python3.7/site-packages/airflow/example_dags/example_subdag_operator.py
[2022-12-10T03:20:09.708+0000] {logging_mixin.py:137} INFO - [2022-12-10T03:20:09.707+0000] {dag.py:2676} INFO - Sync 3 DAGs
[2022-12-10T03:20:09.763+0000] {logging_mixin.py:137} INFO - [2022-12-10T03:20:09.763+0000] {dag.py:3427} INFO - Setting next_dagrun for example_subdag_operator to 2022-01-01T00:00:00+00:00, run_after=2022-01-01T00:00:00+00:00
[2022-12-10T03:20:09.771+0000] {logging_mixin.py:137} INFO - [2022-12-10T03:20:09.771+0000] {dag.py:3427} INFO - Setting next_dagrun for example_subdag_operator.section-1 to None, run_after=None
[2022-12-10T03:20:09.773+0000] {logging_mixin.py:137} INFO - [2022-12-10T03:20:09.773+0000] {dag.py:3427} INFO - Setting next_dagrun for example_subdag_operator.section-2 to None, run_after=None
[2022-12-10T03:20:09.785+0000] {logging_mixin.py:137} INFO - [2022-12-10T03:20:09.785+0000] {dag.py:2676} INFO - Sync 2 DAGs
[2022-12-10T03:20:09.798+0000] {logging_mixin.py:137} INFO - [2022-12-10T03:20:09.798+0000] {dag.py:3427} INFO - Setting next_dagrun for example_subdag_operator.section-1 to None, run_after=None
[2022-12-10T03:20:09.799+0000] {logging_mixin.py:137} INFO - [2022-12-10T03:20:09.799+0000] {dag.py:3427} INFO - Setting next_dagrun for example_subdag_operator.section-2 to None, run_after=None
[2022-12-10T03:20:09.826+0000] {processor.py:175} INFO - Processing /home/airflow/.local/lib/python3.7/site-packages/airflow/example_dags/example_subdag_operator.py took 0.255 seconds
[2022-12-10T03:20:40.681+0000] {processor.py:153} INFO - Started process (PID=179) to work on /home/airflow/.local/lib/python3.7/site-packages/airflow/example_dags/example_subdag_operator.py
[2022-12-10T03:20:40.683+0000] {processor.py:743} INFO - Processing file /home/airflow/.local/lib/python3.7/site-packages/airflow/example_dags/example_subdag_operator.py for tasks to queue
[2022-12-10T03:20:40.684+0000] {logging_mixin.py:137} INFO - [2022-12-10T03:20:40.684+0000] {dagbag.py:538} INFO - Filling up the DagBag from /home/airflow/.local/lib/python3.7/site-packages/airflow/example_dags/example_subdag_operator.py
[2022-12-10T03:20:40.738+0000] {processor.py:753} INFO - DAG(s) dict_keys(['example_subdag_operator.section-1', 'example_subdag_operator.section-2', 'example_subdag_operator']) retrieved from /home/airflow/.local/lib/python3.7/site-packages/airflow/example_dags/example_subdag_operator.py
[2022-12-10T03:20:40.799+0000] {logging_mixin.py:137} INFO - [2022-12-10T03:20:40.799+0000] {dag.py:2676} INFO - Sync 3 DAGs
[2022-12-10T03:20:40.845+0000] {logging_mixin.py:137} INFO - [2022-12-10T03:20:40.845+0000] {dag.py:3427} INFO - Setting next_dagrun for example_subdag_operator to 2022-01-01T00:00:00+00:00, run_after=2022-01-01T00:00:00+00:00
[2022-12-10T03:20:40.851+0000] {logging_mixin.py:137} INFO - [2022-12-10T03:20:40.851+0000] {dag.py:3427} INFO - Setting next_dagrun for example_subdag_operator.section-1 to None, run_after=None
[2022-12-10T03:20:40.854+0000] {logging_mixin.py:137} INFO - [2022-12-10T03:20:40.853+0000] {dag.py:3427} INFO - Setting next_dagrun for example_subdag_operator.section-2 to None, run_after=None
[2022-12-10T03:20:40.865+0000] {logging_mixin.py:137} INFO - [2022-12-10T03:20:40.865+0000] {dag.py:2676} INFO - Sync 2 DAGs
[2022-12-10T03:20:40.875+0000] {logging_mixin.py:137} INFO - [2022-12-10T03:20:40.874+0000] {dag.py:3427} INFO - Setting next_dagrun for example_subdag_operator.section-1 to None, run_after=None
[2022-12-10T03:20:40.875+0000] {logging_mixin.py:137} INFO - [2022-12-10T03:20:40.875+0000] {dag.py:3427} INFO - Setting next_dagrun for example_subdag_operator.section-2 to None, run_after=None
[2022-12-10T03:20:40.896+0000] {processor.py:175} INFO - Processing /home/airflow/.local/lib/python3.7/site-packages/airflow/example_dags/example_subdag_operator.py took 0.220 seconds
[2022-12-10T03:21:11.863+0000] {processor.py:153} INFO - Started process (PID=250) to work on /home/airflow/.local/lib/python3.7/site-packages/airflow/example_dags/example_subdag_operator.py
[2022-12-10T03:21:11.864+0000] {processor.py:743} INFO - Processing file /home/airflow/.local/lib/python3.7/site-packages/airflow/example_dags/example_subdag_operator.py for tasks to queue
[2022-12-10T03:21:11.866+0000] {logging_mixin.py:137} INFO - [2022-12-10T03:21:11.866+0000] {dagbag.py:538} INFO - Filling up the DagBag from /home/airflow/.local/lib/python3.7/site-packages/airflow/example_dags/example_subdag_operator.py
[2022-12-10T03:21:11.938+0000] {processor.py:753} INFO - DAG(s) dict_keys(['example_subdag_operator.section-1', 'example_subdag_operator.section-2', 'example_subdag_operator']) retrieved from /home/airflow/.local/lib/python3.7/site-packages/airflow/example_dags/example_subdag_operator.py
[2022-12-10T03:21:11.993+0000] {logging_mixin.py:137} INFO - [2022-12-10T03:21:11.993+0000] {dag.py:2676} INFO - Sync 3 DAGs
[2022-12-10T03:21:12.065+0000] {logging_mixin.py:137} INFO - [2022-12-10T03:21:12.065+0000] {dag.py:3427} INFO - Setting next_dagrun for example_subdag_operator to 2022-01-01T00:00:00+00:00, run_after=2022-01-01T00:00:00+00:00
[2022-12-10T03:21:12.078+0000] {logging_mixin.py:137} INFO - [2022-12-10T03:21:12.077+0000] {dag.py:3427} INFO - Setting next_dagrun for example_subdag_operator.section-1 to None, run_after=None
[2022-12-10T03:21:12.081+0000] {logging_mixin.py:137} INFO - [2022-12-10T03:21:12.081+0000] {dag.py:3427} INFO - Setting next_dagrun for example_subdag_operator.section-2 to None, run_after=None
[2022-12-10T03:21:12.095+0000] {logging_mixin.py:137} INFO - [2022-12-10T03:21:12.095+0000] {dag.py:2676} INFO - Sync 2 DAGs
[2022-12-10T03:21:12.111+0000] {logging_mixin.py:137} INFO - [2022-12-10T03:21:12.111+0000] {dag.py:3427} INFO - Setting next_dagrun for example_subdag_operator.section-1 to None, run_after=None
[2022-12-10T03:21:12.112+0000] {logging_mixin.py:137} INFO - [2022-12-10T03:21:12.112+0000] {dag.py:3427} INFO - Setting next_dagrun for example_subdag_operator.section-2 to None, run_after=None
[2022-12-10T03:21:12.150+0000] {processor.py:175} INFO - Processing /home/airflow/.local/lib/python3.7/site-packages/airflow/example_dags/example_subdag_operator.py took 0.292 seconds
[2022-12-10T03:21:43.137+0000] {processor.py:153} INFO - Started process (PID=321) to work on /home/airflow/.local/lib/python3.7/site-packages/airflow/example_dags/example_subdag_operator.py
[2022-12-10T03:21:43.138+0000] {processor.py:743} INFO - Processing file /home/airflow/.local/lib/python3.7/site-packages/airflow/example_dags/example_subdag_operator.py for tasks to queue
[2022-12-10T03:21:43.139+0000] {logging_mixin.py:137} INFO - [2022-12-10T03:21:43.139+0000] {dagbag.py:538} INFO - Filling up the DagBag from /home/airflow/.local/lib/python3.7/site-packages/airflow/example_dags/example_subdag_operator.py
[2022-12-10T03:21:43.190+0000] {processor.py:753} INFO - DAG(s) dict_keys(['example_subdag_operator.section-1', 'example_subdag_operator.section-2', 'example_subdag_operator']) retrieved from /home/airflow/.local/lib/python3.7/site-packages/airflow/example_dags/example_subdag_operator.py
[2022-12-10T03:21:43.261+0000] {logging_mixin.py:137} INFO - [2022-12-10T03:21:43.261+0000] {dag.py:2676} INFO - Sync 3 DAGs
[2022-12-10T03:21:43.327+0000] {logging_mixin.py:137} INFO - [2022-12-10T03:21:43.327+0000] {dag.py:3427} INFO - Setting next_dagrun for example_subdag_operator to 2022-01-01T00:00:00+00:00, run_after=2022-01-01T00:00:00+00:00
[2022-12-10T03:21:43.336+0000] {logging_mixin.py:137} INFO - [2022-12-10T03:21:43.336+0000] {dag.py:3427} INFO - Setting next_dagrun for example_subdag_operator.section-1 to None, run_after=None
[2022-12-10T03:21:43.343+0000] {logging_mixin.py:137} INFO - [2022-12-10T03:21:43.342+0000] {dag.py:3427} INFO - Setting next_dagrun for example_subdag_operator.section-2 to None, run_after=None
[2022-12-10T03:21:43.380+0000] {logging_mixin.py:137} INFO - [2022-12-10T03:21:43.379+0000] {dag.py:2676} INFO - Sync 2 DAGs
[2022-12-10T03:21:43.414+0000] {logging_mixin.py:137} INFO - [2022-12-10T03:21:43.413+0000] {dag.py:3427} INFO - Setting next_dagrun for example_subdag_operator.section-1 to None, run_after=None
[2022-12-10T03:21:43.417+0000] {logging_mixin.py:137} INFO - [2022-12-10T03:21:43.416+0000] {dag.py:3427} INFO - Setting next_dagrun for example_subdag_operator.section-2 to None, run_after=None
[2022-12-10T03:21:43.457+0000] {processor.py:175} INFO - Processing /home/airflow/.local/lib/python3.7/site-packages/airflow/example_dags/example_subdag_operator.py took 0.325 seconds
[2022-12-10T03:22:13.735+0000] {processor.py:153} INFO - Started process (PID=392) to work on /home/airflow/.local/lib/python3.7/site-packages/airflow/example_dags/example_subdag_operator.py
[2022-12-10T03:22:13.736+0000] {processor.py:743} INFO - Processing file /home/airflow/.local/lib/python3.7/site-packages/airflow/example_dags/example_subdag_operator.py for tasks to queue
[2022-12-10T03:22:13.737+0000] {logging_mixin.py:137} INFO - [2022-12-10T03:22:13.737+0000] {dagbag.py:538} INFO - Filling up the DagBag from /home/airflow/.local/lib/python3.7/site-packages/airflow/example_dags/example_subdag_operator.py
[2022-12-10T03:22:13.798+0000] {processor.py:753} INFO - DAG(s) dict_keys(['example_subdag_operator.section-1', 'example_subdag_operator.section-2', 'example_subdag_operator']) retrieved from /home/airflow/.local/lib/python3.7/site-packages/airflow/example_dags/example_subdag_operator.py
[2022-12-10T03:22:13.839+0000] {logging_mixin.py:137} INFO - [2022-12-10T03:22:13.839+0000] {dag.py:2676} INFO - Sync 3 DAGs
[2022-12-10T03:22:13.867+0000] {logging_mixin.py:137} INFO - [2022-12-10T03:22:13.867+0000] {dag.py:3427} INFO - Setting next_dagrun for example_subdag_operator to 2022-01-01T00:00:00+00:00, run_after=2022-01-01T00:00:00+00:00
[2022-12-10T03:22:13.871+0000] {logging_mixin.py:137} INFO - [2022-12-10T03:22:13.871+0000] {dag.py:3427} INFO - Setting next_dagrun for example_subdag_operator.section-1 to None, run_after=None
[2022-12-10T03:22:13.872+0000] {logging_mixin.py:137} INFO - [2022-12-10T03:22:13.872+0000] {dag.py:3427} INFO - Setting next_dagrun for example_subdag_operator.section-2 to None, run_after=None
[2022-12-10T03:22:13.880+0000] {logging_mixin.py:137} INFO - [2022-12-10T03:22:13.879+0000] {dag.py:2676} INFO - Sync 2 DAGs
[2022-12-10T03:22:13.887+0000] {logging_mixin.py:137} INFO - [2022-12-10T03:22:13.887+0000] {dag.py:3427} INFO - Setting next_dagrun for example_subdag_operator.section-1 to None, run_after=None
[2022-12-10T03:22:13.888+0000] {logging_mixin.py:137} INFO - [2022-12-10T03:22:13.888+0000] {dag.py:3427} INFO - Setting next_dagrun for example_subdag_operator.section-2 to None, run_after=None
[2022-12-10T03:22:13.906+0000] {processor.py:175} INFO - Processing /home/airflow/.local/lib/python3.7/site-packages/airflow/example_dags/example_subdag_operator.py took 0.175 seconds
[2022-12-10T03:22:43.949+0000] {processor.py:153} INFO - Started process (PID=473) to work on /home/airflow/.local/lib/python3.7/site-packages/airflow/example_dags/example_subdag_operator.py
[2022-12-10T03:22:43.950+0000] {processor.py:743} INFO - Processing file /home/airflow/.local/lib/python3.7/site-packages/airflow/example_dags/example_subdag_operator.py for tasks to queue
[2022-12-10T03:22:43.952+0000] {logging_mixin.py:137} INFO - [2022-12-10T03:22:43.951+0000] {dagbag.py:538} INFO - Filling up the DagBag from /home/airflow/.local/lib/python3.7/site-packages/airflow/example_dags/example_subdag_operator.py
[2022-12-10T03:22:43.996+0000] {processor.py:753} INFO - DAG(s) dict_keys(['example_subdag_operator.section-1', 'example_subdag_operator.section-2', 'example_subdag_operator']) retrieved from /home/airflow/.local/lib/python3.7/site-packages/airflow/example_dags/example_subdag_operator.py
[2022-12-10T03:22:44.039+0000] {logging_mixin.py:137} INFO - [2022-12-10T03:22:44.039+0000] {dag.py:2676} INFO - Sync 3 DAGs
[2022-12-10T03:22:44.080+0000] {logging_mixin.py:137} INFO - [2022-12-10T03:22:44.079+0000] {dag.py:3427} INFO - Setting next_dagrun for example_subdag_operator to 2022-01-01T00:00:00+00:00, run_after=2022-01-01T00:00:00+00:00
[2022-12-10T03:22:44.085+0000] {logging_mixin.py:137} INFO - [2022-12-10T03:22:44.084+0000] {dag.py:3427} INFO - Setting next_dagrun for example_subdag_operator.section-1 to None, run_after=None
[2022-12-10T03:22:44.087+0000] {logging_mixin.py:137} INFO - [2022-12-10T03:22:44.086+0000] {dag.py:3427} INFO - Setting next_dagrun for example_subdag_operator.section-2 to None, run_after=None
[2022-12-10T03:22:44.096+0000] {logging_mixin.py:137} INFO - [2022-12-10T03:22:44.096+0000] {dag.py:2676} INFO - Sync 2 DAGs
[2022-12-10T03:22:44.105+0000] {logging_mixin.py:137} INFO - [2022-12-10T03:22:44.104+0000] {dag.py:3427} INFO - Setting next_dagrun for example_subdag_operator.section-1 to None, run_after=None
[2022-12-10T03:22:44.106+0000] {logging_mixin.py:137} INFO - [2022-12-10T03:22:44.105+0000] {dag.py:3427} INFO - Setting next_dagrun for example_subdag_operator.section-2 to None, run_after=None
[2022-12-10T03:22:44.123+0000] {processor.py:175} INFO - Processing /home/airflow/.local/lib/python3.7/site-packages/airflow/example_dags/example_subdag_operator.py took 0.177 seconds
[2022-12-10T03:23:14.432+0000] {processor.py:153} INFO - Started process (PID=550) to work on /home/airflow/.local/lib/python3.7/site-packages/airflow/example_dags/example_subdag_operator.py
[2022-12-10T03:23:14.433+0000] {processor.py:743} INFO - Processing file /home/airflow/.local/lib/python3.7/site-packages/airflow/example_dags/example_subdag_operator.py for tasks to queue
[2022-12-10T03:23:14.434+0000] {logging_mixin.py:137} INFO - [2022-12-10T03:23:14.434+0000] {dagbag.py:538} INFO - Filling up the DagBag from /home/airflow/.local/lib/python3.7/site-packages/airflow/example_dags/example_subdag_operator.py
[2022-12-10T03:23:14.478+0000] {processor.py:753} INFO - DAG(s) dict_keys(['example_subdag_operator.section-1', 'example_subdag_operator.section-2', 'example_subdag_operator']) retrieved from /home/airflow/.local/lib/python3.7/site-packages/airflow/example_dags/example_subdag_operator.py
[2022-12-10T03:23:14.521+0000] {logging_mixin.py:137} INFO - [2022-12-10T03:23:14.521+0000] {dag.py:2676} INFO - Sync 3 DAGs
[2022-12-10T03:23:14.562+0000] {logging_mixin.py:137} INFO - [2022-12-10T03:23:14.562+0000] {dag.py:3427} INFO - Setting next_dagrun for example_subdag_operator to 2022-01-01T00:00:00+00:00, run_after=2022-01-01T00:00:00+00:00
[2022-12-10T03:23:14.567+0000] {logging_mixin.py:137} INFO - [2022-12-10T03:23:14.566+0000] {dag.py:3427} INFO - Setting next_dagrun for example_subdag_operator.section-1 to None, run_after=None
[2022-12-10T03:23:14.569+0000] {logging_mixin.py:137} INFO - [2022-12-10T03:23:14.568+0000] {dag.py:3427} INFO - Setting next_dagrun for example_subdag_operator.section-2 to None, run_after=None
[2022-12-10T03:23:14.579+0000] {logging_mixin.py:137} INFO - [2022-12-10T03:23:14.578+0000] {dag.py:2676} INFO - Sync 2 DAGs
[2022-12-10T03:23:14.588+0000] {logging_mixin.py:137} INFO - [2022-12-10T03:23:14.588+0000] {dag.py:3427} INFO - Setting next_dagrun for example_subdag_operator.section-1 to None, run_after=None
[2022-12-10T03:23:14.589+0000] {logging_mixin.py:137} INFO - [2022-12-10T03:23:14.589+0000] {dag.py:3427} INFO - Setting next_dagrun for example_subdag_operator.section-2 to None, run_after=None
[2022-12-10T03:23:14.610+0000] {processor.py:175} INFO - Processing /home/airflow/.local/lib/python3.7/site-packages/airflow/example_dags/example_subdag_operator.py took 0.181 seconds
[2022-12-10T03:23:45.383+0000] {processor.py:153} INFO - Started process (PID=626) to work on /home/airflow/.local/lib/python3.7/site-packages/airflow/example_dags/example_subdag_operator.py
[2022-12-10T03:23:45.385+0000] {processor.py:743} INFO - Processing file /home/airflow/.local/lib/python3.7/site-packages/airflow/example_dags/example_subdag_operator.py for tasks to queue
[2022-12-10T03:23:45.389+0000] {logging_mixin.py:137} INFO - [2022-12-10T03:23:45.389+0000] {dagbag.py:538} INFO - Filling up the DagBag from /home/airflow/.local/lib/python3.7/site-packages/airflow/example_dags/example_subdag_operator.py
[2022-12-10T03:23:45.507+0000] {processor.py:753} INFO - DAG(s) dict_keys(['example_subdag_operator.section-1', 'example_subdag_operator.section-2', 'example_subdag_operator']) retrieved from /home/airflow/.local/lib/python3.7/site-packages/airflow/example_dags/example_subdag_operator.py
[2022-12-10T03:23:45.628+0000] {logging_mixin.py:137} INFO - [2022-12-10T03:23:45.627+0000] {dag.py:2676} INFO - Sync 3 DAGs
[2022-12-10T03:23:45.732+0000] {logging_mixin.py:137} INFO - [2022-12-10T03:23:45.731+0000] {dag.py:3427} INFO - Setting next_dagrun for example_subdag_operator to 2022-01-01T00:00:00+00:00, run_after=2022-01-01T00:00:00+00:00
[2022-12-10T03:23:45.744+0000] {logging_mixin.py:137} INFO - [2022-12-10T03:23:45.744+0000] {dag.py:3427} INFO - Setting next_dagrun for example_subdag_operator.section-1 to None, run_after=None
[2022-12-10T03:23:45.754+0000] {logging_mixin.py:137} INFO - [2022-12-10T03:23:45.753+0000] {dag.py:3427} INFO - Setting next_dagrun for example_subdag_operator.section-2 to None, run_after=None
[2022-12-10T03:23:45.778+0000] {logging_mixin.py:137} INFO - [2022-12-10T03:23:45.778+0000] {dag.py:2676} INFO - Sync 2 DAGs
[2022-12-10T03:23:45.797+0000] {logging_mixin.py:137} INFO - [2022-12-10T03:23:45.796+0000] {dag.py:3427} INFO - Setting next_dagrun for example_subdag_operator.section-1 to None, run_after=None
[2022-12-10T03:23:45.798+0000] {logging_mixin.py:137} INFO - [2022-12-10T03:23:45.798+0000] {dag.py:3427} INFO - Setting next_dagrun for example_subdag_operator.section-2 to None, run_after=None
[2022-12-10T03:23:45.849+0000] {processor.py:175} INFO - Processing /home/airflow/.local/lib/python3.7/site-packages/airflow/example_dags/example_subdag_operator.py took 0.473 seconds
[2022-12-10T03:24:16.049+0000] {processor.py:153} INFO - Started process (PID=697) to work on /home/airflow/.local/lib/python3.7/site-packages/airflow/example_dags/example_subdag_operator.py
[2022-12-10T03:24:16.050+0000] {processor.py:743} INFO - Processing file /home/airflow/.local/lib/python3.7/site-packages/airflow/example_dags/example_subdag_operator.py for tasks to queue
[2022-12-10T03:24:16.051+0000] {logging_mixin.py:137} INFO - [2022-12-10T03:24:16.051+0000] {dagbag.py:538} INFO - Filling up the DagBag from /home/airflow/.local/lib/python3.7/site-packages/airflow/example_dags/example_subdag_operator.py
[2022-12-10T03:24:16.089+0000] {processor.py:753} INFO - DAG(s) dict_keys(['example_subdag_operator.section-1', 'example_subdag_operator.section-2', 'example_subdag_operator']) retrieved from /home/airflow/.local/lib/python3.7/site-packages/airflow/example_dags/example_subdag_operator.py
[2022-12-10T03:24:16.126+0000] {logging_mixin.py:137} INFO - [2022-12-10T03:24:16.126+0000] {dag.py:2676} INFO - Sync 3 DAGs
[2022-12-10T03:24:16.172+0000] {logging_mixin.py:137} INFO - [2022-12-10T03:24:16.172+0000] {dag.py:3427} INFO - Setting next_dagrun for example_subdag_operator to 2022-01-01T00:00:00+00:00, run_after=2022-01-01T00:00:00+00:00
[2022-12-10T03:24:16.178+0000] {logging_mixin.py:137} INFO - [2022-12-10T03:24:16.178+0000] {dag.py:3427} INFO - Setting next_dagrun for example_subdag_operator.section-1 to None, run_after=None
[2022-12-10T03:24:16.180+0000] {logging_mixin.py:137} INFO - [2022-12-10T03:24:16.180+0000] {dag.py:3427} INFO - Setting next_dagrun for example_subdag_operator.section-2 to None, run_after=None
[2022-12-10T03:24:16.189+0000] {logging_mixin.py:137} INFO - [2022-12-10T03:24:16.189+0000] {dag.py:2676} INFO - Sync 2 DAGs
[2022-12-10T03:24:16.198+0000] {logging_mixin.py:137} INFO - [2022-12-10T03:24:16.198+0000] {dag.py:3427} INFO - Setting next_dagrun for example_subdag_operator.section-1 to None, run_after=None
[2022-12-10T03:24:16.199+0000] {logging_mixin.py:137} INFO - [2022-12-10T03:24:16.199+0000] {dag.py:3427} INFO - Setting next_dagrun for example_subdag_operator.section-2 to None, run_after=None
[2022-12-10T03:24:16.221+0000] {processor.py:175} INFO - Processing /home/airflow/.local/lib/python3.7/site-packages/airflow/example_dags/example_subdag_operator.py took 0.175 seconds
[2022-12-10T03:24:47.052+0000] {processor.py:153} INFO - Started process (PID=769) to work on /home/airflow/.local/lib/python3.7/site-packages/airflow/example_dags/example_subdag_operator.py
[2022-12-10T03:24:47.054+0000] {processor.py:743} INFO - Processing file /home/airflow/.local/lib/python3.7/site-packages/airflow/example_dags/example_subdag_operator.py for tasks to queue
[2022-12-10T03:24:47.055+0000] {logging_mixin.py:137} INFO - [2022-12-10T03:24:47.055+0000] {dagbag.py:538} INFO - Filling up the DagBag from /home/airflow/.local/lib/python3.7/site-packages/airflow/example_dags/example_subdag_operator.py
[2022-12-10T03:24:47.125+0000] {processor.py:753} INFO - DAG(s) dict_keys(['example_subdag_operator.section-1', 'example_subdag_operator.section-2', 'example_subdag_operator']) retrieved from /home/airflow/.local/lib/python3.7/site-packages/airflow/example_dags/example_subdag_operator.py
[2022-12-10T03:24:47.195+0000] {logging_mixin.py:137} INFO - [2022-12-10T03:24:47.194+0000] {dag.py:2676} INFO - Sync 3 DAGs
[2022-12-10T03:24:47.235+0000] {logging_mixin.py:137} INFO - [2022-12-10T03:24:47.234+0000] {dag.py:3427} INFO - Setting next_dagrun for example_subdag_operator to 2022-01-01T00:00:00+00:00, run_after=2022-01-01T00:00:00+00:00
[2022-12-10T03:24:47.242+0000] {logging_mixin.py:137} INFO - [2022-12-10T03:24:47.242+0000] {dag.py:3427} INFO - Setting next_dagrun for example_subdag_operator.section-1 to None, run_after=None
[2022-12-10T03:24:47.244+0000] {logging_mixin.py:137} INFO - [2022-12-10T03:24:47.244+0000] {dag.py:3427} INFO - Setting next_dagrun for example_subdag_operator.section-2 to None, run_after=None
[2022-12-10T03:24:47.253+0000] {logging_mixin.py:137} INFO - [2022-12-10T03:24:47.253+0000] {dag.py:2676} INFO - Sync 2 DAGs
[2022-12-10T03:24:47.263+0000] {logging_mixin.py:137} INFO - [2022-12-10T03:24:47.263+0000] {dag.py:3427} INFO - Setting next_dagrun for example_subdag_operator.section-1 to None, run_after=None
[2022-12-10T03:24:47.264+0000] {logging_mixin.py:137} INFO - [2022-12-10T03:24:47.263+0000] {dag.py:3427} INFO - Setting next_dagrun for example_subdag_operator.section-2 to None, run_after=None
[2022-12-10T03:24:47.283+0000] {processor.py:175} INFO - Processing /home/airflow/.local/lib/python3.7/site-packages/airflow/example_dags/example_subdag_operator.py took 0.236 seconds
[2022-12-10T03:25:17.636+0000] {processor.py:153} INFO - Started process (PID=839) to work on /home/airflow/.local/lib/python3.7/site-packages/airflow/example_dags/example_subdag_operator.py
[2022-12-10T03:25:17.637+0000] {processor.py:743} INFO - Processing file /home/airflow/.local/lib/python3.7/site-packages/airflow/example_dags/example_subdag_operator.py for tasks to queue
[2022-12-10T03:25:17.638+0000] {logging_mixin.py:137} INFO - [2022-12-10T03:25:17.638+0000] {dagbag.py:538} INFO - Filling up the DagBag from /home/airflow/.local/lib/python3.7/site-packages/airflow/example_dags/example_subdag_operator.py
[2022-12-10T03:25:17.679+0000] {processor.py:753} INFO - DAG(s) dict_keys(['example_subdag_operator.section-1', 'example_subdag_operator.section-2', 'example_subdag_operator']) retrieved from /home/airflow/.local/lib/python3.7/site-packages/airflow/example_dags/example_subdag_operator.py
[2022-12-10T03:25:17.724+0000] {logging_mixin.py:137} INFO - [2022-12-10T03:25:17.724+0000] {dag.py:2676} INFO - Sync 3 DAGs
[2022-12-10T03:25:17.761+0000] {logging_mixin.py:137} INFO - [2022-12-10T03:25:17.761+0000] {dag.py:3427} INFO - Setting next_dagrun for example_subdag_operator to 2022-01-01T00:00:00+00:00, run_after=2022-01-01T00:00:00+00:00
[2022-12-10T03:25:17.766+0000] {logging_mixin.py:137} INFO - [2022-12-10T03:25:17.766+0000] {dag.py:3427} INFO - Setting next_dagrun for example_subdag_operator.section-1 to None, run_after=None
[2022-12-10T03:25:17.768+0000] {logging_mixin.py:137} INFO - [2022-12-10T03:25:17.768+0000] {dag.py:3427} INFO - Setting next_dagrun for example_subdag_operator.section-2 to None, run_after=None
[2022-12-10T03:25:17.778+0000] {logging_mixin.py:137} INFO - [2022-12-10T03:25:17.778+0000] {dag.py:2676} INFO - Sync 2 DAGs
[2022-12-10T03:25:17.786+0000] {logging_mixin.py:137} INFO - [2022-12-10T03:25:17.786+0000] {dag.py:3427} INFO - Setting next_dagrun for example_subdag_operator.section-1 to None, run_after=None
[2022-12-10T03:25:17.787+0000] {logging_mixin.py:137} INFO - [2022-12-10T03:25:17.787+0000] {dag.py:3427} INFO - Setting next_dagrun for example_subdag_operator.section-2 to None, run_after=None
[2022-12-10T03:25:17.814+0000] {processor.py:175} INFO - Processing /home/airflow/.local/lib/python3.7/site-packages/airflow/example_dags/example_subdag_operator.py took 0.181 seconds
