[2022-12-10T03:20:08.270+0000] {processor.py:153} INFO - Started process (PID=95) to work on /home/airflow/.local/lib/python3.7/site-packages/airflow/example_dags/example_branch_python_dop_operator_3.py
[2022-12-10T03:20:08.271+0000] {processor.py:743} INFO - Processing file /home/airflow/.local/lib/python3.7/site-packages/airflow/example_dags/example_branch_python_dop_operator_3.py for tasks to queue
[2022-12-10T03:20:08.272+0000] {logging_mixin.py:137} INFO - [2022-12-10T03:20:08.272+0000] {dagbag.py:538} INFO - Filling up the DagBag from /home/airflow/.local/lib/python3.7/site-packages/airflow/example_dags/example_branch_python_dop_operator_3.py
[2022-12-10T03:20:08.314+0000] {processor.py:753} INFO - DAG(s) dict_keys(['example_branch_dop_operator_v3']) retrieved from /home/airflow/.local/lib/python3.7/site-packages/airflow/example_dags/example_branch_python_dop_operator_3.py
[2022-12-10T03:20:08.390+0000] {logging_mixin.py:137} INFO - [2022-12-10T03:20:08.389+0000] {dag.py:2676} INFO - Sync 1 DAGs
[2022-12-10T03:20:08.428+0000] {logging_mixin.py:137} INFO - [2022-12-10T03:20:08.428+0000] {dag.py:3427} INFO - Setting next_dagrun for example_branch_dop_operator_v3 to 2022-12-10T03:19:00+00:00, run_after=2022-12-10T03:20:00+00:00
[2022-12-10T03:20:08.720+0000] {processor.py:175} INFO - Processing /home/airflow/.local/lib/python3.7/site-packages/airflow/example_dags/example_branch_python_dop_operator_3.py took 0.453 seconds
[2022-12-10T03:20:39.011+0000] {processor.py:153} INFO - Started process (PID=167) to work on /home/airflow/.local/lib/python3.7/site-packages/airflow/example_dags/example_branch_python_dop_operator_3.py
[2022-12-10T03:20:39.012+0000] {processor.py:743} INFO - Processing file /home/airflow/.local/lib/python3.7/site-packages/airflow/example_dags/example_branch_python_dop_operator_3.py for tasks to queue
[2022-12-10T03:20:39.013+0000] {logging_mixin.py:137} INFO - [2022-12-10T03:20:39.013+0000] {dagbag.py:538} INFO - Filling up the DagBag from /home/airflow/.local/lib/python3.7/site-packages/airflow/example_dags/example_branch_python_dop_operator_3.py
[2022-12-10T03:20:39.051+0000] {processor.py:753} INFO - DAG(s) dict_keys(['example_branch_dop_operator_v3']) retrieved from /home/airflow/.local/lib/python3.7/site-packages/airflow/example_dags/example_branch_python_dop_operator_3.py
[2022-12-10T03:20:39.115+0000] {logging_mixin.py:137} INFO - [2022-12-10T03:20:39.115+0000] {dag.py:2676} INFO - Sync 1 DAGs
[2022-12-10T03:20:39.180+0000] {logging_mixin.py:137} INFO - [2022-12-10T03:20:39.180+0000] {dag.py:3427} INFO - Setting next_dagrun for example_branch_dop_operator_v3 to 2022-12-10T03:19:00+00:00, run_after=2022-12-10T03:20:00+00:00
[2022-12-10T03:20:39.227+0000] {processor.py:175} INFO - Processing /home/airflow/.local/lib/python3.7/site-packages/airflow/example_dags/example_branch_python_dop_operator_3.py took 0.220 seconds
[2022-12-10T03:21:10.060+0000] {processor.py:153} INFO - Started process (PID=245) to work on /home/airflow/.local/lib/python3.7/site-packages/airflow/example_dags/example_branch_python_dop_operator_3.py
[2022-12-10T03:21:10.061+0000] {processor.py:743} INFO - Processing file /home/airflow/.local/lib/python3.7/site-packages/airflow/example_dags/example_branch_python_dop_operator_3.py for tasks to queue
[2022-12-10T03:21:10.066+0000] {logging_mixin.py:137} INFO - [2022-12-10T03:21:10.066+0000] {dagbag.py:538} INFO - Filling up the DagBag from /home/airflow/.local/lib/python3.7/site-packages/airflow/example_dags/example_branch_python_dop_operator_3.py
[2022-12-10T03:21:10.121+0000] {processor.py:753} INFO - DAG(s) dict_keys(['example_branch_dop_operator_v3']) retrieved from /home/airflow/.local/lib/python3.7/site-packages/airflow/example_dags/example_branch_python_dop_operator_3.py
[2022-12-10T03:21:10.202+0000] {logging_mixin.py:137} INFO - [2022-12-10T03:21:10.202+0000] {dag.py:2676} INFO - Sync 1 DAGs
[2022-12-10T03:21:10.284+0000] {logging_mixin.py:137} INFO - [2022-12-10T03:21:10.284+0000] {dag.py:3427} INFO - Setting next_dagrun for example_branch_dop_operator_v3 to 2022-12-10T03:20:00+00:00, run_after=2022-12-10T03:21:00+00:00
[2022-12-10T03:21:10.321+0000] {processor.py:175} INFO - Processing /home/airflow/.local/lib/python3.7/site-packages/airflow/example_dags/example_branch_python_dop_operator_3.py took 0.270 seconds
[2022-12-10T03:21:40.802+0000] {processor.py:153} INFO - Started process (PID=316) to work on /home/airflow/.local/lib/python3.7/site-packages/airflow/example_dags/example_branch_python_dop_operator_3.py
[2022-12-10T03:21:40.803+0000] {processor.py:743} INFO - Processing file /home/airflow/.local/lib/python3.7/site-packages/airflow/example_dags/example_branch_python_dop_operator_3.py for tasks to queue
[2022-12-10T03:21:40.804+0000] {logging_mixin.py:137} INFO - [2022-12-10T03:21:40.804+0000] {dagbag.py:538} INFO - Filling up the DagBag from /home/airflow/.local/lib/python3.7/site-packages/airflow/example_dags/example_branch_python_dop_operator_3.py
[2022-12-10T03:21:40.827+0000] {processor.py:753} INFO - DAG(s) dict_keys(['example_branch_dop_operator_v3']) retrieved from /home/airflow/.local/lib/python3.7/site-packages/airflow/example_dags/example_branch_python_dop_operator_3.py
[2022-12-10T03:21:40.873+0000] {logging_mixin.py:137} INFO - [2022-12-10T03:21:40.872+0000] {dag.py:2676} INFO - Sync 1 DAGs
[2022-12-10T03:21:40.909+0000] {logging_mixin.py:137} INFO - [2022-12-10T03:21:40.909+0000] {dag.py:3427} INFO - Setting next_dagrun for example_branch_dop_operator_v3 to 2022-12-10T03:20:00+00:00, run_after=2022-12-10T03:21:00+00:00
[2022-12-10T03:21:40.935+0000] {processor.py:175} INFO - Processing /home/airflow/.local/lib/python3.7/site-packages/airflow/example_dags/example_branch_python_dop_operator_3.py took 0.135 seconds
[2022-12-10T03:22:11.194+0000] {processor.py:153} INFO - Started process (PID=387) to work on /home/airflow/.local/lib/python3.7/site-packages/airflow/example_dags/example_branch_python_dop_operator_3.py
[2022-12-10T03:22:11.195+0000] {processor.py:743} INFO - Processing file /home/airflow/.local/lib/python3.7/site-packages/airflow/example_dags/example_branch_python_dop_operator_3.py for tasks to queue
[2022-12-10T03:22:11.196+0000] {logging_mixin.py:137} INFO - [2022-12-10T03:22:11.196+0000] {dagbag.py:538} INFO - Filling up the DagBag from /home/airflow/.local/lib/python3.7/site-packages/airflow/example_dags/example_branch_python_dop_operator_3.py
[2022-12-10T03:22:11.228+0000] {processor.py:753} INFO - DAG(s) dict_keys(['example_branch_dop_operator_v3']) retrieved from /home/airflow/.local/lib/python3.7/site-packages/airflow/example_dags/example_branch_python_dop_operator_3.py
[2022-12-10T03:22:11.277+0000] {logging_mixin.py:137} INFO - [2022-12-10T03:22:11.276+0000] {dag.py:2676} INFO - Sync 1 DAGs
[2022-12-10T03:22:11.319+0000] {logging_mixin.py:137} INFO - [2022-12-10T03:22:11.318+0000] {dag.py:3427} INFO - Setting next_dagrun for example_branch_dop_operator_v3 to 2022-12-10T03:21:00+00:00, run_after=2022-12-10T03:22:00+00:00
[2022-12-10T03:22:11.352+0000] {processor.py:175} INFO - Processing /home/airflow/.local/lib/python3.7/site-packages/airflow/example_dags/example_branch_python_dop_operator_3.py took 0.163 seconds
[2022-12-10T03:22:41.472+0000] {processor.py:153} INFO - Started process (PID=458) to work on /home/airflow/.local/lib/python3.7/site-packages/airflow/example_dags/example_branch_python_dop_operator_3.py
[2022-12-10T03:22:41.473+0000] {processor.py:743} INFO - Processing file /home/airflow/.local/lib/python3.7/site-packages/airflow/example_dags/example_branch_python_dop_operator_3.py for tasks to queue
[2022-12-10T03:22:41.474+0000] {logging_mixin.py:137} INFO - [2022-12-10T03:22:41.474+0000] {dagbag.py:538} INFO - Filling up the DagBag from /home/airflow/.local/lib/python3.7/site-packages/airflow/example_dags/example_branch_python_dop_operator_3.py
[2022-12-10T03:22:41.502+0000] {processor.py:753} INFO - DAG(s) dict_keys(['example_branch_dop_operator_v3']) retrieved from /home/airflow/.local/lib/python3.7/site-packages/airflow/example_dags/example_branch_python_dop_operator_3.py
[2022-12-10T03:22:41.546+0000] {logging_mixin.py:137} INFO - [2022-12-10T03:22:41.545+0000] {dag.py:2676} INFO - Sync 1 DAGs
[2022-12-10T03:22:41.584+0000] {logging_mixin.py:137} INFO - [2022-12-10T03:22:41.584+0000] {dag.py:3427} INFO - Setting next_dagrun for example_branch_dop_operator_v3 to 2022-12-10T03:21:00+00:00, run_after=2022-12-10T03:22:00+00:00
[2022-12-10T03:22:41.613+0000] {processor.py:175} INFO - Processing /home/airflow/.local/lib/python3.7/site-packages/airflow/example_dags/example_branch_python_dop_operator_3.py took 0.145 seconds
[2022-12-10T03:23:12.409+0000] {processor.py:153} INFO - Started process (PID=545) to work on /home/airflow/.local/lib/python3.7/site-packages/airflow/example_dags/example_branch_python_dop_operator_3.py
[2022-12-10T03:23:12.410+0000] {processor.py:743} INFO - Processing file /home/airflow/.local/lib/python3.7/site-packages/airflow/example_dags/example_branch_python_dop_operator_3.py for tasks to queue
[2022-12-10T03:23:12.412+0000] {logging_mixin.py:137} INFO - [2022-12-10T03:23:12.411+0000] {dagbag.py:538} INFO - Filling up the DagBag from /home/airflow/.local/lib/python3.7/site-packages/airflow/example_dags/example_branch_python_dop_operator_3.py
[2022-12-10T03:23:12.478+0000] {processor.py:753} INFO - DAG(s) dict_keys(['example_branch_dop_operator_v3']) retrieved from /home/airflow/.local/lib/python3.7/site-packages/airflow/example_dags/example_branch_python_dop_operator_3.py
[2022-12-10T03:23:12.662+0000] {logging_mixin.py:137} INFO - [2022-12-10T03:23:12.661+0000] {dag.py:2676} INFO - Sync 1 DAGs
[2022-12-10T03:23:12.848+0000] {logging_mixin.py:137} INFO - [2022-12-10T03:23:12.848+0000] {dag.py:3427} INFO - Setting next_dagrun for example_branch_dop_operator_v3 to 2022-12-10T03:22:00+00:00, run_after=2022-12-10T03:23:00+00:00
[2022-12-10T03:23:12.892+0000] {processor.py:175} INFO - Processing /home/airflow/.local/lib/python3.7/site-packages/airflow/example_dags/example_branch_python_dop_operator_3.py took 0.487 seconds
[2022-12-10T03:23:43.861+0000] {processor.py:153} INFO - Started process (PID=621) to work on /home/airflow/.local/lib/python3.7/site-packages/airflow/example_dags/example_branch_python_dop_operator_3.py
[2022-12-10T03:23:43.863+0000] {processor.py:743} INFO - Processing file /home/airflow/.local/lib/python3.7/site-packages/airflow/example_dags/example_branch_python_dop_operator_3.py for tasks to queue
[2022-12-10T03:23:43.866+0000] {logging_mixin.py:137} INFO - [2022-12-10T03:23:43.865+0000] {dagbag.py:538} INFO - Filling up the DagBag from /home/airflow/.local/lib/python3.7/site-packages/airflow/example_dags/example_branch_python_dop_operator_3.py
[2022-12-10T03:23:43.946+0000] {processor.py:753} INFO - DAG(s) dict_keys(['example_branch_dop_operator_v3']) retrieved from /home/airflow/.local/lib/python3.7/site-packages/airflow/example_dags/example_branch_python_dop_operator_3.py
[2022-12-10T03:23:44.105+0000] {logging_mixin.py:137} INFO - [2022-12-10T03:23:44.104+0000] {dag.py:2676} INFO - Sync 1 DAGs
[2022-12-10T03:23:44.227+0000] {logging_mixin.py:137} INFO - [2022-12-10T03:23:44.227+0000] {dag.py:3427} INFO - Setting next_dagrun for example_branch_dop_operator_v3 to 2022-12-10T03:22:00+00:00, run_after=2022-12-10T03:23:00+00:00
[2022-12-10T03:23:44.319+0000] {processor.py:175} INFO - Processing /home/airflow/.local/lib/python3.7/site-packages/airflow/example_dags/example_branch_python_dop_operator_3.py took 0.469 seconds
[2022-12-10T03:24:14.664+0000] {processor.py:153} INFO - Started process (PID=692) to work on /home/airflow/.local/lib/python3.7/site-packages/airflow/example_dags/example_branch_python_dop_operator_3.py
[2022-12-10T03:24:14.665+0000] {processor.py:743} INFO - Processing file /home/airflow/.local/lib/python3.7/site-packages/airflow/example_dags/example_branch_python_dop_operator_3.py for tasks to queue
[2022-12-10T03:24:14.667+0000] {logging_mixin.py:137} INFO - [2022-12-10T03:24:14.667+0000] {dagbag.py:538} INFO - Filling up the DagBag from /home/airflow/.local/lib/python3.7/site-packages/airflow/example_dags/example_branch_python_dop_operator_3.py
[2022-12-10T03:24:14.702+0000] {processor.py:753} INFO - DAG(s) dict_keys(['example_branch_dop_operator_v3']) retrieved from /home/airflow/.local/lib/python3.7/site-packages/airflow/example_dags/example_branch_python_dop_operator_3.py
[2022-12-10T03:24:14.752+0000] {logging_mixin.py:137} INFO - [2022-12-10T03:24:14.752+0000] {dag.py:2676} INFO - Sync 1 DAGs
[2022-12-10T03:24:14.792+0000] {logging_mixin.py:137} INFO - [2022-12-10T03:24:14.791+0000] {dag.py:3427} INFO - Setting next_dagrun for example_branch_dop_operator_v3 to 2022-12-10T03:23:00+00:00, run_after=2022-12-10T03:24:00+00:00
[2022-12-10T03:24:14.822+0000] {processor.py:175} INFO - Processing /home/airflow/.local/lib/python3.7/site-packages/airflow/example_dags/example_branch_python_dop_operator_3.py took 0.163 seconds
[2022-12-10T03:24:45.531+0000] {processor.py:153} INFO - Started process (PID=764) to work on /home/airflow/.local/lib/python3.7/site-packages/airflow/example_dags/example_branch_python_dop_operator_3.py
[2022-12-10T03:24:45.532+0000] {processor.py:743} INFO - Processing file /home/airflow/.local/lib/python3.7/site-packages/airflow/example_dags/example_branch_python_dop_operator_3.py for tasks to queue
[2022-12-10T03:24:45.533+0000] {logging_mixin.py:137} INFO - [2022-12-10T03:24:45.533+0000] {dagbag.py:538} INFO - Filling up the DagBag from /home/airflow/.local/lib/python3.7/site-packages/airflow/example_dags/example_branch_python_dop_operator_3.py
[2022-12-10T03:24:45.567+0000] {processor.py:753} INFO - DAG(s) dict_keys(['example_branch_dop_operator_v3']) retrieved from /home/airflow/.local/lib/python3.7/site-packages/airflow/example_dags/example_branch_python_dop_operator_3.py
[2022-12-10T03:24:45.614+0000] {logging_mixin.py:137} INFO - [2022-12-10T03:24:45.614+0000] {dag.py:2676} INFO - Sync 1 DAGs
[2022-12-10T03:24:45.655+0000] {logging_mixin.py:137} INFO - [2022-12-10T03:24:45.655+0000] {dag.py:3427} INFO - Setting next_dagrun for example_branch_dop_operator_v3 to 2022-12-10T03:23:00+00:00, run_after=2022-12-10T03:24:00+00:00
[2022-12-10T03:24:45.681+0000] {processor.py:175} INFO - Processing /home/airflow/.local/lib/python3.7/site-packages/airflow/example_dags/example_branch_python_dop_operator_3.py took 0.153 seconds
[2022-12-10T03:25:16.110+0000] {processor.py:153} INFO - Started process (PID=834) to work on /home/airflow/.local/lib/python3.7/site-packages/airflow/example_dags/example_branch_python_dop_operator_3.py
[2022-12-10T03:25:16.112+0000] {processor.py:743} INFO - Processing file /home/airflow/.local/lib/python3.7/site-packages/airflow/example_dags/example_branch_python_dop_operator_3.py for tasks to queue
[2022-12-10T03:25:16.113+0000] {logging_mixin.py:137} INFO - [2022-12-10T03:25:16.113+0000] {dagbag.py:538} INFO - Filling up the DagBag from /home/airflow/.local/lib/python3.7/site-packages/airflow/example_dags/example_branch_python_dop_operator_3.py
[2022-12-10T03:25:16.147+0000] {processor.py:753} INFO - DAG(s) dict_keys(['example_branch_dop_operator_v3']) retrieved from /home/airflow/.local/lib/python3.7/site-packages/airflow/example_dags/example_branch_python_dop_operator_3.py
[2022-12-10T03:25:16.201+0000] {logging_mixin.py:137} INFO - [2022-12-10T03:25:16.200+0000] {dag.py:2676} INFO - Sync 1 DAGs
[2022-12-10T03:25:16.244+0000] {logging_mixin.py:137} INFO - [2022-12-10T03:25:16.244+0000] {dag.py:3427} INFO - Setting next_dagrun for example_branch_dop_operator_v3 to 2022-12-10T03:24:00+00:00, run_after=2022-12-10T03:25:00+00:00
[2022-12-10T03:25:16.270+0000] {processor.py:175} INFO - Processing /home/airflow/.local/lib/python3.7/site-packages/airflow/example_dags/example_branch_python_dop_operator_3.py took 0.166 seconds
