[2022-12-10T03:20:02.719+0000] {processor.py:153} INFO - Started process (PID=78) to work on /home/airflow/.local/lib/python3.7/site-packages/airflow/example_dags/example_python_operator.py
[2022-12-10T03:20:02.720+0000] {processor.py:743} INFO - Processing file /home/airflow/.local/lib/python3.7/site-packages/airflow/example_dags/example_python_operator.py for tasks to queue
[2022-12-10T03:20:02.722+0000] {logging_mixin.py:137} INFO - [2022-12-10T03:20:02.722+0000] {dagbag.py:538} INFO - Filling up the DagBag from /home/airflow/.local/lib/python3.7/site-packages/airflow/example_dags/example_python_operator.py
[2022-12-10T03:20:02.756+0000] {logging_mixin.py:137} INFO - [2022-12-10T03:20:02.756+0000] {taskmixin.py:205} WARNING - Dependency <Task(_PythonDecoratedOperator): print_the_context>, log_sql_query already registered for DAG: example_python_operator
[2022-12-10T03:20:02.757+0000] {logging_mixin.py:137} INFO - [2022-12-10T03:20:02.757+0000] {taskmixin.py:205} WARNING - Dependency <Task(_PythonDecoratedOperator): log_sql_query>, print_the_context already registered for DAG: example_python_operator
[2022-12-10T03:20:02.759+0000] {logging_mixin.py:137} INFO - [2022-12-10T03:20:02.759+0000] {taskmixin.py:205} WARNING - Dependency <Task(_PythonDecoratedOperator): print_the_context>, log_sql_query already registered for DAG: example_python_operator
[2022-12-10T03:20:02.760+0000] {logging_mixin.py:137} INFO - [2022-12-10T03:20:02.760+0000] {taskmixin.py:205} WARNING - Dependency <Task(_PythonDecoratedOperator): log_sql_query>, print_the_context already registered for DAG: example_python_operator
[2022-12-10T03:20:02.762+0000] {logging_mixin.py:137} INFO - [2022-12-10T03:20:02.762+0000] {taskmixin.py:205} WARNING - Dependency <Task(_PythonDecoratedOperator): print_the_context>, log_sql_query already registered for DAG: example_python_operator
[2022-12-10T03:20:02.763+0000] {logging_mixin.py:137} INFO - [2022-12-10T03:20:02.763+0000] {taskmixin.py:205} WARNING - Dependency <Task(_PythonDecoratedOperator): log_sql_query>, print_the_context already registered for DAG: example_python_operator
[2022-12-10T03:20:02.765+0000] {logging_mixin.py:137} INFO - [2022-12-10T03:20:02.765+0000] {taskmixin.py:205} WARNING - Dependency <Task(_PythonDecoratedOperator): print_the_context>, log_sql_query already registered for DAG: example_python_operator
[2022-12-10T03:20:02.766+0000] {logging_mixin.py:137} INFO - [2022-12-10T03:20:02.765+0000] {taskmixin.py:205} WARNING - Dependency <Task(_PythonDecoratedOperator): log_sql_query>, print_the_context already registered for DAG: example_python_operator
[2022-12-10T03:20:02.781+0000] {processor.py:753} INFO - DAG(s) dict_keys(['example_python_operator']) retrieved from /home/airflow/.local/lib/python3.7/site-packages/airflow/example_dags/example_python_operator.py
[2022-12-10T03:20:04.116+0000] {logging_mixin.py:137} INFO - [2022-12-10T03:20:04.116+0000] {dag.py:2676} INFO - Sync 1 DAGs
[2022-12-10T03:20:04.159+0000] {logging_mixin.py:137} INFO - [2022-12-10T03:20:04.158+0000] {dag.py:3427} INFO - Setting next_dagrun for example_python_operator to None, run_after=None
[2022-12-10T03:20:04.390+0000] {processor.py:175} INFO - Processing /home/airflow/.local/lib/python3.7/site-packages/airflow/example_dags/example_python_operator.py took 1.676 seconds
[2022-12-10T03:20:35.018+0000] {processor.py:153} INFO - Started process (PID=149) to work on /home/airflow/.local/lib/python3.7/site-packages/airflow/example_dags/example_python_operator.py
[2022-12-10T03:20:35.020+0000] {processor.py:743} INFO - Processing file /home/airflow/.local/lib/python3.7/site-packages/airflow/example_dags/example_python_operator.py for tasks to queue
[2022-12-10T03:20:35.021+0000] {logging_mixin.py:137} INFO - [2022-12-10T03:20:35.021+0000] {dagbag.py:538} INFO - Filling up the DagBag from /home/airflow/.local/lib/python3.7/site-packages/airflow/example_dags/example_python_operator.py
[2022-12-10T03:20:35.048+0000] {logging_mixin.py:137} INFO - [2022-12-10T03:20:35.048+0000] {taskmixin.py:205} WARNING - Dependency <Task(_PythonDecoratedOperator): print_the_context>, log_sql_query already registered for DAG: example_python_operator
[2022-12-10T03:20:35.049+0000] {logging_mixin.py:137} INFO - [2022-12-10T03:20:35.049+0000] {taskmixin.py:205} WARNING - Dependency <Task(_PythonDecoratedOperator): log_sql_query>, print_the_context already registered for DAG: example_python_operator
[2022-12-10T03:20:35.050+0000] {logging_mixin.py:137} INFO - [2022-12-10T03:20:35.050+0000] {taskmixin.py:205} WARNING - Dependency <Task(_PythonDecoratedOperator): print_the_context>, log_sql_query already registered for DAG: example_python_operator
[2022-12-10T03:20:35.051+0000] {logging_mixin.py:137} INFO - [2022-12-10T03:20:35.051+0000] {taskmixin.py:205} WARNING - Dependency <Task(_PythonDecoratedOperator): log_sql_query>, print_the_context already registered for DAG: example_python_operator
[2022-12-10T03:20:35.052+0000] {logging_mixin.py:137} INFO - [2022-12-10T03:20:35.052+0000] {taskmixin.py:205} WARNING - Dependency <Task(_PythonDecoratedOperator): print_the_context>, log_sql_query already registered for DAG: example_python_operator
[2022-12-10T03:20:35.052+0000] {logging_mixin.py:137} INFO - [2022-12-10T03:20:35.052+0000] {taskmixin.py:205} WARNING - Dependency <Task(_PythonDecoratedOperator): log_sql_query>, print_the_context already registered for DAG: example_python_operator
[2022-12-10T03:20:35.054+0000] {logging_mixin.py:137} INFO - [2022-12-10T03:20:35.054+0000] {taskmixin.py:205} WARNING - Dependency <Task(_PythonDecoratedOperator): print_the_context>, log_sql_query already registered for DAG: example_python_operator
[2022-12-10T03:20:35.054+0000] {logging_mixin.py:137} INFO - [2022-12-10T03:20:35.054+0000] {taskmixin.py:205} WARNING - Dependency <Task(_PythonDecoratedOperator): log_sql_query>, print_the_context already registered for DAG: example_python_operator
[2022-12-10T03:20:35.063+0000] {processor.py:753} INFO - DAG(s) dict_keys(['example_python_operator']) retrieved from /home/airflow/.local/lib/python3.7/site-packages/airflow/example_dags/example_python_operator.py
[2022-12-10T03:20:35.103+0000] {logging_mixin.py:137} INFO - [2022-12-10T03:20:35.102+0000] {dag.py:2676} INFO - Sync 1 DAGs
[2022-12-10T03:20:35.129+0000] {logging_mixin.py:137} INFO - [2022-12-10T03:20:35.129+0000] {dag.py:3427} INFO - Setting next_dagrun for example_python_operator to None, run_after=None
[2022-12-10T03:20:35.176+0000] {processor.py:175} INFO - Processing /home/airflow/.local/lib/python3.7/site-packages/airflow/example_dags/example_python_operator.py took 0.162 seconds
[2022-12-10T03:21:05.737+0000] {processor.py:153} INFO - Started process (PID=228) to work on /home/airflow/.local/lib/python3.7/site-packages/airflow/example_dags/example_python_operator.py
[2022-12-10T03:21:05.738+0000] {processor.py:743} INFO - Processing file /home/airflow/.local/lib/python3.7/site-packages/airflow/example_dags/example_python_operator.py for tasks to queue
[2022-12-10T03:21:05.740+0000] {logging_mixin.py:137} INFO - [2022-12-10T03:21:05.740+0000] {dagbag.py:538} INFO - Filling up the DagBag from /home/airflow/.local/lib/python3.7/site-packages/airflow/example_dags/example_python_operator.py
[2022-12-10T03:21:05.801+0000] {logging_mixin.py:137} INFO - [2022-12-10T03:21:05.800+0000] {taskmixin.py:205} WARNING - Dependency <Task(_PythonDecoratedOperator): print_the_context>, log_sql_query already registered for DAG: example_python_operator
[2022-12-10T03:21:05.802+0000] {logging_mixin.py:137} INFO - [2022-12-10T03:21:05.801+0000] {taskmixin.py:205} WARNING - Dependency <Task(_PythonDecoratedOperator): log_sql_query>, print_the_context already registered for DAG: example_python_operator
[2022-12-10T03:21:05.804+0000] {logging_mixin.py:137} INFO - [2022-12-10T03:21:05.804+0000] {taskmixin.py:205} WARNING - Dependency <Task(_PythonDecoratedOperator): print_the_context>, log_sql_query already registered for DAG: example_python_operator
[2022-12-10T03:21:05.805+0000] {logging_mixin.py:137} INFO - [2022-12-10T03:21:05.805+0000] {taskmixin.py:205} WARNING - Dependency <Task(_PythonDecoratedOperator): log_sql_query>, print_the_context already registered for DAG: example_python_operator
[2022-12-10T03:21:05.810+0000] {logging_mixin.py:137} INFO - [2022-12-10T03:21:05.809+0000] {taskmixin.py:205} WARNING - Dependency <Task(_PythonDecoratedOperator): print_the_context>, log_sql_query already registered for DAG: example_python_operator
[2022-12-10T03:21:05.811+0000] {logging_mixin.py:137} INFO - [2022-12-10T03:21:05.810+0000] {taskmixin.py:205} WARNING - Dependency <Task(_PythonDecoratedOperator): log_sql_query>, print_the_context already registered for DAG: example_python_operator
[2022-12-10T03:21:05.815+0000] {logging_mixin.py:137} INFO - [2022-12-10T03:21:05.815+0000] {taskmixin.py:205} WARNING - Dependency <Task(_PythonDecoratedOperator): print_the_context>, log_sql_query already registered for DAG: example_python_operator
[2022-12-10T03:21:05.816+0000] {logging_mixin.py:137} INFO - [2022-12-10T03:21:05.816+0000] {taskmixin.py:205} WARNING - Dependency <Task(_PythonDecoratedOperator): log_sql_query>, print_the_context already registered for DAG: example_python_operator
[2022-12-10T03:21:05.836+0000] {processor.py:753} INFO - DAG(s) dict_keys(['example_python_operator']) retrieved from /home/airflow/.local/lib/python3.7/site-packages/airflow/example_dags/example_python_operator.py
[2022-12-10T03:21:05.968+0000] {logging_mixin.py:137} INFO - [2022-12-10T03:21:05.967+0000] {dag.py:2676} INFO - Sync 1 DAGs
[2022-12-10T03:21:06.047+0000] {logging_mixin.py:137} INFO - [2022-12-10T03:21:06.047+0000] {dag.py:3427} INFO - Setting next_dagrun for example_python_operator to None, run_after=None
[2022-12-10T03:21:06.135+0000] {processor.py:175} INFO - Processing /home/airflow/.local/lib/python3.7/site-packages/airflow/example_dags/example_python_operator.py took 0.405 seconds
[2022-12-10T03:21:36.790+0000] {processor.py:153} INFO - Started process (PID=301) to work on /home/airflow/.local/lib/python3.7/site-packages/airflow/example_dags/example_python_operator.py
[2022-12-10T03:21:36.791+0000] {processor.py:743} INFO - Processing file /home/airflow/.local/lib/python3.7/site-packages/airflow/example_dags/example_python_operator.py for tasks to queue
[2022-12-10T03:21:36.793+0000] {logging_mixin.py:137} INFO - [2022-12-10T03:21:36.793+0000] {dagbag.py:538} INFO - Filling up the DagBag from /home/airflow/.local/lib/python3.7/site-packages/airflow/example_dags/example_python_operator.py
[2022-12-10T03:21:36.825+0000] {logging_mixin.py:137} INFO - [2022-12-10T03:21:36.825+0000] {taskmixin.py:205} WARNING - Dependency <Task(_PythonDecoratedOperator): print_the_context>, log_sql_query already registered for DAG: example_python_operator
[2022-12-10T03:21:36.826+0000] {logging_mixin.py:137} INFO - [2022-12-10T03:21:36.826+0000] {taskmixin.py:205} WARNING - Dependency <Task(_PythonDecoratedOperator): log_sql_query>, print_the_context already registered for DAG: example_python_operator
[2022-12-10T03:21:36.827+0000] {logging_mixin.py:137} INFO - [2022-12-10T03:21:36.827+0000] {taskmixin.py:205} WARNING - Dependency <Task(_PythonDecoratedOperator): print_the_context>, log_sql_query already registered for DAG: example_python_operator
[2022-12-10T03:21:36.828+0000] {logging_mixin.py:137} INFO - [2022-12-10T03:21:36.828+0000] {taskmixin.py:205} WARNING - Dependency <Task(_PythonDecoratedOperator): log_sql_query>, print_the_context already registered for DAG: example_python_operator
[2022-12-10T03:21:36.830+0000] {logging_mixin.py:137} INFO - [2022-12-10T03:21:36.830+0000] {taskmixin.py:205} WARNING - Dependency <Task(_PythonDecoratedOperator): print_the_context>, log_sql_query already registered for DAG: example_python_operator
[2022-12-10T03:21:36.831+0000] {logging_mixin.py:137} INFO - [2022-12-10T03:21:36.831+0000] {taskmixin.py:205} WARNING - Dependency <Task(_PythonDecoratedOperator): log_sql_query>, print_the_context already registered for DAG: example_python_operator
[2022-12-10T03:21:36.833+0000] {logging_mixin.py:137} INFO - [2022-12-10T03:21:36.833+0000] {taskmixin.py:205} WARNING - Dependency <Task(_PythonDecoratedOperator): print_the_context>, log_sql_query already registered for DAG: example_python_operator
[2022-12-10T03:21:36.834+0000] {logging_mixin.py:137} INFO - [2022-12-10T03:21:36.833+0000] {taskmixin.py:205} WARNING - Dependency <Task(_PythonDecoratedOperator): log_sql_query>, print_the_context already registered for DAG: example_python_operator
[2022-12-10T03:21:36.850+0000] {processor.py:753} INFO - DAG(s) dict_keys(['example_python_operator']) retrieved from /home/airflow/.local/lib/python3.7/site-packages/airflow/example_dags/example_python_operator.py
[2022-12-10T03:21:36.980+0000] {logging_mixin.py:137} INFO - [2022-12-10T03:21:36.980+0000] {dag.py:2676} INFO - Sync 1 DAGs
[2022-12-10T03:21:37.050+0000] {logging_mixin.py:137} INFO - [2022-12-10T03:21:37.050+0000] {dag.py:3427} INFO - Setting next_dagrun for example_python_operator to None, run_after=None
[2022-12-10T03:21:37.089+0000] {processor.py:175} INFO - Processing /home/airflow/.local/lib/python3.7/site-packages/airflow/example_dags/example_python_operator.py took 0.304 seconds
[2022-12-10T03:22:07.212+0000] {processor.py:153} INFO - Started process (PID=379) to work on /home/airflow/.local/lib/python3.7/site-packages/airflow/example_dags/example_python_operator.py
[2022-12-10T03:22:07.213+0000] {processor.py:743} INFO - Processing file /home/airflow/.local/lib/python3.7/site-packages/airflow/example_dags/example_python_operator.py for tasks to queue
[2022-12-10T03:22:07.215+0000] {logging_mixin.py:137} INFO - [2022-12-10T03:22:07.215+0000] {dagbag.py:538} INFO - Filling up the DagBag from /home/airflow/.local/lib/python3.7/site-packages/airflow/example_dags/example_python_operator.py
[2022-12-10T03:22:07.246+0000] {logging_mixin.py:137} INFO - [2022-12-10T03:22:07.246+0000] {taskmixin.py:205} WARNING - Dependency <Task(_PythonDecoratedOperator): print_the_context>, log_sql_query already registered for DAG: example_python_operator
[2022-12-10T03:22:07.247+0000] {logging_mixin.py:137} INFO - [2022-12-10T03:22:07.247+0000] {taskmixin.py:205} WARNING - Dependency <Task(_PythonDecoratedOperator): log_sql_query>, print_the_context already registered for DAG: example_python_operator
[2022-12-10T03:22:07.249+0000] {logging_mixin.py:137} INFO - [2022-12-10T03:22:07.249+0000] {taskmixin.py:205} WARNING - Dependency <Task(_PythonDecoratedOperator): print_the_context>, log_sql_query already registered for DAG: example_python_operator
[2022-12-10T03:22:07.250+0000] {logging_mixin.py:137} INFO - [2022-12-10T03:22:07.249+0000] {taskmixin.py:205} WARNING - Dependency <Task(_PythonDecoratedOperator): log_sql_query>, print_the_context already registered for DAG: example_python_operator
[2022-12-10T03:22:07.253+0000] {logging_mixin.py:137} INFO - [2022-12-10T03:22:07.252+0000] {taskmixin.py:205} WARNING - Dependency <Task(_PythonDecoratedOperator): print_the_context>, log_sql_query already registered for DAG: example_python_operator
[2022-12-10T03:22:07.254+0000] {logging_mixin.py:137} INFO - [2022-12-10T03:22:07.254+0000] {taskmixin.py:205} WARNING - Dependency <Task(_PythonDecoratedOperator): log_sql_query>, print_the_context already registered for DAG: example_python_operator
[2022-12-10T03:22:07.258+0000] {logging_mixin.py:137} INFO - [2022-12-10T03:22:07.258+0000] {taskmixin.py:205} WARNING - Dependency <Task(_PythonDecoratedOperator): print_the_context>, log_sql_query already registered for DAG: example_python_operator
[2022-12-10T03:22:07.259+0000] {logging_mixin.py:137} INFO - [2022-12-10T03:22:07.259+0000] {taskmixin.py:205} WARNING - Dependency <Task(_PythonDecoratedOperator): log_sql_query>, print_the_context already registered for DAG: example_python_operator
[2022-12-10T03:22:07.274+0000] {processor.py:753} INFO - DAG(s) dict_keys(['example_python_operator']) retrieved from /home/airflow/.local/lib/python3.7/site-packages/airflow/example_dags/example_python_operator.py
[2022-12-10T03:22:07.344+0000] {logging_mixin.py:137} INFO - [2022-12-10T03:22:07.344+0000] {dag.py:2676} INFO - Sync 1 DAGs
[2022-12-10T03:22:07.384+0000] {logging_mixin.py:137} INFO - [2022-12-10T03:22:07.384+0000] {dag.py:3427} INFO - Setting next_dagrun for example_python_operator to None, run_after=None
[2022-12-10T03:22:07.411+0000] {processor.py:175} INFO - Processing /home/airflow/.local/lib/python3.7/site-packages/airflow/example_dags/example_python_operator.py took 0.204 seconds
[2022-12-10T03:22:37.905+0000] {processor.py:153} INFO - Started process (PID=450) to work on /home/airflow/.local/lib/python3.7/site-packages/airflow/example_dags/example_python_operator.py
[2022-12-10T03:22:37.907+0000] {processor.py:743} INFO - Processing file /home/airflow/.local/lib/python3.7/site-packages/airflow/example_dags/example_python_operator.py for tasks to queue
[2022-12-10T03:22:37.907+0000] {logging_mixin.py:137} INFO - [2022-12-10T03:22:37.907+0000] {dagbag.py:538} INFO - Filling up the DagBag from /home/airflow/.local/lib/python3.7/site-packages/airflow/example_dags/example_python_operator.py
[2022-12-10T03:22:37.927+0000] {logging_mixin.py:137} INFO - [2022-12-10T03:22:37.927+0000] {taskmixin.py:205} WARNING - Dependency <Task(_PythonDecoratedOperator): print_the_context>, log_sql_query already registered for DAG: example_python_operator
[2022-12-10T03:22:37.928+0000] {logging_mixin.py:137} INFO - [2022-12-10T03:22:37.928+0000] {taskmixin.py:205} WARNING - Dependency <Task(_PythonDecoratedOperator): log_sql_query>, print_the_context already registered for DAG: example_python_operator
[2022-12-10T03:22:37.929+0000] {logging_mixin.py:137} INFO - [2022-12-10T03:22:37.929+0000] {taskmixin.py:205} WARNING - Dependency <Task(_PythonDecoratedOperator): print_the_context>, log_sql_query already registered for DAG: example_python_operator
[2022-12-10T03:22:37.930+0000] {logging_mixin.py:137} INFO - [2022-12-10T03:22:37.930+0000] {taskmixin.py:205} WARNING - Dependency <Task(_PythonDecoratedOperator): log_sql_query>, print_the_context already registered for DAG: example_python_operator
[2022-12-10T03:22:37.931+0000] {logging_mixin.py:137} INFO - [2022-12-10T03:22:37.931+0000] {taskmixin.py:205} WARNING - Dependency <Task(_PythonDecoratedOperator): print_the_context>, log_sql_query already registered for DAG: example_python_operator
[2022-12-10T03:22:37.932+0000] {logging_mixin.py:137} INFO - [2022-12-10T03:22:37.932+0000] {taskmixin.py:205} WARNING - Dependency <Task(_PythonDecoratedOperator): log_sql_query>, print_the_context already registered for DAG: example_python_operator
[2022-12-10T03:22:37.933+0000] {logging_mixin.py:137} INFO - [2022-12-10T03:22:37.933+0000] {taskmixin.py:205} WARNING - Dependency <Task(_PythonDecoratedOperator): print_the_context>, log_sql_query already registered for DAG: example_python_operator
[2022-12-10T03:22:37.933+0000] {logging_mixin.py:137} INFO - [2022-12-10T03:22:37.933+0000] {taskmixin.py:205} WARNING - Dependency <Task(_PythonDecoratedOperator): log_sql_query>, print_the_context already registered for DAG: example_python_operator
[2022-12-10T03:22:37.942+0000] {processor.py:753} INFO - DAG(s) dict_keys(['example_python_operator']) retrieved from /home/airflow/.local/lib/python3.7/site-packages/airflow/example_dags/example_python_operator.py
[2022-12-10T03:22:37.998+0000] {logging_mixin.py:137} INFO - [2022-12-10T03:22:37.998+0000] {dag.py:2676} INFO - Sync 1 DAGs
[2022-12-10T03:22:38.039+0000] {logging_mixin.py:137} INFO - [2022-12-10T03:22:38.039+0000] {dag.py:3427} INFO - Setting next_dagrun for example_python_operator to None, run_after=None
[2022-12-10T03:22:38.078+0000] {processor.py:175} INFO - Processing /home/airflow/.local/lib/python3.7/site-packages/airflow/example_dags/example_python_operator.py took 0.176 seconds
[2022-12-10T03:23:09.165+0000] {processor.py:153} INFO - Started process (PID=521) to work on /home/airflow/.local/lib/python3.7/site-packages/airflow/example_dags/example_python_operator.py
[2022-12-10T03:23:09.166+0000] {processor.py:743} INFO - Processing file /home/airflow/.local/lib/python3.7/site-packages/airflow/example_dags/example_python_operator.py for tasks to queue
[2022-12-10T03:23:09.168+0000] {logging_mixin.py:137} INFO - [2022-12-10T03:23:09.168+0000] {dagbag.py:538} INFO - Filling up the DagBag from /home/airflow/.local/lib/python3.7/site-packages/airflow/example_dags/example_python_operator.py
[2022-12-10T03:23:09.193+0000] {logging_mixin.py:137} INFO - [2022-12-10T03:23:09.193+0000] {taskmixin.py:205} WARNING - Dependency <Task(_PythonDecoratedOperator): print_the_context>, log_sql_query already registered for DAG: example_python_operator
[2022-12-10T03:23:09.194+0000] {logging_mixin.py:137} INFO - [2022-12-10T03:23:09.193+0000] {taskmixin.py:205} WARNING - Dependency <Task(_PythonDecoratedOperator): log_sql_query>, print_the_context already registered for DAG: example_python_operator
[2022-12-10T03:23:09.195+0000] {logging_mixin.py:137} INFO - [2022-12-10T03:23:09.195+0000] {taskmixin.py:205} WARNING - Dependency <Task(_PythonDecoratedOperator): print_the_context>, log_sql_query already registered for DAG: example_python_operator
[2022-12-10T03:23:09.195+0000] {logging_mixin.py:137} INFO - [2022-12-10T03:23:09.195+0000] {taskmixin.py:205} WARNING - Dependency <Task(_PythonDecoratedOperator): log_sql_query>, print_the_context already registered for DAG: example_python_operator
[2022-12-10T03:23:09.197+0000] {logging_mixin.py:137} INFO - [2022-12-10T03:23:09.197+0000] {taskmixin.py:205} WARNING - Dependency <Task(_PythonDecoratedOperator): print_the_context>, log_sql_query already registered for DAG: example_python_operator
[2022-12-10T03:23:09.198+0000] {logging_mixin.py:137} INFO - [2022-12-10T03:23:09.198+0000] {taskmixin.py:205} WARNING - Dependency <Task(_PythonDecoratedOperator): log_sql_query>, print_the_context already registered for DAG: example_python_operator
[2022-12-10T03:23:09.199+0000] {logging_mixin.py:137} INFO - [2022-12-10T03:23:09.199+0000] {taskmixin.py:205} WARNING - Dependency <Task(_PythonDecoratedOperator): print_the_context>, log_sql_query already registered for DAG: example_python_operator
[2022-12-10T03:23:09.200+0000] {logging_mixin.py:137} INFO - [2022-12-10T03:23:09.200+0000] {taskmixin.py:205} WARNING - Dependency <Task(_PythonDecoratedOperator): log_sql_query>, print_the_context already registered for DAG: example_python_operator
[2022-12-10T03:23:09.211+0000] {processor.py:753} INFO - DAG(s) dict_keys(['example_python_operator']) retrieved from /home/airflow/.local/lib/python3.7/site-packages/airflow/example_dags/example_python_operator.py
[2022-12-10T03:23:09.310+0000] {logging_mixin.py:137} INFO - [2022-12-10T03:23:09.310+0000] {dag.py:2676} INFO - Sync 1 DAGs
[2022-12-10T03:23:09.398+0000] {logging_mixin.py:137} INFO - [2022-12-10T03:23:09.398+0000] {dag.py:3427} INFO - Setting next_dagrun for example_python_operator to None, run_after=None
[2022-12-10T03:23:09.467+0000] {processor.py:175} INFO - Processing /home/airflow/.local/lib/python3.7/site-packages/airflow/example_dags/example_python_operator.py took 0.306 seconds
[2022-12-10T03:23:39.719+0000] {processor.py:153} INFO - Started process (PID=606) to work on /home/airflow/.local/lib/python3.7/site-packages/airflow/example_dags/example_python_operator.py
[2022-12-10T03:23:39.720+0000] {processor.py:743} INFO - Processing file /home/airflow/.local/lib/python3.7/site-packages/airflow/example_dags/example_python_operator.py for tasks to queue
[2022-12-10T03:23:39.723+0000] {logging_mixin.py:137} INFO - [2022-12-10T03:23:39.723+0000] {dagbag.py:538} INFO - Filling up the DagBag from /home/airflow/.local/lib/python3.7/site-packages/airflow/example_dags/example_python_operator.py
[2022-12-10T03:23:39.766+0000] {logging_mixin.py:137} INFO - [2022-12-10T03:23:39.766+0000] {taskmixin.py:205} WARNING - Dependency <Task(_PythonDecoratedOperator): print_the_context>, log_sql_query already registered for DAG: example_python_operator
[2022-12-10T03:23:39.767+0000] {logging_mixin.py:137} INFO - [2022-12-10T03:23:39.767+0000] {taskmixin.py:205} WARNING - Dependency <Task(_PythonDecoratedOperator): log_sql_query>, print_the_context already registered for DAG: example_python_operator
[2022-12-10T03:23:39.770+0000] {logging_mixin.py:137} INFO - [2022-12-10T03:23:39.769+0000] {taskmixin.py:205} WARNING - Dependency <Task(_PythonDecoratedOperator): print_the_context>, log_sql_query already registered for DAG: example_python_operator
[2022-12-10T03:23:39.771+0000] {logging_mixin.py:137} INFO - [2022-12-10T03:23:39.770+0000] {taskmixin.py:205} WARNING - Dependency <Task(_PythonDecoratedOperator): log_sql_query>, print_the_context already registered for DAG: example_python_operator
[2022-12-10T03:23:39.773+0000] {logging_mixin.py:137} INFO - [2022-12-10T03:23:39.772+0000] {taskmixin.py:205} WARNING - Dependency <Task(_PythonDecoratedOperator): print_the_context>, log_sql_query already registered for DAG: example_python_operator
[2022-12-10T03:23:39.774+0000] {logging_mixin.py:137} INFO - [2022-12-10T03:23:39.773+0000] {taskmixin.py:205} WARNING - Dependency <Task(_PythonDecoratedOperator): log_sql_query>, print_the_context already registered for DAG: example_python_operator
[2022-12-10T03:23:39.776+0000] {logging_mixin.py:137} INFO - [2022-12-10T03:23:39.776+0000] {taskmixin.py:205} WARNING - Dependency <Task(_PythonDecoratedOperator): print_the_context>, log_sql_query already registered for DAG: example_python_operator
[2022-12-10T03:23:39.778+0000] {logging_mixin.py:137} INFO - [2022-12-10T03:23:39.778+0000] {taskmixin.py:205} WARNING - Dependency <Task(_PythonDecoratedOperator): log_sql_query>, print_the_context already registered for DAG: example_python_operator
[2022-12-10T03:23:39.797+0000] {processor.py:753} INFO - DAG(s) dict_keys(['example_python_operator']) retrieved from /home/airflow/.local/lib/python3.7/site-packages/airflow/example_dags/example_python_operator.py
[2022-12-10T03:23:39.950+0000] {logging_mixin.py:137} INFO - [2022-12-10T03:23:39.949+0000] {dag.py:2676} INFO - Sync 1 DAGs
[2022-12-10T03:23:40.022+0000] {logging_mixin.py:137} INFO - [2022-12-10T03:23:40.021+0000] {dag.py:3427} INFO - Setting next_dagrun for example_python_operator to None, run_after=None
[2022-12-10T03:23:40.070+0000] {processor.py:175} INFO - Processing /home/airflow/.local/lib/python3.7/site-packages/airflow/example_dags/example_python_operator.py took 0.357 seconds
[2022-12-10T03:24:10.569+0000] {processor.py:153} INFO - Started process (PID=675) to work on /home/airflow/.local/lib/python3.7/site-packages/airflow/example_dags/example_python_operator.py
[2022-12-10T03:24:10.570+0000] {processor.py:743} INFO - Processing file /home/airflow/.local/lib/python3.7/site-packages/airflow/example_dags/example_python_operator.py for tasks to queue
[2022-12-10T03:24:10.572+0000] {logging_mixin.py:137} INFO - [2022-12-10T03:24:10.572+0000] {dagbag.py:538} INFO - Filling up the DagBag from /home/airflow/.local/lib/python3.7/site-packages/airflow/example_dags/example_python_operator.py
[2022-12-10T03:24:10.613+0000] {logging_mixin.py:137} INFO - [2022-12-10T03:24:10.612+0000] {taskmixin.py:205} WARNING - Dependency <Task(_PythonDecoratedOperator): print_the_context>, log_sql_query already registered for DAG: example_python_operator
[2022-12-10T03:24:10.614+0000] {logging_mixin.py:137} INFO - [2022-12-10T03:24:10.613+0000] {taskmixin.py:205} WARNING - Dependency <Task(_PythonDecoratedOperator): log_sql_query>, print_the_context already registered for DAG: example_python_operator
[2022-12-10T03:24:10.616+0000] {logging_mixin.py:137} INFO - [2022-12-10T03:24:10.616+0000] {taskmixin.py:205} WARNING - Dependency <Task(_PythonDecoratedOperator): print_the_context>, log_sql_query already registered for DAG: example_python_operator
[2022-12-10T03:24:10.617+0000] {logging_mixin.py:137} INFO - [2022-12-10T03:24:10.617+0000] {taskmixin.py:205} WARNING - Dependency <Task(_PythonDecoratedOperator): log_sql_query>, print_the_context already registered for DAG: example_python_operator
[2022-12-10T03:24:10.619+0000] {logging_mixin.py:137} INFO - [2022-12-10T03:24:10.618+0000] {taskmixin.py:205} WARNING - Dependency <Task(_PythonDecoratedOperator): print_the_context>, log_sql_query already registered for DAG: example_python_operator
[2022-12-10T03:24:10.619+0000] {logging_mixin.py:137} INFO - [2022-12-10T03:24:10.619+0000] {taskmixin.py:205} WARNING - Dependency <Task(_PythonDecoratedOperator): log_sql_query>, print_the_context already registered for DAG: example_python_operator
[2022-12-10T03:24:10.621+0000] {logging_mixin.py:137} INFO - [2022-12-10T03:24:10.621+0000] {taskmixin.py:205} WARNING - Dependency <Task(_PythonDecoratedOperator): print_the_context>, log_sql_query already registered for DAG: example_python_operator
[2022-12-10T03:24:10.622+0000] {logging_mixin.py:137} INFO - [2022-12-10T03:24:10.621+0000] {taskmixin.py:205} WARNING - Dependency <Task(_PythonDecoratedOperator): log_sql_query>, print_the_context already registered for DAG: example_python_operator
[2022-12-10T03:24:10.637+0000] {processor.py:753} INFO - DAG(s) dict_keys(['example_python_operator']) retrieved from /home/airflow/.local/lib/python3.7/site-packages/airflow/example_dags/example_python_operator.py
[2022-12-10T03:24:10.734+0000] {logging_mixin.py:137} INFO - [2022-12-10T03:24:10.733+0000] {dag.py:2676} INFO - Sync 1 DAGs
[2022-12-10T03:24:10.789+0000] {logging_mixin.py:137} INFO - [2022-12-10T03:24:10.788+0000] {dag.py:3427} INFO - Setting next_dagrun for example_python_operator to None, run_after=None
[2022-12-10T03:24:10.841+0000] {processor.py:175} INFO - Processing /home/airflow/.local/lib/python3.7/site-packages/airflow/example_dags/example_python_operator.py took 0.276 seconds
[2022-12-10T03:24:41.413+0000] {processor.py:153} INFO - Started process (PID=756) to work on /home/airflow/.local/lib/python3.7/site-packages/airflow/example_dags/example_python_operator.py
[2022-12-10T03:24:41.415+0000] {processor.py:743} INFO - Processing file /home/airflow/.local/lib/python3.7/site-packages/airflow/example_dags/example_python_operator.py for tasks to queue
[2022-12-10T03:24:41.416+0000] {logging_mixin.py:137} INFO - [2022-12-10T03:24:41.416+0000] {dagbag.py:538} INFO - Filling up the DagBag from /home/airflow/.local/lib/python3.7/site-packages/airflow/example_dags/example_python_operator.py
[2022-12-10T03:24:41.452+0000] {logging_mixin.py:137} INFO - [2022-12-10T03:24:41.452+0000] {taskmixin.py:205} WARNING - Dependency <Task(_PythonDecoratedOperator): print_the_context>, log_sql_query already registered for DAG: example_python_operator
[2022-12-10T03:24:41.453+0000] {logging_mixin.py:137} INFO - [2022-12-10T03:24:41.453+0000] {taskmixin.py:205} WARNING - Dependency <Task(_PythonDecoratedOperator): log_sql_query>, print_the_context already registered for DAG: example_python_operator
[2022-12-10T03:24:41.457+0000] {logging_mixin.py:137} INFO - [2022-12-10T03:24:41.457+0000] {taskmixin.py:205} WARNING - Dependency <Task(_PythonDecoratedOperator): print_the_context>, log_sql_query already registered for DAG: example_python_operator
[2022-12-10T03:24:41.458+0000] {logging_mixin.py:137} INFO - [2022-12-10T03:24:41.458+0000] {taskmixin.py:205} WARNING - Dependency <Task(_PythonDecoratedOperator): log_sql_query>, print_the_context already registered for DAG: example_python_operator
[2022-12-10T03:24:41.461+0000] {logging_mixin.py:137} INFO - [2022-12-10T03:24:41.460+0000] {taskmixin.py:205} WARNING - Dependency <Task(_PythonDecoratedOperator): print_the_context>, log_sql_query already registered for DAG: example_python_operator
[2022-12-10T03:24:41.461+0000] {logging_mixin.py:137} INFO - [2022-12-10T03:24:41.461+0000] {taskmixin.py:205} WARNING - Dependency <Task(_PythonDecoratedOperator): log_sql_query>, print_the_context already registered for DAG: example_python_operator
[2022-12-10T03:24:41.463+0000] {logging_mixin.py:137} INFO - [2022-12-10T03:24:41.463+0000] {taskmixin.py:205} WARNING - Dependency <Task(_PythonDecoratedOperator): print_the_context>, log_sql_query already registered for DAG: example_python_operator
[2022-12-10T03:24:41.464+0000] {logging_mixin.py:137} INFO - [2022-12-10T03:24:41.463+0000] {taskmixin.py:205} WARNING - Dependency <Task(_PythonDecoratedOperator): log_sql_query>, print_the_context already registered for DAG: example_python_operator
[2022-12-10T03:24:41.479+0000] {processor.py:753} INFO - DAG(s) dict_keys(['example_python_operator']) retrieved from /home/airflow/.local/lib/python3.7/site-packages/airflow/example_dags/example_python_operator.py
[2022-12-10T03:24:41.556+0000] {logging_mixin.py:137} INFO - [2022-12-10T03:24:41.555+0000] {dag.py:2676} INFO - Sync 1 DAGs
[2022-12-10T03:24:41.615+0000] {logging_mixin.py:137} INFO - [2022-12-10T03:24:41.615+0000] {dag.py:3427} INFO - Setting next_dagrun for example_python_operator to None, run_after=None
[2022-12-10T03:24:41.664+0000] {processor.py:175} INFO - Processing /home/airflow/.local/lib/python3.7/site-packages/airflow/example_dags/example_python_operator.py took 0.255 seconds
[2022-12-10T03:25:12.135+0000] {processor.py:153} INFO - Started process (PID=826) to work on /home/airflow/.local/lib/python3.7/site-packages/airflow/example_dags/example_python_operator.py
[2022-12-10T03:25:12.137+0000] {processor.py:743} INFO - Processing file /home/airflow/.local/lib/python3.7/site-packages/airflow/example_dags/example_python_operator.py for tasks to queue
[2022-12-10T03:25:12.138+0000] {logging_mixin.py:137} INFO - [2022-12-10T03:25:12.137+0000] {dagbag.py:538} INFO - Filling up the DagBag from /home/airflow/.local/lib/python3.7/site-packages/airflow/example_dags/example_python_operator.py
[2022-12-10T03:25:12.162+0000] {logging_mixin.py:137} INFO - [2022-12-10T03:25:12.162+0000] {taskmixin.py:205} WARNING - Dependency <Task(_PythonDecoratedOperator): print_the_context>, log_sql_query already registered for DAG: example_python_operator
[2022-12-10T03:25:12.163+0000] {logging_mixin.py:137} INFO - [2022-12-10T03:25:12.163+0000] {taskmixin.py:205} WARNING - Dependency <Task(_PythonDecoratedOperator): log_sql_query>, print_the_context already registered for DAG: example_python_operator
[2022-12-10T03:25:12.165+0000] {logging_mixin.py:137} INFO - [2022-12-10T03:25:12.164+0000] {taskmixin.py:205} WARNING - Dependency <Task(_PythonDecoratedOperator): print_the_context>, log_sql_query already registered for DAG: example_python_operator
[2022-12-10T03:25:12.165+0000] {logging_mixin.py:137} INFO - [2022-12-10T03:25:12.165+0000] {taskmixin.py:205} WARNING - Dependency <Task(_PythonDecoratedOperator): log_sql_query>, print_the_context already registered for DAG: example_python_operator
[2022-12-10T03:25:12.167+0000] {logging_mixin.py:137} INFO - [2022-12-10T03:25:12.166+0000] {taskmixin.py:205} WARNING - Dependency <Task(_PythonDecoratedOperator): print_the_context>, log_sql_query already registered for DAG: example_python_operator
[2022-12-10T03:25:12.167+0000] {logging_mixin.py:137} INFO - [2022-12-10T03:25:12.167+0000] {taskmixin.py:205} WARNING - Dependency <Task(_PythonDecoratedOperator): log_sql_query>, print_the_context already registered for DAG: example_python_operator
[2022-12-10T03:25:12.168+0000] {logging_mixin.py:137} INFO - [2022-12-10T03:25:12.168+0000] {taskmixin.py:205} WARNING - Dependency <Task(_PythonDecoratedOperator): print_the_context>, log_sql_query already registered for DAG: example_python_operator
[2022-12-10T03:25:12.169+0000] {logging_mixin.py:137} INFO - [2022-12-10T03:25:12.169+0000] {taskmixin.py:205} WARNING - Dependency <Task(_PythonDecoratedOperator): log_sql_query>, print_the_context already registered for DAG: example_python_operator
[2022-12-10T03:25:12.179+0000] {processor.py:753} INFO - DAG(s) dict_keys(['example_python_operator']) retrieved from /home/airflow/.local/lib/python3.7/site-packages/airflow/example_dags/example_python_operator.py
[2022-12-10T03:25:12.239+0000] {logging_mixin.py:137} INFO - [2022-12-10T03:25:12.238+0000] {dag.py:2676} INFO - Sync 1 DAGs
[2022-12-10T03:25:12.289+0000] {logging_mixin.py:137} INFO - [2022-12-10T03:25:12.289+0000] {dag.py:3427} INFO - Setting next_dagrun for example_python_operator to None, run_after=None
[2022-12-10T03:25:12.324+0000] {processor.py:175} INFO - Processing /home/airflow/.local/lib/python3.7/site-packages/airflow/example_dags/example_python_operator.py took 0.193 seconds
