[2022-12-10T03:20:05.687+0000] {processor.py:153} INFO - Started process (PID=83) to work on /home/airflow/.local/lib/python3.7/site-packages/airflow/example_dags/example_bash_operator.py
[2022-12-10T03:20:05.689+0000] {processor.py:743} INFO - Processing file /home/airflow/.local/lib/python3.7/site-packages/airflow/example_dags/example_bash_operator.py for tasks to queue
[2022-12-10T03:20:05.690+0000] {logging_mixin.py:137} INFO - [2022-12-10T03:20:05.690+0000] {dagbag.py:538} INFO - Filling up the DagBag from /home/airflow/.local/lib/python3.7/site-packages/airflow/example_dags/example_bash_operator.py
[2022-12-10T03:20:05.742+0000] {processor.py:753} INFO - DAG(s) dict_keys(['example_bash_operator']) retrieved from /home/airflow/.local/lib/python3.7/site-packages/airflow/example_dags/example_bash_operator.py
[2022-12-10T03:20:05.836+0000] {logging_mixin.py:137} INFO - [2022-12-10T03:20:05.836+0000] {dag.py:2676} INFO - Sync 1 DAGs
[2022-12-10T03:20:05.884+0000] {logging_mixin.py:137} INFO - [2022-12-10T03:20:05.884+0000] {dag.py:3427} INFO - Setting next_dagrun for example_bash_operator to 2022-12-09T00:00:00+00:00, run_after=2022-12-10T00:00:00+00:00
[2022-12-10T03:20:08.243+0000] {processor.py:175} INFO - Processing /home/airflow/.local/lib/python3.7/site-packages/airflow/example_dags/example_bash_operator.py took 2.561 seconds
[2022-12-10T03:20:38.810+0000] {processor.py:153} INFO - Started process (PID=165) to work on /home/airflow/.local/lib/python3.7/site-packages/airflow/example_dags/example_bash_operator.py
[2022-12-10T03:20:38.811+0000] {processor.py:743} INFO - Processing file /home/airflow/.local/lib/python3.7/site-packages/airflow/example_dags/example_bash_operator.py for tasks to queue
[2022-12-10T03:20:38.812+0000] {logging_mixin.py:137} INFO - [2022-12-10T03:20:38.812+0000] {dagbag.py:538} INFO - Filling up the DagBag from /home/airflow/.local/lib/python3.7/site-packages/airflow/example_dags/example_bash_operator.py
[2022-12-10T03:20:38.846+0000] {processor.py:753} INFO - DAG(s) dict_keys(['example_bash_operator']) retrieved from /home/airflow/.local/lib/python3.7/site-packages/airflow/example_dags/example_bash_operator.py
[2022-12-10T03:20:38.914+0000] {logging_mixin.py:137} INFO - [2022-12-10T03:20:38.914+0000] {dag.py:2676} INFO - Sync 1 DAGs
[2022-12-10T03:20:38.957+0000] {logging_mixin.py:137} INFO - [2022-12-10T03:20:38.957+0000] {dag.py:3427} INFO - Setting next_dagrun for example_bash_operator to 2022-12-09T00:00:00+00:00, run_after=2022-12-10T00:00:00+00:00
[2022-12-10T03:20:38.983+0000] {processor.py:175} INFO - Processing /home/airflow/.local/lib/python3.7/site-packages/airflow/example_dags/example_bash_operator.py took 0.177 seconds
[2022-12-10T03:21:09.809+0000] {processor.py:153} INFO - Started process (PID=243) to work on /home/airflow/.local/lib/python3.7/site-packages/airflow/example_dags/example_bash_operator.py
[2022-12-10T03:21:09.810+0000] {processor.py:743} INFO - Processing file /home/airflow/.local/lib/python3.7/site-packages/airflow/example_dags/example_bash_operator.py for tasks to queue
[2022-12-10T03:21:09.811+0000] {logging_mixin.py:137} INFO - [2022-12-10T03:21:09.811+0000] {dagbag.py:538} INFO - Filling up the DagBag from /home/airflow/.local/lib/python3.7/site-packages/airflow/example_dags/example_bash_operator.py
[2022-12-10T03:21:09.844+0000] {processor.py:753} INFO - DAG(s) dict_keys(['example_bash_operator']) retrieved from /home/airflow/.local/lib/python3.7/site-packages/airflow/example_dags/example_bash_operator.py
[2022-12-10T03:21:09.947+0000] {logging_mixin.py:137} INFO - [2022-12-10T03:21:09.947+0000] {dag.py:2676} INFO - Sync 1 DAGs
[2022-12-10T03:21:09.994+0000] {logging_mixin.py:137} INFO - [2022-12-10T03:21:09.993+0000] {dag.py:3427} INFO - Setting next_dagrun for example_bash_operator to 2022-12-09T00:00:00+00:00, run_after=2022-12-10T00:00:00+00:00
[2022-12-10T03:21:10.026+0000] {processor.py:175} INFO - Processing /home/airflow/.local/lib/python3.7/site-packages/airflow/example_dags/example_bash_operator.py took 0.224 seconds
[2022-12-10T03:21:40.642+0000] {processor.py:153} INFO - Started process (PID=314) to work on /home/airflow/.local/lib/python3.7/site-packages/airflow/example_dags/example_bash_operator.py
[2022-12-10T03:21:40.644+0000] {processor.py:743} INFO - Processing file /home/airflow/.local/lib/python3.7/site-packages/airflow/example_dags/example_bash_operator.py for tasks to queue
[2022-12-10T03:21:40.645+0000] {logging_mixin.py:137} INFO - [2022-12-10T03:21:40.645+0000] {dagbag.py:538} INFO - Filling up the DagBag from /home/airflow/.local/lib/python3.7/site-packages/airflow/example_dags/example_bash_operator.py
[2022-12-10T03:21:40.668+0000] {processor.py:753} INFO - DAG(s) dict_keys(['example_bash_operator']) retrieved from /home/airflow/.local/lib/python3.7/site-packages/airflow/example_dags/example_bash_operator.py
[2022-12-10T03:21:40.723+0000] {logging_mixin.py:137} INFO - [2022-12-10T03:21:40.723+0000] {dag.py:2676} INFO - Sync 1 DAGs
[2022-12-10T03:21:40.752+0000] {logging_mixin.py:137} INFO - [2022-12-10T03:21:40.752+0000] {dag.py:3427} INFO - Setting next_dagrun for example_bash_operator to 2022-12-09T00:00:00+00:00, run_after=2022-12-10T00:00:00+00:00
[2022-12-10T03:21:40.779+0000] {processor.py:175} INFO - Processing /home/airflow/.local/lib/python3.7/site-packages/airflow/example_dags/example_bash_operator.py took 0.140 seconds
[2022-12-10T03:22:10.949+0000] {processor.py:153} INFO - Started process (PID=385) to work on /home/airflow/.local/lib/python3.7/site-packages/airflow/example_dags/example_bash_operator.py
[2022-12-10T03:22:10.950+0000] {processor.py:743} INFO - Processing file /home/airflow/.local/lib/python3.7/site-packages/airflow/example_dags/example_bash_operator.py for tasks to queue
[2022-12-10T03:22:10.951+0000] {logging_mixin.py:137} INFO - [2022-12-10T03:22:10.951+0000] {dagbag.py:538} INFO - Filling up the DagBag from /home/airflow/.local/lib/python3.7/site-packages/airflow/example_dags/example_bash_operator.py
[2022-12-10T03:22:10.979+0000] {processor.py:753} INFO - DAG(s) dict_keys(['example_bash_operator']) retrieved from /home/airflow/.local/lib/python3.7/site-packages/airflow/example_dags/example_bash_operator.py
[2022-12-10T03:22:11.063+0000] {logging_mixin.py:137} INFO - [2022-12-10T03:22:11.063+0000] {dag.py:2676} INFO - Sync 1 DAGs
[2022-12-10T03:22:11.122+0000] {logging_mixin.py:137} INFO - [2022-12-10T03:22:11.122+0000] {dag.py:3427} INFO - Setting next_dagrun for example_bash_operator to 2022-12-09T00:00:00+00:00, run_after=2022-12-10T00:00:00+00:00
[2022-12-10T03:22:11.161+0000] {processor.py:175} INFO - Processing /home/airflow/.local/lib/python3.7/site-packages/airflow/example_dags/example_bash_operator.py took 0.215 seconds
[2022-12-10T03:22:41.283+0000] {processor.py:153} INFO - Started process (PID=456) to work on /home/airflow/.local/lib/python3.7/site-packages/airflow/example_dags/example_bash_operator.py
[2022-12-10T03:22:41.284+0000] {processor.py:743} INFO - Processing file /home/airflow/.local/lib/python3.7/site-packages/airflow/example_dags/example_bash_operator.py for tasks to queue
[2022-12-10T03:22:41.285+0000] {logging_mixin.py:137} INFO - [2022-12-10T03:22:41.285+0000] {dagbag.py:538} INFO - Filling up the DagBag from /home/airflow/.local/lib/python3.7/site-packages/airflow/example_dags/example_bash_operator.py
[2022-12-10T03:22:41.321+0000] {processor.py:753} INFO - DAG(s) dict_keys(['example_bash_operator']) retrieved from /home/airflow/.local/lib/python3.7/site-packages/airflow/example_dags/example_bash_operator.py
[2022-12-10T03:22:41.390+0000] {logging_mixin.py:137} INFO - [2022-12-10T03:22:41.390+0000] {dag.py:2676} INFO - Sync 1 DAGs
[2022-12-10T03:22:41.422+0000] {logging_mixin.py:137} INFO - [2022-12-10T03:22:41.421+0000] {dag.py:3427} INFO - Setting next_dagrun for example_bash_operator to 2022-12-09T00:00:00+00:00, run_after=2022-12-10T00:00:00+00:00
[2022-12-10T03:22:41.443+0000] {processor.py:175} INFO - Processing /home/airflow/.local/lib/python3.7/site-packages/airflow/example_dags/example_bash_operator.py took 0.164 seconds
[2022-12-10T03:23:12.103+0000] {processor.py:153} INFO - Started process (PID=543) to work on /home/airflow/.local/lib/python3.7/site-packages/airflow/example_dags/example_bash_operator.py
[2022-12-10T03:23:12.105+0000] {processor.py:743} INFO - Processing file /home/airflow/.local/lib/python3.7/site-packages/airflow/example_dags/example_bash_operator.py for tasks to queue
[2022-12-10T03:23:12.106+0000] {logging_mixin.py:137} INFO - [2022-12-10T03:23:12.106+0000] {dagbag.py:538} INFO - Filling up the DagBag from /home/airflow/.local/lib/python3.7/site-packages/airflow/example_dags/example_bash_operator.py
[2022-12-10T03:23:12.164+0000] {processor.py:753} INFO - DAG(s) dict_keys(['example_bash_operator']) retrieved from /home/airflow/.local/lib/python3.7/site-packages/airflow/example_dags/example_bash_operator.py
[2022-12-10T03:23:12.277+0000] {logging_mixin.py:137} INFO - [2022-12-10T03:23:12.277+0000] {dag.py:2676} INFO - Sync 1 DAGs
[2022-12-10T03:23:12.335+0000] {logging_mixin.py:137} INFO - [2022-12-10T03:23:12.334+0000] {dag.py:3427} INFO - Setting next_dagrun for example_bash_operator to 2022-12-09T00:00:00+00:00, run_after=2022-12-10T00:00:00+00:00
[2022-12-10T03:23:12.371+0000] {processor.py:175} INFO - Processing /home/airflow/.local/lib/python3.7/site-packages/airflow/example_dags/example_bash_operator.py took 0.274 seconds
[2022-12-10T03:23:43.156+0000] {processor.py:153} INFO - Started process (PID=619) to work on /home/airflow/.local/lib/python3.7/site-packages/airflow/example_dags/example_bash_operator.py
[2022-12-10T03:23:43.158+0000] {processor.py:743} INFO - Processing file /home/airflow/.local/lib/python3.7/site-packages/airflow/example_dags/example_bash_operator.py for tasks to queue
[2022-12-10T03:23:43.161+0000] {logging_mixin.py:137} INFO - [2022-12-10T03:23:43.160+0000] {dagbag.py:538} INFO - Filling up the DagBag from /home/airflow/.local/lib/python3.7/site-packages/airflow/example_dags/example_bash_operator.py
[2022-12-10T03:23:43.240+0000] {processor.py:753} INFO - DAG(s) dict_keys(['example_bash_operator']) retrieved from /home/airflow/.local/lib/python3.7/site-packages/airflow/example_dags/example_bash_operator.py
[2022-12-10T03:23:43.449+0000] {logging_mixin.py:137} INFO - [2022-12-10T03:23:43.449+0000] {dag.py:2676} INFO - Sync 1 DAGs
[2022-12-10T03:23:43.568+0000] {logging_mixin.py:137} INFO - [2022-12-10T03:23:43.564+0000] {dag.py:3427} INFO - Setting next_dagrun for example_bash_operator to 2022-12-09T00:00:00+00:00, run_after=2022-12-10T00:00:00+00:00
[2022-12-10T03:23:43.651+0000] {processor.py:175} INFO - Processing /home/airflow/.local/lib/python3.7/site-packages/airflow/example_dags/example_bash_operator.py took 0.505 seconds
[2022-12-10T03:24:14.456+0000] {processor.py:153} INFO - Started process (PID=690) to work on /home/airflow/.local/lib/python3.7/site-packages/airflow/example_dags/example_bash_operator.py
[2022-12-10T03:24:14.457+0000] {processor.py:743} INFO - Processing file /home/airflow/.local/lib/python3.7/site-packages/airflow/example_dags/example_bash_operator.py for tasks to queue
[2022-12-10T03:24:14.459+0000] {logging_mixin.py:137} INFO - [2022-12-10T03:24:14.459+0000] {dagbag.py:538} INFO - Filling up the DagBag from /home/airflow/.local/lib/python3.7/site-packages/airflow/example_dags/example_bash_operator.py
[2022-12-10T03:24:14.498+0000] {processor.py:753} INFO - DAG(s) dict_keys(['example_bash_operator']) retrieved from /home/airflow/.local/lib/python3.7/site-packages/airflow/example_dags/example_bash_operator.py
[2022-12-10T03:24:14.576+0000] {logging_mixin.py:137} INFO - [2022-12-10T03:24:14.575+0000] {dag.py:2676} INFO - Sync 1 DAGs
[2022-12-10T03:24:14.616+0000] {logging_mixin.py:137} INFO - [2022-12-10T03:24:14.616+0000] {dag.py:3427} INFO - Setting next_dagrun for example_bash_operator to 2022-12-09T00:00:00+00:00, run_after=2022-12-10T00:00:00+00:00
[2022-12-10T03:24:14.647+0000] {processor.py:175} INFO - Processing /home/airflow/.local/lib/python3.7/site-packages/airflow/example_dags/example_bash_operator.py took 0.195 seconds
[2022-12-10T03:24:45.270+0000] {processor.py:153} INFO - Started process (PID=762) to work on /home/airflow/.local/lib/python3.7/site-packages/airflow/example_dags/example_bash_operator.py
[2022-12-10T03:24:45.271+0000] {processor.py:743} INFO - Processing file /home/airflow/.local/lib/python3.7/site-packages/airflow/example_dags/example_bash_operator.py for tasks to queue
[2022-12-10T03:24:45.272+0000] {logging_mixin.py:137} INFO - [2022-12-10T03:24:45.272+0000] {dagbag.py:538} INFO - Filling up the DagBag from /home/airflow/.local/lib/python3.7/site-packages/airflow/example_dags/example_bash_operator.py
[2022-12-10T03:24:45.313+0000] {processor.py:753} INFO - DAG(s) dict_keys(['example_bash_operator']) retrieved from /home/airflow/.local/lib/python3.7/site-packages/airflow/example_dags/example_bash_operator.py
[2022-12-10T03:24:45.423+0000] {logging_mixin.py:137} INFO - [2022-12-10T03:24:45.423+0000] {dag.py:2676} INFO - Sync 1 DAGs
[2022-12-10T03:24:45.476+0000] {logging_mixin.py:137} INFO - [2022-12-10T03:24:45.476+0000] {dag.py:3427} INFO - Setting next_dagrun for example_bash_operator to 2022-12-09T00:00:00+00:00, run_after=2022-12-10T00:00:00+00:00
[2022-12-10T03:24:45.501+0000] {processor.py:175} INFO - Processing /home/airflow/.local/lib/python3.7/site-packages/airflow/example_dags/example_bash_operator.py took 0.235 seconds
[2022-12-10T03:25:15.877+0000] {processor.py:153} INFO - Started process (PID=832) to work on /home/airflow/.local/lib/python3.7/site-packages/airflow/example_dags/example_bash_operator.py
[2022-12-10T03:25:15.879+0000] {processor.py:743} INFO - Processing file /home/airflow/.local/lib/python3.7/site-packages/airflow/example_dags/example_bash_operator.py for tasks to queue
[2022-12-10T03:25:15.880+0000] {logging_mixin.py:137} INFO - [2022-12-10T03:25:15.880+0000] {dagbag.py:538} INFO - Filling up the DagBag from /home/airflow/.local/lib/python3.7/site-packages/airflow/example_dags/example_bash_operator.py
[2022-12-10T03:25:15.917+0000] {processor.py:753} INFO - DAG(s) dict_keys(['example_bash_operator']) retrieved from /home/airflow/.local/lib/python3.7/site-packages/airflow/example_dags/example_bash_operator.py
[2022-12-10T03:25:15.990+0000] {logging_mixin.py:137} INFO - [2022-12-10T03:25:15.989+0000] {dag.py:2676} INFO - Sync 1 DAGs
[2022-12-10T03:25:16.028+0000] {logging_mixin.py:137} INFO - [2022-12-10T03:25:16.028+0000] {dag.py:3427} INFO - Setting next_dagrun for example_bash_operator to 2022-12-09T00:00:00+00:00, run_after=2022-12-10T00:00:00+00:00
[2022-12-10T03:25:16.065+0000] {processor.py:175} INFO - Processing /home/airflow/.local/lib/python3.7/site-packages/airflow/example_dags/example_bash_operator.py took 0.192 seconds
