[2022-12-10T03:20:09.870+0000] {processor.py:153} INFO - Started process (PID=102) to work on /home/airflow/.local/lib/python3.7/site-packages/airflow/example_dags/example_xcomargs.py
[2022-12-10T03:20:09.872+0000] {processor.py:743} INFO - Processing file /home/airflow/.local/lib/python3.7/site-packages/airflow/example_dags/example_xcomargs.py for tasks to queue
[2022-12-10T03:20:09.873+0000] {logging_mixin.py:137} INFO - [2022-12-10T03:20:09.873+0000] {dagbag.py:538} INFO - Filling up the DagBag from /home/airflow/.local/lib/python3.7/site-packages/airflow/example_dags/example_xcomargs.py
[2022-12-10T03:20:09.922+0000] {processor.py:753} INFO - DAG(s) dict_keys(['example_xcom_args', 'example_xcom_args_with_operators']) retrieved from /home/airflow/.local/lib/python3.7/site-packages/airflow/example_dags/example_xcomargs.py
[2022-12-10T03:20:09.997+0000] {logging_mixin.py:137} INFO - [2022-12-10T03:20:09.997+0000] {dag.py:2676} INFO - Sync 2 DAGs
[2022-12-10T03:20:10.182+0000] {logging_mixin.py:137} INFO - [2022-12-10T03:20:10.182+0000] {dag.py:3427} INFO - Setting next_dagrun for example_xcom_args to None, run_after=None
[2022-12-10T03:20:10.189+0000] {logging_mixin.py:137} INFO - [2022-12-10T03:20:10.189+0000] {dag.py:3427} INFO - Setting next_dagrun for example_xcom_args_with_operators to None, run_after=None
[2022-12-10T03:20:10.219+0000] {processor.py:175} INFO - Processing /home/airflow/.local/lib/python3.7/site-packages/airflow/example_dags/example_xcomargs.py took 0.353 seconds
[2022-12-10T03:20:40.915+0000] {processor.py:153} INFO - Started process (PID=181) to work on /home/airflow/.local/lib/python3.7/site-packages/airflow/example_dags/example_xcomargs.py
[2022-12-10T03:20:40.917+0000] {processor.py:743} INFO - Processing file /home/airflow/.local/lib/python3.7/site-packages/airflow/example_dags/example_xcomargs.py for tasks to queue
[2022-12-10T03:20:40.918+0000] {logging_mixin.py:137} INFO - [2022-12-10T03:20:40.918+0000] {dagbag.py:538} INFO - Filling up the DagBag from /home/airflow/.local/lib/python3.7/site-packages/airflow/example_dags/example_xcomargs.py
[2022-12-10T03:20:40.974+0000] {processor.py:753} INFO - DAG(s) dict_keys(['example_xcom_args', 'example_xcom_args_with_operators']) retrieved from /home/airflow/.local/lib/python3.7/site-packages/airflow/example_dags/example_xcomargs.py
[2022-12-10T03:20:41.052+0000] {logging_mixin.py:137} INFO - [2022-12-10T03:20:41.052+0000] {dag.py:2676} INFO - Sync 2 DAGs
[2022-12-10T03:20:41.099+0000] {logging_mixin.py:137} INFO - [2022-12-10T03:20:41.099+0000] {dag.py:3427} INFO - Setting next_dagrun for example_xcom_args to None, run_after=None
[2022-12-10T03:20:41.104+0000] {logging_mixin.py:137} INFO - [2022-12-10T03:20:41.104+0000] {dag.py:3427} INFO - Setting next_dagrun for example_xcom_args_with_operators to None, run_after=None
[2022-12-10T03:20:42.317+0000] {processor.py:175} INFO - Processing /home/airflow/.local/lib/python3.7/site-packages/airflow/example_dags/example_xcomargs.py took 1.405 seconds
[2022-12-10T03:21:13.277+0000] {processor.py:153} INFO - Started process (PID=254) to work on /home/airflow/.local/lib/python3.7/site-packages/airflow/example_dags/example_xcomargs.py
[2022-12-10T03:21:13.772+0000] {processor.py:743} INFO - Processing file /home/airflow/.local/lib/python3.7/site-packages/airflow/example_dags/example_xcomargs.py for tasks to queue
[2022-12-10T03:21:13.775+0000] {logging_mixin.py:137} INFO - [2022-12-10T03:21:13.775+0000] {dagbag.py:538} INFO - Filling up the DagBag from /home/airflow/.local/lib/python3.7/site-packages/airflow/example_dags/example_xcomargs.py
[2022-12-10T03:21:13.802+0000] {processor.py:753} INFO - DAG(s) dict_keys(['example_xcom_args_with_operators', 'example_xcom_args']) retrieved from /home/airflow/.local/lib/python3.7/site-packages/airflow/example_dags/example_xcomargs.py
[2022-12-10T03:21:13.845+0000] {logging_mixin.py:137} INFO - [2022-12-10T03:21:13.845+0000] {dag.py:2676} INFO - Sync 2 DAGs
[2022-12-10T03:21:13.872+0000] {logging_mixin.py:137} INFO - [2022-12-10T03:21:13.872+0000] {dag.py:3427} INFO - Setting next_dagrun for example_xcom_args to None, run_after=None
[2022-12-10T03:21:13.876+0000] {logging_mixin.py:137} INFO - [2022-12-10T03:21:13.876+0000] {dag.py:3427} INFO - Setting next_dagrun for example_xcom_args_with_operators to None, run_after=None
[2022-12-10T03:21:13.898+0000] {processor.py:175} INFO - Processing /home/airflow/.local/lib/python3.7/site-packages/airflow/example_dags/example_xcomargs.py took 0.625 seconds
[2022-12-10T03:21:44.535+0000] {processor.py:153} INFO - Started process (PID=325) to work on /home/airflow/.local/lib/python3.7/site-packages/airflow/example_dags/example_xcomargs.py
[2022-12-10T03:21:44.536+0000] {processor.py:743} INFO - Processing file /home/airflow/.local/lib/python3.7/site-packages/airflow/example_dags/example_xcomargs.py for tasks to queue
[2022-12-10T03:21:44.537+0000] {logging_mixin.py:137} INFO - [2022-12-10T03:21:44.537+0000] {dagbag.py:538} INFO - Filling up the DagBag from /home/airflow/.local/lib/python3.7/site-packages/airflow/example_dags/example_xcomargs.py
[2022-12-10T03:21:44.568+0000] {processor.py:753} INFO - DAG(s) dict_keys(['example_xcom_args', 'example_xcom_args_with_operators']) retrieved from /home/airflow/.local/lib/python3.7/site-packages/airflow/example_dags/example_xcomargs.py
[2022-12-10T03:21:44.619+0000] {logging_mixin.py:137} INFO - [2022-12-10T03:21:44.618+0000] {dag.py:2676} INFO - Sync 2 DAGs
[2022-12-10T03:21:44.650+0000] {logging_mixin.py:137} INFO - [2022-12-10T03:21:44.650+0000] {dag.py:3427} INFO - Setting next_dagrun for example_xcom_args to None, run_after=None
[2022-12-10T03:21:44.655+0000] {logging_mixin.py:137} INFO - [2022-12-10T03:21:44.655+0000] {dag.py:3427} INFO - Setting next_dagrun for example_xcom_args_with_operators to None, run_after=None
[2022-12-10T03:21:44.685+0000] {processor.py:175} INFO - Processing /home/airflow/.local/lib/python3.7/site-packages/airflow/example_dags/example_xcomargs.py took 0.153 seconds
[2022-12-10T03:22:14.968+0000] {processor.py:153} INFO - Started process (PID=396) to work on /home/airflow/.local/lib/python3.7/site-packages/airflow/example_dags/example_xcomargs.py
[2022-12-10T03:22:14.969+0000] {processor.py:743} INFO - Processing file /home/airflow/.local/lib/python3.7/site-packages/airflow/example_dags/example_xcomargs.py for tasks to queue
[2022-12-10T03:22:14.970+0000] {logging_mixin.py:137} INFO - [2022-12-10T03:22:14.970+0000] {dagbag.py:538} INFO - Filling up the DagBag from /home/airflow/.local/lib/python3.7/site-packages/airflow/example_dags/example_xcomargs.py
[2022-12-10T03:22:14.994+0000] {processor.py:753} INFO - DAG(s) dict_keys(['example_xcom_args_with_operators', 'example_xcom_args']) retrieved from /home/airflow/.local/lib/python3.7/site-packages/airflow/example_dags/example_xcomargs.py
[2022-12-10T03:22:15.037+0000] {logging_mixin.py:137} INFO - [2022-12-10T03:22:15.037+0000] {dag.py:2676} INFO - Sync 2 DAGs
[2022-12-10T03:22:15.064+0000] {logging_mixin.py:137} INFO - [2022-12-10T03:22:15.064+0000] {dag.py:3427} INFO - Setting next_dagrun for example_xcom_args to None, run_after=None
[2022-12-10T03:22:15.068+0000] {logging_mixin.py:137} INFO - [2022-12-10T03:22:15.068+0000] {dag.py:3427} INFO - Setting next_dagrun for example_xcom_args_with_operators to None, run_after=None
[2022-12-10T03:22:15.088+0000] {processor.py:175} INFO - Processing /home/airflow/.local/lib/python3.7/site-packages/airflow/example_dags/example_xcomargs.py took 0.123 seconds
[2022-12-10T03:22:45.186+0000] {processor.py:153} INFO - Started process (PID=484) to work on /home/airflow/.local/lib/python3.7/site-packages/airflow/example_dags/example_xcomargs.py
[2022-12-10T03:22:45.187+0000] {processor.py:743} INFO - Processing file /home/airflow/.local/lib/python3.7/site-packages/airflow/example_dags/example_xcomargs.py for tasks to queue
[2022-12-10T03:22:45.188+0000] {logging_mixin.py:137} INFO - [2022-12-10T03:22:45.188+0000] {dagbag.py:538} INFO - Filling up the DagBag from /home/airflow/.local/lib/python3.7/site-packages/airflow/example_dags/example_xcomargs.py
[2022-12-10T03:22:45.214+0000] {processor.py:753} INFO - DAG(s) dict_keys(['example_xcom_args', 'example_xcom_args_with_operators']) retrieved from /home/airflow/.local/lib/python3.7/site-packages/airflow/example_dags/example_xcomargs.py
[2022-12-10T03:22:45.258+0000] {logging_mixin.py:137} INFO - [2022-12-10T03:22:45.258+0000] {dag.py:2676} INFO - Sync 2 DAGs
[2022-12-10T03:22:45.287+0000] {logging_mixin.py:137} INFO - [2022-12-10T03:22:45.287+0000] {dag.py:3427} INFO - Setting next_dagrun for example_xcom_args to None, run_after=None
[2022-12-10T03:22:45.292+0000] {logging_mixin.py:137} INFO - [2022-12-10T03:22:45.291+0000] {dag.py:3427} INFO - Setting next_dagrun for example_xcom_args_with_operators to None, run_after=None
[2022-12-10T03:22:45.312+0000] {processor.py:175} INFO - Processing /home/airflow/.local/lib/python3.7/site-packages/airflow/example_dags/example_xcomargs.py took 0.129 seconds
[2022-12-10T03:23:15.678+0000] {processor.py:153} INFO - Started process (PID=554) to work on /home/airflow/.local/lib/python3.7/site-packages/airflow/example_dags/example_xcomargs.py
[2022-12-10T03:23:15.680+0000] {processor.py:743} INFO - Processing file /home/airflow/.local/lib/python3.7/site-packages/airflow/example_dags/example_xcomargs.py for tasks to queue
[2022-12-10T03:23:15.681+0000] {logging_mixin.py:137} INFO - [2022-12-10T03:23:15.681+0000] {dagbag.py:538} INFO - Filling up the DagBag from /home/airflow/.local/lib/python3.7/site-packages/airflow/example_dags/example_xcomargs.py
[2022-12-10T03:23:15.711+0000] {processor.py:753} INFO - DAG(s) dict_keys(['example_xcom_args', 'example_xcom_args_with_operators']) retrieved from /home/airflow/.local/lib/python3.7/site-packages/airflow/example_dags/example_xcomargs.py
[2022-12-10T03:23:15.764+0000] {logging_mixin.py:137} INFO - [2022-12-10T03:23:15.764+0000] {dag.py:2676} INFO - Sync 2 DAGs
[2022-12-10T03:23:15.799+0000] {logging_mixin.py:137} INFO - [2022-12-10T03:23:15.799+0000] {dag.py:3427} INFO - Setting next_dagrun for example_xcom_args to None, run_after=None
[2022-12-10T03:23:15.804+0000] {logging_mixin.py:137} INFO - [2022-12-10T03:23:15.804+0000] {dag.py:3427} INFO - Setting next_dagrun for example_xcom_args_with_operators to None, run_after=None
[2022-12-10T03:23:15.834+0000] {processor.py:175} INFO - Processing /home/airflow/.local/lib/python3.7/site-packages/airflow/example_dags/example_xcomargs.py took 0.159 seconds
[2022-12-10T03:23:46.128+0000] {processor.py:153} INFO - Started process (PID=630) to work on /home/airflow/.local/lib/python3.7/site-packages/airflow/example_dags/example_xcomargs.py
[2022-12-10T03:23:46.130+0000] {processor.py:743} INFO - Processing file /home/airflow/.local/lib/python3.7/site-packages/airflow/example_dags/example_xcomargs.py for tasks to queue
[2022-12-10T03:23:46.131+0000] {logging_mixin.py:137} INFO - [2022-12-10T03:23:46.131+0000] {dagbag.py:538} INFO - Filling up the DagBag from /home/airflow/.local/lib/python3.7/site-packages/airflow/example_dags/example_xcomargs.py
[2022-12-10T03:23:46.203+0000] {processor.py:753} INFO - DAG(s) dict_keys(['example_xcom_args_with_operators', 'example_xcom_args']) retrieved from /home/airflow/.local/lib/python3.7/site-packages/airflow/example_dags/example_xcomargs.py
[2022-12-10T03:23:46.314+0000] {logging_mixin.py:137} INFO - [2022-12-10T03:23:46.314+0000] {dag.py:2676} INFO - Sync 2 DAGs
[2022-12-10T03:23:46.382+0000] {logging_mixin.py:137} INFO - [2022-12-10T03:23:46.382+0000] {dag.py:3427} INFO - Setting next_dagrun for example_xcom_args to None, run_after=None
[2022-12-10T03:23:46.391+0000] {logging_mixin.py:137} INFO - [2022-12-10T03:23:46.391+0000] {dag.py:3427} INFO - Setting next_dagrun for example_xcom_args_with_operators to None, run_after=None
[2022-12-10T03:23:46.439+0000] {processor.py:175} INFO - Processing /home/airflow/.local/lib/python3.7/site-packages/airflow/example_dags/example_xcomargs.py took 0.318 seconds
[2022-12-10T03:24:16.563+0000] {processor.py:153} INFO - Started process (PID=701) to work on /home/airflow/.local/lib/python3.7/site-packages/airflow/example_dags/example_xcomargs.py
[2022-12-10T03:24:16.564+0000] {processor.py:743} INFO - Processing file /home/airflow/.local/lib/python3.7/site-packages/airflow/example_dags/example_xcomargs.py for tasks to queue
[2022-12-10T03:24:16.565+0000] {logging_mixin.py:137} INFO - [2022-12-10T03:24:16.565+0000] {dagbag.py:538} INFO - Filling up the DagBag from /home/airflow/.local/lib/python3.7/site-packages/airflow/example_dags/example_xcomargs.py
[2022-12-10T03:24:16.596+0000] {processor.py:753} INFO - DAG(s) dict_keys(['example_xcom_args', 'example_xcom_args_with_operators']) retrieved from /home/airflow/.local/lib/python3.7/site-packages/airflow/example_dags/example_xcomargs.py
[2022-12-10T03:24:16.654+0000] {logging_mixin.py:137} INFO - [2022-12-10T03:24:16.654+0000] {dag.py:2676} INFO - Sync 2 DAGs
[2022-12-10T03:24:16.693+0000] {logging_mixin.py:137} INFO - [2022-12-10T03:24:16.693+0000] {dag.py:3427} INFO - Setting next_dagrun for example_xcom_args to None, run_after=None
[2022-12-10T03:24:16.701+0000] {logging_mixin.py:137} INFO - [2022-12-10T03:24:16.701+0000] {dag.py:3427} INFO - Setting next_dagrun for example_xcom_args_with_operators to None, run_after=None
[2022-12-10T03:24:16.732+0000] {processor.py:175} INFO - Processing /home/airflow/.local/lib/python3.7/site-packages/airflow/example_dags/example_xcomargs.py took 0.172 seconds
[2022-12-10T03:24:47.454+0000] {processor.py:153} INFO - Started process (PID=773) to work on /home/airflow/.local/lib/python3.7/site-packages/airflow/example_dags/example_xcomargs.py
[2022-12-10T03:24:47.455+0000] {processor.py:743} INFO - Processing file /home/airflow/.local/lib/python3.7/site-packages/airflow/example_dags/example_xcomargs.py for tasks to queue
[2022-12-10T03:24:47.457+0000] {logging_mixin.py:137} INFO - [2022-12-10T03:24:47.457+0000] {dagbag.py:538} INFO - Filling up the DagBag from /home/airflow/.local/lib/python3.7/site-packages/airflow/example_dags/example_xcomargs.py
[2022-12-10T03:24:47.496+0000] {processor.py:753} INFO - DAG(s) dict_keys(['example_xcom_args', 'example_xcom_args_with_operators']) retrieved from /home/airflow/.local/lib/python3.7/site-packages/airflow/example_dags/example_xcomargs.py
[2022-12-10T03:24:47.573+0000] {logging_mixin.py:137} INFO - [2022-12-10T03:24:47.572+0000] {dag.py:2676} INFO - Sync 2 DAGs
[2022-12-10T03:24:47.651+0000] {logging_mixin.py:137} INFO - [2022-12-10T03:24:47.650+0000] {dag.py:3427} INFO - Setting next_dagrun for example_xcom_args to None, run_after=None
[2022-12-10T03:24:47.661+0000] {logging_mixin.py:137} INFO - [2022-12-10T03:24:47.661+0000] {dag.py:3427} INFO - Setting next_dagrun for example_xcom_args_with_operators to None, run_after=None
[2022-12-10T03:24:47.725+0000] {processor.py:175} INFO - Processing /home/airflow/.local/lib/python3.7/site-packages/airflow/example_dags/example_xcomargs.py took 0.276 seconds
[2022-12-10T03:25:18.199+0000] {processor.py:153} INFO - Started process (PID=843) to work on /home/airflow/.local/lib/python3.7/site-packages/airflow/example_dags/example_xcomargs.py
[2022-12-10T03:25:18.200+0000] {processor.py:743} INFO - Processing file /home/airflow/.local/lib/python3.7/site-packages/airflow/example_dags/example_xcomargs.py for tasks to queue
[2022-12-10T03:25:18.201+0000] {logging_mixin.py:137} INFO - [2022-12-10T03:25:18.201+0000] {dagbag.py:538} INFO - Filling up the DagBag from /home/airflow/.local/lib/python3.7/site-packages/airflow/example_dags/example_xcomargs.py
[2022-12-10T03:25:18.234+0000] {processor.py:753} INFO - DAG(s) dict_keys(['example_xcom_args_with_operators', 'example_xcom_args']) retrieved from /home/airflow/.local/lib/python3.7/site-packages/airflow/example_dags/example_xcomargs.py
[2022-12-10T03:25:18.286+0000] {logging_mixin.py:137} INFO - [2022-12-10T03:25:18.286+0000] {dag.py:2676} INFO - Sync 2 DAGs
[2022-12-10T03:25:18.322+0000] {logging_mixin.py:137} INFO - [2022-12-10T03:25:18.322+0000] {dag.py:3427} INFO - Setting next_dagrun for example_xcom_args to None, run_after=None
[2022-12-10T03:25:18.327+0000] {logging_mixin.py:137} INFO - [2022-12-10T03:25:18.326+0000] {dag.py:3427} INFO - Setting next_dagrun for example_xcom_args_with_operators to None, run_after=None
[2022-12-10T03:25:18.348+0000] {processor.py:175} INFO - Processing /home/airflow/.local/lib/python3.7/site-packages/airflow/example_dags/example_xcomargs.py took 0.154 seconds
