[2022-12-10T03:20:00.576+0000] {processor.py:153} INFO - Started process (PID=63) to work on /home/airflow/.local/lib/python3.7/site-packages/airflow/example_dags/example_branch_labels.py
[2022-12-10T03:20:00.577+0000] {processor.py:743} INFO - Processing file /home/airflow/.local/lib/python3.7/site-packages/airflow/example_dags/example_branch_labels.py for tasks to queue
[2022-12-10T03:20:00.579+0000] {logging_mixin.py:137} INFO - [2022-12-10T03:20:00.578+0000] {dagbag.py:538} INFO - Filling up the DagBag from /home/airflow/.local/lib/python3.7/site-packages/airflow/example_dags/example_branch_labels.py
[2022-12-10T03:20:00.610+0000] {processor.py:753} INFO - DAG(s) dict_keys(['example_branch_labels']) retrieved from /home/airflow/.local/lib/python3.7/site-packages/airflow/example_dags/example_branch_labels.py
[2022-12-10T03:20:00.690+0000] {logging_mixin.py:137} INFO - [2022-12-10T03:20:00.690+0000] {dag.py:2676} INFO - Sync 1 DAGs
[2022-12-10T03:20:00.750+0000] {logging_mixin.py:137} INFO - [2022-12-10T03:20:00.750+0000] {dag.py:3427} INFO - Setting next_dagrun for example_branch_labels to 2022-12-09T00:00:00+00:00, run_after=2022-12-10T00:00:00+00:00
[2022-12-10T03:20:00.791+0000] {processor.py:175} INFO - Processing /home/airflow/.local/lib/python3.7/site-packages/airflow/example_dags/example_branch_labels.py took 0.219 seconds
[2022-12-10T03:20:30.933+0000] {processor.py:153} INFO - Started process (PID=134) to work on /home/airflow/.local/lib/python3.7/site-packages/airflow/example_dags/example_branch_labels.py
[2022-12-10T03:20:30.934+0000] {processor.py:743} INFO - Processing file /home/airflow/.local/lib/python3.7/site-packages/airflow/example_dags/example_branch_labels.py for tasks to queue
[2022-12-10T03:20:30.935+0000] {logging_mixin.py:137} INFO - [2022-12-10T03:20:30.935+0000] {dagbag.py:538} INFO - Filling up the DagBag from /home/airflow/.local/lib/python3.7/site-packages/airflow/example_dags/example_branch_labels.py
[2022-12-10T03:20:30.954+0000] {processor.py:753} INFO - DAG(s) dict_keys(['example_branch_labels']) retrieved from /home/airflow/.local/lib/python3.7/site-packages/airflow/example_dags/example_branch_labels.py
[2022-12-10T03:20:30.993+0000] {logging_mixin.py:137} INFO - [2022-12-10T03:20:30.992+0000] {dag.py:2676} INFO - Sync 1 DAGs
[2022-12-10T03:20:31.022+0000] {logging_mixin.py:137} INFO - [2022-12-10T03:20:31.022+0000] {dag.py:3427} INFO - Setting next_dagrun for example_branch_labels to 2022-12-09T00:00:00+00:00, run_after=2022-12-10T00:00:00+00:00
[2022-12-10T03:20:31.048+0000] {processor.py:175} INFO - Processing /home/airflow/.local/lib/python3.7/site-packages/airflow/example_dags/example_branch_labels.py took 0.118 seconds
[2022-12-10T03:21:01.945+0000] {processor.py:153} INFO - Started process (PID=205) to work on /home/airflow/.local/lib/python3.7/site-packages/airflow/example_dags/example_branch_labels.py
[2022-12-10T03:21:01.946+0000] {processor.py:743} INFO - Processing file /home/airflow/.local/lib/python3.7/site-packages/airflow/example_dags/example_branch_labels.py for tasks to queue
[2022-12-10T03:21:01.947+0000] {logging_mixin.py:137} INFO - [2022-12-10T03:21:01.947+0000] {dagbag.py:538} INFO - Filling up the DagBag from /home/airflow/.local/lib/python3.7/site-packages/airflow/example_dags/example_branch_labels.py
[2022-12-10T03:21:01.967+0000] {processor.py:753} INFO - DAG(s) dict_keys(['example_branch_labels']) retrieved from /home/airflow/.local/lib/python3.7/site-packages/airflow/example_dags/example_branch_labels.py
[2022-12-10T03:21:02.013+0000] {logging_mixin.py:137} INFO - [2022-12-10T03:21:02.013+0000] {dag.py:2676} INFO - Sync 1 DAGs
[2022-12-10T03:21:02.049+0000] {logging_mixin.py:137} INFO - [2022-12-10T03:21:02.049+0000] {dag.py:3427} INFO - Setting next_dagrun for example_branch_labels to 2022-12-09T00:00:00+00:00, run_after=2022-12-10T00:00:00+00:00
[2022-12-10T03:21:02.080+0000] {processor.py:175} INFO - Processing /home/airflow/.local/lib/python3.7/site-packages/airflow/example_dags/example_branch_labels.py took 0.139 seconds
[2022-12-10T03:21:33.273+0000] {processor.py:153} INFO - Started process (PID=276) to work on /home/airflow/.local/lib/python3.7/site-packages/airflow/example_dags/example_branch_labels.py
[2022-12-10T03:21:33.275+0000] {processor.py:743} INFO - Processing file /home/airflow/.local/lib/python3.7/site-packages/airflow/example_dags/example_branch_labels.py for tasks to queue
[2022-12-10T03:21:33.276+0000] {logging_mixin.py:137} INFO - [2022-12-10T03:21:33.276+0000] {dagbag.py:538} INFO - Filling up the DagBag from /home/airflow/.local/lib/python3.7/site-packages/airflow/example_dags/example_branch_labels.py
[2022-12-10T03:21:33.300+0000] {processor.py:753} INFO - DAG(s) dict_keys(['example_branch_labels']) retrieved from /home/airflow/.local/lib/python3.7/site-packages/airflow/example_dags/example_branch_labels.py
[2022-12-10T03:21:33.357+0000] {logging_mixin.py:137} INFO - [2022-12-10T03:21:33.357+0000] {dag.py:2676} INFO - Sync 1 DAGs
[2022-12-10T03:21:33.401+0000] {logging_mixin.py:137} INFO - [2022-12-10T03:21:33.401+0000] {dag.py:3427} INFO - Setting next_dagrun for example_branch_labels to 2022-12-09T00:00:00+00:00, run_after=2022-12-10T00:00:00+00:00
[2022-12-10T03:21:33.434+0000] {processor.py:175} INFO - Processing /home/airflow/.local/lib/python3.7/site-packages/airflow/example_dags/example_branch_labels.py took 0.165 seconds
[2022-12-10T03:22:04.097+0000] {processor.py:153} INFO - Started process (PID=347) to work on /home/airflow/.local/lib/python3.7/site-packages/airflow/example_dags/example_branch_labels.py
[2022-12-10T03:22:04.098+0000] {processor.py:743} INFO - Processing file /home/airflow/.local/lib/python3.7/site-packages/airflow/example_dags/example_branch_labels.py for tasks to queue
[2022-12-10T03:22:04.099+0000] {logging_mixin.py:137} INFO - [2022-12-10T03:22:04.099+0000] {dagbag.py:538} INFO - Filling up the DagBag from /home/airflow/.local/lib/python3.7/site-packages/airflow/example_dags/example_branch_labels.py
[2022-12-10T03:22:04.120+0000] {processor.py:753} INFO - DAG(s) dict_keys(['example_branch_labels']) retrieved from /home/airflow/.local/lib/python3.7/site-packages/airflow/example_dags/example_branch_labels.py
[2022-12-10T03:22:04.181+0000] {logging_mixin.py:137} INFO - [2022-12-10T03:22:04.181+0000] {dag.py:2676} INFO - Sync 1 DAGs
[2022-12-10T03:22:04.222+0000] {logging_mixin.py:137} INFO - [2022-12-10T03:22:04.222+0000] {dag.py:3427} INFO - Setting next_dagrun for example_branch_labels to 2022-12-09T00:00:00+00:00, run_after=2022-12-10T00:00:00+00:00
[2022-12-10T03:22:04.254+0000] {processor.py:175} INFO - Processing /home/airflow/.local/lib/python3.7/site-packages/airflow/example_dags/example_branch_labels.py took 0.161 seconds
[2022-12-10T03:22:34.570+0000] {processor.py:153} INFO - Started process (PID=435) to work on /home/airflow/.local/lib/python3.7/site-packages/airflow/example_dags/example_branch_labels.py
[2022-12-10T03:22:34.571+0000] {processor.py:743} INFO - Processing file /home/airflow/.local/lib/python3.7/site-packages/airflow/example_dags/example_branch_labels.py for tasks to queue
[2022-12-10T03:22:34.572+0000] {logging_mixin.py:137} INFO - [2022-12-10T03:22:34.572+0000] {dagbag.py:538} INFO - Filling up the DagBag from /home/airflow/.local/lib/python3.7/site-packages/airflow/example_dags/example_branch_labels.py
[2022-12-10T03:22:34.588+0000] {processor.py:753} INFO - DAG(s) dict_keys(['example_branch_labels']) retrieved from /home/airflow/.local/lib/python3.7/site-packages/airflow/example_dags/example_branch_labels.py
[2022-12-10T03:22:34.629+0000] {logging_mixin.py:137} INFO - [2022-12-10T03:22:34.629+0000] {dag.py:2676} INFO - Sync 1 DAGs
[2022-12-10T03:22:34.660+0000] {logging_mixin.py:137} INFO - [2022-12-10T03:22:34.660+0000] {dag.py:3427} INFO - Setting next_dagrun for example_branch_labels to 2022-12-09T00:00:00+00:00, run_after=2022-12-10T00:00:00+00:00
[2022-12-10T03:22:34.694+0000] {processor.py:175} INFO - Processing /home/airflow/.local/lib/python3.7/site-packages/airflow/example_dags/example_branch_labels.py took 0.127 seconds
[2022-12-10T03:23:04.955+0000] {processor.py:153} INFO - Started process (PID=506) to work on /home/airflow/.local/lib/python3.7/site-packages/airflow/example_dags/example_branch_labels.py
[2022-12-10T03:23:04.957+0000] {processor.py:743} INFO - Processing file /home/airflow/.local/lib/python3.7/site-packages/airflow/example_dags/example_branch_labels.py for tasks to queue
[2022-12-10T03:23:04.958+0000] {logging_mixin.py:137} INFO - [2022-12-10T03:23:04.958+0000] {dagbag.py:538} INFO - Filling up the DagBag from /home/airflow/.local/lib/python3.7/site-packages/airflow/example_dags/example_branch_labels.py
[2022-12-10T03:23:04.986+0000] {processor.py:753} INFO - DAG(s) dict_keys(['example_branch_labels']) retrieved from /home/airflow/.local/lib/python3.7/site-packages/airflow/example_dags/example_branch_labels.py
[2022-12-10T03:23:05.078+0000] {logging_mixin.py:137} INFO - [2022-12-10T03:23:05.078+0000] {dag.py:2676} INFO - Sync 1 DAGs
[2022-12-10T03:23:05.131+0000] {logging_mixin.py:137} INFO - [2022-12-10T03:23:05.131+0000] {dag.py:3427} INFO - Setting next_dagrun for example_branch_labels to 2022-12-09T00:00:00+00:00, run_after=2022-12-10T00:00:00+00:00
[2022-12-10T03:23:05.164+0000] {processor.py:175} INFO - Processing /home/airflow/.local/lib/python3.7/site-packages/airflow/example_dags/example_branch_labels.py took 0.213 seconds
[2022-12-10T03:23:36.185+0000] {processor.py:153} INFO - Started process (PID=581) to work on /home/airflow/.local/lib/python3.7/site-packages/airflow/example_dags/example_branch_labels.py
[2022-12-10T03:23:36.186+0000] {processor.py:743} INFO - Processing file /home/airflow/.local/lib/python3.7/site-packages/airflow/example_dags/example_branch_labels.py for tasks to queue
[2022-12-10T03:23:36.187+0000] {logging_mixin.py:137} INFO - [2022-12-10T03:23:36.187+0000] {dagbag.py:538} INFO - Filling up the DagBag from /home/airflow/.local/lib/python3.7/site-packages/airflow/example_dags/example_branch_labels.py
[2022-12-10T03:23:36.211+0000] {processor.py:753} INFO - DAG(s) dict_keys(['example_branch_labels']) retrieved from /home/airflow/.local/lib/python3.7/site-packages/airflow/example_dags/example_branch_labels.py
[2022-12-10T03:23:36.265+0000] {logging_mixin.py:137} INFO - [2022-12-10T03:23:36.265+0000] {dag.py:2676} INFO - Sync 1 DAGs
[2022-12-10T03:23:36.319+0000] {logging_mixin.py:137} INFO - [2022-12-10T03:23:36.319+0000] {dag.py:3427} INFO - Setting next_dagrun for example_branch_labels to 2022-12-09T00:00:00+00:00, run_after=2022-12-10T00:00:00+00:00
[2022-12-10T03:23:36.340+0000] {processor.py:175} INFO - Processing /home/airflow/.local/lib/python3.7/site-packages/airflow/example_dags/example_branch_labels.py took 0.158 seconds
[2022-12-10T03:24:06.599+0000] {processor.py:153} INFO - Started process (PID=652) to work on /home/airflow/.local/lib/python3.7/site-packages/airflow/example_dags/example_branch_labels.py
[2022-12-10T03:24:06.600+0000] {processor.py:743} INFO - Processing file /home/airflow/.local/lib/python3.7/site-packages/airflow/example_dags/example_branch_labels.py for tasks to queue
[2022-12-10T03:24:06.602+0000] {logging_mixin.py:137} INFO - [2022-12-10T03:24:06.602+0000] {dagbag.py:538} INFO - Filling up the DagBag from /home/airflow/.local/lib/python3.7/site-packages/airflow/example_dags/example_branch_labels.py
[2022-12-10T03:24:06.621+0000] {processor.py:753} INFO - DAG(s) dict_keys(['example_branch_labels']) retrieved from /home/airflow/.local/lib/python3.7/site-packages/airflow/example_dags/example_branch_labels.py
[2022-12-10T03:24:06.671+0000] {logging_mixin.py:137} INFO - [2022-12-10T03:24:06.671+0000] {dag.py:2676} INFO - Sync 1 DAGs
[2022-12-10T03:24:06.706+0000] {logging_mixin.py:137} INFO - [2022-12-10T03:24:06.706+0000] {dag.py:3427} INFO - Setting next_dagrun for example_branch_labels to 2022-12-09T00:00:00+00:00, run_after=2022-12-10T00:00:00+00:00
[2022-12-10T03:24:06.739+0000] {processor.py:175} INFO - Processing /home/airflow/.local/lib/python3.7/site-packages/airflow/example_dags/example_branch_labels.py took 0.143 seconds
[2022-12-10T03:24:36.894+0000] {processor.py:153} INFO - Started process (PID=724) to work on /home/airflow/.local/lib/python3.7/site-packages/airflow/example_dags/example_branch_labels.py
[2022-12-10T03:24:36.895+0000] {processor.py:743} INFO - Processing file /home/airflow/.local/lib/python3.7/site-packages/airflow/example_dags/example_branch_labels.py for tasks to queue
[2022-12-10T03:24:36.896+0000] {logging_mixin.py:137} INFO - [2022-12-10T03:24:36.896+0000] {dagbag.py:538} INFO - Filling up the DagBag from /home/airflow/.local/lib/python3.7/site-packages/airflow/example_dags/example_branch_labels.py
[2022-12-10T03:24:36.913+0000] {processor.py:753} INFO - DAG(s) dict_keys(['example_branch_labels']) retrieved from /home/airflow/.local/lib/python3.7/site-packages/airflow/example_dags/example_branch_labels.py
[2022-12-10T03:24:36.961+0000] {logging_mixin.py:137} INFO - [2022-12-10T03:24:36.961+0000] {dag.py:2676} INFO - Sync 1 DAGs
[2022-12-10T03:24:36.997+0000] {logging_mixin.py:137} INFO - [2022-12-10T03:24:36.997+0000] {dag.py:3427} INFO - Setting next_dagrun for example_branch_labels to 2022-12-09T00:00:00+00:00, run_after=2022-12-10T00:00:00+00:00
[2022-12-10T03:24:37.021+0000] {processor.py:175} INFO - Processing /home/airflow/.local/lib/python3.7/site-packages/airflow/example_dags/example_branch_labels.py took 0.132 seconds
[2022-12-10T03:25:07.347+0000] {processor.py:153} INFO - Started process (PID=802) to work on /home/airflow/.local/lib/python3.7/site-packages/airflow/example_dags/example_branch_labels.py
[2022-12-10T03:25:07.349+0000] {processor.py:743} INFO - Processing file /home/airflow/.local/lib/python3.7/site-packages/airflow/example_dags/example_branch_labels.py for tasks to queue
[2022-12-10T03:25:07.350+0000] {logging_mixin.py:137} INFO - [2022-12-10T03:25:07.350+0000] {dagbag.py:538} INFO - Filling up the DagBag from /home/airflow/.local/lib/python3.7/site-packages/airflow/example_dags/example_branch_labels.py
[2022-12-10T03:25:07.378+0000] {processor.py:753} INFO - DAG(s) dict_keys(['example_branch_labels']) retrieved from /home/airflow/.local/lib/python3.7/site-packages/airflow/example_dags/example_branch_labels.py
[2022-12-10T03:25:07.448+0000] {logging_mixin.py:137} INFO - [2022-12-10T03:25:07.448+0000] {dag.py:2676} INFO - Sync 1 DAGs
[2022-12-10T03:25:07.495+0000] {logging_mixin.py:137} INFO - [2022-12-10T03:25:07.494+0000] {dag.py:3427} INFO - Setting next_dagrun for example_branch_labels to 2022-12-09T00:00:00+00:00, run_after=2022-12-10T00:00:00+00:00
[2022-12-10T03:25:07.529+0000] {processor.py:175} INFO - Processing /home/airflow/.local/lib/python3.7/site-packages/airflow/example_dags/example_branch_labels.py took 0.186 seconds
