[2022-12-10T03:20:00.253+0000] {processor.py:153} INFO - Started process (PID=61) to work on /home/airflow/.local/lib/python3.7/site-packages/airflow/example_dags/example_kubernetes_executor.py
[2022-12-10T03:20:00.255+0000] {processor.py:743} INFO - Processing file /home/airflow/.local/lib/python3.7/site-packages/airflow/example_dags/example_kubernetes_executor.py for tasks to queue
[2022-12-10T03:20:00.256+0000] {logging_mixin.py:137} INFO - [2022-12-10T03:20:00.256+0000] {dagbag.py:538} INFO - Filling up the DagBag from /home/airflow/.local/lib/python3.7/site-packages/airflow/example_dags/example_kubernetes_executor.py
[2022-12-10T03:20:00.312+0000] {processor.py:753} INFO - DAG(s) dict_keys(['example_kubernetes_executor']) retrieved from /home/airflow/.local/lib/python3.7/site-packages/airflow/example_dags/example_kubernetes_executor.py
[2022-12-10T03:20:00.441+0000] {logging_mixin.py:137} INFO - [2022-12-10T03:20:00.441+0000] {dag.py:2676} INFO - Sync 1 DAGs
[2022-12-10T03:20:00.477+0000] {logging_mixin.py:137} INFO - [2022-12-10T03:20:00.477+0000] {dag.py:3427} INFO - Setting next_dagrun for example_kubernetes_executor to None, run_after=None
[2022-12-10T03:20:00.523+0000] {processor.py:175} INFO - Processing /home/airflow/.local/lib/python3.7/site-packages/airflow/example_dags/example_kubernetes_executor.py took 0.275 seconds
[2022-12-10T03:20:30.770+0000] {processor.py:153} INFO - Started process (PID=132) to work on /home/airflow/.local/lib/python3.7/site-packages/airflow/example_dags/example_kubernetes_executor.py
[2022-12-10T03:20:30.772+0000] {processor.py:743} INFO - Processing file /home/airflow/.local/lib/python3.7/site-packages/airflow/example_dags/example_kubernetes_executor.py for tasks to queue
[2022-12-10T03:20:30.773+0000] {logging_mixin.py:137} INFO - [2022-12-10T03:20:30.773+0000] {dagbag.py:538} INFO - Filling up the DagBag from /home/airflow/.local/lib/python3.7/site-packages/airflow/example_dags/example_kubernetes_executor.py
[2022-12-10T03:20:30.809+0000] {processor.py:753} INFO - DAG(s) dict_keys(['example_kubernetes_executor']) retrieved from /home/airflow/.local/lib/python3.7/site-packages/airflow/example_dags/example_kubernetes_executor.py
[2022-12-10T03:20:30.856+0000] {logging_mixin.py:137} INFO - [2022-12-10T03:20:30.855+0000] {dag.py:2676} INFO - Sync 1 DAGs
[2022-12-10T03:20:30.883+0000] {logging_mixin.py:137} INFO - [2022-12-10T03:20:30.883+0000] {dag.py:3427} INFO - Setting next_dagrun for example_kubernetes_executor to None, run_after=None
[2022-12-10T03:20:30.904+0000] {processor.py:175} INFO - Processing /home/airflow/.local/lib/python3.7/site-packages/airflow/example_dags/example_kubernetes_executor.py took 0.137 seconds
[2022-12-10T03:21:01.461+0000] {processor.py:153} INFO - Started process (PID=203) to work on /home/airflow/.local/lib/python3.7/site-packages/airflow/example_dags/example_kubernetes_executor.py
[2022-12-10T03:21:01.463+0000] {processor.py:743} INFO - Processing file /home/airflow/.local/lib/python3.7/site-packages/airflow/example_dags/example_kubernetes_executor.py for tasks to queue
[2022-12-10T03:21:01.464+0000] {logging_mixin.py:137} INFO - [2022-12-10T03:21:01.464+0000] {dagbag.py:538} INFO - Filling up the DagBag from /home/airflow/.local/lib/python3.7/site-packages/airflow/example_dags/example_kubernetes_executor.py
[2022-12-10T03:21:01.529+0000] {processor.py:753} INFO - DAG(s) dict_keys(['example_kubernetes_executor']) retrieved from /home/airflow/.local/lib/python3.7/site-packages/airflow/example_dags/example_kubernetes_executor.py
[2022-12-10T03:21:01.606+0000] {logging_mixin.py:137} INFO - [2022-12-10T03:21:01.606+0000] {dag.py:2676} INFO - Sync 1 DAGs
[2022-12-10T03:21:01.646+0000] {logging_mixin.py:137} INFO - [2022-12-10T03:21:01.646+0000] {dag.py:3427} INFO - Setting next_dagrun for example_kubernetes_executor to None, run_after=None
[2022-12-10T03:21:01.711+0000] {processor.py:175} INFO - Processing /home/airflow/.local/lib/python3.7/site-packages/airflow/example_dags/example_kubernetes_executor.py took 0.255 seconds
[2022-12-10T03:21:32.720+0000] {processor.py:153} INFO - Started process (PID=274) to work on /home/airflow/.local/lib/python3.7/site-packages/airflow/example_dags/example_kubernetes_executor.py
[2022-12-10T03:21:32.722+0000] {processor.py:743} INFO - Processing file /home/airflow/.local/lib/python3.7/site-packages/airflow/example_dags/example_kubernetes_executor.py for tasks to queue
[2022-12-10T03:21:32.724+0000] {logging_mixin.py:137} INFO - [2022-12-10T03:21:32.723+0000] {dagbag.py:538} INFO - Filling up the DagBag from /home/airflow/.local/lib/python3.7/site-packages/airflow/example_dags/example_kubernetes_executor.py
[2022-12-10T03:21:32.772+0000] {processor.py:753} INFO - DAG(s) dict_keys(['example_kubernetes_executor']) retrieved from /home/airflow/.local/lib/python3.7/site-packages/airflow/example_dags/example_kubernetes_executor.py
[2022-12-10T03:21:32.874+0000] {logging_mixin.py:137} INFO - [2022-12-10T03:21:32.873+0000] {dag.py:2676} INFO - Sync 1 DAGs
[2022-12-10T03:21:32.935+0000] {logging_mixin.py:137} INFO - [2022-12-10T03:21:32.935+0000] {dag.py:3427} INFO - Setting next_dagrun for example_kubernetes_executor to None, run_after=None
[2022-12-10T03:21:32.981+0000] {processor.py:175} INFO - Processing /home/airflow/.local/lib/python3.7/site-packages/airflow/example_dags/example_kubernetes_executor.py took 0.265 seconds
[2022-12-10T03:22:03.900+0000] {processor.py:153} INFO - Started process (PID=345) to work on /home/airflow/.local/lib/python3.7/site-packages/airflow/example_dags/example_kubernetes_executor.py
[2022-12-10T03:22:03.902+0000] {processor.py:743} INFO - Processing file /home/airflow/.local/lib/python3.7/site-packages/airflow/example_dags/example_kubernetes_executor.py for tasks to queue
[2022-12-10T03:22:03.902+0000] {logging_mixin.py:137} INFO - [2022-12-10T03:22:03.902+0000] {dagbag.py:538} INFO - Filling up the DagBag from /home/airflow/.local/lib/python3.7/site-packages/airflow/example_dags/example_kubernetes_executor.py
[2022-12-10T03:22:03.937+0000] {processor.py:753} INFO - DAG(s) dict_keys(['example_kubernetes_executor']) retrieved from /home/airflow/.local/lib/python3.7/site-packages/airflow/example_dags/example_kubernetes_executor.py
[2022-12-10T03:22:03.993+0000] {logging_mixin.py:137} INFO - [2022-12-10T03:22:03.992+0000] {dag.py:2676} INFO - Sync 1 DAGs
[2022-12-10T03:22:04.039+0000] {logging_mixin.py:137} INFO - [2022-12-10T03:22:04.038+0000] {dag.py:3427} INFO - Setting next_dagrun for example_kubernetes_executor to None, run_after=None
[2022-12-10T03:22:04.070+0000] {processor.py:175} INFO - Processing /home/airflow/.local/lib/python3.7/site-packages/airflow/example_dags/example_kubernetes_executor.py took 0.173 seconds
[2022-12-10T03:22:34.260+0000] {processor.py:153} INFO - Started process (PID=433) to work on /home/airflow/.local/lib/python3.7/site-packages/airflow/example_dags/example_kubernetes_executor.py
[2022-12-10T03:22:34.262+0000] {processor.py:743} INFO - Processing file /home/airflow/.local/lib/python3.7/site-packages/airflow/example_dags/example_kubernetes_executor.py for tasks to queue
[2022-12-10T03:22:34.263+0000] {logging_mixin.py:137} INFO - [2022-12-10T03:22:34.263+0000] {dagbag.py:538} INFO - Filling up the DagBag from /home/airflow/.local/lib/python3.7/site-packages/airflow/example_dags/example_kubernetes_executor.py
[2022-12-10T03:22:34.293+0000] {processor.py:753} INFO - DAG(s) dict_keys(['example_kubernetes_executor']) retrieved from /home/airflow/.local/lib/python3.7/site-packages/airflow/example_dags/example_kubernetes_executor.py
[2022-12-10T03:22:34.341+0000] {logging_mixin.py:137} INFO - [2022-12-10T03:22:34.340+0000] {dag.py:2676} INFO - Sync 1 DAGs
[2022-12-10T03:22:34.370+0000] {logging_mixin.py:137} INFO - [2022-12-10T03:22:34.370+0000] {dag.py:3427} INFO - Setting next_dagrun for example_kubernetes_executor to None, run_after=None
[2022-12-10T03:22:34.391+0000] {processor.py:175} INFO - Processing /home/airflow/.local/lib/python3.7/site-packages/airflow/example_dags/example_kubernetes_executor.py took 0.133 seconds
[2022-12-10T03:23:04.739+0000] {processor.py:153} INFO - Started process (PID=504) to work on /home/airflow/.local/lib/python3.7/site-packages/airflow/example_dags/example_kubernetes_executor.py
[2022-12-10T03:23:04.740+0000] {processor.py:743} INFO - Processing file /home/airflow/.local/lib/python3.7/site-packages/airflow/example_dags/example_kubernetes_executor.py for tasks to queue
[2022-12-10T03:23:04.741+0000] {logging_mixin.py:137} INFO - [2022-12-10T03:23:04.741+0000] {dagbag.py:538} INFO - Filling up the DagBag from /home/airflow/.local/lib/python3.7/site-packages/airflow/example_dags/example_kubernetes_executor.py
[2022-12-10T03:23:04.793+0000] {processor.py:753} INFO - DAG(s) dict_keys(['example_kubernetes_executor']) retrieved from /home/airflow/.local/lib/python3.7/site-packages/airflow/example_dags/example_kubernetes_executor.py
[2022-12-10T03:23:04.853+0000] {logging_mixin.py:137} INFO - [2022-12-10T03:23:04.853+0000] {dag.py:2676} INFO - Sync 1 DAGs
[2022-12-10T03:23:04.891+0000] {logging_mixin.py:137} INFO - [2022-12-10T03:23:04.891+0000] {dag.py:3427} INFO - Setting next_dagrun for example_kubernetes_executor to None, run_after=None
[2022-12-10T03:23:04.920+0000] {processor.py:175} INFO - Processing /home/airflow/.local/lib/python3.7/site-packages/airflow/example_dags/example_kubernetes_executor.py took 0.186 seconds
[2022-12-10T03:23:35.025+0000] {processor.py:153} INFO - Started process (PID=579) to work on /home/airflow/.local/lib/python3.7/site-packages/airflow/example_dags/example_kubernetes_executor.py
[2022-12-10T03:23:35.026+0000] {processor.py:743} INFO - Processing file /home/airflow/.local/lib/python3.7/site-packages/airflow/example_dags/example_kubernetes_executor.py for tasks to queue
[2022-12-10T03:23:35.027+0000] {logging_mixin.py:137} INFO - [2022-12-10T03:23:35.027+0000] {dagbag.py:538} INFO - Filling up the DagBag from /home/airflow/.local/lib/python3.7/site-packages/airflow/example_dags/example_kubernetes_executor.py
[2022-12-10T03:23:35.064+0000] {processor.py:753} INFO - DAG(s) dict_keys(['example_kubernetes_executor']) retrieved from /home/airflow/.local/lib/python3.7/site-packages/airflow/example_dags/example_kubernetes_executor.py
[2022-12-10T03:23:35.108+0000] {logging_mixin.py:137} INFO - [2022-12-10T03:23:35.108+0000] {dag.py:2676} INFO - Sync 1 DAGs
[2022-12-10T03:23:35.133+0000] {logging_mixin.py:137} INFO - [2022-12-10T03:23:35.133+0000] {dag.py:3427} INFO - Setting next_dagrun for example_kubernetes_executor to None, run_after=None
[2022-12-10T03:23:35.155+0000] {processor.py:175} INFO - Processing /home/airflow/.local/lib/python3.7/site-packages/airflow/example_dags/example_kubernetes_executor.py took 0.133 seconds
[2022-12-10T03:24:05.570+0000] {processor.py:153} INFO - Started process (PID=650) to work on /home/airflow/.local/lib/python3.7/site-packages/airflow/example_dags/example_kubernetes_executor.py
[2022-12-10T03:24:05.572+0000] {processor.py:743} INFO - Processing file /home/airflow/.local/lib/python3.7/site-packages/airflow/example_dags/example_kubernetes_executor.py for tasks to queue
[2022-12-10T03:24:05.573+0000] {logging_mixin.py:137} INFO - [2022-12-10T03:24:05.573+0000] {dagbag.py:538} INFO - Filling up the DagBag from /home/airflow/.local/lib/python3.7/site-packages/airflow/example_dags/example_kubernetes_executor.py
[2022-12-10T03:24:05.617+0000] {processor.py:753} INFO - DAG(s) dict_keys(['example_kubernetes_executor']) retrieved from /home/airflow/.local/lib/python3.7/site-packages/airflow/example_dags/example_kubernetes_executor.py
[2022-12-10T03:24:05.680+0000] {logging_mixin.py:137} INFO - [2022-12-10T03:24:05.679+0000] {dag.py:2676} INFO - Sync 1 DAGs
[2022-12-10T03:24:05.718+0000] {logging_mixin.py:137} INFO - [2022-12-10T03:24:05.718+0000] {dag.py:3427} INFO - Setting next_dagrun for example_kubernetes_executor to None, run_after=None
[2022-12-10T03:24:05.749+0000] {processor.py:175} INFO - Processing /home/airflow/.local/lib/python3.7/site-packages/airflow/example_dags/example_kubernetes_executor.py took 0.183 seconds
[2022-12-10T03:24:35.849+0000] {processor.py:153} INFO - Started process (PID=722) to work on /home/airflow/.local/lib/python3.7/site-packages/airflow/example_dags/example_kubernetes_executor.py
[2022-12-10T03:24:35.850+0000] {processor.py:743} INFO - Processing file /home/airflow/.local/lib/python3.7/site-packages/airflow/example_dags/example_kubernetes_executor.py for tasks to queue
[2022-12-10T03:24:35.852+0000] {logging_mixin.py:137} INFO - [2022-12-10T03:24:35.851+0000] {dagbag.py:538} INFO - Filling up the DagBag from /home/airflow/.local/lib/python3.7/site-packages/airflow/example_dags/example_kubernetes_executor.py
[2022-12-10T03:24:35.893+0000] {processor.py:753} INFO - DAG(s) dict_keys(['example_kubernetes_executor']) retrieved from /home/airflow/.local/lib/python3.7/site-packages/airflow/example_dags/example_kubernetes_executor.py
[2022-12-10T03:24:35.976+0000] {logging_mixin.py:137} INFO - [2022-12-10T03:24:35.975+0000] {dag.py:2676} INFO - Sync 1 DAGs
[2022-12-10T03:24:36.023+0000] {logging_mixin.py:137} INFO - [2022-12-10T03:24:36.023+0000] {dag.py:3427} INFO - Setting next_dagrun for example_kubernetes_executor to None, run_after=None
[2022-12-10T03:24:36.057+0000] {processor.py:175} INFO - Processing /home/airflow/.local/lib/python3.7/site-packages/airflow/example_dags/example_kubernetes_executor.py took 0.212 seconds
[2022-12-10T03:25:06.125+0000] {processor.py:153} INFO - Started process (PID=793) to work on /home/airflow/.local/lib/python3.7/site-packages/airflow/example_dags/example_kubernetes_executor.py
[2022-12-10T03:25:06.127+0000] {processor.py:743} INFO - Processing file /home/airflow/.local/lib/python3.7/site-packages/airflow/example_dags/example_kubernetes_executor.py for tasks to queue
[2022-12-10T03:25:06.128+0000] {logging_mixin.py:137} INFO - [2022-12-10T03:25:06.128+0000] {dagbag.py:538} INFO - Filling up the DagBag from /home/airflow/.local/lib/python3.7/site-packages/airflow/example_dags/example_kubernetes_executor.py
[2022-12-10T03:25:06.170+0000] {processor.py:753} INFO - DAG(s) dict_keys(['example_kubernetes_executor']) retrieved from /home/airflow/.local/lib/python3.7/site-packages/airflow/example_dags/example_kubernetes_executor.py
[2022-12-10T03:25:06.237+0000] {logging_mixin.py:137} INFO - [2022-12-10T03:25:06.237+0000] {dag.py:2676} INFO - Sync 1 DAGs
[2022-12-10T03:25:06.283+0000] {logging_mixin.py:137} INFO - [2022-12-10T03:25:06.283+0000] {dag.py:3427} INFO - Setting next_dagrun for example_kubernetes_executor to None, run_after=None
[2022-12-10T03:25:06.311+0000] {processor.py:175} INFO - Processing /home/airflow/.local/lib/python3.7/site-packages/airflow/example_dags/example_kubernetes_executor.py took 0.190 seconds
