[2022-12-10T03:20:01.697+0000] {processor.py:153} INFO - Started process (PID=71) to work on /home/airflow/.local/lib/python3.7/site-packages/airflow/example_dags/example_sensor_decorator.py
[2022-12-10T03:20:01.698+0000] {processor.py:743} INFO - Processing file /home/airflow/.local/lib/python3.7/site-packages/airflow/example_dags/example_sensor_decorator.py for tasks to queue
[2022-12-10T03:20:01.700+0000] {logging_mixin.py:137} INFO - [2022-12-10T03:20:01.699+0000] {dagbag.py:538} INFO - Filling up the DagBag from /home/airflow/.local/lib/python3.7/site-packages/airflow/example_dags/example_sensor_decorator.py
[2022-12-10T03:20:01.736+0000] {logging_mixin.py:137} WARNING - /home/airflow/.local/lib/python3.7/site-packages/airflow/models/dag.py:3524 RemovedInAirflow3Warning: Param `schedule_interval` is deprecated and will be removed in a future release. Please use `schedule` instead.
[2022-12-10T03:20:01.753+0000] {processor.py:753} INFO - DAG(s) dict_keys(['example_sensor_decorator']) retrieved from /home/airflow/.local/lib/python3.7/site-packages/airflow/example_dags/example_sensor_decorator.py
[2022-12-10T03:20:01.823+0000] {logging_mixin.py:137} INFO - [2022-12-10T03:20:01.823+0000] {dag.py:2676} INFO - Sync 1 DAGs
[2022-12-10T03:20:01.890+0000] {logging_mixin.py:137} INFO - [2022-12-10T03:20:01.890+0000] {dag.py:3427} INFO - Setting next_dagrun for example_sensor_decorator to None, run_after=None
[2022-12-10T03:20:01.983+0000] {processor.py:175} INFO - Processing /home/airflow/.local/lib/python3.7/site-packages/airflow/example_dags/example_sensor_decorator.py took 0.290 seconds
[2022-12-10T03:20:32.526+0000] {processor.py:153} INFO - Started process (PID=142) to work on /home/airflow/.local/lib/python3.7/site-packages/airflow/example_dags/example_sensor_decorator.py
[2022-12-10T03:20:32.527+0000] {processor.py:743} INFO - Processing file /home/airflow/.local/lib/python3.7/site-packages/airflow/example_dags/example_sensor_decorator.py for tasks to queue
[2022-12-10T03:20:32.528+0000] {logging_mixin.py:137} INFO - [2022-12-10T03:20:32.528+0000] {dagbag.py:538} INFO - Filling up the DagBag from /home/airflow/.local/lib/python3.7/site-packages/airflow/example_dags/example_sensor_decorator.py
[2022-12-10T03:20:32.552+0000] {logging_mixin.py:137} WARNING - /home/airflow/.local/lib/python3.7/site-packages/airflow/models/dag.py:3524 RemovedInAirflow3Warning: Param `schedule_interval` is deprecated and will be removed in a future release. Please use `schedule` instead.
[2022-12-10T03:20:32.561+0000] {processor.py:753} INFO - DAG(s) dict_keys(['example_sensor_decorator']) retrieved from /home/airflow/.local/lib/python3.7/site-packages/airflow/example_dags/example_sensor_decorator.py
[2022-12-10T03:20:32.599+0000] {logging_mixin.py:137} INFO - [2022-12-10T03:20:32.599+0000] {dag.py:2676} INFO - Sync 1 DAGs
[2022-12-10T03:20:32.625+0000] {logging_mixin.py:137} INFO - [2022-12-10T03:20:32.625+0000] {dag.py:3427} INFO - Setting next_dagrun for example_sensor_decorator to None, run_after=None
[2022-12-10T03:20:32.651+0000] {processor.py:175} INFO - Processing /home/airflow/.local/lib/python3.7/site-packages/airflow/example_dags/example_sensor_decorator.py took 0.130 seconds
[2022-12-10T03:21:04.327+0000] {processor.py:153} INFO - Started process (PID=213) to work on /home/airflow/.local/lib/python3.7/site-packages/airflow/example_dags/example_sensor_decorator.py
[2022-12-10T03:21:04.329+0000] {processor.py:743} INFO - Processing file /home/airflow/.local/lib/python3.7/site-packages/airflow/example_dags/example_sensor_decorator.py for tasks to queue
[2022-12-10T03:21:04.331+0000] {logging_mixin.py:137} INFO - [2022-12-10T03:21:04.331+0000] {dagbag.py:538} INFO - Filling up the DagBag from /home/airflow/.local/lib/python3.7/site-packages/airflow/example_dags/example_sensor_decorator.py
[2022-12-10T03:21:04.392+0000] {logging_mixin.py:137} WARNING - /home/airflow/.local/lib/python3.7/site-packages/airflow/models/dag.py:3524 RemovedInAirflow3Warning: Param `schedule_interval` is deprecated and will be removed in a future release. Please use `schedule` instead.
[2022-12-10T03:21:04.410+0000] {processor.py:753} INFO - DAG(s) dict_keys(['example_sensor_decorator']) retrieved from /home/airflow/.local/lib/python3.7/site-packages/airflow/example_dags/example_sensor_decorator.py
[2022-12-10T03:21:04.514+0000] {logging_mixin.py:137} INFO - [2022-12-10T03:21:04.514+0000] {dag.py:2676} INFO - Sync 1 DAGs
[2022-12-10T03:21:04.592+0000] {logging_mixin.py:137} INFO - [2022-12-10T03:21:04.592+0000] {dag.py:3427} INFO - Setting next_dagrun for example_sensor_decorator to None, run_after=None
[2022-12-10T03:21:04.633+0000] {processor.py:175} INFO - Processing /home/airflow/.local/lib/python3.7/site-packages/airflow/example_dags/example_sensor_decorator.py took 0.311 seconds
[2022-12-10T03:21:35.441+0000] {processor.py:153} INFO - Started process (PID=292) to work on /home/airflow/.local/lib/python3.7/site-packages/airflow/example_dags/example_sensor_decorator.py
[2022-12-10T03:21:35.442+0000] {processor.py:743} INFO - Processing file /home/airflow/.local/lib/python3.7/site-packages/airflow/example_dags/example_sensor_decorator.py for tasks to queue
[2022-12-10T03:21:35.443+0000] {logging_mixin.py:137} INFO - [2022-12-10T03:21:35.443+0000] {dagbag.py:538} INFO - Filling up the DagBag from /home/airflow/.local/lib/python3.7/site-packages/airflow/example_dags/example_sensor_decorator.py
[2022-12-10T03:21:35.486+0000] {logging_mixin.py:137} WARNING - /home/airflow/.local/lib/python3.7/site-packages/airflow/models/dag.py:3524 RemovedInAirflow3Warning: Param `schedule_interval` is deprecated and will be removed in a future release. Please use `schedule` instead.
[2022-12-10T03:21:35.512+0000] {processor.py:753} INFO - DAG(s) dict_keys(['example_sensor_decorator']) retrieved from /home/airflow/.local/lib/python3.7/site-packages/airflow/example_dags/example_sensor_decorator.py
[2022-12-10T03:21:35.606+0000] {logging_mixin.py:137} INFO - [2022-12-10T03:21:35.606+0000] {dag.py:2676} INFO - Sync 1 DAGs
[2022-12-10T03:21:35.666+0000] {logging_mixin.py:137} INFO - [2022-12-10T03:21:35.665+0000] {dag.py:3427} INFO - Setting next_dagrun for example_sensor_decorator to None, run_after=None
[2022-12-10T03:21:35.712+0000] {processor.py:175} INFO - Processing /home/airflow/.local/lib/python3.7/site-packages/airflow/example_dags/example_sensor_decorator.py took 0.276 seconds
[2022-12-10T03:22:06.360+0000] {processor.py:153} INFO - Started process (PID=372) to work on /home/airflow/.local/lib/python3.7/site-packages/airflow/example_dags/example_sensor_decorator.py
[2022-12-10T03:22:06.361+0000] {processor.py:743} INFO - Processing file /home/airflow/.local/lib/python3.7/site-packages/airflow/example_dags/example_sensor_decorator.py for tasks to queue
[2022-12-10T03:22:06.363+0000] {logging_mixin.py:137} INFO - [2022-12-10T03:22:06.362+0000] {dagbag.py:538} INFO - Filling up the DagBag from /home/airflow/.local/lib/python3.7/site-packages/airflow/example_dags/example_sensor_decorator.py
[2022-12-10T03:22:06.398+0000] {logging_mixin.py:137} WARNING - /home/airflow/.local/lib/python3.7/site-packages/airflow/models/dag.py:3524 RemovedInAirflow3Warning: Param `schedule_interval` is deprecated and will be removed in a future release. Please use `schedule` instead.
[2022-12-10T03:22:06.412+0000] {processor.py:753} INFO - DAG(s) dict_keys(['example_sensor_decorator']) retrieved from /home/airflow/.local/lib/python3.7/site-packages/airflow/example_dags/example_sensor_decorator.py
[2022-12-10T03:22:06.473+0000] {logging_mixin.py:137} INFO - [2022-12-10T03:22:06.473+0000] {dag.py:2676} INFO - Sync 1 DAGs
[2022-12-10T03:22:06.513+0000] {logging_mixin.py:137} INFO - [2022-12-10T03:22:06.513+0000] {dag.py:3427} INFO - Setting next_dagrun for example_sensor_decorator to None, run_after=None
[2022-12-10T03:22:06.544+0000] {processor.py:175} INFO - Processing /home/airflow/.local/lib/python3.7/site-packages/airflow/example_dags/example_sensor_decorator.py took 0.189 seconds
[2022-12-10T03:22:37.178+0000] {processor.py:153} INFO - Started process (PID=443) to work on /home/airflow/.local/lib/python3.7/site-packages/airflow/example_dags/example_sensor_decorator.py
[2022-12-10T03:22:37.179+0000] {processor.py:743} INFO - Processing file /home/airflow/.local/lib/python3.7/site-packages/airflow/example_dags/example_sensor_decorator.py for tasks to queue
[2022-12-10T03:22:37.180+0000] {logging_mixin.py:137} INFO - [2022-12-10T03:22:37.180+0000] {dagbag.py:538} INFO - Filling up the DagBag from /home/airflow/.local/lib/python3.7/site-packages/airflow/example_dags/example_sensor_decorator.py
[2022-12-10T03:22:37.199+0000] {logging_mixin.py:137} WARNING - /home/airflow/.local/lib/python3.7/site-packages/airflow/models/dag.py:3524 RemovedInAirflow3Warning: Param `schedule_interval` is deprecated and will be removed in a future release. Please use `schedule` instead.
[2022-12-10T03:22:37.207+0000] {processor.py:753} INFO - DAG(s) dict_keys(['example_sensor_decorator']) retrieved from /home/airflow/.local/lib/python3.7/site-packages/airflow/example_dags/example_sensor_decorator.py
[2022-12-10T03:22:37.241+0000] {logging_mixin.py:137} INFO - [2022-12-10T03:22:37.241+0000] {dag.py:2676} INFO - Sync 1 DAGs
[2022-12-10T03:22:37.267+0000] {logging_mixin.py:137} INFO - [2022-12-10T03:22:37.267+0000] {dag.py:3427} INFO - Setting next_dagrun for example_sensor_decorator to None, run_after=None
[2022-12-10T03:22:37.293+0000] {processor.py:175} INFO - Processing /home/airflow/.local/lib/python3.7/site-packages/airflow/example_dags/example_sensor_decorator.py took 0.118 seconds
[2022-12-10T03:23:08.005+0000] {processor.py:153} INFO - Started process (PID=514) to work on /home/airflow/.local/lib/python3.7/site-packages/airflow/example_dags/example_sensor_decorator.py
[2022-12-10T03:23:08.006+0000] {processor.py:743} INFO - Processing file /home/airflow/.local/lib/python3.7/site-packages/airflow/example_dags/example_sensor_decorator.py for tasks to queue
[2022-12-10T03:23:08.008+0000] {logging_mixin.py:137} INFO - [2022-12-10T03:23:08.008+0000] {dagbag.py:538} INFO - Filling up the DagBag from /home/airflow/.local/lib/python3.7/site-packages/airflow/example_dags/example_sensor_decorator.py
[2022-12-10T03:23:08.052+0000] {logging_mixin.py:137} WARNING - /home/airflow/.local/lib/python3.7/site-packages/airflow/models/dag.py:3524 RemovedInAirflow3Warning: Param `schedule_interval` is deprecated and will be removed in a future release. Please use `schedule` instead.
[2022-12-10T03:23:08.064+0000] {processor.py:753} INFO - DAG(s) dict_keys(['example_sensor_decorator']) retrieved from /home/airflow/.local/lib/python3.7/site-packages/airflow/example_dags/example_sensor_decorator.py
[2022-12-10T03:23:08.122+0000] {logging_mixin.py:137} INFO - [2022-12-10T03:23:08.122+0000] {dag.py:2676} INFO - Sync 1 DAGs
[2022-12-10T03:23:08.161+0000] {logging_mixin.py:137} INFO - [2022-12-10T03:23:08.160+0000] {dag.py:3427} INFO - Setting next_dagrun for example_sensor_decorator to None, run_after=None
[2022-12-10T03:23:08.199+0000] {processor.py:175} INFO - Processing /home/airflow/.local/lib/python3.7/site-packages/airflow/example_dags/example_sensor_decorator.py took 0.200 seconds
[2022-12-10T03:23:38.610+0000] {processor.py:153} INFO - Started process (PID=596) to work on /home/airflow/.local/lib/python3.7/site-packages/airflow/example_dags/example_sensor_decorator.py
[2022-12-10T03:23:38.613+0000] {processor.py:743} INFO - Processing file /home/airflow/.local/lib/python3.7/site-packages/airflow/example_dags/example_sensor_decorator.py for tasks to queue
[2022-12-10T03:23:38.615+0000] {logging_mixin.py:137} INFO - [2022-12-10T03:23:38.615+0000] {dagbag.py:538} INFO - Filling up the DagBag from /home/airflow/.local/lib/python3.7/site-packages/airflow/example_dags/example_sensor_decorator.py
[2022-12-10T03:23:38.654+0000] {logging_mixin.py:137} WARNING - /home/airflow/.local/lib/python3.7/site-packages/airflow/models/dag.py:3524 RemovedInAirflow3Warning: Param `schedule_interval` is deprecated and will be removed in a future release. Please use `schedule` instead.
[2022-12-10T03:23:38.670+0000] {processor.py:753} INFO - DAG(s) dict_keys(['example_sensor_decorator']) retrieved from /home/airflow/.local/lib/python3.7/site-packages/airflow/example_dags/example_sensor_decorator.py
[2022-12-10T03:23:38.732+0000] {logging_mixin.py:137} INFO - [2022-12-10T03:23:38.732+0000] {dag.py:2676} INFO - Sync 1 DAGs
[2022-12-10T03:23:38.789+0000] {logging_mixin.py:137} INFO - [2022-12-10T03:23:38.789+0000] {dag.py:3427} INFO - Setting next_dagrun for example_sensor_decorator to None, run_after=None
[2022-12-10T03:23:38.825+0000] {processor.py:175} INFO - Processing /home/airflow/.local/lib/python3.7/site-packages/airflow/example_dags/example_sensor_decorator.py took 0.222 seconds
[2022-12-10T03:24:08.880+0000] {processor.py:153} INFO - Started process (PID=660) to work on /home/airflow/.local/lib/python3.7/site-packages/airflow/example_dags/example_sensor_decorator.py
[2022-12-10T03:24:08.881+0000] {processor.py:743} INFO - Processing file /home/airflow/.local/lib/python3.7/site-packages/airflow/example_dags/example_sensor_decorator.py for tasks to queue
[2022-12-10T03:24:08.882+0000] {logging_mixin.py:137} INFO - [2022-12-10T03:24:08.882+0000] {dagbag.py:538} INFO - Filling up the DagBag from /home/airflow/.local/lib/python3.7/site-packages/airflow/example_dags/example_sensor_decorator.py
[2022-12-10T03:24:08.905+0000] {logging_mixin.py:137} WARNING - /home/airflow/.local/lib/python3.7/site-packages/airflow/models/dag.py:3524 RemovedInAirflow3Warning: Param `schedule_interval` is deprecated and will be removed in a future release. Please use `schedule` instead.
[2022-12-10T03:24:08.914+0000] {processor.py:753} INFO - DAG(s) dict_keys(['example_sensor_decorator']) retrieved from /home/airflow/.local/lib/python3.7/site-packages/airflow/example_dags/example_sensor_decorator.py
[2022-12-10T03:24:08.954+0000] {logging_mixin.py:137} INFO - [2022-12-10T03:24:08.954+0000] {dag.py:2676} INFO - Sync 1 DAGs
[2022-12-10T03:24:08.981+0000] {logging_mixin.py:137} INFO - [2022-12-10T03:24:08.981+0000] {dag.py:3427} INFO - Setting next_dagrun for example_sensor_decorator to None, run_after=None
[2022-12-10T03:24:09.008+0000] {processor.py:175} INFO - Processing /home/airflow/.local/lib/python3.7/site-packages/airflow/example_dags/example_sensor_decorator.py took 0.131 seconds
[2022-12-10T03:24:39.436+0000] {processor.py:153} INFO - Started process (PID=742) to work on /home/airflow/.local/lib/python3.7/site-packages/airflow/example_dags/example_sensor_decorator.py
[2022-12-10T03:24:39.437+0000] {processor.py:743} INFO - Processing file /home/airflow/.local/lib/python3.7/site-packages/airflow/example_dags/example_sensor_decorator.py for tasks to queue
[2022-12-10T03:24:39.438+0000] {logging_mixin.py:137} INFO - [2022-12-10T03:24:39.438+0000] {dagbag.py:538} INFO - Filling up the DagBag from /home/airflow/.local/lib/python3.7/site-packages/airflow/example_dags/example_sensor_decorator.py
[2022-12-10T03:24:39.473+0000] {logging_mixin.py:137} WARNING - /home/airflow/.local/lib/python3.7/site-packages/airflow/models/dag.py:3524 RemovedInAirflow3Warning: Param `schedule_interval` is deprecated and will be removed in a future release. Please use `schedule` instead.
[2022-12-10T03:24:39.486+0000] {processor.py:753} INFO - DAG(s) dict_keys(['example_sensor_decorator']) retrieved from /home/airflow/.local/lib/python3.7/site-packages/airflow/example_dags/example_sensor_decorator.py
[2022-12-10T03:24:39.535+0000] {logging_mixin.py:137} INFO - [2022-12-10T03:24:39.535+0000] {dag.py:2676} INFO - Sync 1 DAGs
[2022-12-10T03:24:39.574+0000] {logging_mixin.py:137} INFO - [2022-12-10T03:24:39.574+0000] {dag.py:3427} INFO - Setting next_dagrun for example_sensor_decorator to None, run_after=None
[2022-12-10T03:24:39.616+0000] {processor.py:175} INFO - Processing /home/airflow/.local/lib/python3.7/site-packages/airflow/example_dags/example_sensor_decorator.py took 0.183 seconds
[2022-12-10T03:25:10.238+0000] {processor.py:153} INFO - Started process (PID=819) to work on /home/airflow/.local/lib/python3.7/site-packages/airflow/example_dags/example_sensor_decorator.py
[2022-12-10T03:25:10.240+0000] {processor.py:743} INFO - Processing file /home/airflow/.local/lib/python3.7/site-packages/airflow/example_dags/example_sensor_decorator.py for tasks to queue
[2022-12-10T03:25:10.241+0000] {logging_mixin.py:137} INFO - [2022-12-10T03:25:10.241+0000] {dagbag.py:538} INFO - Filling up the DagBag from /home/airflow/.local/lib/python3.7/site-packages/airflow/example_dags/example_sensor_decorator.py
[2022-12-10T03:25:10.272+0000] {logging_mixin.py:137} WARNING - /home/airflow/.local/lib/python3.7/site-packages/airflow/models/dag.py:3524 RemovedInAirflow3Warning: Param `schedule_interval` is deprecated and will be removed in a future release. Please use `schedule` instead.
[2022-12-10T03:25:10.284+0000] {processor.py:753} INFO - DAG(s) dict_keys(['example_sensor_decorator']) retrieved from /home/airflow/.local/lib/python3.7/site-packages/airflow/example_dags/example_sensor_decorator.py
[2022-12-10T03:25:10.354+0000] {logging_mixin.py:137} INFO - [2022-12-10T03:25:10.354+0000] {dag.py:2676} INFO - Sync 1 DAGs
[2022-12-10T03:25:10.401+0000] {logging_mixin.py:137} INFO - [2022-12-10T03:25:10.401+0000] {dag.py:3427} INFO - Setting next_dagrun for example_sensor_decorator to None, run_after=None
[2022-12-10T03:25:10.437+0000] {processor.py:175} INFO - Processing /home/airflow/.local/lib/python3.7/site-packages/airflow/example_dags/example_sensor_decorator.py took 0.203 seconds
