[2022-12-10T03:20:02.229+0000] {processor.py:153} INFO - Started process (PID=74) to work on /home/airflow/.local/lib/python3.7/site-packages/airflow/example_dags/example_short_circuit_decorator.py
[2022-12-10T03:20:02.232+0000] {processor.py:743} INFO - Processing file /home/airflow/.local/lib/python3.7/site-packages/airflow/example_dags/example_short_circuit_decorator.py for tasks to queue
[2022-12-10T03:20:02.233+0000] {logging_mixin.py:137} INFO - [2022-12-10T03:20:02.233+0000] {dagbag.py:538} INFO - Filling up the DagBag from /home/airflow/.local/lib/python3.7/site-packages/airflow/example_dags/example_short_circuit_decorator.py
[2022-12-10T03:20:02.276+0000] {processor.py:753} INFO - DAG(s) dict_keys(['example_short_circuit_decorator']) retrieved from /home/airflow/.local/lib/python3.7/site-packages/airflow/example_dags/example_short_circuit_decorator.py
[2022-12-10T03:20:02.343+0000] {logging_mixin.py:137} INFO - [2022-12-10T03:20:02.343+0000] {dag.py:2676} INFO - Sync 1 DAGs
[2022-12-10T03:20:02.394+0000] {logging_mixin.py:137} INFO - [2022-12-10T03:20:02.394+0000] {dag.py:3427} INFO - Setting next_dagrun for example_short_circuit_decorator to 2022-12-09T03:20:02.394251+00:00, run_after=2022-12-10T03:20:02.394251+00:00
[2022-12-10T03:20:02.433+0000] {processor.py:175} INFO - Processing /home/airflow/.local/lib/python3.7/site-packages/airflow/example_dags/example_short_circuit_decorator.py took 0.210 seconds
[2022-12-10T03:20:32.707+0000] {processor.py:153} INFO - Started process (PID=145) to work on /home/airflow/.local/lib/python3.7/site-packages/airflow/example_dags/example_short_circuit_decorator.py
[2022-12-10T03:20:32.708+0000] {processor.py:743} INFO - Processing file /home/airflow/.local/lib/python3.7/site-packages/airflow/example_dags/example_short_circuit_decorator.py for tasks to queue
[2022-12-10T03:20:32.709+0000] {logging_mixin.py:137} INFO - [2022-12-10T03:20:32.709+0000] {dagbag.py:538} INFO - Filling up the DagBag from /home/airflow/.local/lib/python3.7/site-packages/airflow/example_dags/example_short_circuit_decorator.py
[2022-12-10T03:20:32.738+0000] {processor.py:753} INFO - DAG(s) dict_keys(['example_short_circuit_decorator']) retrieved from /home/airflow/.local/lib/python3.7/site-packages/airflow/example_dags/example_short_circuit_decorator.py
[2022-12-10T03:20:32.781+0000] {logging_mixin.py:137} INFO - [2022-12-10T03:20:32.781+0000] {dag.py:2676} INFO - Sync 1 DAGs
[2022-12-10T03:20:32.809+0000] {logging_mixin.py:137} INFO - [2022-12-10T03:20:32.809+0000] {dag.py:3427} INFO - Setting next_dagrun for example_short_circuit_decorator to 2022-12-09T03:20:32.809581+00:00, run_after=2022-12-10T03:20:32.809581+00:00
[2022-12-10T03:20:32.829+0000] {processor.py:175} INFO - Processing /home/airflow/.local/lib/python3.7/site-packages/airflow/example_dags/example_short_circuit_decorator.py took 0.125 seconds
[2022-12-10T03:21:04.889+0000] {processor.py:153} INFO - Started process (PID=216) to work on /home/airflow/.local/lib/python3.7/site-packages/airflow/example_dags/example_short_circuit_decorator.py
[2022-12-10T03:21:04.890+0000] {processor.py:743} INFO - Processing file /home/airflow/.local/lib/python3.7/site-packages/airflow/example_dags/example_short_circuit_decorator.py for tasks to queue
[2022-12-10T03:21:04.892+0000] {logging_mixin.py:137} INFO - [2022-12-10T03:21:04.891+0000] {dagbag.py:538} INFO - Filling up the DagBag from /home/airflow/.local/lib/python3.7/site-packages/airflow/example_dags/example_short_circuit_decorator.py
[2022-12-10T03:21:04.943+0000] {processor.py:753} INFO - DAG(s) dict_keys(['example_short_circuit_decorator']) retrieved from /home/airflow/.local/lib/python3.7/site-packages/airflow/example_dags/example_short_circuit_decorator.py
[2022-12-10T03:21:05.035+0000] {logging_mixin.py:137} INFO - [2022-12-10T03:21:05.035+0000] {dag.py:2676} INFO - Sync 1 DAGs
[2022-12-10T03:21:05.153+0000] {logging_mixin.py:137} INFO - [2022-12-10T03:21:05.152+0000] {dag.py:3427} INFO - Setting next_dagrun for example_short_circuit_decorator to 2022-12-09T03:21:05.152316+00:00, run_after=2022-12-10T03:21:05.152316+00:00
[2022-12-10T03:21:05.274+0000] {processor.py:175} INFO - Processing /home/airflow/.local/lib/python3.7/site-packages/airflow/example_dags/example_short_circuit_decorator.py took 0.390 seconds
[2022-12-10T03:21:36.025+0000] {processor.py:153} INFO - Started process (PID=297) to work on /home/airflow/.local/lib/python3.7/site-packages/airflow/example_dags/example_short_circuit_decorator.py
[2022-12-10T03:21:36.027+0000] {processor.py:743} INFO - Processing file /home/airflow/.local/lib/python3.7/site-packages/airflow/example_dags/example_short_circuit_decorator.py for tasks to queue
[2022-12-10T03:21:36.028+0000] {logging_mixin.py:137} INFO - [2022-12-10T03:21:36.028+0000] {dagbag.py:538} INFO - Filling up the DagBag from /home/airflow/.local/lib/python3.7/site-packages/airflow/example_dags/example_short_circuit_decorator.py
[2022-12-10T03:21:36.074+0000] {processor.py:753} INFO - DAG(s) dict_keys(['example_short_circuit_decorator']) retrieved from /home/airflow/.local/lib/python3.7/site-packages/airflow/example_dags/example_short_circuit_decorator.py
[2022-12-10T03:21:36.149+0000] {logging_mixin.py:137} INFO - [2022-12-10T03:21:36.148+0000] {dag.py:2676} INFO - Sync 1 DAGs
[2022-12-10T03:21:36.198+0000] {logging_mixin.py:137} INFO - [2022-12-10T03:21:36.197+0000] {dag.py:3427} INFO - Setting next_dagrun for example_short_circuit_decorator to 2022-12-09T03:21:36.197310+00:00, run_after=2022-12-10T03:21:36.197310+00:00
[2022-12-10T03:21:36.232+0000] {processor.py:175} INFO - Processing /home/airflow/.local/lib/python3.7/site-packages/airflow/example_dags/example_short_circuit_decorator.py took 0.212 seconds
[2022-12-10T03:22:06.592+0000] {processor.py:153} INFO - Started process (PID=375) to work on /home/airflow/.local/lib/python3.7/site-packages/airflow/example_dags/example_short_circuit_decorator.py
[2022-12-10T03:22:06.593+0000] {processor.py:743} INFO - Processing file /home/airflow/.local/lib/python3.7/site-packages/airflow/example_dags/example_short_circuit_decorator.py for tasks to queue
[2022-12-10T03:22:06.594+0000] {logging_mixin.py:137} INFO - [2022-12-10T03:22:06.594+0000] {dagbag.py:538} INFO - Filling up the DagBag from /home/airflow/.local/lib/python3.7/site-packages/airflow/example_dags/example_short_circuit_decorator.py
[2022-12-10T03:22:06.629+0000] {processor.py:753} INFO - DAG(s) dict_keys(['example_short_circuit_decorator']) retrieved from /home/airflow/.local/lib/python3.7/site-packages/airflow/example_dags/example_short_circuit_decorator.py
[2022-12-10T03:22:06.683+0000] {logging_mixin.py:137} INFO - [2022-12-10T03:22:06.683+0000] {dag.py:2676} INFO - Sync 1 DAGs
[2022-12-10T03:22:06.724+0000] {logging_mixin.py:137} INFO - [2022-12-10T03:22:06.723+0000] {dag.py:3427} INFO - Setting next_dagrun for example_short_circuit_decorator to 2022-12-09T03:22:06.723547+00:00, run_after=2022-12-10T03:22:06.723547+00:00
[2022-12-10T03:22:06.755+0000] {processor.py:175} INFO - Processing /home/airflow/.local/lib/python3.7/site-packages/airflow/example_dags/example_short_circuit_decorator.py took 0.167 seconds
[2022-12-10T03:22:37.472+0000] {processor.py:153} INFO - Started process (PID=446) to work on /home/airflow/.local/lib/python3.7/site-packages/airflow/example_dags/example_short_circuit_decorator.py
[2022-12-10T03:22:37.473+0000] {processor.py:743} INFO - Processing file /home/airflow/.local/lib/python3.7/site-packages/airflow/example_dags/example_short_circuit_decorator.py for tasks to queue
[2022-12-10T03:22:37.474+0000] {logging_mixin.py:137} INFO - [2022-12-10T03:22:37.474+0000] {dagbag.py:538} INFO - Filling up the DagBag from /home/airflow/.local/lib/python3.7/site-packages/airflow/example_dags/example_short_circuit_decorator.py
[2022-12-10T03:22:37.501+0000] {processor.py:753} INFO - DAG(s) dict_keys(['example_short_circuit_decorator']) retrieved from /home/airflow/.local/lib/python3.7/site-packages/airflow/example_dags/example_short_circuit_decorator.py
[2022-12-10T03:22:37.539+0000] {logging_mixin.py:137} INFO - [2022-12-10T03:22:37.539+0000] {dag.py:2676} INFO - Sync 1 DAGs
[2022-12-10T03:22:37.566+0000] {logging_mixin.py:137} INFO - [2022-12-10T03:22:37.565+0000] {dag.py:3427} INFO - Setting next_dagrun for example_short_circuit_decorator to 2022-12-09T03:22:37.565699+00:00, run_after=2022-12-10T03:22:37.565699+00:00
[2022-12-10T03:22:37.594+0000] {processor.py:175} INFO - Processing /home/airflow/.local/lib/python3.7/site-packages/airflow/example_dags/example_short_circuit_decorator.py took 0.125 seconds
[2022-12-10T03:23:08.495+0000] {processor.py:153} INFO - Started process (PID=517) to work on /home/airflow/.local/lib/python3.7/site-packages/airflow/example_dags/example_short_circuit_decorator.py
[2022-12-10T03:23:08.496+0000] {processor.py:743} INFO - Processing file /home/airflow/.local/lib/python3.7/site-packages/airflow/example_dags/example_short_circuit_decorator.py for tasks to queue
[2022-12-10T03:23:08.497+0000] {logging_mixin.py:137} INFO - [2022-12-10T03:23:08.497+0000] {dagbag.py:538} INFO - Filling up the DagBag from /home/airflow/.local/lib/python3.7/site-packages/airflow/example_dags/example_short_circuit_decorator.py
[2022-12-10T03:23:08.531+0000] {processor.py:753} INFO - DAG(s) dict_keys(['example_short_circuit_decorator']) retrieved from /home/airflow/.local/lib/python3.7/site-packages/airflow/example_dags/example_short_circuit_decorator.py
[2022-12-10T03:23:08.580+0000] {logging_mixin.py:137} INFO - [2022-12-10T03:23:08.580+0000] {dag.py:2676} INFO - Sync 1 DAGs
[2022-12-10T03:23:08.624+0000] {logging_mixin.py:137} INFO - [2022-12-10T03:23:08.624+0000] {dag.py:3427} INFO - Setting next_dagrun for example_short_circuit_decorator to 2022-12-09T03:23:08.624130+00:00, run_after=2022-12-10T03:23:08.624130+00:00
[2022-12-10T03:23:08.664+0000] {processor.py:175} INFO - Processing /home/airflow/.local/lib/python3.7/site-packages/airflow/example_dags/example_short_circuit_decorator.py took 0.174 seconds
[2022-12-10T03:23:38.857+0000] {processor.py:153} INFO - Started process (PID=600) to work on /home/airflow/.local/lib/python3.7/site-packages/airflow/example_dags/example_short_circuit_decorator.py
[2022-12-10T03:23:38.858+0000] {processor.py:743} INFO - Processing file /home/airflow/.local/lib/python3.7/site-packages/airflow/example_dags/example_short_circuit_decorator.py for tasks to queue
[2022-12-10T03:23:38.859+0000] {logging_mixin.py:137} INFO - [2022-12-10T03:23:38.859+0000] {dagbag.py:538} INFO - Filling up the DagBag from /home/airflow/.local/lib/python3.7/site-packages/airflow/example_dags/example_short_circuit_decorator.py
[2022-12-10T03:23:38.899+0000] {processor.py:753} INFO - DAG(s) dict_keys(['example_short_circuit_decorator']) retrieved from /home/airflow/.local/lib/python3.7/site-packages/airflow/example_dags/example_short_circuit_decorator.py
[2022-12-10T03:23:38.961+0000] {logging_mixin.py:137} INFO - [2022-12-10T03:23:38.961+0000] {dag.py:2676} INFO - Sync 1 DAGs
[2022-12-10T03:23:39.005+0000] {logging_mixin.py:137} INFO - [2022-12-10T03:23:39.005+0000] {dag.py:3427} INFO - Setting next_dagrun for example_short_circuit_decorator to 2022-12-09T03:23:39.005145+00:00, run_after=2022-12-10T03:23:39.005145+00:00
[2022-12-10T03:23:39.055+0000] {processor.py:175} INFO - Processing /home/airflow/.local/lib/python3.7/site-packages/airflow/example_dags/example_short_circuit_decorator.py took 0.203 seconds
[2022-12-10T03:24:09.199+0000] {processor.py:153} INFO - Started process (PID=663) to work on /home/airflow/.local/lib/python3.7/site-packages/airflow/example_dags/example_short_circuit_decorator.py
[2022-12-10T03:24:09.200+0000] {processor.py:743} INFO - Processing file /home/airflow/.local/lib/python3.7/site-packages/airflow/example_dags/example_short_circuit_decorator.py for tasks to queue
[2022-12-10T03:24:09.201+0000] {logging_mixin.py:137} INFO - [2022-12-10T03:24:09.201+0000] {dagbag.py:538} INFO - Filling up the DagBag from /home/airflow/.local/lib/python3.7/site-packages/airflow/example_dags/example_short_circuit_decorator.py
[2022-12-10T03:24:09.233+0000] {processor.py:753} INFO - DAG(s) dict_keys(['example_short_circuit_decorator']) retrieved from /home/airflow/.local/lib/python3.7/site-packages/airflow/example_dags/example_short_circuit_decorator.py
[2022-12-10T03:24:09.282+0000] {logging_mixin.py:137} INFO - [2022-12-10T03:24:09.281+0000] {dag.py:2676} INFO - Sync 1 DAGs
[2022-12-10T03:24:09.312+0000] {logging_mixin.py:137} INFO - [2022-12-10T03:24:09.312+0000] {dag.py:3427} INFO - Setting next_dagrun for example_short_circuit_decorator to 2022-12-09T03:24:09.312356+00:00, run_after=2022-12-10T03:24:09.312356+00:00
[2022-12-10T03:24:09.337+0000] {processor.py:175} INFO - Processing /home/airflow/.local/lib/python3.7/site-packages/airflow/example_dags/example_short_circuit_decorator.py took 0.141 seconds
[2022-12-10T03:24:39.888+0000] {processor.py:153} INFO - Started process (PID=745) to work on /home/airflow/.local/lib/python3.7/site-packages/airflow/example_dags/example_short_circuit_decorator.py
[2022-12-10T03:24:39.890+0000] {processor.py:743} INFO - Processing file /home/airflow/.local/lib/python3.7/site-packages/airflow/example_dags/example_short_circuit_decorator.py for tasks to queue
[2022-12-10T03:24:39.891+0000] {logging_mixin.py:137} INFO - [2022-12-10T03:24:39.891+0000] {dagbag.py:538} INFO - Filling up the DagBag from /home/airflow/.local/lib/python3.7/site-packages/airflow/example_dags/example_short_circuit_decorator.py
[2022-12-10T03:24:39.948+0000] {processor.py:753} INFO - DAG(s) dict_keys(['example_short_circuit_decorator']) retrieved from /home/airflow/.local/lib/python3.7/site-packages/airflow/example_dags/example_short_circuit_decorator.py
[2022-12-10T03:24:40.022+0000] {logging_mixin.py:137} INFO - [2022-12-10T03:24:40.022+0000] {dag.py:2676} INFO - Sync 1 DAGs
[2022-12-10T03:24:40.063+0000] {logging_mixin.py:137} INFO - [2022-12-10T03:24:40.063+0000] {dag.py:3427} INFO - Setting next_dagrun for example_short_circuit_decorator to 2022-12-09T03:24:40.063127+00:00, run_after=2022-12-10T03:24:40.063127+00:00
[2022-12-10T03:24:40.100+0000] {processor.py:175} INFO - Processing /home/airflow/.local/lib/python3.7/site-packages/airflow/example_dags/example_short_circuit_decorator.py took 0.217 seconds
[2022-12-10T03:25:10.758+0000] {processor.py:153} INFO - Started process (PID=822) to work on /home/airflow/.local/lib/python3.7/site-packages/airflow/example_dags/example_short_circuit_decorator.py
[2022-12-10T03:25:10.759+0000] {processor.py:743} INFO - Processing file /home/airflow/.local/lib/python3.7/site-packages/airflow/example_dags/example_short_circuit_decorator.py for tasks to queue
[2022-12-10T03:25:10.760+0000] {logging_mixin.py:137} INFO - [2022-12-10T03:25:10.760+0000] {dagbag.py:538} INFO - Filling up the DagBag from /home/airflow/.local/lib/python3.7/site-packages/airflow/example_dags/example_short_circuit_decorator.py
[2022-12-10T03:25:10.801+0000] {processor.py:753} INFO - DAG(s) dict_keys(['example_short_circuit_decorator']) retrieved from /home/airflow/.local/lib/python3.7/site-packages/airflow/example_dags/example_short_circuit_decorator.py
[2022-12-10T03:25:10.860+0000] {logging_mixin.py:137} INFO - [2022-12-10T03:25:10.860+0000] {dag.py:2676} INFO - Sync 1 DAGs
[2022-12-10T03:25:10.905+0000] {logging_mixin.py:137} INFO - [2022-12-10T03:25:10.904+0000] {dag.py:3427} INFO - Setting next_dagrun for example_short_circuit_decorator to 2022-12-09T03:25:10.904398+00:00, run_after=2022-12-10T03:25:10.904398+00:00
[2022-12-10T03:25:10.940+0000] {processor.py:175} INFO - Processing /home/airflow/.local/lib/python3.7/site-packages/airflow/example_dags/example_short_circuit_decorator.py took 0.186 seconds
