[2022-12-10T03:20:09.181+0000] {processor.py:153} INFO - Started process (PID=98) to work on /home/airflow/.local/lib/python3.7/site-packages/airflow/example_dags/example_latest_only_with_trigger.py
[2022-12-10T03:20:09.183+0000] {processor.py:743} INFO - Processing file /home/airflow/.local/lib/python3.7/site-packages/airflow/example_dags/example_latest_only_with_trigger.py for tasks to queue
[2022-12-10T03:20:09.185+0000] {logging_mixin.py:137} INFO - [2022-12-10T03:20:09.185+0000] {dagbag.py:538} INFO - Filling up the DagBag from /home/airflow/.local/lib/python3.7/site-packages/airflow/example_dags/example_latest_only_with_trigger.py
[2022-12-10T03:20:09.220+0000] {processor.py:753} INFO - DAG(s) dict_keys(['latest_only_with_trigger']) retrieved from /home/airflow/.local/lib/python3.7/site-packages/airflow/example_dags/example_latest_only_with_trigger.py
[2022-12-10T03:20:09.307+0000] {logging_mixin.py:137} INFO - [2022-12-10T03:20:09.306+0000] {dag.py:2676} INFO - Sync 1 DAGs
[2022-12-10T03:20:09.358+0000] {logging_mixin.py:137} INFO - [2022-12-10T03:20:09.358+0000] {dag.py:3427} INFO - Setting next_dagrun for latest_only_with_trigger to 2022-12-09T23:20:09.357880+00:00, run_after=2022-12-10T03:20:09.357880+00:00
[2022-12-10T03:20:09.529+0000] {processor.py:175} INFO - Processing /home/airflow/.local/lib/python3.7/site-packages/airflow/example_dags/example_latest_only_with_trigger.py took 0.353 seconds
[2022-12-10T03:20:40.492+0000] {processor.py:153} INFO - Started process (PID=177) to work on /home/airflow/.local/lib/python3.7/site-packages/airflow/example_dags/example_latest_only_with_trigger.py
[2022-12-10T03:20:40.493+0000] {processor.py:743} INFO - Processing file /home/airflow/.local/lib/python3.7/site-packages/airflow/example_dags/example_latest_only_with_trigger.py for tasks to queue
[2022-12-10T03:20:40.495+0000] {logging_mixin.py:137} INFO - [2022-12-10T03:20:40.495+0000] {dagbag.py:538} INFO - Filling up the DagBag from /home/airflow/.local/lib/python3.7/site-packages/airflow/example_dags/example_latest_only_with_trigger.py
[2022-12-10T03:20:40.517+0000] {processor.py:753} INFO - DAG(s) dict_keys(['latest_only_with_trigger']) retrieved from /home/airflow/.local/lib/python3.7/site-packages/airflow/example_dags/example_latest_only_with_trigger.py
[2022-12-10T03:20:40.578+0000] {logging_mixin.py:137} INFO - [2022-12-10T03:20:40.578+0000] {dag.py:2676} INFO - Sync 1 DAGs
[2022-12-10T03:20:40.619+0000] {logging_mixin.py:137} INFO - [2022-12-10T03:20:40.619+0000] {dag.py:3427} INFO - Setting next_dagrun for latest_only_with_trigger to 2022-12-09T23:20:40.619077+00:00, run_after=2022-12-10T03:20:40.619077+00:00
[2022-12-10T03:20:40.650+0000] {processor.py:175} INFO - Processing /home/airflow/.local/lib/python3.7/site-packages/airflow/example_dags/example_latest_only_with_trigger.py took 0.162 seconds
[2022-12-10T03:21:11.615+0000] {processor.py:153} INFO - Started process (PID=248) to work on /home/airflow/.local/lib/python3.7/site-packages/airflow/example_dags/example_latest_only_with_trigger.py
[2022-12-10T03:21:11.617+0000] {processor.py:743} INFO - Processing file /home/airflow/.local/lib/python3.7/site-packages/airflow/example_dags/example_latest_only_with_trigger.py for tasks to queue
[2022-12-10T03:21:11.619+0000] {logging_mixin.py:137} INFO - [2022-12-10T03:21:11.619+0000] {dagbag.py:538} INFO - Filling up the DagBag from /home/airflow/.local/lib/python3.7/site-packages/airflow/example_dags/example_latest_only_with_trigger.py
[2022-12-10T03:21:11.663+0000] {processor.py:753} INFO - DAG(s) dict_keys(['latest_only_with_trigger']) retrieved from /home/airflow/.local/lib/python3.7/site-packages/airflow/example_dags/example_latest_only_with_trigger.py
[2022-12-10T03:21:11.748+0000] {logging_mixin.py:137} INFO - [2022-12-10T03:21:11.748+0000] {dag.py:2676} INFO - Sync 1 DAGs
[2022-12-10T03:21:11.809+0000] {logging_mixin.py:137} INFO - [2022-12-10T03:21:11.809+0000] {dag.py:3427} INFO - Setting next_dagrun for latest_only_with_trigger to 2022-12-09T23:21:11.809402+00:00, run_after=2022-12-10T03:21:11.809402+00:00
[2022-12-10T03:21:11.835+0000] {processor.py:175} INFO - Processing /home/airflow/.local/lib/python3.7/site-packages/airflow/example_dags/example_latest_only_with_trigger.py took 0.226 seconds
[2022-12-10T03:21:41.983+0000] {processor.py:153} INFO - Started process (PID=319) to work on /home/airflow/.local/lib/python3.7/site-packages/airflow/example_dags/example_latest_only_with_trigger.py
[2022-12-10T03:21:41.984+0000] {processor.py:743} INFO - Processing file /home/airflow/.local/lib/python3.7/site-packages/airflow/example_dags/example_latest_only_with_trigger.py for tasks to queue
[2022-12-10T03:21:41.985+0000] {logging_mixin.py:137} INFO - [2022-12-10T03:21:41.985+0000] {dagbag.py:538} INFO - Filling up the DagBag from /home/airflow/.local/lib/python3.7/site-packages/airflow/example_dags/example_latest_only_with_trigger.py
[2022-12-10T03:21:42.002+0000] {processor.py:753} INFO - DAG(s) dict_keys(['latest_only_with_trigger']) retrieved from /home/airflow/.local/lib/python3.7/site-packages/airflow/example_dags/example_latest_only_with_trigger.py
[2022-12-10T03:21:42.072+0000] {logging_mixin.py:137} INFO - [2022-12-10T03:21:42.072+0000] {dag.py:2676} INFO - Sync 1 DAGs
[2022-12-10T03:21:42.109+0000] {logging_mixin.py:137} INFO - [2022-12-10T03:21:42.109+0000] {dag.py:3427} INFO - Setting next_dagrun for latest_only_with_trigger to 2022-12-09T23:21:42.108995+00:00, run_after=2022-12-10T03:21:42.108995+00:00
[2022-12-10T03:21:42.148+0000] {processor.py:175} INFO - Processing /home/airflow/.local/lib/python3.7/site-packages/airflow/example_dags/example_latest_only_with_trigger.py took 0.168 seconds
[2022-12-10T03:22:12.592+0000] {processor.py:153} INFO - Started process (PID=390) to work on /home/airflow/.local/lib/python3.7/site-packages/airflow/example_dags/example_latest_only_with_trigger.py
[2022-12-10T03:22:12.593+0000] {processor.py:743} INFO - Processing file /home/airflow/.local/lib/python3.7/site-packages/airflow/example_dags/example_latest_only_with_trigger.py for tasks to queue
[2022-12-10T03:22:12.594+0000] {logging_mixin.py:137} INFO - [2022-12-10T03:22:12.594+0000] {dagbag.py:538} INFO - Filling up the DagBag from /home/airflow/.local/lib/python3.7/site-packages/airflow/example_dags/example_latest_only_with_trigger.py
[2022-12-10T03:22:12.608+0000] {processor.py:753} INFO - DAG(s) dict_keys(['latest_only_with_trigger']) retrieved from /home/airflow/.local/lib/python3.7/site-packages/airflow/example_dags/example_latest_only_with_trigger.py
[2022-12-10T03:22:12.646+0000] {logging_mixin.py:137} INFO - [2022-12-10T03:22:12.646+0000] {dag.py:2676} INFO - Sync 1 DAGs
[2022-12-10T03:22:12.673+0000] {logging_mixin.py:137} INFO - [2022-12-10T03:22:12.673+0000] {dag.py:3427} INFO - Setting next_dagrun for latest_only_with_trigger to 2022-12-09T23:22:12.673282+00:00, run_after=2022-12-10T03:22:12.673282+00:00
[2022-12-10T03:22:12.702+0000] {processor.py:175} INFO - Processing /home/airflow/.local/lib/python3.7/site-packages/airflow/example_dags/example_latest_only_with_trigger.py took 0.114 seconds
[2022-12-10T03:22:42.800+0000] {processor.py:153} INFO - Started process (PID=461) to work on /home/airflow/.local/lib/python3.7/site-packages/airflow/example_dags/example_latest_only_with_trigger.py
[2022-12-10T03:22:42.802+0000] {processor.py:743} INFO - Processing file /home/airflow/.local/lib/python3.7/site-packages/airflow/example_dags/example_latest_only_with_trigger.py for tasks to queue
[2022-12-10T03:22:42.804+0000] {logging_mixin.py:137} INFO - [2022-12-10T03:22:42.803+0000] {dagbag.py:538} INFO - Filling up the DagBag from /home/airflow/.local/lib/python3.7/site-packages/airflow/example_dags/example_latest_only_with_trigger.py
[2022-12-10T03:22:42.818+0000] {processor.py:753} INFO - DAG(s) dict_keys(['latest_only_with_trigger']) retrieved from /home/airflow/.local/lib/python3.7/site-packages/airflow/example_dags/example_latest_only_with_trigger.py
[2022-12-10T03:22:42.858+0000] {logging_mixin.py:137} INFO - [2022-12-10T03:22:42.857+0000] {dag.py:2676} INFO - Sync 1 DAGs
[2022-12-10T03:22:42.886+0000] {logging_mixin.py:137} INFO - [2022-12-10T03:22:42.886+0000] {dag.py:3427} INFO - Setting next_dagrun for latest_only_with_trigger to 2022-12-09T23:22:42.886435+00:00, run_after=2022-12-10T03:22:42.886435+00:00
[2022-12-10T03:22:42.916+0000] {processor.py:175} INFO - Processing /home/airflow/.local/lib/python3.7/site-packages/airflow/example_dags/example_latest_only_with_trigger.py took 0.119 seconds
[2022-12-10T03:23:13.195+0000] {processor.py:153} INFO - Started process (PID=548) to work on /home/airflow/.local/lib/python3.7/site-packages/airflow/example_dags/example_latest_only_with_trigger.py
[2022-12-10T03:23:13.197+0000] {processor.py:743} INFO - Processing file /home/airflow/.local/lib/python3.7/site-packages/airflow/example_dags/example_latest_only_with_trigger.py for tasks to queue
[2022-12-10T03:23:13.199+0000] {logging_mixin.py:137} INFO - [2022-12-10T03:23:13.198+0000] {dagbag.py:538} INFO - Filling up the DagBag from /home/airflow/.local/lib/python3.7/site-packages/airflow/example_dags/example_latest_only_with_trigger.py
[2022-12-10T03:23:13.230+0000] {processor.py:753} INFO - DAG(s) dict_keys(['latest_only_with_trigger']) retrieved from /home/airflow/.local/lib/python3.7/site-packages/airflow/example_dags/example_latest_only_with_trigger.py
[2022-12-10T03:23:13.295+0000] {logging_mixin.py:137} INFO - [2022-12-10T03:23:13.294+0000] {dag.py:2676} INFO - Sync 1 DAGs
[2022-12-10T03:23:13.358+0000] {logging_mixin.py:137} INFO - [2022-12-10T03:23:13.357+0000] {dag.py:3427} INFO - Setting next_dagrun for latest_only_with_trigger to 2022-12-09T23:23:13.357122+00:00, run_after=2022-12-10T03:23:13.357122+00:00
[2022-12-10T03:23:13.390+0000] {processor.py:175} INFO - Processing /home/airflow/.local/lib/python3.7/site-packages/airflow/example_dags/example_latest_only_with_trigger.py took 0.201 seconds
[2022-12-10T03:23:44.826+0000] {processor.py:153} INFO - Started process (PID=624) to work on /home/airflow/.local/lib/python3.7/site-packages/airflow/example_dags/example_latest_only_with_trigger.py
[2022-12-10T03:23:44.828+0000] {processor.py:743} INFO - Processing file /home/airflow/.local/lib/python3.7/site-packages/airflow/example_dags/example_latest_only_with_trigger.py for tasks to queue
[2022-12-10T03:23:44.831+0000] {logging_mixin.py:137} INFO - [2022-12-10T03:23:44.830+0000] {dagbag.py:538} INFO - Filling up the DagBag from /home/airflow/.local/lib/python3.7/site-packages/airflow/example_dags/example_latest_only_with_trigger.py
[2022-12-10T03:23:44.879+0000] {processor.py:753} INFO - DAG(s) dict_keys(['latest_only_with_trigger']) retrieved from /home/airflow/.local/lib/python3.7/site-packages/airflow/example_dags/example_latest_only_with_trigger.py
[2022-12-10T03:23:45.027+0000] {logging_mixin.py:137} INFO - [2022-12-10T03:23:45.027+0000] {dag.py:2676} INFO - Sync 1 DAGs
[2022-12-10T03:23:45.247+0000] {logging_mixin.py:137} INFO - [2022-12-10T03:23:45.247+0000] {dag.py:3427} INFO - Setting next_dagrun for latest_only_with_trigger to 2022-12-09T23:23:45.247144+00:00, run_after=2022-12-10T03:23:45.247144+00:00
[2022-12-10T03:23:45.313+0000] {processor.py:175} INFO - Processing /home/airflow/.local/lib/python3.7/site-packages/airflow/example_dags/example_latest_only_with_trigger.py took 0.494 seconds
[2022-12-10T03:24:15.879+0000] {processor.py:153} INFO - Started process (PID=695) to work on /home/airflow/.local/lib/python3.7/site-packages/airflow/example_dags/example_latest_only_with_trigger.py
[2022-12-10T03:24:15.880+0000] {processor.py:743} INFO - Processing file /home/airflow/.local/lib/python3.7/site-packages/airflow/example_dags/example_latest_only_with_trigger.py for tasks to queue
[2022-12-10T03:24:15.881+0000] {logging_mixin.py:137} INFO - [2022-12-10T03:24:15.881+0000] {dagbag.py:538} INFO - Filling up the DagBag from /home/airflow/.local/lib/python3.7/site-packages/airflow/example_dags/example_latest_only_with_trigger.py
[2022-12-10T03:24:15.898+0000] {processor.py:753} INFO - DAG(s) dict_keys(['latest_only_with_trigger']) retrieved from /home/airflow/.local/lib/python3.7/site-packages/airflow/example_dags/example_latest_only_with_trigger.py
[2022-12-10T03:24:15.946+0000] {logging_mixin.py:137} INFO - [2022-12-10T03:24:15.945+0000] {dag.py:2676} INFO - Sync 1 DAGs
[2022-12-10T03:24:15.986+0000] {logging_mixin.py:137} INFO - [2022-12-10T03:24:15.986+0000] {dag.py:3427} INFO - Setting next_dagrun for latest_only_with_trigger to 2022-12-09T23:24:15.986397+00:00, run_after=2022-12-10T03:24:15.986397+00:00
[2022-12-10T03:24:16.015+0000] {processor.py:175} INFO - Processing /home/airflow/.local/lib/python3.7/site-packages/airflow/example_dags/example_latest_only_with_trigger.py took 0.139 seconds
[2022-12-10T03:24:46.784+0000] {processor.py:153} INFO - Started process (PID=767) to work on /home/airflow/.local/lib/python3.7/site-packages/airflow/example_dags/example_latest_only_with_trigger.py
[2022-12-10T03:24:46.788+0000] {processor.py:743} INFO - Processing file /home/airflow/.local/lib/python3.7/site-packages/airflow/example_dags/example_latest_only_with_trigger.py for tasks to queue
[2022-12-10T03:24:46.796+0000] {logging_mixin.py:137} INFO - [2022-12-10T03:24:46.795+0000] {dagbag.py:538} INFO - Filling up the DagBag from /home/airflow/.local/lib/python3.7/site-packages/airflow/example_dags/example_latest_only_with_trigger.py
[2022-12-10T03:24:46.841+0000] {processor.py:753} INFO - DAG(s) dict_keys(['latest_only_with_trigger']) retrieved from /home/airflow/.local/lib/python3.7/site-packages/airflow/example_dags/example_latest_only_with_trigger.py
[2022-12-10T03:24:46.918+0000] {logging_mixin.py:137} INFO - [2022-12-10T03:24:46.918+0000] {dag.py:2676} INFO - Sync 1 DAGs
[2022-12-10T03:24:46.962+0000] {logging_mixin.py:137} INFO - [2022-12-10T03:24:46.962+0000] {dag.py:3427} INFO - Setting next_dagrun for latest_only_with_trigger to 2022-12-09T23:24:46.962308+00:00, run_after=2022-12-10T03:24:46.962308+00:00
[2022-12-10T03:24:47.008+0000] {processor.py:175} INFO - Processing /home/airflow/.local/lib/python3.7/site-packages/airflow/example_dags/example_latest_only_with_trigger.py took 0.234 seconds
[2022-12-10T03:25:17.474+0000] {processor.py:153} INFO - Started process (PID=837) to work on /home/airflow/.local/lib/python3.7/site-packages/airflow/example_dags/example_latest_only_with_trigger.py
[2022-12-10T03:25:17.475+0000] {processor.py:743} INFO - Processing file /home/airflow/.local/lib/python3.7/site-packages/airflow/example_dags/example_latest_only_with_trigger.py for tasks to queue
[2022-12-10T03:25:17.477+0000] {logging_mixin.py:137} INFO - [2022-12-10T03:25:17.476+0000] {dagbag.py:538} INFO - Filling up the DagBag from /home/airflow/.local/lib/python3.7/site-packages/airflow/example_dags/example_latest_only_with_trigger.py
[2022-12-10T03:25:17.494+0000] {processor.py:753} INFO - DAG(s) dict_keys(['latest_only_with_trigger']) retrieved from /home/airflow/.local/lib/python3.7/site-packages/airflow/example_dags/example_latest_only_with_trigger.py
[2022-12-10T03:25:17.538+0000] {logging_mixin.py:137} INFO - [2022-12-10T03:25:17.538+0000] {dag.py:2676} INFO - Sync 1 DAGs
[2022-12-10T03:25:17.570+0000] {logging_mixin.py:137} INFO - [2022-12-10T03:25:17.570+0000] {dag.py:3427} INFO - Setting next_dagrun for latest_only_with_trigger to 2022-12-09T23:25:17.570498+00:00, run_after=2022-12-10T03:25:17.570498+00:00
[2022-12-10T03:25:17.600+0000] {processor.py:175} INFO - Processing /home/airflow/.local/lib/python3.7/site-packages/airflow/example_dags/example_latest_only_with_trigger.py took 0.129 seconds
