[2022-12-10T03:20:01.785+0000] {processor.py:153} INFO - Started process (PID=72) to work on /home/airflow/.local/lib/python3.7/site-packages/airflow/example_dags/tutorial.py
[2022-12-10T03:20:01.787+0000] {processor.py:743} INFO - Processing file /home/airflow/.local/lib/python3.7/site-packages/airflow/example_dags/tutorial.py for tasks to queue
[2022-12-10T03:20:01.789+0000] {logging_mixin.py:137} INFO - [2022-12-10T03:20:01.788+0000] {dagbag.py:538} INFO - Filling up the DagBag from /home/airflow/.local/lib/python3.7/site-packages/airflow/example_dags/tutorial.py
[2022-12-10T03:20:01.822+0000] {processor.py:753} INFO - DAG(s) dict_keys(['tutorial']) retrieved from /home/airflow/.local/lib/python3.7/site-packages/airflow/example_dags/tutorial.py
[2022-12-10T03:20:01.901+0000] {logging_mixin.py:137} INFO - [2022-12-10T03:20:01.901+0000] {dag.py:2676} INFO - Sync 1 DAGs
[2022-12-10T03:20:01.954+0000] {logging_mixin.py:137} INFO - [2022-12-10T03:20:01.954+0000] {dag.py:3427} INFO - Setting next_dagrun for tutorial to 2022-12-09T03:20:01.954308+00:00, run_after=2022-12-10T03:20:01.954308+00:00
[2022-12-10T03:20:01.989+0000] {processor.py:175} INFO - Processing /home/airflow/.local/lib/python3.7/site-packages/airflow/example_dags/tutorial.py took 0.210 seconds
[2022-12-10T03:20:32.578+0000] {processor.py:153} INFO - Started process (PID=143) to work on /home/airflow/.local/lib/python3.7/site-packages/airflow/example_dags/tutorial.py
[2022-12-10T03:20:32.580+0000] {processor.py:743} INFO - Processing file /home/airflow/.local/lib/python3.7/site-packages/airflow/example_dags/tutorial.py for tasks to queue
[2022-12-10T03:20:32.581+0000] {logging_mixin.py:137} INFO - [2022-12-10T03:20:32.581+0000] {dagbag.py:538} INFO - Filling up the DagBag from /home/airflow/.local/lib/python3.7/site-packages/airflow/example_dags/tutorial.py
[2022-12-10T03:20:32.595+0000] {processor.py:753} INFO - DAG(s) dict_keys(['tutorial']) retrieved from /home/airflow/.local/lib/python3.7/site-packages/airflow/example_dags/tutorial.py
[2022-12-10T03:20:32.634+0000] {logging_mixin.py:137} INFO - [2022-12-10T03:20:32.634+0000] {dag.py:2676} INFO - Sync 1 DAGs
[2022-12-10T03:20:32.661+0000] {logging_mixin.py:137} INFO - [2022-12-10T03:20:32.661+0000] {dag.py:3427} INFO - Setting next_dagrun for tutorial to 2022-12-09T03:20:32.660972+00:00, run_after=2022-12-10T03:20:32.660972+00:00
[2022-12-10T03:20:32.684+0000] {processor.py:175} INFO - Processing /home/airflow/.local/lib/python3.7/site-packages/airflow/example_dags/tutorial.py took 0.109 seconds
[2022-12-10T03:21:04.678+0000] {processor.py:153} INFO - Started process (PID=214) to work on /home/airflow/.local/lib/python3.7/site-packages/airflow/example_dags/tutorial.py
[2022-12-10T03:21:04.679+0000] {processor.py:743} INFO - Processing file /home/airflow/.local/lib/python3.7/site-packages/airflow/example_dags/tutorial.py for tasks to queue
[2022-12-10T03:21:04.681+0000] {logging_mixin.py:137} INFO - [2022-12-10T03:21:04.681+0000] {dagbag.py:538} INFO - Filling up the DagBag from /home/airflow/.local/lib/python3.7/site-packages/airflow/example_dags/tutorial.py
[2022-12-10T03:21:04.710+0000] {processor.py:753} INFO - DAG(s) dict_keys(['tutorial']) retrieved from /home/airflow/.local/lib/python3.7/site-packages/airflow/example_dags/tutorial.py
[2022-12-10T03:21:04.773+0000] {logging_mixin.py:137} INFO - [2022-12-10T03:21:04.773+0000] {dag.py:2676} INFO - Sync 1 DAGs
[2022-12-10T03:21:04.817+0000] {logging_mixin.py:137} INFO - [2022-12-10T03:21:04.816+0000] {dag.py:3427} INFO - Setting next_dagrun for tutorial to 2022-12-09T03:21:04.816407+00:00, run_after=2022-12-10T03:21:04.816407+00:00
[2022-12-10T03:21:04.849+0000] {processor.py:175} INFO - Processing /home/airflow/.local/lib/python3.7/site-packages/airflow/example_dags/tutorial.py took 0.176 seconds
[2022-12-10T03:21:35.758+0000] {processor.py:153} INFO - Started process (PID=295) to work on /home/airflow/.local/lib/python3.7/site-packages/airflow/example_dags/tutorial.py
[2022-12-10T03:21:35.760+0000] {processor.py:743} INFO - Processing file /home/airflow/.local/lib/python3.7/site-packages/airflow/example_dags/tutorial.py for tasks to queue
[2022-12-10T03:21:35.762+0000] {logging_mixin.py:137} INFO - [2022-12-10T03:21:35.761+0000] {dagbag.py:538} INFO - Filling up the DagBag from /home/airflow/.local/lib/python3.7/site-packages/airflow/example_dags/tutorial.py
[2022-12-10T03:21:35.799+0000] {processor.py:753} INFO - DAG(s) dict_keys(['tutorial']) retrieved from /home/airflow/.local/lib/python3.7/site-packages/airflow/example_dags/tutorial.py
[2022-12-10T03:21:35.891+0000] {logging_mixin.py:137} INFO - [2022-12-10T03:21:35.891+0000] {dag.py:2676} INFO - Sync 1 DAGs
[2022-12-10T03:21:35.954+0000] {logging_mixin.py:137} INFO - [2022-12-10T03:21:35.953+0000] {dag.py:3427} INFO - Setting next_dagrun for tutorial to 2022-12-09T03:21:35.953268+00:00, run_after=2022-12-10T03:21:35.953268+00:00
[2022-12-10T03:21:35.990+0000] {processor.py:175} INFO - Processing /home/airflow/.local/lib/python3.7/site-packages/airflow/example_dags/tutorial.py took 0.238 seconds
[2022-12-10T03:22:06.388+0000] {processor.py:153} INFO - Started process (PID=373) to work on /home/airflow/.local/lib/python3.7/site-packages/airflow/example_dags/tutorial.py
[2022-12-10T03:22:06.389+0000] {processor.py:743} INFO - Processing file /home/airflow/.local/lib/python3.7/site-packages/airflow/example_dags/tutorial.py for tasks to queue
[2022-12-10T03:22:06.391+0000] {logging_mixin.py:137} INFO - [2022-12-10T03:22:06.390+0000] {dagbag.py:538} INFO - Filling up the DagBag from /home/airflow/.local/lib/python3.7/site-packages/airflow/example_dags/tutorial.py
[2022-12-10T03:22:06.415+0000] {processor.py:753} INFO - DAG(s) dict_keys(['tutorial']) retrieved from /home/airflow/.local/lib/python3.7/site-packages/airflow/example_dags/tutorial.py
[2022-12-10T03:22:06.477+0000] {logging_mixin.py:137} INFO - [2022-12-10T03:22:06.476+0000] {dag.py:2676} INFO - Sync 1 DAGs
[2022-12-10T03:22:06.523+0000] {logging_mixin.py:137} INFO - [2022-12-10T03:22:06.522+0000] {dag.py:3427} INFO - Setting next_dagrun for tutorial to 2022-12-09T03:22:06.522390+00:00, run_after=2022-12-10T03:22:06.522390+00:00
[2022-12-10T03:22:06.556+0000] {processor.py:175} INFO - Processing /home/airflow/.local/lib/python3.7/site-packages/airflow/example_dags/tutorial.py took 0.173 seconds
[2022-12-10T03:22:37.320+0000] {processor.py:153} INFO - Started process (PID=444) to work on /home/airflow/.local/lib/python3.7/site-packages/airflow/example_dags/tutorial.py
[2022-12-10T03:22:37.321+0000] {processor.py:743} INFO - Processing file /home/airflow/.local/lib/python3.7/site-packages/airflow/example_dags/tutorial.py for tasks to queue
[2022-12-10T03:22:37.322+0000] {logging_mixin.py:137} INFO - [2022-12-10T03:22:37.322+0000] {dagbag.py:538} INFO - Filling up the DagBag from /home/airflow/.local/lib/python3.7/site-packages/airflow/example_dags/tutorial.py
[2022-12-10T03:22:37.335+0000] {processor.py:753} INFO - DAG(s) dict_keys(['tutorial']) retrieved from /home/airflow/.local/lib/python3.7/site-packages/airflow/example_dags/tutorial.py
[2022-12-10T03:22:37.374+0000] {logging_mixin.py:137} INFO - [2022-12-10T03:22:37.374+0000] {dag.py:2676} INFO - Sync 1 DAGs
[2022-12-10T03:22:37.403+0000] {logging_mixin.py:137} INFO - [2022-12-10T03:22:37.403+0000] {dag.py:3427} INFO - Setting next_dagrun for tutorial to 2022-12-09T03:22:37.403067+00:00, run_after=2022-12-10T03:22:37.403067+00:00
[2022-12-10T03:22:37.440+0000] {processor.py:175} INFO - Processing /home/airflow/.local/lib/python3.7/site-packages/airflow/example_dags/tutorial.py took 0.124 seconds
[2022-12-10T03:23:08.032+0000] {processor.py:153} INFO - Started process (PID=515) to work on /home/airflow/.local/lib/python3.7/site-packages/airflow/example_dags/tutorial.py
[2022-12-10T03:23:08.033+0000] {processor.py:743} INFO - Processing file /home/airflow/.local/lib/python3.7/site-packages/airflow/example_dags/tutorial.py for tasks to queue
[2022-12-10T03:23:08.036+0000] {logging_mixin.py:137} INFO - [2022-12-10T03:23:08.035+0000] {dagbag.py:538} INFO - Filling up the DagBag from /home/airflow/.local/lib/python3.7/site-packages/airflow/example_dags/tutorial.py
[2022-12-10T03:23:08.060+0000] {processor.py:753} INFO - DAG(s) dict_keys(['tutorial']) retrieved from /home/airflow/.local/lib/python3.7/site-packages/airflow/example_dags/tutorial.py
[2022-12-10T03:23:08.122+0000] {logging_mixin.py:137} INFO - [2022-12-10T03:23:08.122+0000] {dag.py:2676} INFO - Sync 1 DAGs
[2022-12-10T03:23:08.162+0000] {logging_mixin.py:137} INFO - [2022-12-10T03:23:08.162+0000] {dag.py:3427} INFO - Setting next_dagrun for tutorial to 2022-12-09T03:23:08.161694+00:00, run_after=2022-12-10T03:23:08.161694+00:00
[2022-12-10T03:23:08.203+0000] {processor.py:175} INFO - Processing /home/airflow/.local/lib/python3.7/site-packages/airflow/example_dags/tutorial.py took 0.177 seconds
[2022-12-10T03:23:38.610+0000] {processor.py:153} INFO - Started process (PID=597) to work on /home/airflow/.local/lib/python3.7/site-packages/airflow/example_dags/tutorial.py
[2022-12-10T03:23:38.613+0000] {processor.py:743} INFO - Processing file /home/airflow/.local/lib/python3.7/site-packages/airflow/example_dags/tutorial.py for tasks to queue
[2022-12-10T03:23:38.616+0000] {logging_mixin.py:137} INFO - [2022-12-10T03:23:38.615+0000] {dagbag.py:538} INFO - Filling up the DagBag from /home/airflow/.local/lib/python3.7/site-packages/airflow/example_dags/tutorial.py
[2022-12-10T03:23:38.643+0000] {processor.py:753} INFO - DAG(s) dict_keys(['tutorial']) retrieved from /home/airflow/.local/lib/python3.7/site-packages/airflow/example_dags/tutorial.py
[2022-12-10T03:23:38.703+0000] {logging_mixin.py:137} INFO - [2022-12-10T03:23:38.703+0000] {dag.py:2676} INFO - Sync 1 DAGs
[2022-12-10T03:23:38.770+0000] {logging_mixin.py:137} INFO - [2022-12-10T03:23:38.770+0000] {dag.py:3427} INFO - Setting next_dagrun for tutorial to 2022-12-09T03:23:38.770108+00:00, run_after=2022-12-10T03:23:38.770108+00:00
[2022-12-10T03:23:38.809+0000] {processor.py:175} INFO - Processing /home/airflow/.local/lib/python3.7/site-packages/airflow/example_dags/tutorial.py took 0.205 seconds
[2022-12-10T03:24:09.043+0000] {processor.py:153} INFO - Started process (PID=661) to work on /home/airflow/.local/lib/python3.7/site-packages/airflow/example_dags/tutorial.py
[2022-12-10T03:24:09.044+0000] {processor.py:743} INFO - Processing file /home/airflow/.local/lib/python3.7/site-packages/airflow/example_dags/tutorial.py for tasks to queue
[2022-12-10T03:24:09.045+0000] {logging_mixin.py:137} INFO - [2022-12-10T03:24:09.045+0000] {dagbag.py:538} INFO - Filling up the DagBag from /home/airflow/.local/lib/python3.7/site-packages/airflow/example_dags/tutorial.py
[2022-12-10T03:24:09.061+0000] {processor.py:753} INFO - DAG(s) dict_keys(['tutorial']) retrieved from /home/airflow/.local/lib/python3.7/site-packages/airflow/example_dags/tutorial.py
[2022-12-10T03:24:09.104+0000] {logging_mixin.py:137} INFO - [2022-12-10T03:24:09.104+0000] {dag.py:2676} INFO - Sync 1 DAGs
[2022-12-10T03:24:09.135+0000] {logging_mixin.py:137} INFO - [2022-12-10T03:24:09.135+0000] {dag.py:3427} INFO - Setting next_dagrun for tutorial to 2022-12-09T03:24:09.135183+00:00, run_after=2022-12-10T03:24:09.135183+00:00
[2022-12-10T03:24:09.167+0000] {processor.py:175} INFO - Processing /home/airflow/.local/lib/python3.7/site-packages/airflow/example_dags/tutorial.py took 0.128 seconds
[2022-12-10T03:24:39.658+0000] {processor.py:153} INFO - Started process (PID=743) to work on /home/airflow/.local/lib/python3.7/site-packages/airflow/example_dags/tutorial.py
[2022-12-10T03:24:39.660+0000] {processor.py:743} INFO - Processing file /home/airflow/.local/lib/python3.7/site-packages/airflow/example_dags/tutorial.py for tasks to queue
[2022-12-10T03:24:39.661+0000] {logging_mixin.py:137} INFO - [2022-12-10T03:24:39.661+0000] {dagbag.py:538} INFO - Filling up the DagBag from /home/airflow/.local/lib/python3.7/site-packages/airflow/example_dags/tutorial.py
[2022-12-10T03:24:39.682+0000] {processor.py:753} INFO - DAG(s) dict_keys(['tutorial']) retrieved from /home/airflow/.local/lib/python3.7/site-packages/airflow/example_dags/tutorial.py
[2022-12-10T03:24:39.750+0000] {logging_mixin.py:137} INFO - [2022-12-10T03:24:39.749+0000] {dag.py:2676} INFO - Sync 1 DAGs
[2022-12-10T03:24:39.802+0000] {logging_mixin.py:137} INFO - [2022-12-10T03:24:39.801+0000] {dag.py:3427} INFO - Setting next_dagrun for tutorial to 2022-12-09T03:24:39.801430+00:00, run_after=2022-12-10T03:24:39.801430+00:00
[2022-12-10T03:24:39.838+0000] {processor.py:175} INFO - Processing /home/airflow/.local/lib/python3.7/site-packages/airflow/example_dags/tutorial.py took 0.184 seconds
[2022-12-10T03:25:10.255+0000] {processor.py:153} INFO - Started process (PID=820) to work on /home/airflow/.local/lib/python3.7/site-packages/airflow/example_dags/tutorial.py
[2022-12-10T03:25:10.256+0000] {processor.py:743} INFO - Processing file /home/airflow/.local/lib/python3.7/site-packages/airflow/example_dags/tutorial.py for tasks to queue
[2022-12-10T03:25:10.257+0000] {logging_mixin.py:137} INFO - [2022-12-10T03:25:10.257+0000] {dagbag.py:538} INFO - Filling up the DagBag from /home/airflow/.local/lib/python3.7/site-packages/airflow/example_dags/tutorial.py
[2022-12-10T03:25:10.279+0000] {processor.py:753} INFO - DAG(s) dict_keys(['tutorial']) retrieved from /home/airflow/.local/lib/python3.7/site-packages/airflow/example_dags/tutorial.py
[2022-12-10T03:25:10.344+0000] {logging_mixin.py:137} INFO - [2022-12-10T03:25:10.344+0000] {dag.py:2676} INFO - Sync 1 DAGs
[2022-12-10T03:25:10.400+0000] {logging_mixin.py:137} INFO - [2022-12-10T03:25:10.399+0000] {dag.py:3427} INFO - Setting next_dagrun for tutorial to 2022-12-09T03:25:10.399498+00:00, run_after=2022-12-10T03:25:10.399498+00:00
[2022-12-10T03:25:10.438+0000] {processor.py:175} INFO - Processing /home/airflow/.local/lib/python3.7/site-packages/airflow/example_dags/tutorial.py took 0.187 seconds
