[2022-12-10T03:20:02.024+0000] {processor.py:153} INFO - Started process (PID=73) to work on /home/airflow/.local/lib/python3.7/site-packages/airflow/example_dags/tutorial_dag.py
[2022-12-10T03:20:02.026+0000] {processor.py:743} INFO - Processing file /home/airflow/.local/lib/python3.7/site-packages/airflow/example_dags/tutorial_dag.py for tasks to queue
[2022-12-10T03:20:02.027+0000] {logging_mixin.py:137} INFO - [2022-12-10T03:20:02.027+0000] {dagbag.py:538} INFO - Filling up the DagBag from /home/airflow/.local/lib/python3.7/site-packages/airflow/example_dags/tutorial_dag.py
[2022-12-10T03:20:02.052+0000] {processor.py:753} INFO - DAG(s) dict_keys(['tutorial_dag']) retrieved from /home/airflow/.local/lib/python3.7/site-packages/airflow/example_dags/tutorial_dag.py
[2022-12-10T03:20:02.115+0000] {logging_mixin.py:137} INFO - [2022-12-10T03:20:02.114+0000] {dag.py:2676} INFO - Sync 1 DAGs
[2022-12-10T03:20:02.155+0000] {logging_mixin.py:137} INFO - [2022-12-10T03:20:02.154+0000] {dag.py:3427} INFO - Setting next_dagrun for tutorial_dag to None, run_after=None
[2022-12-10T03:20:02.189+0000] {processor.py:175} INFO - Processing /home/airflow/.local/lib/python3.7/site-packages/airflow/example_dags/tutorial_dag.py took 0.168 seconds
[2022-12-10T03:20:32.676+0000] {processor.py:153} INFO - Started process (PID=144) to work on /home/airflow/.local/lib/python3.7/site-packages/airflow/example_dags/tutorial_dag.py
[2022-12-10T03:20:32.677+0000] {processor.py:743} INFO - Processing file /home/airflow/.local/lib/python3.7/site-packages/airflow/example_dags/tutorial_dag.py for tasks to queue
[2022-12-10T03:20:32.678+0000] {logging_mixin.py:137} INFO - [2022-12-10T03:20:32.678+0000] {dagbag.py:538} INFO - Filling up the DagBag from /home/airflow/.local/lib/python3.7/site-packages/airflow/example_dags/tutorial_dag.py
[2022-12-10T03:20:32.692+0000] {processor.py:753} INFO - DAG(s) dict_keys(['tutorial_dag']) retrieved from /home/airflow/.local/lib/python3.7/site-packages/airflow/example_dags/tutorial_dag.py
[2022-12-10T03:20:32.732+0000] {logging_mixin.py:137} INFO - [2022-12-10T03:20:32.732+0000] {dag.py:2676} INFO - Sync 1 DAGs
[2022-12-10T03:20:32.765+0000] {logging_mixin.py:137} INFO - [2022-12-10T03:20:32.765+0000] {dag.py:3427} INFO - Setting next_dagrun for tutorial_dag to None, run_after=None
[2022-12-10T03:20:32.786+0000] {processor.py:175} INFO - Processing /home/airflow/.local/lib/python3.7/site-packages/airflow/example_dags/tutorial_dag.py took 0.113 seconds
[2022-12-10T03:21:04.888+0000] {processor.py:153} INFO - Started process (PID=215) to work on /home/airflow/.local/lib/python3.7/site-packages/airflow/example_dags/tutorial_dag.py
[2022-12-10T03:21:04.890+0000] {processor.py:743} INFO - Processing file /home/airflow/.local/lib/python3.7/site-packages/airflow/example_dags/tutorial_dag.py for tasks to queue
[2022-12-10T03:21:04.891+0000] {logging_mixin.py:137} INFO - [2022-12-10T03:21:04.891+0000] {dagbag.py:538} INFO - Filling up the DagBag from /home/airflow/.local/lib/python3.7/site-packages/airflow/example_dags/tutorial_dag.py
[2022-12-10T03:21:04.912+0000] {processor.py:753} INFO - DAG(s) dict_keys(['tutorial_dag']) retrieved from /home/airflow/.local/lib/python3.7/site-packages/airflow/example_dags/tutorial_dag.py
[2022-12-10T03:21:04.980+0000] {logging_mixin.py:137} INFO - [2022-12-10T03:21:04.979+0000] {dag.py:2676} INFO - Sync 1 DAGs
[2022-12-10T03:21:05.047+0000] {logging_mixin.py:137} INFO - [2022-12-10T03:21:05.046+0000] {dag.py:3427} INFO - Setting next_dagrun for tutorial_dag to None, run_after=None
[2022-12-10T03:21:05.156+0000] {processor.py:175} INFO - Processing /home/airflow/.local/lib/python3.7/site-packages/airflow/example_dags/tutorial_dag.py took 0.272 seconds
[2022-12-10T03:21:35.758+0000] {processor.py:153} INFO - Started process (PID=296) to work on /home/airflow/.local/lib/python3.7/site-packages/airflow/example_dags/tutorial_dag.py
[2022-12-10T03:21:35.760+0000] {processor.py:743} INFO - Processing file /home/airflow/.local/lib/python3.7/site-packages/airflow/example_dags/tutorial_dag.py for tasks to queue
[2022-12-10T03:21:35.762+0000] {logging_mixin.py:137} INFO - [2022-12-10T03:21:35.762+0000] {dagbag.py:538} INFO - Filling up the DagBag from /home/airflow/.local/lib/python3.7/site-packages/airflow/example_dags/tutorial_dag.py
[2022-12-10T03:21:35.801+0000] {processor.py:753} INFO - DAG(s) dict_keys(['tutorial_dag']) retrieved from /home/airflow/.local/lib/python3.7/site-packages/airflow/example_dags/tutorial_dag.py
[2022-12-10T03:21:35.883+0000] {logging_mixin.py:137} INFO - [2022-12-10T03:21:35.883+0000] {dag.py:2676} INFO - Sync 1 DAGs
[2022-12-10T03:21:35.943+0000] {logging_mixin.py:137} INFO - [2022-12-10T03:21:35.943+0000] {dag.py:3427} INFO - Setting next_dagrun for tutorial_dag to None, run_after=None
[2022-12-10T03:21:35.981+0000] {processor.py:175} INFO - Processing /home/airflow/.local/lib/python3.7/site-packages/airflow/example_dags/tutorial_dag.py took 0.228 seconds
[2022-12-10T03:22:06.584+0000] {processor.py:153} INFO - Started process (PID=374) to work on /home/airflow/.local/lib/python3.7/site-packages/airflow/example_dags/tutorial_dag.py
[2022-12-10T03:22:06.585+0000] {processor.py:743} INFO - Processing file /home/airflow/.local/lib/python3.7/site-packages/airflow/example_dags/tutorial_dag.py for tasks to queue
[2022-12-10T03:22:06.586+0000] {logging_mixin.py:137} INFO - [2022-12-10T03:22:06.586+0000] {dagbag.py:538} INFO - Filling up the DagBag from /home/airflow/.local/lib/python3.7/site-packages/airflow/example_dags/tutorial_dag.py
[2022-12-10T03:22:06.605+0000] {processor.py:753} INFO - DAG(s) dict_keys(['tutorial_dag']) retrieved from /home/airflow/.local/lib/python3.7/site-packages/airflow/example_dags/tutorial_dag.py
[2022-12-10T03:22:06.669+0000] {logging_mixin.py:137} INFO - [2022-12-10T03:22:06.668+0000] {dag.py:2676} INFO - Sync 1 DAGs
[2022-12-10T03:22:06.709+0000] {logging_mixin.py:137} INFO - [2022-12-10T03:22:06.708+0000] {dag.py:3427} INFO - Setting next_dagrun for tutorial_dag to None, run_after=None
[2022-12-10T03:22:06.742+0000] {processor.py:175} INFO - Processing /home/airflow/.local/lib/python3.7/site-packages/airflow/example_dags/tutorial_dag.py took 0.162 seconds
[2022-12-10T03:22:37.320+0000] {processor.py:153} INFO - Started process (PID=445) to work on /home/airflow/.local/lib/python3.7/site-packages/airflow/example_dags/tutorial_dag.py
[2022-12-10T03:22:37.322+0000] {processor.py:743} INFO - Processing file /home/airflow/.local/lib/python3.7/site-packages/airflow/example_dags/tutorial_dag.py for tasks to queue
[2022-12-10T03:22:37.322+0000] {logging_mixin.py:137} INFO - [2022-12-10T03:22:37.322+0000] {dagbag.py:538} INFO - Filling up the DagBag from /home/airflow/.local/lib/python3.7/site-packages/airflow/example_dags/tutorial_dag.py
[2022-12-10T03:22:37.335+0000] {processor.py:753} INFO - DAG(s) dict_keys(['tutorial_dag']) retrieved from /home/airflow/.local/lib/python3.7/site-packages/airflow/example_dags/tutorial_dag.py
[2022-12-10T03:22:37.374+0000] {logging_mixin.py:137} INFO - [2022-12-10T03:22:37.374+0000] {dag.py:2676} INFO - Sync 1 DAGs
[2022-12-10T03:22:37.403+0000] {logging_mixin.py:137} INFO - [2022-12-10T03:22:37.403+0000] {dag.py:3427} INFO - Setting next_dagrun for tutorial_dag to None, run_after=None
[2022-12-10T03:22:37.442+0000] {processor.py:175} INFO - Processing /home/airflow/.local/lib/python3.7/site-packages/airflow/example_dags/tutorial_dag.py took 0.125 seconds
[2022-12-10T03:23:08.250+0000] {processor.py:153} INFO - Started process (PID=516) to work on /home/airflow/.local/lib/python3.7/site-packages/airflow/example_dags/tutorial_dag.py
[2022-12-10T03:23:08.252+0000] {processor.py:743} INFO - Processing file /home/airflow/.local/lib/python3.7/site-packages/airflow/example_dags/tutorial_dag.py for tasks to queue
[2022-12-10T03:23:08.255+0000] {logging_mixin.py:137} INFO - [2022-12-10T03:23:08.254+0000] {dagbag.py:538} INFO - Filling up the DagBag from /home/airflow/.local/lib/python3.7/site-packages/airflow/example_dags/tutorial_dag.py
[2022-12-10T03:23:08.288+0000] {processor.py:753} INFO - DAG(s) dict_keys(['tutorial_dag']) retrieved from /home/airflow/.local/lib/python3.7/site-packages/airflow/example_dags/tutorial_dag.py
[2022-12-10T03:23:08.373+0000] {logging_mixin.py:137} INFO - [2022-12-10T03:23:08.373+0000] {dag.py:2676} INFO - Sync 1 DAGs
[2022-12-10T03:23:08.417+0000] {logging_mixin.py:137} INFO - [2022-12-10T03:23:08.417+0000] {dag.py:3427} INFO - Setting next_dagrun for tutorial_dag to None, run_after=None
[2022-12-10T03:23:08.453+0000] {processor.py:175} INFO - Processing /home/airflow/.local/lib/python3.7/site-packages/airflow/example_dags/tutorial_dag.py took 0.208 seconds
[2022-12-10T03:23:38.845+0000] {processor.py:153} INFO - Started process (PID=599) to work on /home/airflow/.local/lib/python3.7/site-packages/airflow/example_dags/tutorial_dag.py
[2022-12-10T03:23:38.846+0000] {processor.py:743} INFO - Processing file /home/airflow/.local/lib/python3.7/site-packages/airflow/example_dags/tutorial_dag.py for tasks to queue
[2022-12-10T03:23:38.848+0000] {logging_mixin.py:137} INFO - [2022-12-10T03:23:38.847+0000] {dagbag.py:538} INFO - Filling up the DagBag from /home/airflow/.local/lib/python3.7/site-packages/airflow/example_dags/tutorial_dag.py
[2022-12-10T03:23:38.869+0000] {processor.py:753} INFO - DAG(s) dict_keys(['tutorial_dag']) retrieved from /home/airflow/.local/lib/python3.7/site-packages/airflow/example_dags/tutorial_dag.py
[2022-12-10T03:23:38.923+0000] {logging_mixin.py:137} INFO - [2022-12-10T03:23:38.922+0000] {dag.py:2676} INFO - Sync 1 DAGs
[2022-12-10T03:23:38.976+0000] {logging_mixin.py:137} INFO - [2022-12-10T03:23:38.976+0000] {dag.py:3427} INFO - Setting next_dagrun for tutorial_dag to None, run_after=None
[2022-12-10T03:23:39.011+0000] {processor.py:175} INFO - Processing /home/airflow/.local/lib/python3.7/site-packages/airflow/example_dags/tutorial_dag.py took 0.170 seconds
[2022-12-10T03:24:09.198+0000] {processor.py:153} INFO - Started process (PID=662) to work on /home/airflow/.local/lib/python3.7/site-packages/airflow/example_dags/tutorial_dag.py
[2022-12-10T03:24:09.199+0000] {processor.py:743} INFO - Processing file /home/airflow/.local/lib/python3.7/site-packages/airflow/example_dags/tutorial_dag.py for tasks to queue
[2022-12-10T03:24:09.200+0000] {logging_mixin.py:137} INFO - [2022-12-10T03:24:09.200+0000] {dagbag.py:538} INFO - Filling up the DagBag from /home/airflow/.local/lib/python3.7/site-packages/airflow/example_dags/tutorial_dag.py
[2022-12-10T03:24:09.217+0000] {processor.py:753} INFO - DAG(s) dict_keys(['tutorial_dag']) retrieved from /home/airflow/.local/lib/python3.7/site-packages/airflow/example_dags/tutorial_dag.py
[2022-12-10T03:24:09.266+0000] {logging_mixin.py:137} INFO - [2022-12-10T03:24:09.266+0000] {dag.py:2676} INFO - Sync 1 DAGs
[2022-12-10T03:24:09.297+0000] {logging_mixin.py:137} INFO - [2022-12-10T03:24:09.297+0000] {dag.py:3427} INFO - Setting next_dagrun for tutorial_dag to None, run_after=None
[2022-12-10T03:24:09.321+0000] {processor.py:175} INFO - Processing /home/airflow/.local/lib/python3.7/site-packages/airflow/example_dags/tutorial_dag.py took 0.126 seconds
[2022-12-10T03:24:39.657+0000] {processor.py:153} INFO - Started process (PID=744) to work on /home/airflow/.local/lib/python3.7/site-packages/airflow/example_dags/tutorial_dag.py
[2022-12-10T03:24:39.659+0000] {processor.py:743} INFO - Processing file /home/airflow/.local/lib/python3.7/site-packages/airflow/example_dags/tutorial_dag.py for tasks to queue
[2022-12-10T03:24:39.660+0000] {logging_mixin.py:137} INFO - [2022-12-10T03:24:39.660+0000] {dagbag.py:538} INFO - Filling up the DagBag from /home/airflow/.local/lib/python3.7/site-packages/airflow/example_dags/tutorial_dag.py
[2022-12-10T03:24:39.680+0000] {processor.py:753} INFO - DAG(s) dict_keys(['tutorial_dag']) retrieved from /home/airflow/.local/lib/python3.7/site-packages/airflow/example_dags/tutorial_dag.py
[2022-12-10T03:24:39.743+0000] {logging_mixin.py:137} INFO - [2022-12-10T03:24:39.742+0000] {dag.py:2676} INFO - Sync 1 DAGs
[2022-12-10T03:24:39.790+0000] {logging_mixin.py:137} INFO - [2022-12-10T03:24:39.790+0000] {dag.py:3427} INFO - Setting next_dagrun for tutorial_dag to None, run_after=None
[2022-12-10T03:24:39.832+0000] {processor.py:175} INFO - Processing /home/airflow/.local/lib/python3.7/site-packages/airflow/example_dags/tutorial_dag.py took 0.179 seconds
[2022-12-10T03:25:10.475+0000] {processor.py:153} INFO - Started process (PID=821) to work on /home/airflow/.local/lib/python3.7/site-packages/airflow/example_dags/tutorial_dag.py
[2022-12-10T03:25:10.477+0000] {processor.py:743} INFO - Processing file /home/airflow/.local/lib/python3.7/site-packages/airflow/example_dags/tutorial_dag.py for tasks to queue
[2022-12-10T03:25:10.478+0000] {logging_mixin.py:137} INFO - [2022-12-10T03:25:10.477+0000] {dagbag.py:538} INFO - Filling up the DagBag from /home/airflow/.local/lib/python3.7/site-packages/airflow/example_dags/tutorial_dag.py
[2022-12-10T03:25:10.495+0000] {processor.py:753} INFO - DAG(s) dict_keys(['tutorial_dag']) retrieved from /home/airflow/.local/lib/python3.7/site-packages/airflow/example_dags/tutorial_dag.py
[2022-12-10T03:25:10.545+0000] {logging_mixin.py:137} INFO - [2022-12-10T03:25:10.545+0000] {dag.py:2676} INFO - Sync 1 DAGs
[2022-12-10T03:25:10.576+0000] {logging_mixin.py:137} INFO - [2022-12-10T03:25:10.576+0000] {dag.py:3427} INFO - Setting next_dagrun for tutorial_dag to None, run_after=None
[2022-12-10T03:25:10.631+0000] {processor.py:175} INFO - Processing /home/airflow/.local/lib/python3.7/site-packages/airflow/example_dags/tutorial_dag.py took 0.160 seconds
