[2023-01-04T15:07:04.274+0000] {taskinstance.py:1087} INFO - Dependencies all met for <TaskInstance: titanic_etl_pipeline.encoding manual__2023-01-04T15:06:59.205008+00:00 [queued]>
[2023-01-04T15:07:04.287+0000] {taskinstance.py:1087} INFO - Dependencies all met for <TaskInstance: titanic_etl_pipeline.encoding manual__2023-01-04T15:06:59.205008+00:00 [queued]>
[2023-01-04T15:07:04.288+0000] {taskinstance.py:1283} INFO - 
--------------------------------------------------------------------------------
[2023-01-04T15:07:04.290+0000] {taskinstance.py:1284} INFO - Starting attempt 1 of 2
[2023-01-04T15:07:04.291+0000] {taskinstance.py:1285} INFO - 
--------------------------------------------------------------------------------
[2023-01-04T15:07:04.313+0000] {taskinstance.py:1304} INFO - Executing <Task(PythonOperator): encoding> on 2023-01-04 15:06:59.205008+00:00
[2023-01-04T15:07:04.324+0000] {standard_task_runner.py:55} INFO - Started process 3705 to run task
[2023-01-04T15:07:04.329+0000] {standard_task_runner.py:82} INFO - Running: ['***', 'tasks', 'run', 'titanic_etl_pipeline', 'encoding', 'manual__2023-01-04T15:06:59.205008+00:00', '--job-id', '66', '--raw', '--subdir', 'DAGS_FOLDER/titanic_etl.py', '--cfg-path', '/tmp/tmp2h1gqylp']
[2023-01-04T15:07:04.333+0000] {standard_task_runner.py:83} INFO - Job 66: Subtask encoding
[2023-01-04T15:07:04.430+0000] {task_command.py:389} INFO - Running <TaskInstance: titanic_etl_pipeline.encoding manual__2023-01-04T15:06:59.205008+00:00 [running]> on host 82367dbeb80f
[2023-01-04T15:07:04.545+0000] {taskinstance.py:1513} INFO - Exporting the following env vars:
AIRFLOW_CTX_DAG_OWNER=***
AIRFLOW_CTX_DAG_ID=titanic_etl_pipeline
AIRFLOW_CTX_TASK_ID=encoding
AIRFLOW_CTX_EXECUTION_DATE=2023-01-04T15:06:59.205008+00:00
AIRFLOW_CTX_TRY_NUMBER=1
AIRFLOW_CTX_DAG_RUN_ID=manual__2023-01-04T15:06:59.205008+00:00
[2023-01-04T15:07:04.585+0000] {logging_mixin.py:137} INFO - file already exists
[2023-01-04T15:07:04.587+0000] {python.py:177} INFO - Done. Returned value was: None
[2023-01-04T15:07:04.608+0000] {taskinstance.py:1327} INFO - Marking task as SUCCESS. dag_id=titanic_etl_pipeline, task_id=encoding, execution_date=20230104T150659, start_date=20230104T150704, end_date=20230104T150704
[2023-01-04T15:07:04.663+0000] {local_task_job.py:159} INFO - Task exited with return code 0
[2023-01-04T15:07:04.702+0000] {taskinstance.py:2582} INFO - 1 downstream tasks scheduled from follow-on schedule check
