[2023-01-04T14:40:54.164+0000] {taskinstance.py:1087} INFO - Dependencies all met for <TaskInstance: titanic_etl_pipeline.encoding manual__2023-01-04T14:40:49.260155+00:00 [queued]>
[2023-01-04T14:40:54.178+0000] {taskinstance.py:1087} INFO - Dependencies all met for <TaskInstance: titanic_etl_pipeline.encoding manual__2023-01-04T14:40:49.260155+00:00 [queued]>
[2023-01-04T14:40:54.178+0000] {taskinstance.py:1283} INFO - 
--------------------------------------------------------------------------------
[2023-01-04T14:40:54.180+0000] {taskinstance.py:1284} INFO - Starting attempt 1 of 2
[2023-01-04T14:40:54.180+0000] {taskinstance.py:1285} INFO - 
--------------------------------------------------------------------------------
[2023-01-04T14:40:54.199+0000] {taskinstance.py:1304} INFO - Executing <Task(PythonOperator): encoding> on 2023-01-04 14:40:49.260155+00:00
[2023-01-04T14:40:54.218+0000] {standard_task_runner.py:55} INFO - Started process 494 to run task
[2023-01-04T14:40:54.225+0000] {standard_task_runner.py:82} INFO - Running: ['***', 'tasks', 'run', 'titanic_etl_pipeline', 'encoding', 'manual__2023-01-04T14:40:49.260155+00:00', '--job-id', '46', '--raw', '--subdir', 'DAGS_FOLDER/titanic_etl.py', '--cfg-path', '/tmp/tmp6ftvu6qe']
[2023-01-04T14:40:54.234+0000] {standard_task_runner.py:83} INFO - Job 46: Subtask encoding
[2023-01-04T14:40:54.335+0000] {task_command.py:389} INFO - Running <TaskInstance: titanic_etl_pipeline.encoding manual__2023-01-04T14:40:49.260155+00:00 [running]> on host 82367dbeb80f
[2023-01-04T14:40:54.469+0000] {taskinstance.py:1513} INFO - Exporting the following env vars:
AIRFLOW_CTX_DAG_OWNER=***
AIRFLOW_CTX_DAG_ID=titanic_etl_pipeline
AIRFLOW_CTX_TASK_ID=encoding
AIRFLOW_CTX_EXECUTION_DATE=2023-01-04T14:40:49.260155+00:00
AIRFLOW_CTX_TRY_NUMBER=1
AIRFLOW_CTX_DAG_RUN_ID=manual__2023-01-04T14:40:49.260155+00:00
[2023-01-04T14:40:54.515+0000] {logging_mixin.py:137} INFO - file already exists
[2023-01-04T14:40:54.517+0000] {python.py:177} INFO - Done. Returned value was: None
[2023-01-04T14:40:54.537+0000] {taskinstance.py:1327} INFO - Marking task as SUCCESS. dag_id=titanic_etl_pipeline, task_id=encoding, execution_date=20230104T144049, start_date=20230104T144054, end_date=20230104T144054
[2023-01-04T14:40:54.601+0000] {local_task_job.py:159} INFO - Task exited with return code 0
[2023-01-04T14:40:54.655+0000] {taskinstance.py:2582} INFO - 1 downstream tasks scheduled from follow-on schedule check
