[2022-12-16T22:49:02.675+0000] {taskinstance.py:1087} INFO - Dependencies all met for <TaskInstance: titanic_etl_pipeline.extract_dataset manual__2022-12-16T22:48:58.965765+00:00 [queued]>
[2022-12-16T22:49:02.693+0000] {taskinstance.py:1087} INFO - Dependencies all met for <TaskInstance: titanic_etl_pipeline.extract_dataset manual__2022-12-16T22:48:58.965765+00:00 [queued]>
[2022-12-16T22:49:02.694+0000] {taskinstance.py:1283} INFO - 
--------------------------------------------------------------------------------
[2022-12-16T22:49:02.695+0000] {taskinstance.py:1284} INFO - Starting attempt 1 of 2
[2022-12-16T22:49:02.696+0000] {taskinstance.py:1285} INFO - 
--------------------------------------------------------------------------------
[2022-12-16T22:49:02.729+0000] {taskinstance.py:1304} INFO - Executing <Task(PythonOperator): extract_dataset> on 2022-12-16 22:48:58.965765+00:00
[2022-12-16T22:49:02.738+0000] {standard_task_runner.py:55} INFO - Started process 1324 to run task
[2022-12-16T22:49:02.744+0000] {standard_task_runner.py:82} INFO - Running: ['***', 'tasks', 'run', 'titanic_etl_pipeline', 'extract_dataset', 'manual__2022-12-16T22:48:58.965765+00:00', '--job-id', '85', '--raw', '--subdir', 'DAGS_FOLDER/titanic_etl.py', '--cfg-path', '/tmp/tmpkmbc4kv1']
[2022-12-16T22:49:02.747+0000] {standard_task_runner.py:83} INFO - Job 85: Subtask extract_dataset
[2022-12-16T22:49:02.877+0000] {task_command.py:389} INFO - Running <TaskInstance: titanic_etl_pipeline.extract_dataset manual__2022-12-16T22:48:58.965765+00:00 [running]> on host ab0d05efff23
[2022-12-16T22:49:03.039+0000] {taskinstance.py:1513} INFO - Exporting the following env vars:
AIRFLOW_CTX_DAG_OWNER=***
AIRFLOW_CTX_DAG_ID=titanic_etl_pipeline
AIRFLOW_CTX_TASK_ID=extract_dataset
AIRFLOW_CTX_EXECUTION_DATE=2022-12-16T22:48:58.965765+00:00
AIRFLOW_CTX_TRY_NUMBER=1
AIRFLOW_CTX_DAG_RUN_ID=manual__2022-12-16T22:48:58.965765+00:00
[2022-12-16T22:49:03.092+0000] {logging_mixin.py:137} INFO - loaded after cleaning succesfully
[2022-12-16T22:49:03.094+0000] {python.py:177} INFO - Done. Returned value was: None
[2022-12-16T22:49:03.113+0000] {taskinstance.py:1327} INFO - Marking task as SUCCESS. dag_id=titanic_etl_pipeline, task_id=extract_dataset, execution_date=20221216T224858, start_date=20221216T224902, end_date=20221216T224903
[2022-12-16T22:49:03.157+0000] {local_task_job.py:159} INFO - Task exited with return code 0
[2022-12-16T22:49:03.213+0000] {taskinstance.py:2582} INFO - 1 downstream tasks scheduled from follow-on schedule check
