[2022-12-16T22:37:37.271+0000] {taskinstance.py:1087} INFO - Dependencies all met for <TaskInstance: titanic_etl_pipeline.extract_dataset manual__2022-12-16T22:37:33.538821+00:00 [queued]>
[2022-12-16T22:37:37.321+0000] {taskinstance.py:1087} INFO - Dependencies all met for <TaskInstance: titanic_etl_pipeline.extract_dataset manual__2022-12-16T22:37:33.538821+00:00 [queued]>
[2022-12-16T22:37:37.323+0000] {taskinstance.py:1283} INFO - 
--------------------------------------------------------------------------------
[2022-12-16T22:37:37.325+0000] {taskinstance.py:1284} INFO - Starting attempt 1 of 2
[2022-12-16T22:37:37.326+0000] {taskinstance.py:1285} INFO - 
--------------------------------------------------------------------------------
[2022-12-16T22:37:37.404+0000] {taskinstance.py:1304} INFO - Executing <Task(PythonOperator): extract_dataset> on 2022-12-16 22:37:33.538821+00:00
[2022-12-16T22:37:37.419+0000] {standard_task_runner.py:55} INFO - Started process 7408 to run task
[2022-12-16T22:37:37.437+0000] {standard_task_runner.py:82} INFO - Running: ['***', 'tasks', 'run', 'titanic_etl_pipeline', 'extract_dataset', 'manual__2022-12-16T22:37:33.538821+00:00', '--job-id', '62', '--raw', '--subdir', 'DAGS_FOLDER/titanic_etl.py', '--cfg-path', '/tmp/tmpsdut5j9g']
[2022-12-16T22:37:37.443+0000] {standard_task_runner.py:83} INFO - Job 62: Subtask extract_dataset
[2022-12-16T22:37:37.634+0000] {task_command.py:389} INFO - Running <TaskInstance: titanic_etl_pipeline.extract_dataset manual__2022-12-16T22:37:33.538821+00:00 [running]> on host 20ab0680b7da
[2022-12-16T22:37:37.808+0000] {taskinstance.py:1513} INFO - Exporting the following env vars:
AIRFLOW_CTX_DAG_OWNER=***
AIRFLOW_CTX_DAG_ID=titanic_etl_pipeline
AIRFLOW_CTX_TASK_ID=extract_dataset
AIRFLOW_CTX_EXECUTION_DATE=2022-12-16T22:37:33.538821+00:00
AIRFLOW_CTX_TRY_NUMBER=1
AIRFLOW_CTX_DAG_RUN_ID=manual__2022-12-16T22:37:33.538821+00:00
[2022-12-16T22:37:37.850+0000] {logging_mixin.py:137} INFO - loaded after cleaning succesfully
[2022-12-16T22:37:37.851+0000] {python.py:177} INFO - Done. Returned value was: None
[2022-12-16T22:37:37.869+0000] {taskinstance.py:1327} INFO - Marking task as SUCCESS. dag_id=titanic_etl_pipeline, task_id=extract_dataset, execution_date=20221216T223733, start_date=20221216T223737, end_date=20221216T223737
[2022-12-16T22:37:37.927+0000] {local_task_job.py:159} INFO - Task exited with return code 0
[2022-12-16T22:37:37.983+0000] {taskinstance.py:2582} INFO - 1 downstream tasks scheduled from follow-on schedule check
