[2022-12-16T23:11:41.878+0000] {taskinstance.py:1087} INFO - Dependencies all met for <TaskInstance: titanic_etl_pipeline.encoding manual__2022-12-16T23:11:35.228323+00:00 [queued]>
[2022-12-16T23:11:41.897+0000] {taskinstance.py:1087} INFO - Dependencies all met for <TaskInstance: titanic_etl_pipeline.encoding manual__2022-12-16T23:11:35.228323+00:00 [queued]>
[2022-12-16T23:11:41.898+0000] {taskinstance.py:1283} INFO - 
--------------------------------------------------------------------------------
[2022-12-16T23:11:41.905+0000] {taskinstance.py:1284} INFO - Starting attempt 1 of 2
[2022-12-16T23:11:41.906+0000] {taskinstance.py:1285} INFO - 
--------------------------------------------------------------------------------
[2022-12-16T23:11:41.939+0000] {taskinstance.py:1304} INFO - Executing <Task(PythonOperator): encoding> on 2022-12-16 23:11:35.228323+00:00
[2022-12-16T23:11:41.947+0000] {standard_task_runner.py:55} INFO - Started process 1103 to run task
[2022-12-16T23:11:41.951+0000] {standard_task_runner.py:82} INFO - Running: ['***', 'tasks', 'run', 'titanic_etl_pipeline', 'encoding', 'manual__2022-12-16T23:11:35.228323+00:00', '--job-id', '92', '--raw', '--subdir', 'DAGS_FOLDER/titanic_etl.py', '--cfg-path', '/tmp/tmplp3kgf_e']
[2022-12-16T23:11:41.955+0000] {standard_task_runner.py:83} INFO - Job 92: Subtask encoding
[2022-12-16T23:11:42.084+0000] {task_command.py:389} INFO - Running <TaskInstance: titanic_etl_pipeline.encoding manual__2022-12-16T23:11:35.228323+00:00 [running]> on host 14c90533c456
[2022-12-16T23:11:42.219+0000] {taskinstance.py:1513} INFO - Exporting the following env vars:
AIRFLOW_CTX_DAG_OWNER=***
AIRFLOW_CTX_DAG_ID=titanic_etl_pipeline
AIRFLOW_CTX_TASK_ID=encoding
AIRFLOW_CTX_EXECUTION_DATE=2022-12-16T23:11:35.228323+00:00
AIRFLOW_CTX_TRY_NUMBER=1
AIRFLOW_CTX_DAG_RUN_ID=manual__2022-12-16T23:11:35.228323+00:00
[2022-12-16T23:11:42.256+0000] {logging_mixin.py:137} INFO - file already exists
[2022-12-16T23:11:42.257+0000] {python.py:177} INFO - Done. Returned value was: None
[2022-12-16T23:11:42.274+0000] {taskinstance.py:1327} INFO - Marking task as SUCCESS. dag_id=titanic_etl_pipeline, task_id=encoding, execution_date=20221216T231135, start_date=20221216T231141, end_date=20221216T231142
[2022-12-16T23:11:42.324+0000] {local_task_job.py:159} INFO - Task exited with return code 0
[2022-12-16T23:11:42.372+0000] {taskinstance.py:2582} INFO - 1 downstream tasks scheduled from follow-on schedule check
